ARM GAS  C:\Users\Michi\AppData\Local\Temp\ccjCjadu.s 			page 1


   1              		.syntax unified
   2              		.cpu cortex-m3
   3              		.fpu softvfp
   4              		.eabi_attribute 20, 1
   5              		.eabi_attribute 21, 1
   6              		.eabi_attribute 23, 3
   7              		.eabi_attribute 24, 1
   8              		.eabi_attribute 25, 1
   9              		.eabi_attribute 26, 1
  10              		.eabi_attribute 30, 1
  11              		.eabi_attribute 34, 1
  12              		.eabi_attribute 18, 4
  13              		.thumb
  14              		.syntax unified
  15              		.file	"cymetadata.c"
  16              		.text
  17              	.Ltext0:
  18              		.cfi_sections	.debug_frame
  19              		.global	cy_metadata
  20              		.global	cy_meta_flashprotect
  21              		.global	cy_meta_wonvl
  22              		.global	cy_meta_custnvl
  23              		.global	cy_meta_configecc
  24              		.section	.cyconfigecc,"a",%progbits
  25              		.align	2
  26              		.type	cy_meta_configecc, %object
  27              		.size	cy_meta_configecc, 752
  28              	cy_meta_configecc:
  29 0000 02       		.byte	2
  30 0001 52       		.byte	82
  31 0002 00       		.byte	0
  32 0003 40       		.byte	64
  33 0004 03       		.byte	3
  34 0005 65       		.byte	101
  35 0006 00       		.byte	0
  36 0007 40       		.byte	64
  37 0008 14       		.byte	20
  38 0009 18       		.byte	24
  39 000a 01       		.byte	1
  40 000b 40       		.byte	64
  41 000c 43       		.byte	67
  42 000d 19       		.byte	25
  43 000e 01       		.byte	1
  44 000f 40       		.byte	64
  45 0010 68       		.byte	104
  46 0011 1A       		.byte	26
  47 0012 01       		.byte	1
  48 0013 40       		.byte	64
  49 0014 49       		.byte	73
  50 0015 1B       		.byte	27
  51 0016 01       		.byte	1
  52 0017 40       		.byte	64
  53 0018 01       		.byte	1
  54 0019 4C       		.byte	76
  55 001a 01       		.byte	1
  56 001b 40       		.byte	64
  57 001c 07       		.byte	7
ARM GAS  C:\Users\Michi\AppData\Local\Temp\ccjCjadu.s 			page 2


  58 001d 4D       		.byte	77
  59 001e 01       		.byte	1
  60 001f 40       		.byte	64
  61 0020 02       		.byte	2
  62 0021 50       		.byte	80
  63 0022 01       		.byte	1
  64 0023 40       		.byte	64
  65 0024 61       		.byte	97
  66 0025 80       		.byte	-128
  67 0026 64       		.byte	100
  68 0027 40       		.byte	64
  69 0028 88       		.byte	-120
  70 0029 72       		.byte	114
  71 002a 89       		.byte	-119
  72 002b 38       		.byte	56
  73 002c 8B       		.byte	-117
  74 002d 0F       		.byte	15
  75 002e 83       		.byte	-125
  76 002f 01       		.byte	1
  77 0030 86       		.byte	-122
  78 0031 02       		.byte	2
  79 0032 8A       		.byte	-118
  80 0033 08       		.byte	8
  81 0034 96       		.byte	-106
  82 0035 08       		.byte	8
  83 0036 9A       		.byte	-102
  84 0037 02       		.byte	2
  85 0038 9C       		.byte	-100
  86 0039 04       		.byte	4
  87 003a A4       		.byte	-92
  88 003b 01       		.byte	1
  89 003c A8       		.byte	-88
  90 003d 01       		.byte	1
  91 003e AC       		.byte	-84
  92 003f 01       		.byte	1
  93 0040 B0       		.byte	-80
  94 0041 02       		.byte	2
  95 0042 B2       		.byte	-78
  96 0043 01       		.byte	1
  97 0044 B3       		.byte	-77
  98 0045 01       		.byte	1
  99 0046 B4       		.byte	-76
 100 0047 08       		.byte	8
 101 0048 B6       		.byte	-74
 102 0049 04       		.byte	4
 103 004a BE       		.byte	-66
 104 004b 51       		.byte	81
 105 004c D4       		.byte	-44
 106 004d 18       		.byte	24
 107 004e D8       		.byte	-40
 108 004f 04       		.byte	4
 109 0050 D9       		.byte	-39
 110 0051 04       		.byte	4
 111 0052 DB       		.byte	-37
 112 0053 04       		.byte	4
 113 0054 DF       		.byte	-33
 114 0055 01       		.byte	1
ARM GAS  C:\Users\Michi\AppData\Local\Temp\ccjCjadu.s 			page 3


 115 0056 00       		.byte	0
 116 0057 10       		.byte	16
 117 0058 01       		.byte	1
 118 0059 04       		.byte	4
 119 005a 04       		.byte	4
 120 005b 20       		.byte	32
 121 005c 05       		.byte	5
 122 005d 01       		.byte	1
 123 005e 06       		.byte	6
 124 005f 02       		.byte	2
 125 0060 07       		.byte	7
 126 0061 10       		.byte	16
 127 0062 08       		.byte	8
 128 0063 80       		.byte	-128
 129 0064 09       		.byte	9
 130 0065 14       		.byte	20
 131 0066 0D       		.byte	13
 132 0067 28       		.byte	40
 133 0068 0F       		.byte	15
 134 0069 80       		.byte	-128
 135 006a 10       		.byte	16
 136 006b 28       		.byte	40
 137 006c 11       		.byte	17
 138 006d 40       		.byte	64
 139 006e 14       		.byte	20
 140 006f 41       		.byte	65
 141 0070 16       		.byte	22
 142 0071 01       		.byte	1
 143 0072 17       		.byte	23
 144 0073 28       		.byte	40
 145 0074 18       		.byte	24
 146 0075 24       		.byte	36
 147 0076 1A       		.byte	26
 148 0077 01       		.byte	1
 149 0078 1B       		.byte	27
 150 0079 09       		.byte	9
 151 007a 1C       		.byte	28
 152 007b 01       		.byte	1
 153 007c 1D       		.byte	29
 154 007d 29       		.byte	41
 155 007e 1F       		.byte	31
 156 007f 10       		.byte	16
 157 0080 23       		.byte	35
 158 0081 10       		.byte	16
 159 0082 25       		.byte	37
 160 0083 10       		.byte	16
 161 0084 26       		.byte	38
 162 0085 08       		.byte	8
 163 0086 27       		.byte	39
 164 0087 11       		.byte	17
 165 0088 2C       		.byte	44
 166 0089 11       		.byte	17
 167 008a 2D       		.byte	45
 168 008b 01       		.byte	1
 169 008c 2F       		.byte	47
 170 008d 08       		.byte	8
 171 008e 32       		.byte	50
ARM GAS  C:\Users\Michi\AppData\Local\Temp\ccjCjadu.s 			page 4


 172 008f 04       		.byte	4
 173 0090 33       		.byte	51
 174 0091 08       		.byte	8
 175 0092 34       		.byte	52
 176 0093 40       		.byte	64
 177 0094 35       		.byte	53
 178 0095 01       		.byte	1
 179 0096 36       		.byte	54
 180 0097 88       		.byte	-120
 181 0098 37       		.byte	55
 182 0099 20       		.byte	32
 183 009a 3A       		.byte	58
 184 009b 02       		.byte	2
 185 009c 3E       		.byte	62
 186 009d 0A       		.byte	10
 187 009e 3F       		.byte	63
 188 009f 90       		.byte	-112
 189 00a0 44       		.byte	68
 190 00a1 10       		.byte	16
 191 00a2 45       		.byte	69
 192 00a3 18       		.byte	24
 193 00a4 46       		.byte	70
 194 00a5 40       		.byte	64
 195 00a6 47       		.byte	71
 196 00a7 40       		.byte	64
 197 00a8 4D       		.byte	77
 198 00a9 04       		.byte	4
 199 00aa 4E       		.byte	78
 200 00ab 04       		.byte	4
 201 00ac 55       		.byte	85
 202 00ad 04       		.byte	4
 203 00ae 5B       		.byte	91
 204 00af 01       		.byte	1
 205 00b0 5C       		.byte	92
 206 00b1 01       		.byte	1
 207 00b2 60       		.byte	96
 208 00b3 04       		.byte	4
 209 00b4 63       		.byte	99
 210 00b5 02       		.byte	2
 211 00b6 6C       		.byte	108
 212 00b7 28       		.byte	40
 213 00b8 6D       		.byte	109
 214 00b9 40       		.byte	64
 215 00ba 6E       		.byte	110
 216 00bb 04       		.byte	4
 217 00bc 76       		.byte	118
 218 00bd 09       		.byte	9
 219 00be 77       		.byte	119
 220 00bf 28       		.byte	40
 221 00c0 86       		.byte	-122
 222 00c1 01       		.byte	1
 223 00c2 89       		.byte	-119
 224 00c3 21       		.byte	33
 225 00c4 8A       		.byte	-118
 226 00c5 40       		.byte	64
 227 00c6 C0       		.byte	-64
 228 00c7 F6       		.byte	-10
ARM GAS  C:\Users\Michi\AppData\Local\Temp\ccjCjadu.s 			page 5


 229 00c8 C2       		.byte	-62
 230 00c9 77       		.byte	119
 231 00ca C4       		.byte	-60
 232 00cb F7       		.byte	-9
 233 00cc CA       		.byte	-54
 234 00cd F0       		.byte	-16
 235 00ce CC       		.byte	-52
 236 00cf F0       		.byte	-16
 237 00d0 CE       		.byte	-50
 238 00d1 F1       		.byte	-15
 239 00d2 D0       		.byte	-48
 240 00d3 F0       		.byte	-16
 241 00d4 D2       		.byte	-46
 242 00d5 20       		.byte	32
 243 00d6 D6       		.byte	-42
 244 00d7 81       		.byte	-127
 245 00d8 D8       		.byte	-40
 246 00d9 0C       		.byte	12
 247 00da E0       		.byte	-32
 248 00db 08       		.byte	8
 249 00dc 00       		.byte	0
 250 00dd 0C       		.byte	12
 251 00de 02       		.byte	2
 252 00df 71       		.byte	113
 253 00e0 04       		.byte	4
 254 00e1 14       		.byte	20
 255 00e2 09       		.byte	9
 256 00e3 80       		.byte	-128
 257 00e4 0A       		.byte	10
 258 00e5 03       		.byte	3
 259 00e6 0B       		.byte	11
 260 00e7 13       		.byte	19
 261 00e8 0F       		.byte	15
 262 00e9 0C       		.byte	12
 263 00ea 10       		.byte	16
 264 00eb 09       		.byte	9
 265 00ec 12       		.byte	18
 266 00ed D0       		.byte	-48
 267 00ee 15       		.byte	21
 268 00ef 2C       		.byte	44
 269 00f0 17       		.byte	23
 270 00f1 43       		.byte	67
 271 00f2 1C       		.byte	28
 272 00f3 10       		.byte	16
 273 00f4 1E       		.byte	30
 274 00f5 AC       		.byte	-84
 275 00f6 1F       		.byte	31
 276 00f7 08       		.byte	8
 277 00f8 20       		.byte	32
 278 00f9 10       		.byte	16
 279 00fa 21       		.byte	33
 280 00fb 71       		.byte	113
 281 00fc 22       		.byte	34
 282 00fd 40       		.byte	64
 283 00fe 23       		.byte	35
 284 00ff 0E       		.byte	14
 285 0100 26       		.byte	38
ARM GAS  C:\Users\Michi\AppData\Local\Temp\ccjCjadu.s 			page 6


 286 0101 20       		.byte	32
 287 0102 28       		.byte	40
 288 0103 DC       		.byte	-36
 289 0104 2A       		.byte	42
 290 0105 22       		.byte	34
 291 0106 2D       		.byte	45
 292 0107 71       		.byte	113
 293 0108 2F       		.byte	47
 294 0109 06       		.byte	6
 295 010a 30       		.byte	48
 296 010b E0       		.byte	-32
 297 010c 31       		.byte	49
 298 010d C0       		.byte	-64
 299 010e 33       		.byte	51
 300 010f 0F       		.byte	15
 301 0110 34       		.byte	52
 302 0111 1F       		.byte	31
 303 0112 35       		.byte	53
 304 0113 30       		.byte	48
 305 0114 39       		.byte	57
 306 0115 22       		.byte	34
 307 0116 3A       		.byte	58
 308 0117 02       		.byte	2
 309 0118 3B       		.byte	59
 310 0119 08       		.byte	8
 311 011a 3F       		.byte	63
 312 011b 10       		.byte	16
 313 011c 40       		.byte	64
 314 011d 02       		.byte	2
 315 011e 46       		.byte	70
 316 011f 04       		.byte	4
 317 0120 49       		.byte	73
 318 0121 FF       		.byte	-1
 319 0122 4A       		.byte	74
 320 0123 07       		.byte	7
 321 0124 4B       		.byte	75
 322 0125 FF       		.byte	-1
 323 0126 4C       		.byte	76
 324 0127 40       		.byte	64
 325 0128 4D       		.byte	77
 326 0129 20       		.byte	32
 327 012a 4E       		.byte	78
 328 012b F0       		.byte	-16
 329 012c 4F       		.byte	79
 330 012d 05       		.byte	5
 331 012e 50       		.byte	80
 332 012f 08       		.byte	8
 333 0130 58       		.byte	88
 334 0131 04       		.byte	4
 335 0132 59       		.byte	89
 336 0133 04       		.byte	4
 337 0134 5A       		.byte	90
 338 0135 04       		.byte	4
 339 0136 5F       		.byte	95
 340 0137 01       		.byte	1
 341 0138 60       		.byte	96
 342 0139 40       		.byte	64
ARM GAS  C:\Users\Michi\AppData\Local\Temp\ccjCjadu.s 			page 7


 343 013a 61       		.byte	97
 344 013b A8       		.byte	-88
 345 013c 62       		.byte	98
 346 013d 40       		.byte	64
 347 013e 63       		.byte	99
 348 013f 20       		.byte	32
 349 0140 80       		.byte	-128
 350 0141 13       		.byte	19
 351 0142 81       		.byte	-127
 352 0143 48       		.byte	72
 353 0144 82       		.byte	-126
 354 0145 04       		.byte	4
 355 0146 83       		.byte	-125
 356 0147 34       		.byte	52
 357 0148 85       		.byte	-123
 358 0149 F8       		.byte	-8
 359 014a 88       		.byte	-120
 360 014b 20       		.byte	32
 361 014c 8C       		.byte	-116
 362 014d 13       		.byte	19
 363 014e 8D       		.byte	-115
 364 014f 20       		.byte	32
 365 0150 8E       		.byte	-114
 366 0151 0C       		.byte	12
 367 0152 8F       		.byte	-113
 368 0153 C2       		.byte	-62
 369 0154 92       		.byte	-110
 370 0155 08       		.byte	8
 371 0156 93       		.byte	-109
 372 0157 01       		.byte	1
 373 0158 94       		.byte	-108
 374 0159 0A       		.byte	10
 375 015a 95       		.byte	-107
 376 015b 90       		.byte	-112
 377 015c 96       		.byte	-106
 378 015d 14       		.byte	20
 379 015e 97       		.byte	-105
 380 015f 2C       		.byte	44
 381 0160 9B       		.byte	-101
 382 0161 01       		.byte	1
 383 0162 9C       		.byte	-100
 384 0163 03       		.byte	3
 385 0164 9E       		.byte	-98
 386 0165 14       		.byte	20
 387 0166 A5       		.byte	-91
 388 0167 01       		.byte	1
 389 0168 A6       		.byte	-90
 390 0169 15       		.byte	21
 391 016a A9       		.byte	-87
 392 016b F8       		.byte	-8
 393 016c AD       		.byte	-83
 394 016d 01       		.byte	1
 395 016e B0       		.byte	-80
 396 016f 10       		.byte	16
 397 0170 B1       		.byte	-79
 398 0171 06       		.byte	6
 399 0172 B3       		.byte	-77
ARM GAS  C:\Users\Michi\AppData\Local\Temp\ccjCjadu.s 			page 8


 400 0173 01       		.byte	1
 401 0174 B4       		.byte	-76
 402 0175 20       		.byte	32
 403 0176 B5       		.byte	-75
 404 0177 18       		.byte	24
 405 0178 B6       		.byte	-74
 406 0179 0F       		.byte	15
 407 017a B7       		.byte	-73
 408 017b E0       		.byte	-32
 409 017c B9       		.byte	-71
 410 017d 08       		.byte	8
 411 017e BA       		.byte	-70
 412 017f 80       		.byte	-128
 413 0180 BE       		.byte	-66
 414 0181 11       		.byte	17
 415 0182 BF       		.byte	-65
 416 0183 01       		.byte	1
 417 0184 C0       		.byte	-64
 418 0185 13       		.byte	19
 419 0186 C1       		.byte	-63
 420 0187 04       		.byte	4
 421 0188 C6       		.byte	-58
 422 0189 B0       		.byte	-80
 423 018a C7       		.byte	-57
 424 018b CE       		.byte	-50
 425 018c C8       		.byte	-56
 426 018d 38       		.byte	56
 427 018e C9       		.byte	-55
 428 018f FF       		.byte	-1
 429 0190 CA       		.byte	-54
 430 0191 FF       		.byte	-1
 431 0192 CB       		.byte	-53
 432 0193 FF       		.byte	-1
 433 0194 CE       		.byte	-50
 434 0195 F0       		.byte	-16
 435 0196 CF       		.byte	-49
 436 0197 44       		.byte	68
 437 0198 D0       		.byte	-48
 438 0199 0C       		.byte	12
 439 019a D4       		.byte	-44
 440 019b 01       		.byte	1
 441 019c D8       		.byte	-40
 442 019d 04       		.byte	4
 443 019e D9       		.byte	-39
 444 019f 04       		.byte	4
 445 01a0 DA       		.byte	-38
 446 01a1 04       		.byte	4
 447 01a2 DB       		.byte	-37
 448 01a3 04       		.byte	4
 449 01a4 DF       		.byte	-33
 450 01a5 01       		.byte	1
 451 01a6 E6       		.byte	-26
 452 01a7 C0       		.byte	-64
 453 01a8 EA       		.byte	-22
 454 01a9 40       		.byte	64
 455 01aa EB       		.byte	-21
 456 01ab 02       		.byte	2
ARM GAS  C:\Users\Michi\AppData\Local\Temp\ccjCjadu.s 			page 9


 457 01ac 01       		.byte	1
 458 01ad 22       		.byte	34
 459 01ae 03       		.byte	3
 460 01af 20       		.byte	32
 461 01b0 05       		.byte	5
 462 01b1 42       		.byte	66
 463 01b2 06       		.byte	6
 464 01b3 04       		.byte	4
 465 01b4 09       		.byte	9
 466 01b5 80       		.byte	-128
 467 01b6 0B       		.byte	11
 468 01b7 40       		.byte	64
 469 01b8 0D       		.byte	13
 470 01b9 01       		.byte	1
 471 01ba 0F       		.byte	15
 472 01bb 12       		.byte	18
 473 01bc 10       		.byte	16
 474 01bd 80       		.byte	-128
 475 01be 12       		.byte	18
 476 01bf 18       		.byte	24
 477 01c0 16       		.byte	22
 478 01c1 10       		.byte	16
 479 01c2 19       		.byte	25
 480 01c3 22       		.byte	34
 481 01c4 1D       		.byte	29
 482 01c5 C0       		.byte	-64
 483 01c6 1E       		.byte	30
 484 01c7 48       		.byte	72
 485 01c8 20       		.byte	32
 486 01c9 04       		.byte	4
 487 01ca 21       		.byte	33
 488 01cb 01       		.byte	1
 489 01cc 22       		.byte	34
 490 01cd 08       		.byte	8
 491 01ce 23       		.byte	35
 492 01cf 50       		.byte	80
 493 01d0 24       		.byte	36
 494 01d1 10       		.byte	16
 495 01d2 25       		.byte	37
 496 01d3 40       		.byte	64
 497 01d4 26       		.byte	38
 498 01d5 80       		.byte	-128
 499 01d6 27       		.byte	39
 500 01d7 48       		.byte	72
 501 01d8 28       		.byte	40
 502 01d9 40       		.byte	64
 503 01da 29       		.byte	41
 504 01db 42       		.byte	66
 505 01dc 2C       		.byte	44
 506 01dd 09       		.byte	9
 507 01de 2F       		.byte	47
 508 01df 10       		.byte	16
 509 01e0 30       		.byte	48
 510 01e1 80       		.byte	-128
 511 01e2 32       		.byte	50
 512 01e3 08       		.byte	8
 513 01e4 35       		.byte	53
ARM GAS  C:\Users\Michi\AppData\Local\Temp\ccjCjadu.s 			page 10


 514 01e5 01       		.byte	1
 515 01e6 37       		.byte	55
 516 01e7 18       		.byte	24
 517 01e8 38       		.byte	56
 518 01e9 20       		.byte	32
 519 01ea 3B       		.byte	59
 520 01eb 40       		.byte	64
 521 01ec 3D       		.byte	61
 522 01ed 80       		.byte	-128
 523 01ee 3E       		.byte	62
 524 01ef 06       		.byte	6
 525 01f0 40       		.byte	64
 526 01f1 04       		.byte	4
 527 01f2 44       		.byte	68
 528 01f3 40       		.byte	64
 529 01f4 45       		.byte	69
 530 01f5 80       		.byte	-128
 531 01f6 46       		.byte	70
 532 01f7 10       		.byte	16
 533 01f8 50       		.byte	80
 534 01f9 90       		.byte	-112
 535 01fa 52       		.byte	82
 536 01fb 10       		.byte	16
 537 01fc 56       		.byte	86
 538 01fd 04       		.byte	4
 539 01fe 57       		.byte	87
 540 01ff 21       		.byte	33
 541 0200 5D       		.byte	93
 542 0201 10       		.byte	16
 543 0202 5E       		.byte	94
 544 0203 48       		.byte	72
 545 0204 5F       		.byte	95
 546 0205 01       		.byte	1
 547 0206 84       		.byte	-124
 548 0207 01       		.byte	1
 549 0208 85       		.byte	-123
 550 0209 18       		.byte	24
 551 020a 87       		.byte	-121
 552 020b 01       		.byte	1
 553 020c 88       		.byte	-120
 554 020d 80       		.byte	-128
 555 020e 89       		.byte	-119
 556 020f 20       		.byte	32
 557 0210 8A       		.byte	-118
 558 0211 02       		.byte	2
 559 0212 8E       		.byte	-114
 560 0213 04       		.byte	4
 561 0214 8F       		.byte	-113
 562 0215 49       		.byte	73
 563 0216 92       		.byte	-110
 564 0217 04       		.byte	4
 565 0218 93       		.byte	-109
 566 0219 20       		.byte	32
 567 021a 94       		.byte	-108
 568 021b 10       		.byte	16
 569 021c 99       		.byte	-103
 570 021d 01       		.byte	1
ARM GAS  C:\Users\Michi\AppData\Local\Temp\ccjCjadu.s 			page 11


 571 021e 9B       		.byte	-101
 572 021f 10       		.byte	16
 573 0220 9C       		.byte	-100
 574 0221 80       		.byte	-128
 575 0222 9E       		.byte	-98
 576 0223 02       		.byte	2
 577 0224 9F       		.byte	-97
 578 0225 40       		.byte	64
 579 0226 A0       		.byte	-96
 580 0227 08       		.byte	8
 581 0228 A1       		.byte	-95
 582 0229 08       		.byte	8
 583 022a A6       		.byte	-90
 584 022b 80       		.byte	-128
 585 022c A7       		.byte	-89
 586 022d 40       		.byte	64
 587 022e C0       		.byte	-64
 588 022f DE       		.byte	-34
 589 0230 C2       		.byte	-62
 590 0231 B9       		.byte	-71
 591 0232 C4       		.byte	-60
 592 0233 2E       		.byte	46
 593 0234 CA       		.byte	-54
 594 0235 79       		.byte	121
 595 0236 CC       		.byte	-52
 596 0237 EA       		.byte	-22
 597 0238 CE       		.byte	-50
 598 0239 DC       		.byte	-36
 599 023a D0       		.byte	-48
 600 023b D4       		.byte	-44
 601 023c D6       		.byte	-42
 602 023d F0       		.byte	-16
 603 023e 87       		.byte	-121
 604 023f 10       		.byte	16
 605 0240 10       		.byte	16
 606 0241 40       		.byte	64
 607 0242 73       		.byte	115
 608 0243 10       		.byte	16
 609 0244 88       		.byte	-120
 610 0245 40       		.byte	64
 611 0246 93       		.byte	-109
 612 0247 10       		.byte	16
 613 0248 C4       		.byte	-60
 614 0249 08       		.byte	8
 615 024a DC       		.byte	-36
 616 024b 01       		.byte	1
 617 024c E2       		.byte	-30
 618 024d 01       		.byte	1
 619 024e 10       		.byte	16
 620 024f 01       		.byte	1
 621 0250 1C       		.byte	28
 622 0251 01       		.byte	1
 623 0252 00       		.byte	0
 624 0253 00       		.byte	0
 625 0254 1F       		.byte	31
 626 0255 44       		.byte	68
 627 0256 20       		.byte	32
ARM GAS  C:\Users\Michi\AppData\Local\Temp\ccjCjadu.s 			page 12


 628 0257 00       		.byte	0
 629 0258 1C       		.byte	28
 630 0259 08       		.byte	8
 631 025a 23       		.byte	35
 632 025b 00       		.byte	0
 633 025c 00       		.byte	0
 634 025d 00       		.byte	0
 635 025e 23       		.byte	35
 636 025f 04       		.byte	4
 637 0260 01       		.byte	1
 638 0261 80       		.byte	-128
 639 0262 00       		.byte	0
 640 0263 00       		.byte	0
 641 0264 02       		.byte	2
 642 0265 1C       		.byte	28
 643 0266 00       		.byte	0
 644 0267 E1       		.byte	-31
 645 0268 3F       		.byte	63
 646 0269 3C       		.byte	60
 647 026a 00       		.byte	0
 648 026b C2       		.byte	-62
 649 026c 33       		.byte	51
 650 026d 18       		.byte	24
 651 026e 0C       		.byte	12
 652 026f 00       		.byte	0
 653 0270 00       		.byte	0
 654 0271 C0       		.byte	-64
 655 0272 00       		.byte	0
 656 0273 00       		.byte	0
 657 0274 03       		.byte	3
 658 0275 E7       		.byte	-25
 659 0276 00       		.byte	0
 660 0277 18       		.byte	24
 661 0278 04       		.byte	4
 662 0279 FF       		.byte	-1
 663 027a 00       		.byte	0
 664 027b 00       		.byte	0
 665 027c 0C       		.byte	12
 666 027d 00       		.byte	0
 667 027e 00       		.byte	0
 668 027f E3       		.byte	-29
 669 0280 08       		.byte	8
 670 0281 10       		.byte	16
 671 0282 00       		.byte	0
 672 0283 00       		.byte	0
 673 0284 2C       		.byte	44
 674 0285 00       		.byte	0
 675 0286 00       		.byte	0
 676 0287 1F       		.byte	31
 677 0288 0F       		.byte	15
 678 0289 38       		.byte	56
 679 028a 10       		.byte	16
 680 028b C0       		.byte	-64
 681 028c 00       		.byte	0
 682 028d 00       		.byte	0
 683 028e 2A       		.byte	42
 684 028f 08       		.byte	8
ARM GAS  C:\Users\Michi\AppData\Local\Temp\ccjCjadu.s 			page 13


 685 0290 00       		.byte	0
 686 0291 00       		.byte	0
 687 0292 40       		.byte	64
 688 0293 00       		.byte	0
 689 0294 46       		.byte	70
 690 0295 03       		.byte	3
 691 0296 02       		.byte	2
 692 0297 00       		.byte	0
 693 0298 01       		.byte	1
 694 0299 0C       		.byte	12
 695 029a 00       		.byte	0
 696 029b 0E       		.byte	14
 697 029c 11       		.byte	17
 698 029d FF       		.byte	-1
 699 029e FF       		.byte	-1
 700 029f FF       		.byte	-1
 701 02a0 62       		.byte	98
 702 02a1 A0       		.byte	-96
 703 02a2 F0       		.byte	-16
 704 02a3 41       		.byte	65
 705 02a4 0C       		.byte	12
 706 02a5 00       		.byte	0
 707 02a6 00       		.byte	0
 708 02a7 00       		.byte	0
 709 02a8 00       		.byte	0
 710 02a9 00       		.byte	0
 711 02aa 02       		.byte	2
 712 02ab 13       		.byte	19
 713 02ac 04       		.byte	4
 714 02ad 04       		.byte	4
 715 02ae 04       		.byte	4
 716 02af 04       		.byte	4
 717 02b0 00       		.byte	0
 718 02b1 00       		.byte	0
 719 02b2 00       		.byte	0
 720 02b3 01       		.byte	1
 721 02b4 00       		.byte	0
 722 02b5 00       		.byte	0
 723 02b6 00       		.byte	0
 724 02b7 00       		.byte	0
 725 02b8 00       		.byte	0
 726 02b9 00       		.byte	0
 727 02ba 40       		.byte	64
 728 02bb 02       		.byte	2
 729 02bc 00       		.byte	0
 730 02bd 10       		.byte	16
 731 02be 30       		.byte	48
 732 02bf 10       		.byte	16
 733 02c0 00       		.byte	0
 734 02c1 10       		.byte	16
 735 02c2 10       		.byte	16
 736 02c3 12       		.byte	18
 737 02c4 00       		.byte	0
 738 02c5 00       		.byte	0
 739 02c6 00       		.byte	0
 740 02c7 00       		.byte	0
 741 02c8 00       		.byte	0
ARM GAS  C:\Users\Michi\AppData\Local\Temp\ccjCjadu.s 			page 14


 742 02c9 00       		.byte	0
 743 02ca 00       		.byte	0
 744 02cb 00       		.byte	0
 745 02cc 00       		.byte	0
 746 02cd 00       		.byte	0
 747 02ce 00       		.byte	0
 748 02cf 00       		.byte	0
 749 02d0 00       		.byte	0
 750 02d1 00       		.byte	0
 751 02d2 00       		.byte	0
 752 02d3 00       		.byte	0
 753 02d4 00       		.byte	0
 754 02d5 00       		.byte	0
 755 02d6 80       		.byte	-128
 756 02d7 00       		.byte	0
 757 02d8 00       		.byte	0
 758 02d9 00       		.byte	0
 759 02da 00       		.byte	0
 760 02db 00       		.byte	0
 761 02dc 80       		.byte	-128
 762 02dd 00       		.byte	0
 763 02de 40       		.byte	64
 764 02df 80       		.byte	-128
 765 02e0 80       		.byte	-128
 766 02e1 00       		.byte	0
 767 02e2 80       		.byte	-128
 768 02e3 00       		.byte	0
 769 02e4 00       		.byte	0
 770 02e5 00       		.byte	0
 771 02e6 00       		.byte	0
 772 02e7 00       		.byte	0
 773 02e8 00       		.byte	0
 774 02e9 0B       		.byte	11
 775 02ea 0B       		.byte	11
 776 02eb 00       		.byte	0
 777 02ec 00       		.byte	0
 778 02ed 00       		.byte	0
 779 02ee 00       		.byte	0
 780 02ef 00       		.byte	0
 781              		.section	.cywolatch,"a",%progbits
 782              		.align	2
 783              		.type	cy_meta_wonvl, %object
 784              		.size	cy_meta_wonvl, 4
 785              	cy_meta_wonvl:
 786 0000 BC       		.byte	-68
 787 0001 90       		.byte	-112
 788 0002 AC       		.byte	-84
 789 0003 AF       		.byte	-81
 790              		.section	.cycustnvl,"a",%progbits
 791              		.align	2
 792              		.type	cy_meta_custnvl, %object
 793              		.size	cy_meta_custnvl, 4
 794              	cy_meta_custnvl:
 795 0000 00       		.byte	0
 796 0001 00       		.byte	0
 797 0002 40       		.byte	64
 798 0003 05       		.byte	5
ARM GAS  C:\Users\Michi\AppData\Local\Temp\ccjCjadu.s 			page 15


 799              		.section	.cymeta,"a",%progbits
 800              		.align	2
 801              		.type	cy_metadata, %object
 802              		.size	cy_metadata, 12
 803              	cy_metadata:
 804 0000 00       		.byte	0
 805 0001 01       		.byte	1
 806 0002 2E       		.byte	46
 807 0003 16       		.byte	22
 808 0004 10       		.byte	16
 809 0005 69       		.byte	105
 810 0006 00       		.byte	0
 811 0007 01       		.byte	1
 812 0008 00       		.byte	0
 813 0009 00       		.byte	0
 814 000a 00       		.byte	0
 815 000b 00       		.byte	0
 816              		.section	.cyflashprotect,"a",%progbits
 817              		.align	2
 818              		.type	cy_meta_flashprotect, %object
 819              		.size	cy_meta_flashprotect, 256
 820              	cy_meta_flashprotect:
 821 0000 00000000 		.space	256
 821      00000000 
 821      00000000 
 821      00000000 
 821      00000000 
 822              		.text
 823              	.Letext0:
 824              		.file 1 "c:\\program files (x86)\\cypress\\psoc creator\\4.4\\psoc creator\\import\\gnu\\arm\\5.4.
 825              		.file 2 "c:\\program files (x86)\\cypress\\psoc creator\\4.4\\psoc creator\\import\\gnu\\arm\\5.4.
 826              		.file 3 "Generated_Source\\PSoC5\\cymetadata.c"
 827              		.section	.debug_info,"",%progbits
 828              	.Ldebug_info0:
 829 0000 31010000 		.4byte	0x131
 830 0004 0400     		.2byte	0x4
 831 0006 00000000 		.4byte	.Ldebug_abbrev0
 832 000a 04       		.byte	0x4
 833 000b 01       		.uleb128 0x1
 834 000c 24000000 		.4byte	.LASF17
 835 0010 0C       		.byte	0xc
 836 0011 D8010000 		.4byte	.LASF18
 837 0015 25010000 		.4byte	.LASF19
 838 0019 00000000 		.4byte	.Ldebug_line0
 839 001d 02       		.uleb128 0x2
 840 001e 01       		.byte	0x1
 841 001f 06       		.byte	0x6
 842 0020 CC010000 		.4byte	.LASF0
 843 0024 03       		.uleb128 0x3
 844 0025 00000000 		.4byte	.LASF9
 845 0029 01       		.byte	0x1
 846 002a 1D       		.byte	0x1d
 847 002b 2F000000 		.4byte	0x2f
 848 002f 02       		.uleb128 0x2
 849 0030 01       		.byte	0x1
 850 0031 08       		.byte	0x8
 851 0032 16000000 		.4byte	.LASF1
ARM GAS  C:\Users\Michi\AppData\Local\Temp\ccjCjadu.s 			page 16


 852 0036 02       		.uleb128 0x2
 853 0037 02       		.byte	0x2
 854 0038 05       		.byte	0x5
 855 0039 B9010000 		.4byte	.LASF2
 856 003d 02       		.uleb128 0x2
 857 003e 02       		.byte	0x2
 858 003f 07       		.byte	0x7
 859 0040 C4000000 		.4byte	.LASF3
 860 0044 02       		.uleb128 0x2
 861 0045 04       		.byte	0x4
 862 0046 05       		.byte	0x5
 863 0047 C3010000 		.4byte	.LASF4
 864 004b 02       		.uleb128 0x2
 865 004c 04       		.byte	0x4
 866 004d 07       		.byte	0x7
 867 004e B2000000 		.4byte	.LASF5
 868 0052 02       		.uleb128 0x2
 869 0053 08       		.byte	0x8
 870 0054 05       		.byte	0x5
 871 0055 AB010000 		.4byte	.LASF6
 872 0059 02       		.uleb128 0x2
 873 005a 08       		.byte	0x8
 874 005b 07       		.byte	0x7
 875 005c 06010000 		.4byte	.LASF7
 876 0060 04       		.uleb128 0x4
 877 0061 04       		.byte	0x4
 878 0062 05       		.byte	0x5
 879 0063 696E7400 		.ascii	"int\000"
 880 0067 02       		.uleb128 0x2
 881 0068 04       		.byte	0x4
 882 0069 07       		.byte	0x7
 883 006a F9000000 		.4byte	.LASF8
 884 006e 03       		.uleb128 0x3
 885 006f 1D010000 		.4byte	.LASF10
 886 0073 02       		.byte	0x2
 887 0074 18       		.byte	0x18
 888 0075 24000000 		.4byte	0x24
 889 0079 05       		.uleb128 0x5
 890 007a 91000000 		.4byte	0x91
 891 007e 8A000000 		.4byte	0x8a
 892 0082 06       		.uleb128 0x6
 893 0083 8A000000 		.4byte	0x8a
 894 0087 EF02     		.2byte	0x2ef
 895 0089 00       		.byte	0
 896 008a 02       		.uleb128 0x2
 897 008b 04       		.byte	0x4
 898 008c 07       		.byte	0x7
 899 008d A2010000 		.4byte	.LASF11
 900 0091 07       		.uleb128 0x7
 901 0092 6E000000 		.4byte	0x6e
 902 0096 08       		.uleb128 0x8
 903 0097 E7000000 		.4byte	.LASF12
 904 009b 03       		.byte	0x3
 905 009c 1F       		.byte	0x1f
 906 009d A7000000 		.4byte	0xa7
 907 00a1 05       		.uleb128 0x5
 908 00a2 03       		.byte	0x3
ARM GAS  C:\Users\Michi\AppData\Local\Temp\ccjCjadu.s 			page 17


 909 00a3 00000000 		.4byte	cy_meta_configecc
 910 00a7 07       		.uleb128 0x7
 911 00a8 79000000 		.4byte	0x79
 912 00ac 05       		.uleb128 0x5
 913 00ad 91000000 		.4byte	0x91
 914 00b1 BC000000 		.4byte	0xbc
 915 00b5 09       		.uleb128 0x9
 916 00b6 8A000000 		.4byte	0x8a
 917 00ba 03       		.byte	0x3
 918 00bb 00       		.byte	0
 919 00bc 08       		.uleb128 0x8
 920 00bd D7000000 		.4byte	.LASF13
 921 00c1 03       		.byte	0x3
 922 00c2 8A       		.byte	0x8a
 923 00c3 CD000000 		.4byte	0xcd
 924 00c7 05       		.uleb128 0x5
 925 00c8 03       		.byte	0x3
 926 00c9 00000000 		.4byte	cy_meta_custnvl
 927 00cd 07       		.uleb128 0x7
 928 00ce AC000000 		.4byte	0xac
 929 00d2 08       		.uleb128 0x8
 930 00d3 94010000 		.4byte	.LASF14
 931 00d7 03       		.byte	0x3
 932 00d8 98       		.byte	0x98
 933 00d9 E3000000 		.4byte	0xe3
 934 00dd 05       		.uleb128 0x5
 935 00de 03       		.byte	0x3
 936 00df 00000000 		.4byte	cy_meta_wonvl
 937 00e3 07       		.uleb128 0x7
 938 00e4 AC000000 		.4byte	0xac
 939 00e8 05       		.uleb128 0x5
 940 00e9 91000000 		.4byte	0x91
 941 00ed F8000000 		.4byte	0xf8
 942 00f1 09       		.uleb128 0x9
 943 00f2 8A000000 		.4byte	0x8a
 944 00f6 FF       		.byte	0xff
 945 00f7 00       		.byte	0
 946 00f8 08       		.uleb128 0x8
 947 00f9 7F010000 		.4byte	.LASF15
 948 00fd 03       		.byte	0x3
 949 00fe A6       		.byte	0xa6
 950 00ff 09010000 		.4byte	0x109
 951 0103 05       		.uleb128 0x5
 952 0104 03       		.byte	0x3
 953 0105 00000000 		.4byte	cy_meta_flashprotect
 954 0109 07       		.uleb128 0x7
 955 010a E8000000 		.4byte	0xe8
 956 010e 05       		.uleb128 0x5
 957 010f 91000000 		.4byte	0x91
 958 0113 1E010000 		.4byte	0x11e
 959 0117 09       		.uleb128 0x9
 960 0118 8A000000 		.4byte	0x8a
 961 011c 0B       		.byte	0xb
 962 011d 00       		.byte	0
 963 011e 08       		.uleb128 0x8
 964 011f 0A000000 		.4byte	.LASF16
 965 0123 03       		.byte	0x3
ARM GAS  C:\Users\Michi\AppData\Local\Temp\ccjCjadu.s 			page 18


 966 0124 D3       		.byte	0xd3
 967 0125 2F010000 		.4byte	0x12f
 968 0129 05       		.uleb128 0x5
 969 012a 03       		.byte	0x3
 970 012b 00000000 		.4byte	cy_metadata
 971 012f 07       		.uleb128 0x7
 972 0130 0E010000 		.4byte	0x10e
 973 0134 00       		.byte	0
 974              		.section	.debug_abbrev,"",%progbits
 975              	.Ldebug_abbrev0:
 976 0000 01       		.uleb128 0x1
 977 0001 11       		.uleb128 0x11
 978 0002 01       		.byte	0x1
 979 0003 25       		.uleb128 0x25
 980 0004 0E       		.uleb128 0xe
 981 0005 13       		.uleb128 0x13
 982 0006 0B       		.uleb128 0xb
 983 0007 03       		.uleb128 0x3
 984 0008 0E       		.uleb128 0xe
 985 0009 1B       		.uleb128 0x1b
 986 000a 0E       		.uleb128 0xe
 987 000b 10       		.uleb128 0x10
 988 000c 17       		.uleb128 0x17
 989 000d 00       		.byte	0
 990 000e 00       		.byte	0
 991 000f 02       		.uleb128 0x2
 992 0010 24       		.uleb128 0x24
 993 0011 00       		.byte	0
 994 0012 0B       		.uleb128 0xb
 995 0013 0B       		.uleb128 0xb
 996 0014 3E       		.uleb128 0x3e
 997 0015 0B       		.uleb128 0xb
 998 0016 03       		.uleb128 0x3
 999 0017 0E       		.uleb128 0xe
 1000 0018 00       		.byte	0
 1001 0019 00       		.byte	0
 1002 001a 03       		.uleb128 0x3
 1003 001b 16       		.uleb128 0x16
 1004 001c 00       		.byte	0
 1005 001d 03       		.uleb128 0x3
 1006 001e 0E       		.uleb128 0xe
 1007 001f 3A       		.uleb128 0x3a
 1008 0020 0B       		.uleb128 0xb
 1009 0021 3B       		.uleb128 0x3b
 1010 0022 0B       		.uleb128 0xb
 1011 0023 49       		.uleb128 0x49
 1012 0024 13       		.uleb128 0x13
 1013 0025 00       		.byte	0
 1014 0026 00       		.byte	0
 1015 0027 04       		.uleb128 0x4
 1016 0028 24       		.uleb128 0x24
 1017 0029 00       		.byte	0
 1018 002a 0B       		.uleb128 0xb
 1019 002b 0B       		.uleb128 0xb
 1020 002c 3E       		.uleb128 0x3e
 1021 002d 0B       		.uleb128 0xb
 1022 002e 03       		.uleb128 0x3
ARM GAS  C:\Users\Michi\AppData\Local\Temp\ccjCjadu.s 			page 19


 1023 002f 08       		.uleb128 0x8
 1024 0030 00       		.byte	0
 1025 0031 00       		.byte	0
 1026 0032 05       		.uleb128 0x5
 1027 0033 01       		.uleb128 0x1
 1028 0034 01       		.byte	0x1
 1029 0035 49       		.uleb128 0x49
 1030 0036 13       		.uleb128 0x13
 1031 0037 01       		.uleb128 0x1
 1032 0038 13       		.uleb128 0x13
 1033 0039 00       		.byte	0
 1034 003a 00       		.byte	0
 1035 003b 06       		.uleb128 0x6
 1036 003c 21       		.uleb128 0x21
 1037 003d 00       		.byte	0
 1038 003e 49       		.uleb128 0x49
 1039 003f 13       		.uleb128 0x13
 1040 0040 2F       		.uleb128 0x2f
 1041 0041 05       		.uleb128 0x5
 1042 0042 00       		.byte	0
 1043 0043 00       		.byte	0
 1044 0044 07       		.uleb128 0x7
 1045 0045 26       		.uleb128 0x26
 1046 0046 00       		.byte	0
 1047 0047 49       		.uleb128 0x49
 1048 0048 13       		.uleb128 0x13
 1049 0049 00       		.byte	0
 1050 004a 00       		.byte	0
 1051 004b 08       		.uleb128 0x8
 1052 004c 34       		.uleb128 0x34
 1053 004d 00       		.byte	0
 1054 004e 03       		.uleb128 0x3
 1055 004f 0E       		.uleb128 0xe
 1056 0050 3A       		.uleb128 0x3a
 1057 0051 0B       		.uleb128 0xb
 1058 0052 3B       		.uleb128 0x3b
 1059 0053 0B       		.uleb128 0xb
 1060 0054 49       		.uleb128 0x49
 1061 0055 13       		.uleb128 0x13
 1062 0056 3F       		.uleb128 0x3f
 1063 0057 19       		.uleb128 0x19
 1064 0058 02       		.uleb128 0x2
 1065 0059 18       		.uleb128 0x18
 1066 005a 00       		.byte	0
 1067 005b 00       		.byte	0
 1068 005c 09       		.uleb128 0x9
 1069 005d 21       		.uleb128 0x21
 1070 005e 00       		.byte	0
 1071 005f 49       		.uleb128 0x49
 1072 0060 13       		.uleb128 0x13
 1073 0061 2F       		.uleb128 0x2f
 1074 0062 0B       		.uleb128 0xb
 1075 0063 00       		.byte	0
 1076 0064 00       		.byte	0
 1077 0065 00       		.byte	0
 1078              		.section	.debug_aranges,"",%progbits
 1079 0000 14000000 		.4byte	0x14
ARM GAS  C:\Users\Michi\AppData\Local\Temp\ccjCjadu.s 			page 20


 1080 0004 0200     		.2byte	0x2
 1081 0006 00000000 		.4byte	.Ldebug_info0
 1082 000a 04       		.byte	0x4
 1083 000b 00       		.byte	0
 1084 000c 0000     		.2byte	0
 1085 000e 0000     		.2byte	0
 1086 0010 00000000 		.4byte	0
 1087 0014 00000000 		.4byte	0
 1088              		.section	.debug_line,"",%progbits
 1089              	.Ldebug_line0:
 1090 0000 3D010000 		.section	.debug_str,"MS",%progbits,1
 1090      02003701 
 1090      00000201 
 1090      FB0E0D00 
 1090      01010101 
 1091              	.LASF9:
 1092 0000 5F5F7569 		.ascii	"__uint8_t\000"
 1092      6E74385F 
 1092      7400
 1093              	.LASF16:
 1094 000a 63795F6D 		.ascii	"cy_metadata\000"
 1094      65746164 
 1094      61746100 
 1095              	.LASF1:
 1096 0016 756E7369 		.ascii	"unsigned char\000"
 1096      676E6564 
 1096      20636861 
 1096      7200
 1097              	.LASF17:
 1098 0024 474E5520 		.ascii	"GNU C11 5.4.1 20160609 (release) [ARM/embedded-5-br"
 1098      43313120 
 1098      352E342E 
 1098      31203230 
 1098      31363036 
 1099 0057 616E6368 		.ascii	"anch revision 237715] -mcpu=cortex-m3 -mthumb -g -O"
 1099      20726576 
 1099      6973696F 
 1099      6E203233 
 1099      37373135 
 1100 008a 67202D66 		.ascii	"g -ffunction-sections -ffat-lto-objects\000"
 1100      66756E63 
 1100      74696F6E 
 1100      2D736563 
 1100      74696F6E 
 1101              	.LASF5:
 1102 00b2 6C6F6E67 		.ascii	"long unsigned int\000"
 1102      20756E73 
 1102      69676E65 
 1102      6420696E 
 1102      7400
 1103              	.LASF3:
 1104 00c4 73686F72 		.ascii	"short unsigned int\000"
 1104      7420756E 
 1104      7369676E 
 1104      65642069 
 1104      6E7400
 1105              	.LASF13:
ARM GAS  C:\Users\Michi\AppData\Local\Temp\ccjCjadu.s 			page 21


 1106 00d7 63795F6D 		.ascii	"cy_meta_custnvl\000"
 1106      6574615F 
 1106      63757374 
 1106      6E766C00 
 1107              	.LASF12:
 1108 00e7 63795F6D 		.ascii	"cy_meta_configecc\000"
 1108      6574615F 
 1108      636F6E66 
 1108      69676563 
 1108      6300
 1109              	.LASF8:
 1110 00f9 756E7369 		.ascii	"unsigned int\000"
 1110      676E6564 
 1110      20696E74 
 1110      00
 1111              	.LASF7:
 1112 0106 6C6F6E67 		.ascii	"long long unsigned int\000"
 1112      206C6F6E 
 1112      6720756E 
 1112      7369676E 
 1112      65642069 
 1113              	.LASF10:
 1114 011d 75696E74 		.ascii	"uint8_t\000"
 1114      385F7400 
 1115              	.LASF19:
 1116 0125 433A5C55 		.ascii	"C:\\Users\\Michi\\Documents\\PSoC Creator\\Helligke"
 1116      73657273 
 1116      5C4D6963 
 1116      68695C44 
 1116      6F63756D 
 1117 0153 6974736D 		.ascii	"itsmessung_LED\\Helligkeitsmessung_LED.cydsn\000"
 1117      65737375 
 1117      6E675F4C 
 1117      45445C48 
 1117      656C6C69 
 1118              	.LASF15:
 1119 017f 63795F6D 		.ascii	"cy_meta_flashprotect\000"
 1119      6574615F 
 1119      666C6173 
 1119      6870726F 
 1119      74656374 
 1120              	.LASF14:
 1121 0194 63795F6D 		.ascii	"cy_meta_wonvl\000"
 1121      6574615F 
 1121      776F6E76 
 1121      6C00
 1122              	.LASF11:
 1123 01a2 73697A65 		.ascii	"sizetype\000"
 1123      74797065 
 1123      00
 1124              	.LASF6:
 1125 01ab 6C6F6E67 		.ascii	"long long int\000"
 1125      206C6F6E 
 1125      6720696E 
 1125      7400
 1126              	.LASF2:
 1127 01b9 73686F72 		.ascii	"short int\000"
ARM GAS  C:\Users\Michi\AppData\Local\Temp\ccjCjadu.s 			page 22


 1127      7420696E 
 1127      7400
 1128              	.LASF4:
 1129 01c3 6C6F6E67 		.ascii	"long int\000"
 1129      20696E74 
 1129      00
 1130              	.LASF0:
 1131 01cc 7369676E 		.ascii	"signed char\000"
 1131      65642063 
 1131      68617200 
 1132              	.LASF18:
 1133 01d8 47656E65 		.ascii	"Generated_Source\\PSoC5\\cymetadata.c\000"
 1133      72617465 
 1133      645F536F 
 1133      75726365 
 1133      5C50536F 
 1134              		.ident	"GCC: (GNU Tools for ARM Embedded Processors) 5.4.1 20160609 (release) [ARM/embedded-5-bran
