ARM GAS  C:\Users\hasel\AppData\Local\Temp\ccuaYUzP.s 			page 1


   1              		.syntax unified
   2              		.cpu cortex-m3
   3              		.fpu softvfp
   4              		.eabi_attribute 20, 1
   5              		.eabi_attribute 21, 1
   6              		.eabi_attribute 23, 3
   7              		.eabi_attribute 24, 1
   8              		.eabi_attribute 25, 1
   9              		.eabi_attribute 26, 1
  10              		.eabi_attribute 30, 1
  11              		.eabi_attribute 34, 1
  12              		.eabi_attribute 18, 4
  13              		.thumb
  14              		.syntax unified
  15              		.file	"main.c"
  16              		.text
  17              	.Ltext0:
  18              		.cfi_sections	.debug_frame
  19              		.section	.text.get_time,"ax",%progbits
  20              		.align	2
  21              		.global	get_time
  22              		.thumb
  23              		.thumb_func
  24              		.type	get_time, %function
  25              	get_time:
  26              	.LFB66:
  27              		.file 1 "main.c"
   1:main.c        **** #include "project.h"
   2:main.c        **** #include <string.h>
   3:main.c        **** #include <stdio.h>
   4:main.c        **** 
   5:main.c        **** char buf[100];
   6:main.c        **** char *buf_ptr = buf;
   7:main.c        **** char time[8];
   8:main.c        **** 
   9:main.c        **** void simple_decode(void);
  10:main.c        **** void get_time(void);
  11:main.c        **** void get_data(void);
  12:main.c        **** 
  13:main.c        **** int main(void)
  14:main.c        **** {    
  15:main.c        ****     uint8_t sequence_cplt = 0;
  16:main.c        ****     UART_pc_Start();
  17:main.c        ****     UART_gps_Start();
  18:main.c        ****     UART_pc_PutString("Ready to receive\r\n");
  19:main.c        ****     CyGlobalIntEnable;
  20:main.c        **** 
  21:main.c        ****     for(;;)
  22:main.c        ****     {
  23:main.c        ****        uint8_t gps_data = UART_gps_GetChar();
  24:main.c        ****        *buf_ptr = gps_data;  
  25:main.c        ****        switch (gps_data)
  26:main.c        ****        {
  27:main.c        ****             // no data - do nothing
  28:main.c        ****             case 0x00:
  29:main.c        ****                 break;
  30:main.c        ****             // EMEA sequence start character
ARM GAS  C:\Users\hasel\AppData\Local\Temp\ccuaYUzP.s 			page 2


  31:main.c        ****             case '$':
  32:main.c        ****                 buf_ptr = buf;          
  33:main.c        ****                 buf_ptr++;
  34:main.c        ****                 break;  
  35:main.c        ****             // LF - signals end of sequence. terminate string with null
  36:main.c        ****             case 0x0A:
  37:main.c        ****                 *(buf_ptr + 1) = '\0';
  38:main.c        ****                 sequence_cplt = 1;
  39:main.c        ****             default:   
  40:main.c        ****                 buf_ptr++;
  41:main.c        ****        }
  42:main.c        ****     
  43:main.c        ****         if (sequence_cplt)
  44:main.c        ****         {        
  45:main.c        ****             sequence_cplt = 0;
  46:main.c        ****             buf_ptr = buf;
  47:main.c        ****             simple_decode();
  48:main.c        ****         }
  49:main.c        ****     }
  50:main.c        **** }
  51:main.c        **** 
  52:main.c        **** void simple_decode(void)
  53:main.c        **** {
  54:main.c        ****     char cmp[5];    
  55:main.c        ****     memcpy(cmp, buf+1, 5);    
  56:main.c        ****     if (!strcmp(cmp, "GPGGA"))
  57:main.c        ****     {
  58:main.c        ****         UART_pc_PutString(buf);
  59:main.c        ****         UART_pc_PutString("\n\r");
  60:main.c        ****         get_time();      
  61:main.c        ****         get_data();
  62:main.c        ****         UART_pc_PutString("\n\r");
  63:main.c        ****     } 
  64:main.c        **** }
  65:main.c        **** 
  66:main.c        **** void get_time(void)
  67:main.c        **** {
  28              		.loc 1 67 0
  29              		.cfi_startproc
  30              		@ args = 0, pretend = 0, frame = 0
  31              		@ frame_needed = 0, uses_anonymous_args = 0
  32 0000 70B5     		push	{r4, r5, r6, lr}
  33              		.cfi_def_cfa_offset 16
  34              		.cfi_offset 4, -16
  35              		.cfi_offset 5, -12
  36              		.cfi_offset 6, -8
  37              		.cfi_offset 14, -4
  38 0002 84B0     		sub	sp, sp, #16
  39              		.cfi_def_cfa_offset 32
  68:main.c        ****     sprintf(time, "  %c%c:%c%c:%c%c", buf[7], buf[8], buf[9], buf[10], buf[11], buf[12]);    
  40              		.loc 1 68 0
  41 0004 0D49     		ldr	r1, .L3
  42 0006 CA79     		ldrb	r2, [r1, #7]	@ zero_extendqisi2
  43 0008 0B7A     		ldrb	r3, [r1, #8]	@ zero_extendqisi2
  44 000a 487A     		ldrb	r0, [r1, #9]	@ zero_extendqisi2
  45 000c 8D7A     		ldrb	r5, [r1, #10]	@ zero_extendqisi2
  46 000e CE7A     		ldrb	r6, [r1, #11]	@ zero_extendqisi2
ARM GAS  C:\Users\hasel\AppData\Local\Temp\ccuaYUzP.s 			page 3


  47 0010 097B     		ldrb	r1, [r1, #12]	@ zero_extendqisi2
  48 0012 0B4C     		ldr	r4, .L3+4
  49 0014 0391     		str	r1, [sp, #12]
  50 0016 0296     		str	r6, [sp, #8]
  51 0018 0195     		str	r5, [sp, #4]
  52 001a 0090     		str	r0, [sp]
  53 001c 0949     		ldr	r1, .L3+8
  54 001e 2046     		mov	r0, r4
  55 0020 FFF7FEFF 		bl	sprintf
  56              	.LVL0:
  69:main.c        ****     UART_pc_PutString("\t\tGPS time:\t");
  57              		.loc 1 69 0
  58 0024 0848     		ldr	r0, .L3+12
  59 0026 FFF7FEFF 		bl	UART_pc_PutString
  60              	.LVL1:
  70:main.c        ****     UART_pc_PutString(time);    
  61              		.loc 1 70 0
  62 002a 2046     		mov	r0, r4
  63 002c FFF7FEFF 		bl	UART_pc_PutString
  64              	.LVL2:
  71:main.c        ****     UART_pc_PutString("\n\r");
  65              		.loc 1 71 0
  66 0030 0648     		ldr	r0, .L3+16
  67 0032 FFF7FEFF 		bl	UART_pc_PutString
  68              	.LVL3:
  72:main.c        **** }
  69              		.loc 1 72 0
  70 0036 04B0     		add	sp, sp, #16
  71              		.cfi_def_cfa_offset 16
  72              		@ sp needed
  73 0038 70BD     		pop	{r4, r5, r6, pc}
  74              	.L4:
  75 003a 00BF     		.align	2
  76              	.L3:
  77 003c 00000000 		.word	buf
  78 0040 00000000 		.word	time
  79 0044 00000000 		.word	.LC0
  80 0048 14000000 		.word	.LC1
  81 004c 24000000 		.word	.LC2
  82              		.cfi_endproc
  83              	.LFE66:
  84              		.size	get_time, .-get_time
  85              		.section	.text.get_data,"ax",%progbits
  86              		.align	2
  87              		.global	get_data
  88              		.thumb
  89              		.thumb_func
  90              		.type	get_data, %function
  91              	get_data:
  92              	.LFB67:
  73:main.c        **** 
  74:main.c        **** void get_data(void)
  75:main.c        **** {
  93              		.loc 1 75 0
  94              		.cfi_startproc
  95              		@ args = 0, pretend = 0, frame = 16
  96              		@ frame_needed = 0, uses_anonymous_args = 0
ARM GAS  C:\Users\hasel\AppData\Local\Temp\ccuaYUzP.s 			page 4


  97 0000 10B5     		push	{r4, lr}
  98              		.cfi_def_cfa_offset 8
  99              		.cfi_offset 4, -8
 100              		.cfi_offset 14, -4
 101 0002 84B0     		sub	sp, sp, #16
 102              		.cfi_def_cfa_offset 24
 103              	.LVL4:
 104              	.LBB2:
  76:main.c        ****     // start after the time position in the GPGGA string
  77:main.c        ****     char *index = (buf + 12);
  78:main.c        ****     // count amount of commas encountered in string
  79:main.c        ****     
  80:main.c        ****     char out[11];
  81:main.c        ****     // latitude
  82:main.c        ****     for (uint8_t comma_cnt = 0; comma_cnt < 1; index++)
 105              		.loc 1 82 0
 106 0004 0023     		movs	r3, #0
 107              	.LBE2:
  77:main.c        ****     // count amount of commas encountered in string
 108              		.loc 1 77 0
 109 0006 464C     		ldr	r4, .L23
 110              	.LVL5:
 111              	.LBB3:
 112              		.loc 1 82 0
 113 0008 05E0     		b	.L6
 114              	.LVL6:
 115              	.L8:
  83:main.c        ****     {
  84:main.c        ****         if (*index == ',')
 116              		.loc 1 84 0
 117 000a 2278     		ldrb	r2, [r4]	@ zero_extendqisi2
 118 000c 2C2A     		cmp	r2, #44
 119 000e 01D1     		bne	.L7
  85:main.c        ****         {
  86:main.c        ****             ++comma_cnt;
 120              		.loc 1 86 0
 121 0010 0133     		adds	r3, r3, #1
 122              	.LVL7:
 123 0012 DBB2     		uxtb	r3, r3
 124              	.LVL8:
 125              	.L7:
  82:main.c        ****     {
 126              		.loc 1 82 0 discriminator 2
 127 0014 0134     		adds	r4, r4, #1
 128              	.LVL9:
 129              	.L6:
  82:main.c        ****     {
 130              		.loc 1 82 0 is_stmt 0 discriminator 1
 131 0016 002B     		cmp	r3, #0
 132 0018 F7D0     		beq	.L8
 133              	.LBE3:
  87:main.c        ****         }
  88:main.c        ****     }
  89:main.c        ****     memcpy(out+1, index, 9);
 134              		.loc 1 89 0 is_stmt 1
 135 001a 2268     		ldr	r2, [r4]	@ unaligned
 136 001c 6368     		ldr	r3, [r4, #4]	@ unaligned
ARM GAS  C:\Users\hasel\AppData\Local\Temp\ccuaYUzP.s 			page 5


 137              	.LVL10:
 138 001e CDF80520 		str	r2, [sp, #5]	@ unaligned
 139 0022 CDF80930 		str	r3, [sp, #9]	@ unaligned
 140 0026 237A     		ldrb	r3, [r4, #8]	@ zero_extendqisi2
 141 0028 8DF80D30 		strb	r3, [sp, #13]
  90:main.c        ****     out[0] = ' ';
 142              		.loc 1 90 0
 143 002c 2023     		movs	r3, #32
 144 002e 8DF80430 		strb	r3, [sp, #4]
  91:main.c        ****     out[10] = '\0'; 
 145              		.loc 1 91 0
 146 0032 0023     		movs	r3, #0
 147 0034 8DF80E30 		strb	r3, [sp, #14]
  92:main.c        ****     
  93:main.c        ****     if(strchr(out, ',') == NULL)
 148              		.loc 1 93 0
 149 0038 2C21     		movs	r1, #44
 150 003a 01A8     		add	r0, sp, #4
 151 003c FFF7FEFF 		bl	strchr
 152              	.LVL11:
 153 0040 40B9     		cbnz	r0, .L9
  94:main.c        ****     {
  95:main.c        ****         UART_pc_PutString("\t\tLatitude:\t");
 154              		.loc 1 95 0
 155 0042 3848     		ldr	r0, .L23+4
 156 0044 FFF7FEFF 		bl	UART_pc_PutString
 157              	.LVL12:
  96:main.c        ****         UART_pc_PutString(out);
 158              		.loc 1 96 0
 159 0048 01A8     		add	r0, sp, #4
 160 004a FFF7FEFF 		bl	UART_pc_PutString
 161              	.LVL13:
  97:main.c        ****         UART_pc_PutString("\r\n");
 162              		.loc 1 97 0
 163 004e 3648     		ldr	r0, .L23+8
 164 0050 FFF7FEFF 		bl	UART_pc_PutString
 165              	.LVL14:
 166              	.L9:
 167              	.LBB4:
  98:main.c        ****     }
  99:main.c        ****     
 100:main.c        ****     // longitude
 101:main.c        ****     for (uint8_t comma_cnt = 0; comma_cnt < 2; index++)
 168              		.loc 1 101 0
 169 0054 0023     		movs	r3, #0
 170 0056 05E0     		b	.L10
 171              	.LVL15:
 172              	.L12:
 102:main.c        ****     {
 103:main.c        ****         if (*index == ',')
 173              		.loc 1 103 0
 174 0058 2278     		ldrb	r2, [r4]	@ zero_extendqisi2
 175 005a 2C2A     		cmp	r2, #44
 176 005c 01D1     		bne	.L11
 104:main.c        ****         {
 105:main.c        ****             ++comma_cnt;
 177              		.loc 1 105 0
ARM GAS  C:\Users\hasel\AppData\Local\Temp\ccuaYUzP.s 			page 6


 178 005e 0133     		adds	r3, r3, #1
 179              	.LVL16:
 180 0060 DBB2     		uxtb	r3, r3
 181              	.LVL17:
 182              	.L11:
 101:main.c        ****     {
 183              		.loc 1 101 0 discriminator 2
 184 0062 0134     		adds	r4, r4, #1
 185              	.LVL18:
 186              	.L10:
 101:main.c        ****     {
 187              		.loc 1 101 0 is_stmt 0 discriminator 1
 188 0064 012B     		cmp	r3, #1
 189 0066 F7D9     		bls	.L12
 190              	.LBE4:
 106:main.c        ****         }
 107:main.c        ****     }
 108:main.c        ****     
 109:main.c        ****     memcpy(out, index, 10);
 191              		.loc 1 109 0 is_stmt 1
 192 0068 01AB     		add	r3, sp, #4
 193              	.LVL19:
 194 006a 2068     		ldr	r0, [r4]	@ unaligned
 195 006c 6168     		ldr	r1, [r4, #4]	@ unaligned
 196 006e 03C3     		stmia	r3!, {r0, r1}
 197 0070 2289     		ldrh	r2, [r4, #8]	@ unaligned
 198 0072 1A80     		strh	r2, [r3]	@ unaligned
 110:main.c        ****     out[10] = '\0';
 199              		.loc 1 110 0
 200 0074 0023     		movs	r3, #0
 201 0076 8DF80E30 		strb	r3, [sp, #14]
 111:main.c        ****     
 112:main.c        ****     if(strchr(out, ',') == NULL)
 202              		.loc 1 112 0
 203 007a 2C21     		movs	r1, #44
 204 007c 01A8     		add	r0, sp, #4
 205 007e FFF7FEFF 		bl	strchr
 206              	.LVL20:
 207 0082 40B9     		cbnz	r0, .L13
 113:main.c        ****     {
 114:main.c        ****         UART_pc_PutString("\t\tLongitude:\t");
 208              		.loc 1 114 0
 209 0084 2948     		ldr	r0, .L23+12
 210 0086 FFF7FEFF 		bl	UART_pc_PutString
 211              	.LVL21:
 115:main.c        ****         UART_pc_PutString(out);
 212              		.loc 1 115 0
 213 008a 01A8     		add	r0, sp, #4
 214 008c FFF7FEFF 		bl	UART_pc_PutString
 215              	.LVL22:
 116:main.c        ****         UART_pc_PutString("\r\n");
 216              		.loc 1 116 0
 217 0090 2548     		ldr	r0, .L23+8
 218 0092 FFF7FEFF 		bl	UART_pc_PutString
 219              	.LVL23:
 220              	.L13:
 221              	.LBB5:
ARM GAS  C:\Users\hasel\AppData\Local\Temp\ccuaYUzP.s 			page 7


 117:main.c        ****     }
 118:main.c        ****         
 119:main.c        ****     // gps fix
 120:main.c        ****     for (uint8_t comma_cnt = 0; comma_cnt < 2; index++)
 222              		.loc 1 120 0
 223 0096 0023     		movs	r3, #0
 224 0098 05E0     		b	.L14
 225              	.LVL24:
 226              	.L16:
 121:main.c        ****     {
 122:main.c        ****         if (*index == ',')
 227              		.loc 1 122 0
 228 009a 2278     		ldrb	r2, [r4]	@ zero_extendqisi2
 229 009c 2C2A     		cmp	r2, #44
 230 009e 01D1     		bne	.L15
 123:main.c        ****         {
 124:main.c        ****             ++comma_cnt;
 231              		.loc 1 124 0
 232 00a0 0133     		adds	r3, r3, #1
 233              	.LVL25:
 234 00a2 DBB2     		uxtb	r3, r3
 235              	.LVL26:
 236              	.L15:
 120:main.c        ****     {
 237              		.loc 1 120 0 discriminator 2
 238 00a4 0134     		adds	r4, r4, #1
 239              	.LVL27:
 240              	.L14:
 120:main.c        ****     {
 241              		.loc 1 120 0 is_stmt 0 discriminator 1
 242 00a6 012B     		cmp	r3, #1
 243 00a8 F7D9     		bls	.L16
 244              	.LBE5:
 125:main.c        ****         }
 126:main.c        ****     }
 127:main.c        ****     
 128:main.c        ****     if(isdigit(*index) && ((*index == 1) || (*index == 2)))
 245              		.loc 1 128 0 is_stmt 1
 246 00aa 2378     		ldrb	r3, [r4]	@ zero_extendqisi2
 247              	.LVL28:
 248 00ac 204A     		ldr	r2, .L23+16
 249 00ae 1268     		ldr	r2, [r2]
 250 00b0 1A44     		add	r2, r2, r3
 251 00b2 5278     		ldrb	r2, [r2, #1]	@ zero_extendqisi2
 252 00b4 12F0040F 		tst	r2, #4
 253 00b8 09D0     		beq	.L17
 254              		.loc 1 128 0 is_stmt 0 discriminator 1
 255 00ba 013B     		subs	r3, r3, #1
 256 00bc DBB2     		uxtb	r3, r3
 257 00be 012B     		cmp	r3, #1
 258 00c0 05D8     		bhi	.L17
 129:main.c        ****     {
 130:main.c        ****         UART_pc_PutString("\t\t\t\t\tGPS fix!:");;
 259              		.loc 1 130 0 is_stmt 1
 260 00c2 1C48     		ldr	r0, .L23+20
 261 00c4 FFF7FEFF 		bl	UART_pc_PutString
 262              	.LVL29:
ARM GAS  C:\Users\hasel\AppData\Local\Temp\ccuaYUzP.s 			page 8


 131:main.c        ****         UART_pc_PutString("\r\n");
 263              		.loc 1 131 0
 264 00c8 1748     		ldr	r0, .L23+8
 265 00ca FFF7FEFF 		bl	UART_pc_PutString
 266              	.LVL30:
 267              	.L17:
 268              	.LBB6:
 132:main.c        ****     }
 133:main.c        ****     
 134:main.c        ****     // nr of satellites
 135:main.c        ****     for (uint8_t comma_cnt = 0; comma_cnt < 1; index++)
 269              		.loc 1 135 0
 270 00ce 0023     		movs	r3, #0
 271 00d0 05E0     		b	.L18
 272              	.LVL31:
 273              	.L20:
 136:main.c        ****     {
 137:main.c        ****         if (*index == ',')
 274              		.loc 1 137 0
 275 00d2 2278     		ldrb	r2, [r4]	@ zero_extendqisi2
 276 00d4 2C2A     		cmp	r2, #44
 277 00d6 01D1     		bne	.L19
 138:main.c        ****         {
 139:main.c        ****             ++comma_cnt;
 278              		.loc 1 139 0
 279 00d8 0133     		adds	r3, r3, #1
 280              	.LVL32:
 281 00da DBB2     		uxtb	r3, r3
 282              	.LVL33:
 283              	.L19:
 135:main.c        ****     {
 284              		.loc 1 135 0 discriminator 2
 285 00dc 0134     		adds	r4, r4, #1
 286              	.LVL34:
 287              	.L18:
 135:main.c        ****     {
 288              		.loc 1 135 0 is_stmt 0 discriminator 1
 289 00de 002B     		cmp	r3, #0
 290 00e0 F7D0     		beq	.L20
 291              	.LBE6:
 140:main.c        ****         }
 141:main.c        ****     }
 142:main.c        ****     
 143:main.c        ****     memcpy(out, index, 2);
 292              		.loc 1 143 0 is_stmt 1
 293 00e2 2388     		ldrh	r3, [r4]	@ unaligned
 294              	.LVL35:
 295 00e4 ADF80430 		strh	r3, [sp, #4]	@ unaligned
 144:main.c        ****     out[2] = '\0';
 296              		.loc 1 144 0
 297 00e8 0023     		movs	r3, #0
 298 00ea 8DF80630 		strb	r3, [sp, #6]
 145:main.c        ****     
 146:main.c        ****     if(isdigit(*index) && isdigit(*index+1))
 299              		.loc 1 146 0
 300 00ee 104B     		ldr	r3, .L23+16
 301 00f0 1A68     		ldr	r2, [r3]
ARM GAS  C:\Users\hasel\AppData\Local\Temp\ccuaYUzP.s 			page 9


 302 00f2 2378     		ldrb	r3, [r4]	@ zero_extendqisi2
 303 00f4 D118     		adds	r1, r2, r3
 304 00f6 4978     		ldrb	r1, [r1, #1]	@ zero_extendqisi2
 305 00f8 11F0040F 		tst	r1, #4
 306 00fc 0DD0     		beq	.L5
 307              		.loc 1 146 0 is_stmt 0 discriminator 1
 308 00fe 1344     		add	r3, r3, r2
 309 0100 9B78     		ldrb	r3, [r3, #2]	@ zero_extendqisi2
 310 0102 13F0040F 		tst	r3, #4
 311 0106 08D0     		beq	.L5
 147:main.c        ****     {
 148:main.c        ****         UART_pc_PutString("\t\t#Satellites:\t\t");
 312              		.loc 1 148 0 is_stmt 1
 313 0108 0B48     		ldr	r0, .L23+24
 314 010a FFF7FEFF 		bl	UART_pc_PutString
 315              	.LVL36:
 149:main.c        ****         UART_pc_PutString(out);
 316              		.loc 1 149 0
 317 010e 01A8     		add	r0, sp, #4
 318 0110 FFF7FEFF 		bl	UART_pc_PutString
 319              	.LVL37:
 150:main.c        ****         UART_pc_PutString("\r\n");
 320              		.loc 1 150 0
 321 0114 0448     		ldr	r0, .L23+8
 322 0116 FFF7FEFF 		bl	UART_pc_PutString
 323              	.LVL38:
 324              	.L5:
 151:main.c        ****     }    
 152:main.c        **** }
 325              		.loc 1 152 0
 326 011a 04B0     		add	sp, sp, #16
 327              		.cfi_def_cfa_offset 8
 328              		@ sp needed
 329 011c 10BD     		pop	{r4, pc}
 330              	.LVL39:
 331              	.L24:
 332 011e 00BF     		.align	2
 333              	.L23:
 334 0120 0C000000 		.word	buf+12
 335 0124 28000000 		.word	.LC3
 336 0128 38000000 		.word	.LC4
 337 012c 3C000000 		.word	.LC5
 338 0130 00000000 		.word	__ctype_ptr__
 339 0134 4C000000 		.word	.LC6
 340 0138 5C000000 		.word	.LC7
 341              		.cfi_endproc
 342              	.LFE67:
 343              		.size	get_data, .-get_data
 344              		.section	.text.simple_decode,"ax",%progbits
 345              		.align	2
 346              		.global	simple_decode
 347              		.thumb
 348              		.thumb_func
 349              		.type	simple_decode, %function
 350              	simple_decode:
 351              	.LFB65:
  53:main.c        ****     char cmp[5];    
ARM GAS  C:\Users\hasel\AppData\Local\Temp\ccuaYUzP.s 			page 10


 352              		.loc 1 53 0
 353              		.cfi_startproc
 354              		@ args = 0, pretend = 0, frame = 8
 355              		@ frame_needed = 0, uses_anonymous_args = 0
 356 0000 10B5     		push	{r4, lr}
 357              		.cfi_def_cfa_offset 8
 358              		.cfi_offset 4, -8
 359              		.cfi_offset 14, -4
 360 0002 82B0     		sub	sp, sp, #8
 361              		.cfi_def_cfa_offset 16
  55:main.c        ****     if (!strcmp(cmp, "GPGGA"))
 362              		.loc 1 55 0
 363 0004 0D4B     		ldr	r3, .L28
 364 0006 53F8010F 		ldr	r0, [r3, #1]!	@ unaligned
 365 000a 0090     		str	r0, [sp]	@ unaligned
 366 000c 1B79     		ldrb	r3, [r3, #4]	@ zero_extendqisi2
 367 000e 8DF80430 		strb	r3, [sp, #4]
  56:main.c        ****     {
 368              		.loc 1 56 0
 369 0012 0B49     		ldr	r1, .L28+4
 370 0014 6846     		mov	r0, sp
 371 0016 FFF7FEFF 		bl	strcmp
 372              	.LVL40:
 373 001a 68B9     		cbnz	r0, .L25
  58:main.c        ****         UART_pc_PutString("\n\r");
 374              		.loc 1 58 0
 375 001c 0748     		ldr	r0, .L28
 376 001e FFF7FEFF 		bl	UART_pc_PutString
 377              	.LVL41:
  59:main.c        ****         get_time();      
 378              		.loc 1 59 0
 379 0022 084C     		ldr	r4, .L28+8
 380 0024 2046     		mov	r0, r4
 381 0026 FFF7FEFF 		bl	UART_pc_PutString
 382              	.LVL42:
  60:main.c        ****         get_data();
 383              		.loc 1 60 0
 384 002a FFF7FEFF 		bl	get_time
 385              	.LVL43:
  61:main.c        ****         UART_pc_PutString("\n\r");
 386              		.loc 1 61 0
 387 002e FFF7FEFF 		bl	get_data
 388              	.LVL44:
  62:main.c        ****     } 
 389              		.loc 1 62 0
 390 0032 2046     		mov	r0, r4
 391 0034 FFF7FEFF 		bl	UART_pc_PutString
 392              	.LVL45:
 393              	.L25:
  64:main.c        **** 
 394              		.loc 1 64 0
 395 0038 02B0     		add	sp, sp, #8
 396              		.cfi_def_cfa_offset 8
 397              		@ sp needed
 398 003a 10BD     		pop	{r4, pc}
 399              	.L29:
 400              		.align	2
ARM GAS  C:\Users\hasel\AppData\Local\Temp\ccuaYUzP.s 			page 11


 401              	.L28:
 402 003c 00000000 		.word	buf
 403 0040 70000000 		.word	.LC8
 404 0044 24000000 		.word	.LC2
 405              		.cfi_endproc
 406              	.LFE65:
 407              		.size	simple_decode, .-simple_decode
 408              		.section	.text.main,"ax",%progbits
 409              		.align	2
 410              		.global	main
 411              		.thumb
 412              		.thumb_func
 413              		.type	main, %function
 414              	main:
 415              	.LFB64:
  14:main.c        ****     uint8_t sequence_cplt = 0;
 416              		.loc 1 14 0
 417              		.cfi_startproc
 418              		@ args = 0, pretend = 0, frame = 0
 419              		@ frame_needed = 0, uses_anonymous_args = 0
 420 0000 10B5     		push	{r4, lr}
 421              		.cfi_def_cfa_offset 8
 422              		.cfi_offset 4, -8
 423              		.cfi_offset 14, -4
 424              	.LVL46:
  16:main.c        ****     UART_gps_Start();
 425              		.loc 1 16 0
 426 0002 FFF7FEFF 		bl	UART_pc_Start
 427              	.LVL47:
  17:main.c        ****     UART_pc_PutString("Ready to receive\r\n");
 428              		.loc 1 17 0
 429 0006 FFF7FEFF 		bl	UART_gps_Start
 430              	.LVL48:
  18:main.c        ****     CyGlobalIntEnable;
 431              		.loc 1 18 0
 432 000a 1248     		ldr	r0, .L38
 433 000c FFF7FEFF 		bl	UART_pc_PutString
 434              	.LVL49:
  19:main.c        **** 
 435              		.loc 1 19 0
 436              		.syntax unified
 437              	@ 19 "main.c" 1
 438 0010 62B6     		CPSIE   i
 439              	@ 0 "" 2
 440              		.thumb
 441              		.syntax unified
 442              	.L36:
  14:main.c        ****     uint8_t sequence_cplt = 0;
 443              		.loc 1 14 0
 444 0012 0024     		movs	r4, #0
 445              	.LVL50:
 446              	.L35:
 447              	.LBB7:
  23:main.c        ****        *buf_ptr = gps_data;  
 448              		.loc 1 23 0
 449 0014 FFF7FEFF 		bl	UART_gps_GetChar
 450              	.LVL51:
ARM GAS  C:\Users\hasel\AppData\Local\Temp\ccuaYUzP.s 			page 12


  24:main.c        ****        switch (gps_data)
 451              		.loc 1 24 0
 452 0018 0F4B     		ldr	r3, .L38+4
 453 001a 1B68     		ldr	r3, [r3]
 454 001c 1870     		strb	r0, [r3]
  25:main.c        ****        {
 455              		.loc 1 25 0
 456 001e 0A28     		cmp	r0, #10
 457 0020 07D0     		beq	.L32
 458 0022 2428     		cmp	r0, #36
 459 0024 01D0     		beq	.L33
 460 0026 48B9     		cbnz	r0, .L31
 461 0028 0CE0     		b	.L34
 462              	.L33:
  33:main.c        ****                 break;  
 463              		.loc 1 33 0
 464 002a 0C4A     		ldr	r2, .L38+8
 465 002c 0A4B     		ldr	r3, .L38+4
 466 002e 1A60     		str	r2, [r3]
  34:main.c        ****             // LF - signals end of sequence. terminate string with null
 467              		.loc 1 34 0
 468 0030 08E0     		b	.L34
 469              	.L32:
  37:main.c        ****                 sequence_cplt = 1;
 470              		.loc 1 37 0
 471 0032 094B     		ldr	r3, .L38+4
 472 0034 1B68     		ldr	r3, [r3]
 473 0036 0022     		movs	r2, #0
 474 0038 5A70     		strb	r2, [r3, #1]
 475              	.LVL52:
  38:main.c        ****             default:   
 476              		.loc 1 38 0
 477 003a 0124     		movs	r4, #1
 478              	.LVL53:
 479              	.L31:
  40:main.c        ****        }
 480              		.loc 1 40 0
 481 003c 064A     		ldr	r2, .L38+4
 482 003e 1368     		ldr	r3, [r2]
 483 0040 0133     		adds	r3, r3, #1
 484 0042 1360     		str	r3, [r2]
 485              	.L34:
  43:main.c        ****         {        
 486              		.loc 1 43 0
 487 0044 002C     		cmp	r4, #0
 488 0046 E5D0     		beq	.L35
 489              	.LVL54:
  46:main.c        ****             simple_decode();
 490              		.loc 1 46 0
 491 0048 054A     		ldr	r2, .L38+12
 492 004a 034B     		ldr	r3, .L38+4
 493 004c 1A60     		str	r2, [r3]
  47:main.c        ****         }
 494              		.loc 1 47 0
 495 004e FFF7FEFF 		bl	simple_decode
 496              	.LVL55:
 497 0052 DEE7     		b	.L36
ARM GAS  C:\Users\hasel\AppData\Local\Temp\ccuaYUzP.s 			page 13


 498              	.L39:
 499              		.align	2
 500              	.L38:
 501 0054 78000000 		.word	.LC9
 502 0058 00000000 		.word	.LANCHOR0
 503 005c 01000000 		.word	buf+1
 504 0060 00000000 		.word	buf
 505              	.LBE7:
 506              		.cfi_endproc
 507              	.LFE64:
 508              		.size	main, .-main
 509              		.comm	time,8,4
 510              		.global	buf_ptr
 511              		.comm	buf,100,4
 512              		.data
 513              		.align	2
 514              		.set	.LANCHOR0,. + 0
 515              		.type	buf_ptr, %object
 516              		.size	buf_ptr, 4
 517              	buf_ptr:
 518 0000 00000000 		.word	buf
 519              		.section	.rodata.str1.4,"aMS",%progbits,1
 520              		.align	2
 521              	.LC0:
 522 0000 20202563 		.ascii	"  %c%c:%c%c:%c%c\000"
 522      25633A25 
 522      6325633A 
 522      25632563 
 522      00
 523 0011 000000   		.space	3
 524              	.LC1:
 525 0014 09094750 		.ascii	"\011\011GPS time:\011\000"
 525      53207469 
 525      6D653A09 
 525      00
 526 0021 000000   		.space	3
 527              	.LC2:
 528 0024 0A0D00   		.ascii	"\012\015\000"
 529 0027 00       		.space	1
 530              	.LC3:
 531 0028 09094C61 		.ascii	"\011\011Latitude:\011\000"
 531      74697475 
 531      64653A09 
 531      00
 532 0035 000000   		.space	3
 533              	.LC4:
 534 0038 0D0A00   		.ascii	"\015\012\000"
 535 003b 00       		.space	1
 536              	.LC5:
 537 003c 09094C6F 		.ascii	"\011\011Longitude:\011\000"
 537      6E676974 
 537      7564653A 
 537      0900
 538 004a 0000     		.space	2
 539              	.LC6:
 540 004c 09090909 		.ascii	"\011\011\011\011\011GPS fix!:\000"
 540      09475053 
ARM GAS  C:\Users\hasel\AppData\Local\Temp\ccuaYUzP.s 			page 14


 540      20666978 
 540      213A00
 541 005b 00       		.space	1
 542              	.LC7:
 543 005c 09092353 		.ascii	"\011\011#Satellites:\011\011\000"
 543      6174656C 
 543      6C697465 
 543      733A0909 
 543      00
 544 006d 000000   		.space	3
 545              	.LC8:
 546 0070 47504747 		.ascii	"GPGGA\000"
 546      4100
 547 0076 0000     		.space	2
 548              	.LC9:
 549 0078 52656164 		.ascii	"Ready to receive\015\012\000"
 549      7920746F 
 549      20726563 
 549      65697665 
 549      0D0A00
 550              		.text
 551              	.Letext0:
 552              		.file 2 "c:\\program files (x86)\\cypress\\psoc creator\\4.4\\psoc creator\\import\\gnu\\arm\\5.4.
 553              		.file 3 "c:\\program files (x86)\\cypress\\psoc creator\\4.4\\psoc creator\\import\\gnu\\arm\\5.4.
 554              		.file 4 "c:\\program files (x86)\\cypress\\psoc creator\\4.4\\psoc creator\\import\\gnu\\arm\\5.4.
 555              		.file 5 "Generated_Source\\PSoC5/core_cm3.h"
 556              		.file 6 "c:\\program files (x86)\\cypress\\psoc creator\\4.4\\psoc creator\\import\\gnu\\arm\\5.4.
 557              		.file 7 "Generated_Source\\PSoC5/UART_pc.h"
 558              		.file 8 "c:\\program files (x86)\\cypress\\psoc creator\\4.4\\psoc creator\\import\\gnu\\arm\\5.4.
 559              		.file 9 "Generated_Source\\PSoC5/UART_gps.h"
 560              		.section	.debug_info,"",%progbits
 561              	.Ldebug_info0:
 562 0000 F5040000 		.4byte	0x4f5
 563 0004 0400     		.2byte	0x4
 564 0006 00000000 		.4byte	.Ldebug_abbrev0
 565 000a 04       		.byte	0x4
 566 000b 01       		.uleb128 0x1
 567 000c 9A000000 		.4byte	.LASF36
 568 0010 0C       		.byte	0xc
 569 0011 11020000 		.4byte	.LASF37
 570 0015 3B000000 		.4byte	.LASF38
 571 0019 18000000 		.4byte	.Ldebug_ranges0+0x18
 572 001d 00000000 		.4byte	0
 573 0021 00000000 		.4byte	.Ldebug_line0
 574 0025 02       		.uleb128 0x2
 575 0026 01       		.byte	0x1
 576 0027 06       		.byte	0x6
 577 0028 80000000 		.4byte	.LASF0
 578 002c 03       		.uleb128 0x3
 579 002d 00000000 		.4byte	.LASF4
 580 0031 02       		.byte	0x2
 581 0032 1D       		.byte	0x1d
 582 0033 37000000 		.4byte	0x37
 583 0037 02       		.uleb128 0x2
 584 0038 01       		.byte	0x1
 585 0039 08       		.byte	0x8
 586 003a 8C000000 		.4byte	.LASF1
ARM GAS  C:\Users\hasel\AppData\Local\Temp\ccuaYUzP.s 			page 15


 587 003e 02       		.uleb128 0x2
 588 003f 02       		.byte	0x2
 589 0040 05       		.byte	0x5
 590 0041 23020000 		.4byte	.LASF2
 591 0045 02       		.uleb128 0x2
 592 0046 02       		.byte	0x2
 593 0047 07       		.byte	0x7
 594 0048 48010000 		.4byte	.LASF3
 595 004c 03       		.uleb128 0x3
 596 004d 11000000 		.4byte	.LASF5
 597 0051 02       		.byte	0x2
 598 0052 3F       		.byte	0x3f
 599 0053 57000000 		.4byte	0x57
 600 0057 02       		.uleb128 0x2
 601 0058 04       		.byte	0x4
 602 0059 05       		.byte	0x5
 603 005a 2D020000 		.4byte	.LASF6
 604 005e 02       		.uleb128 0x2
 605 005f 04       		.byte	0x4
 606 0060 07       		.byte	0x7
 607 0061 28010000 		.4byte	.LASF7
 608 0065 02       		.uleb128 0x2
 609 0066 08       		.byte	0x8
 610 0067 05       		.byte	0x5
 611 0068 03020000 		.4byte	.LASF8
 612 006c 02       		.uleb128 0x2
 613 006d 08       		.byte	0x8
 614 006e 07       		.byte	0x7
 615 006f C5010000 		.4byte	.LASF9
 616 0073 04       		.uleb128 0x4
 617 0074 04       		.byte	0x4
 618 0075 05       		.byte	0x5
 619 0076 696E7400 		.ascii	"int\000"
 620 007a 02       		.uleb128 0x2
 621 007b 04       		.byte	0x4
 622 007c 07       		.byte	0x7
 623 007d B8010000 		.4byte	.LASF10
 624 0081 03       		.uleb128 0x3
 625 0082 DC010000 		.4byte	.LASF11
 626 0086 03       		.byte	0x3
 627 0087 18       		.byte	0x18
 628 0088 2C000000 		.4byte	0x2c
 629 008c 03       		.uleb128 0x3
 630 008d F2010000 		.4byte	.LASF12
 631 0091 03       		.byte	0x3
 632 0092 2C       		.byte	0x2c
 633 0093 4C000000 		.4byte	0x4c
 634 0097 02       		.uleb128 0x2
 635 0098 04       		.byte	0x4
 636 0099 04       		.byte	0x4
 637 009a 7A000000 		.4byte	.LASF13
 638 009e 02       		.uleb128 0x2
 639 009f 08       		.byte	0x8
 640 00a0 04       		.byte	0x4
 641 00a1 85010000 		.4byte	.LASF14
 642 00a5 02       		.uleb128 0x2
 643 00a6 01       		.byte	0x1
ARM GAS  C:\Users\hasel\AppData\Local\Temp\ccuaYUzP.s 			page 16


 644 00a7 08       		.byte	0x8
 645 00a8 18020000 		.4byte	.LASF15
 646 00ac 02       		.uleb128 0x2
 647 00ad 08       		.byte	0x8
 648 00ae 04       		.byte	0x4
 649 00af 36020000 		.4byte	.LASF16
 650 00b3 02       		.uleb128 0x2
 651 00b4 04       		.byte	0x4
 652 00b5 07       		.byte	0x7
 653 00b6 FA010000 		.4byte	.LASF17
 654 00ba 05       		.uleb128 0x5
 655 00bb 04       		.byte	0x4
 656 00bc A5000000 		.4byte	0xa5
 657 00c0 05       		.uleb128 0x5
 658 00c1 04       		.byte	0x4
 659 00c2 C6000000 		.4byte	0xc6
 660 00c6 06       		.uleb128 0x6
 661 00c7 A5000000 		.4byte	0xa5
 662 00cb 07       		.uleb128 0x7
 663 00cc A5000000 		.4byte	0xa5
 664 00d0 DB000000 		.4byte	0xdb
 665 00d4 08       		.uleb128 0x8
 666 00d5 B3000000 		.4byte	0xb3
 667 00d9 07       		.byte	0x7
 668 00da 00       		.byte	0
 669 00db 09       		.uleb128 0x9
 670 00dc 1B000000 		.4byte	.LASF18
 671 00e0 01       		.byte	0x1
 672 00e1 42       		.byte	0x42
 673 00e2 00000000 		.4byte	.LFB66
 674 00e6 50000000 		.4byte	.LFE66-.LFB66
 675 00ea 01       		.uleb128 0x1
 676 00eb 9C       		.byte	0x9c
 677 00ec 5A010000 		.4byte	0x15a
 678 00f0 0A       		.uleb128 0xa
 679 00f1 24000000 		.4byte	.LVL0
 680 00f5 AB040000 		.4byte	0x4ab
 681 00f9 1B010000 		.4byte	0x11b
 682 00fd 0B       		.uleb128 0xb
 683 00fe 01       		.uleb128 0x1
 684 00ff 50       		.byte	0x50
 685 0100 02       		.uleb128 0x2
 686 0101 74       		.byte	0x74
 687 0102 00       		.sleb128 0
 688 0103 0B       		.uleb128 0xb
 689 0104 01       		.uleb128 0x1
 690 0105 51       		.byte	0x51
 691 0106 05       		.uleb128 0x5
 692 0107 03       		.byte	0x3
 693 0108 00000000 		.4byte	.LC0
 694 010c 0B       		.uleb128 0xb
 695 010d 02       		.uleb128 0x2
 696 010e 7D       		.byte	0x7d
 697 010f 04       		.sleb128 4
 698 0110 02       		.uleb128 0x2
 699 0111 75       		.byte	0x75
 700 0112 00       		.sleb128 0
ARM GAS  C:\Users\hasel\AppData\Local\Temp\ccuaYUzP.s 			page 17


 701 0113 0B       		.uleb128 0xb
 702 0114 02       		.uleb128 0x2
 703 0115 7D       		.byte	0x7d
 704 0116 08       		.sleb128 8
 705 0117 02       		.uleb128 0x2
 706 0118 76       		.byte	0x76
 707 0119 00       		.sleb128 0
 708 011a 00       		.byte	0
 709 011b 0A       		.uleb128 0xa
 710 011c 2A000000 		.4byte	.LVL1
 711 0120 B6040000 		.4byte	0x4b6
 712 0124 32010000 		.4byte	0x132
 713 0128 0B       		.uleb128 0xb
 714 0129 01       		.uleb128 0x1
 715 012a 50       		.byte	0x50
 716 012b 05       		.uleb128 0x5
 717 012c 03       		.byte	0x3
 718 012d 14000000 		.4byte	.LC1
 719 0131 00       		.byte	0
 720 0132 0A       		.uleb128 0xa
 721 0133 30000000 		.4byte	.LVL2
 722 0137 B6040000 		.4byte	0x4b6
 723 013b 46010000 		.4byte	0x146
 724 013f 0B       		.uleb128 0xb
 725 0140 01       		.uleb128 0x1
 726 0141 50       		.byte	0x50
 727 0142 02       		.uleb128 0x2
 728 0143 74       		.byte	0x74
 729 0144 00       		.sleb128 0
 730 0145 00       		.byte	0
 731 0146 0C       		.uleb128 0xc
 732 0147 36000000 		.4byte	.LVL3
 733 014b B6040000 		.4byte	0x4b6
 734 014f 0B       		.uleb128 0xb
 735 0150 01       		.uleb128 0x1
 736 0151 50       		.byte	0x50
 737 0152 05       		.uleb128 0x5
 738 0153 03       		.byte	0x3
 739 0154 24000000 		.4byte	.LC2
 740 0158 00       		.byte	0
 741 0159 00       		.byte	0
 742 015a 09       		.uleb128 0x9
 743 015b E9010000 		.4byte	.LASF19
 744 015f 01       		.byte	0x1
 745 0160 4A       		.byte	0x4a
 746 0161 00000000 		.4byte	.LFB67
 747 0165 3C010000 		.4byte	.LFE67-.LFB67
 748 0169 01       		.uleb128 0x1
 749 016a 9C       		.byte	0x9c
 750 016b 21030000 		.4byte	0x321
 751 016f 0D       		.uleb128 0xd
 752 0170 1D020000 		.4byte	.LASF20
 753 0174 01       		.byte	0x1
 754 0175 4D       		.byte	0x4d
 755 0176 BA000000 		.4byte	0xba
 756 017a 00000000 		.4byte	.LLST0
 757 017e 0E       		.uleb128 0xe
ARM GAS  C:\Users\hasel\AppData\Local\Temp\ccuaYUzP.s 			page 18


 758 017f 6F757400 		.ascii	"out\000"
 759 0183 01       		.byte	0x1
 760 0184 50       		.byte	0x50
 761 0185 21030000 		.4byte	0x321
 762 0189 02       		.uleb128 0x2
 763 018a 91       		.byte	0x91
 764 018b 6C       		.sleb128 -20
 765 018c 0F       		.uleb128 0xf
 766 018d 00000000 		.4byte	.Ldebug_ranges0+0
 767 0191 A5010000 		.4byte	0x1a5
 768 0195 0D       		.uleb128 0xd
 769 0196 70000000 		.4byte	.LASF21
 770 019a 01       		.byte	0x1
 771 019b 52       		.byte	0x52
 772 019c 81000000 		.4byte	0x81
 773 01a0 23000000 		.4byte	.LLST1
 774 01a4 00       		.byte	0
 775 01a5 10       		.uleb128 0x10
 776 01a6 54000000 		.4byte	.LBB4
 777 01aa 14000000 		.4byte	.LBE4-.LBB4
 778 01ae C2010000 		.4byte	0x1c2
 779 01b2 0D       		.uleb128 0xd
 780 01b3 70000000 		.4byte	.LASF21
 781 01b7 01       		.byte	0x1
 782 01b8 65       		.byte	0x65
 783 01b9 81000000 		.4byte	0x81
 784 01bd 4D000000 		.4byte	.LLST2
 785 01c1 00       		.byte	0
 786 01c2 10       		.uleb128 0x10
 787 01c3 96000000 		.4byte	.LBB5
 788 01c7 14000000 		.4byte	.LBE5-.LBB5
 789 01cb DF010000 		.4byte	0x1df
 790 01cf 0D       		.uleb128 0xd
 791 01d0 70000000 		.4byte	.LASF21
 792 01d4 01       		.byte	0x1
 793 01d5 78       		.byte	0x78
 794 01d6 81000000 		.4byte	0x81
 795 01da 77000000 		.4byte	.LLST3
 796 01de 00       		.byte	0
 797 01df 10       		.uleb128 0x10
 798 01e0 CE000000 		.4byte	.LBB6
 799 01e4 14000000 		.4byte	.LBE6-.LBB6
 800 01e8 FC010000 		.4byte	0x1fc
 801 01ec 0D       		.uleb128 0xd
 802 01ed 70000000 		.4byte	.LASF21
 803 01f1 01       		.byte	0x1
 804 01f2 87       		.byte	0x87
 805 01f3 81000000 		.4byte	0x81
 806 01f7 A1000000 		.4byte	.LLST4
 807 01fb 00       		.byte	0
 808 01fc 0A       		.uleb128 0xa
 809 01fd 40000000 		.4byte	.LVL11
 810 0201 C1040000 		.4byte	0x4c1
 811 0205 16020000 		.4byte	0x216
 812 0209 0B       		.uleb128 0xb
 813 020a 01       		.uleb128 0x1
 814 020b 50       		.byte	0x50
ARM GAS  C:\Users\hasel\AppData\Local\Temp\ccuaYUzP.s 			page 19


 815 020c 02       		.uleb128 0x2
 816 020d 91       		.byte	0x91
 817 020e 6C       		.sleb128 -20
 818 020f 0B       		.uleb128 0xb
 819 0210 01       		.uleb128 0x1
 820 0211 51       		.byte	0x51
 821 0212 02       		.uleb128 0x2
 822 0213 08       		.byte	0x8
 823 0214 2C       		.byte	0x2c
 824 0215 00       		.byte	0
 825 0216 0A       		.uleb128 0xa
 826 0217 48000000 		.4byte	.LVL12
 827 021b B6040000 		.4byte	0x4b6
 828 021f 2D020000 		.4byte	0x22d
 829 0223 0B       		.uleb128 0xb
 830 0224 01       		.uleb128 0x1
 831 0225 50       		.byte	0x50
 832 0226 05       		.uleb128 0x5
 833 0227 03       		.byte	0x3
 834 0228 28000000 		.4byte	.LC3
 835 022c 00       		.byte	0
 836 022d 0A       		.uleb128 0xa
 837 022e 4E000000 		.4byte	.LVL13
 838 0232 B6040000 		.4byte	0x4b6
 839 0236 41020000 		.4byte	0x241
 840 023a 0B       		.uleb128 0xb
 841 023b 01       		.uleb128 0x1
 842 023c 50       		.byte	0x50
 843 023d 02       		.uleb128 0x2
 844 023e 91       		.byte	0x91
 845 023f 6C       		.sleb128 -20
 846 0240 00       		.byte	0
 847 0241 0A       		.uleb128 0xa
 848 0242 54000000 		.4byte	.LVL14
 849 0246 B6040000 		.4byte	0x4b6
 850 024a 58020000 		.4byte	0x258
 851 024e 0B       		.uleb128 0xb
 852 024f 01       		.uleb128 0x1
 853 0250 50       		.byte	0x50
 854 0251 05       		.uleb128 0x5
 855 0252 03       		.byte	0x3
 856 0253 38000000 		.4byte	.LC4
 857 0257 00       		.byte	0
 858 0258 0A       		.uleb128 0xa
 859 0259 82000000 		.4byte	.LVL20
 860 025d C1040000 		.4byte	0x4c1
 861 0261 72020000 		.4byte	0x272
 862 0265 0B       		.uleb128 0xb
 863 0266 01       		.uleb128 0x1
 864 0267 50       		.byte	0x50
 865 0268 02       		.uleb128 0x2
 866 0269 91       		.byte	0x91
 867 026a 6C       		.sleb128 -20
 868 026b 0B       		.uleb128 0xb
 869 026c 01       		.uleb128 0x1
 870 026d 51       		.byte	0x51
 871 026e 02       		.uleb128 0x2
ARM GAS  C:\Users\hasel\AppData\Local\Temp\ccuaYUzP.s 			page 20


 872 026f 08       		.byte	0x8
 873 0270 2C       		.byte	0x2c
 874 0271 00       		.byte	0
 875 0272 0A       		.uleb128 0xa
 876 0273 8A000000 		.4byte	.LVL21
 877 0277 B6040000 		.4byte	0x4b6
 878 027b 89020000 		.4byte	0x289
 879 027f 0B       		.uleb128 0xb
 880 0280 01       		.uleb128 0x1
 881 0281 50       		.byte	0x50
 882 0282 05       		.uleb128 0x5
 883 0283 03       		.byte	0x3
 884 0284 3C000000 		.4byte	.LC5
 885 0288 00       		.byte	0
 886 0289 0A       		.uleb128 0xa
 887 028a 90000000 		.4byte	.LVL22
 888 028e B6040000 		.4byte	0x4b6
 889 0292 9D020000 		.4byte	0x29d
 890 0296 0B       		.uleb128 0xb
 891 0297 01       		.uleb128 0x1
 892 0298 50       		.byte	0x50
 893 0299 02       		.uleb128 0x2
 894 029a 91       		.byte	0x91
 895 029b 6C       		.sleb128 -20
 896 029c 00       		.byte	0
 897 029d 0A       		.uleb128 0xa
 898 029e 96000000 		.4byte	.LVL23
 899 02a2 B6040000 		.4byte	0x4b6
 900 02a6 B4020000 		.4byte	0x2b4
 901 02aa 0B       		.uleb128 0xb
 902 02ab 01       		.uleb128 0x1
 903 02ac 50       		.byte	0x50
 904 02ad 05       		.uleb128 0x5
 905 02ae 03       		.byte	0x3
 906 02af 38000000 		.4byte	.LC4
 907 02b3 00       		.byte	0
 908 02b4 0A       		.uleb128 0xa
 909 02b5 C8000000 		.4byte	.LVL29
 910 02b9 B6040000 		.4byte	0x4b6
 911 02bd CB020000 		.4byte	0x2cb
 912 02c1 0B       		.uleb128 0xb
 913 02c2 01       		.uleb128 0x1
 914 02c3 50       		.byte	0x50
 915 02c4 05       		.uleb128 0x5
 916 02c5 03       		.byte	0x3
 917 02c6 4C000000 		.4byte	.LC6
 918 02ca 00       		.byte	0
 919 02cb 0A       		.uleb128 0xa
 920 02cc CE000000 		.4byte	.LVL30
 921 02d0 B6040000 		.4byte	0x4b6
 922 02d4 E2020000 		.4byte	0x2e2
 923 02d8 0B       		.uleb128 0xb
 924 02d9 01       		.uleb128 0x1
 925 02da 50       		.byte	0x50
 926 02db 05       		.uleb128 0x5
 927 02dc 03       		.byte	0x3
 928 02dd 38000000 		.4byte	.LC4
ARM GAS  C:\Users\hasel\AppData\Local\Temp\ccuaYUzP.s 			page 21


 929 02e1 00       		.byte	0
 930 02e2 0A       		.uleb128 0xa
 931 02e3 0E010000 		.4byte	.LVL36
 932 02e7 B6040000 		.4byte	0x4b6
 933 02eb F9020000 		.4byte	0x2f9
 934 02ef 0B       		.uleb128 0xb
 935 02f0 01       		.uleb128 0x1
 936 02f1 50       		.byte	0x50
 937 02f2 05       		.uleb128 0x5
 938 02f3 03       		.byte	0x3
 939 02f4 5C000000 		.4byte	.LC7
 940 02f8 00       		.byte	0
 941 02f9 0A       		.uleb128 0xa
 942 02fa 14010000 		.4byte	.LVL37
 943 02fe B6040000 		.4byte	0x4b6
 944 0302 0D030000 		.4byte	0x30d
 945 0306 0B       		.uleb128 0xb
 946 0307 01       		.uleb128 0x1
 947 0308 50       		.byte	0x50
 948 0309 02       		.uleb128 0x2
 949 030a 91       		.byte	0x91
 950 030b 6C       		.sleb128 -20
 951 030c 00       		.byte	0
 952 030d 0C       		.uleb128 0xc
 953 030e 1A010000 		.4byte	.LVL38
 954 0312 B6040000 		.4byte	0x4b6
 955 0316 0B       		.uleb128 0xb
 956 0317 01       		.uleb128 0x1
 957 0318 50       		.byte	0x50
 958 0319 05       		.uleb128 0x5
 959 031a 03       		.byte	0x3
 960 031b 38000000 		.4byte	.LC4
 961 031f 00       		.byte	0
 962 0320 00       		.byte	0
 963 0321 07       		.uleb128 0x7
 964 0322 A5000000 		.4byte	0xa5
 965 0326 31030000 		.4byte	0x331
 966 032a 08       		.uleb128 0x8
 967 032b B3000000 		.4byte	0xb3
 968 032f 0A       		.byte	0xa
 969 0330 00       		.byte	0
 970 0331 09       		.uleb128 0x9
 971 0332 5B010000 		.4byte	.LASF22
 972 0336 01       		.byte	0x1
 973 0337 34       		.byte	0x34
 974 0338 00000000 		.4byte	.LFB65
 975 033c 48000000 		.4byte	.LFE65-.LFB65
 976 0340 01       		.uleb128 0x1
 977 0341 9C       		.byte	0x9c
 978 0342 BF030000 		.4byte	0x3bf
 979 0346 0E       		.uleb128 0xe
 980 0347 636D7000 		.ascii	"cmp\000"
 981 034b 01       		.byte	0x1
 982 034c 36       		.byte	0x36
 983 034d BF030000 		.4byte	0x3bf
 984 0351 02       		.uleb128 0x2
 985 0352 91       		.byte	0x91
ARM GAS  C:\Users\hasel\AppData\Local\Temp\ccuaYUzP.s 			page 22


 986 0353 70       		.sleb128 -16
 987 0354 0A       		.uleb128 0xa
 988 0355 1A000000 		.4byte	.LVL40
 989 0359 CC040000 		.4byte	0x4cc
 990 035d 71030000 		.4byte	0x371
 991 0361 0B       		.uleb128 0xb
 992 0362 01       		.uleb128 0x1
 993 0363 50       		.byte	0x50
 994 0364 02       		.uleb128 0x2
 995 0365 7D       		.byte	0x7d
 996 0366 00       		.sleb128 0
 997 0367 0B       		.uleb128 0xb
 998 0368 01       		.uleb128 0x1
 999 0369 51       		.byte	0x51
 1000 036a 05       		.uleb128 0x5
 1001 036b 03       		.byte	0x3
 1002 036c 70000000 		.4byte	.LC8
 1003 0370 00       		.byte	0
 1004 0371 0A       		.uleb128 0xa
 1005 0372 22000000 		.4byte	.LVL41
 1006 0376 B6040000 		.4byte	0x4b6
 1007 037a 88030000 		.4byte	0x388
 1008 037e 0B       		.uleb128 0xb
 1009 037f 01       		.uleb128 0x1
 1010 0380 50       		.byte	0x50
 1011 0381 05       		.uleb128 0x5
 1012 0382 03       		.byte	0x3
 1013 0383 00000000 		.4byte	buf
 1014 0387 00       		.byte	0
 1015 0388 0A       		.uleb128 0xa
 1016 0389 2A000000 		.4byte	.LVL42
 1017 038d B6040000 		.4byte	0x4b6
 1018 0391 9C030000 		.4byte	0x39c
 1019 0395 0B       		.uleb128 0xb
 1020 0396 01       		.uleb128 0x1
 1021 0397 50       		.byte	0x50
 1022 0398 02       		.uleb128 0x2
 1023 0399 74       		.byte	0x74
 1024 039a 00       		.sleb128 0
 1025 039b 00       		.byte	0
 1026 039c 11       		.uleb128 0x11
 1027 039d 2E000000 		.4byte	.LVL43
 1028 03a1 DB000000 		.4byte	0xdb
 1029 03a5 11       		.uleb128 0x11
 1030 03a6 32000000 		.4byte	.LVL44
 1031 03aa 5A010000 		.4byte	0x15a
 1032 03ae 0C       		.uleb128 0xc
 1033 03af 38000000 		.4byte	.LVL45
 1034 03b3 B6040000 		.4byte	0x4b6
 1035 03b7 0B       		.uleb128 0xb
 1036 03b8 01       		.uleb128 0x1
 1037 03b9 50       		.byte	0x50
 1038 03ba 02       		.uleb128 0x2
 1039 03bb 74       		.byte	0x74
 1040 03bc 00       		.sleb128 0
 1041 03bd 00       		.byte	0
 1042 03be 00       		.byte	0
ARM GAS  C:\Users\hasel\AppData\Local\Temp\ccuaYUzP.s 			page 23


 1043 03bf 07       		.uleb128 0x7
 1044 03c0 A5000000 		.4byte	0xa5
 1045 03c4 CF030000 		.4byte	0x3cf
 1046 03c8 08       		.uleb128 0x8
 1047 03c9 B3000000 		.4byte	0xb3
 1048 03cd 04       		.byte	0x4
 1049 03ce 00       		.byte	0
 1050 03cf 12       		.uleb128 0x12
 1051 03d0 A1010000 		.4byte	.LASF39
 1052 03d4 01       		.byte	0x1
 1053 03d5 0D       		.byte	0xd
 1054 03d6 73000000 		.4byte	0x73
 1055 03da 00000000 		.4byte	.LFB64
 1056 03de 64000000 		.4byte	.LFE64-.LFB64
 1057 03e2 01       		.uleb128 0x1
 1058 03e3 9C       		.byte	0x9c
 1059 03e4 4C040000 		.4byte	0x44c
 1060 03e8 0D       		.uleb128 0xd
 1061 03e9 24000000 		.4byte	.LASF23
 1062 03ed 01       		.byte	0x1
 1063 03ee 0F       		.byte	0xf
 1064 03ef 81000000 		.4byte	0x81
 1065 03f3 CB000000 		.4byte	.LLST5
 1066 03f7 10       		.uleb128 0x10
 1067 03f8 14000000 		.4byte	.LBB7
 1068 03fc 50000000 		.4byte	.LBE7-.LBB7
 1069 0400 26040000 		.4byte	0x426
 1070 0404 0D       		.uleb128 0xd
 1071 0405 32000000 		.4byte	.LASF24
 1072 0409 01       		.byte	0x1
 1073 040a 17       		.byte	0x17
 1074 040b 81000000 		.4byte	0x81
 1075 040f 0D010000 		.4byte	.LLST6
 1076 0413 11       		.uleb128 0x11
 1077 0414 18000000 		.4byte	.LVL51
 1078 0418 D7040000 		.4byte	0x4d7
 1079 041c 11       		.uleb128 0x11
 1080 041d 52000000 		.4byte	.LVL55
 1081 0421 31030000 		.4byte	0x331
 1082 0425 00       		.byte	0
 1083 0426 11       		.uleb128 0x11
 1084 0427 06000000 		.4byte	.LVL47
 1085 042b E2040000 		.4byte	0x4e2
 1086 042f 11       		.uleb128 0x11
 1087 0430 0A000000 		.4byte	.LVL48
 1088 0434 ED040000 		.4byte	0x4ed
 1089 0438 0C       		.uleb128 0xc
 1090 0439 10000000 		.4byte	.LVL49
 1091 043d B6040000 		.4byte	0x4b6
 1092 0441 0B       		.uleb128 0xb
 1093 0442 01       		.uleb128 0x1
 1094 0443 50       		.byte	0x50
 1095 0444 05       		.uleb128 0x5
 1096 0445 03       		.byte	0x3
 1097 0446 78000000 		.4byte	.LC9
 1098 044a 00       		.byte	0
 1099 044b 00       		.byte	0
ARM GAS  C:\Users\hasel\AppData\Local\Temp\ccuaYUzP.s 			page 24


 1100 044c 13       		.uleb128 0x13
 1101 044d 3A010000 		.4byte	.LASF25
 1102 0451 04       		.byte	0x4
 1103 0452 2E       		.byte	0x2e
 1104 0453 C0000000 		.4byte	0xc0
 1105 0457 14       		.uleb128 0x14
 1106 0458 69010000 		.4byte	.LASF26
 1107 045c 05       		.byte	0x5
 1108 045d 1207     		.2byte	0x712
 1109 045f 63040000 		.4byte	0x463
 1110 0463 15       		.uleb128 0x15
 1111 0464 8C000000 		.4byte	0x8c
 1112 0468 07       		.uleb128 0x7
 1113 0469 A5000000 		.4byte	0xa5
 1114 046d 78040000 		.4byte	0x478
 1115 0471 08       		.uleb128 0x8
 1116 0472 B3000000 		.4byte	0xb3
 1117 0476 63       		.byte	0x63
 1118 0477 00       		.byte	0
 1119 0478 16       		.uleb128 0x16
 1120 0479 62756600 		.ascii	"buf\000"
 1121 047d 01       		.byte	0x1
 1122 047e 05       		.byte	0x5
 1123 047f 68040000 		.4byte	0x468
 1124 0483 05       		.uleb128 0x5
 1125 0484 03       		.byte	0x3
 1126 0485 00000000 		.4byte	buf
 1127 0489 17       		.uleb128 0x17
 1128 048a 5B020000 		.4byte	.LASF27
 1129 048e 01       		.byte	0x1
 1130 048f 06       		.byte	0x6
 1131 0490 BA000000 		.4byte	0xba
 1132 0494 05       		.uleb128 0x5
 1133 0495 03       		.byte	0x3
 1134 0496 00000000 		.4byte	buf_ptr
 1135 049a 17       		.uleb128 0x17
 1136 049b E4010000 		.4byte	.LASF28
 1137 049f 01       		.byte	0x1
 1138 04a0 07       		.byte	0x7
 1139 04a1 CB000000 		.4byte	0xcb
 1140 04a5 05       		.uleb128 0x5
 1141 04a6 03       		.byte	0x3
 1142 04a7 00000000 		.4byte	time
 1143 04ab 18       		.uleb128 0x18
 1144 04ac 53020000 		.4byte	.LASF29
 1145 04b0 53020000 		.4byte	.LASF29
 1146 04b4 06       		.byte	0x6
 1147 04b5 E7       		.byte	0xe7
 1148 04b6 18       		.uleb128 0x18
 1149 04b7 A6010000 		.4byte	.LASF30
 1150 04bb A6010000 		.4byte	.LASF30
 1151 04bf 07       		.byte	0x7
 1152 04c0 8B       		.byte	0x8b
 1153 04c1 18       		.uleb128 0x18
 1154 04c2 0A000000 		.4byte	.LASF31
 1155 04c6 0A000000 		.4byte	.LASF31
 1156 04ca 08       		.byte	0x8
ARM GAS  C:\Users\hasel\AppData\Local\Temp\ccuaYUzP.s 			page 25


 1157 04cb 1B       		.byte	0x1b
 1158 04cc 18       		.uleb128 0x18
 1159 04cd 9A010000 		.4byte	.LASF32
 1160 04d1 9A010000 		.4byte	.LASF32
 1161 04d5 08       		.byte	0x8
 1162 04d6 1C       		.byte	0x1c
 1163 04d7 18       		.uleb128 0x18
 1164 04d8 42020000 		.4byte	.LASF33
 1165 04dc 42020000 		.4byte	.LASF33
 1166 04e0 09       		.byte	0x9
 1167 04e1 71       		.byte	0x71
 1168 04e2 18       		.uleb128 0x18
 1169 04e3 8C010000 		.4byte	.LASF34
 1170 04e7 8C010000 		.4byte	.LASF34
 1171 04eb 07       		.byte	0x7
 1172 04ec 54       		.byte	0x54
 1173 04ed 18       		.uleb128 0x18
 1174 04ee 76010000 		.4byte	.LASF35
 1175 04f2 76010000 		.4byte	.LASF35
 1176 04f6 09       		.byte	0x9
 1177 04f7 54       		.byte	0x54
 1178 04f8 00       		.byte	0
 1179              		.section	.debug_abbrev,"",%progbits
 1180              	.Ldebug_abbrev0:
 1181 0000 01       		.uleb128 0x1
 1182 0001 11       		.uleb128 0x11
 1183 0002 01       		.byte	0x1
 1184 0003 25       		.uleb128 0x25
 1185 0004 0E       		.uleb128 0xe
 1186 0005 13       		.uleb128 0x13
 1187 0006 0B       		.uleb128 0xb
 1188 0007 03       		.uleb128 0x3
 1189 0008 0E       		.uleb128 0xe
 1190 0009 1B       		.uleb128 0x1b
 1191 000a 0E       		.uleb128 0xe
 1192 000b 55       		.uleb128 0x55
 1193 000c 17       		.uleb128 0x17
 1194 000d 11       		.uleb128 0x11
 1195 000e 01       		.uleb128 0x1
 1196 000f 10       		.uleb128 0x10
 1197 0010 17       		.uleb128 0x17
 1198 0011 00       		.byte	0
 1199 0012 00       		.byte	0
 1200 0013 02       		.uleb128 0x2
 1201 0014 24       		.uleb128 0x24
 1202 0015 00       		.byte	0
 1203 0016 0B       		.uleb128 0xb
 1204 0017 0B       		.uleb128 0xb
 1205 0018 3E       		.uleb128 0x3e
 1206 0019 0B       		.uleb128 0xb
 1207 001a 03       		.uleb128 0x3
 1208 001b 0E       		.uleb128 0xe
 1209 001c 00       		.byte	0
 1210 001d 00       		.byte	0
 1211 001e 03       		.uleb128 0x3
 1212 001f 16       		.uleb128 0x16
 1213 0020 00       		.byte	0
ARM GAS  C:\Users\hasel\AppData\Local\Temp\ccuaYUzP.s 			page 26


 1214 0021 03       		.uleb128 0x3
 1215 0022 0E       		.uleb128 0xe
 1216 0023 3A       		.uleb128 0x3a
 1217 0024 0B       		.uleb128 0xb
 1218 0025 3B       		.uleb128 0x3b
 1219 0026 0B       		.uleb128 0xb
 1220 0027 49       		.uleb128 0x49
 1221 0028 13       		.uleb128 0x13
 1222 0029 00       		.byte	0
 1223 002a 00       		.byte	0
 1224 002b 04       		.uleb128 0x4
 1225 002c 24       		.uleb128 0x24
 1226 002d 00       		.byte	0
 1227 002e 0B       		.uleb128 0xb
 1228 002f 0B       		.uleb128 0xb
 1229 0030 3E       		.uleb128 0x3e
 1230 0031 0B       		.uleb128 0xb
 1231 0032 03       		.uleb128 0x3
 1232 0033 08       		.uleb128 0x8
 1233 0034 00       		.byte	0
 1234 0035 00       		.byte	0
 1235 0036 05       		.uleb128 0x5
 1236 0037 0F       		.uleb128 0xf
 1237 0038 00       		.byte	0
 1238 0039 0B       		.uleb128 0xb
 1239 003a 0B       		.uleb128 0xb
 1240 003b 49       		.uleb128 0x49
 1241 003c 13       		.uleb128 0x13
 1242 003d 00       		.byte	0
 1243 003e 00       		.byte	0
 1244 003f 06       		.uleb128 0x6
 1245 0040 26       		.uleb128 0x26
 1246 0041 00       		.byte	0
 1247 0042 49       		.uleb128 0x49
 1248 0043 13       		.uleb128 0x13
 1249 0044 00       		.byte	0
 1250 0045 00       		.byte	0
 1251 0046 07       		.uleb128 0x7
 1252 0047 01       		.uleb128 0x1
 1253 0048 01       		.byte	0x1
 1254 0049 49       		.uleb128 0x49
 1255 004a 13       		.uleb128 0x13
 1256 004b 01       		.uleb128 0x1
 1257 004c 13       		.uleb128 0x13
 1258 004d 00       		.byte	0
 1259 004e 00       		.byte	0
 1260 004f 08       		.uleb128 0x8
 1261 0050 21       		.uleb128 0x21
 1262 0051 00       		.byte	0
 1263 0052 49       		.uleb128 0x49
 1264 0053 13       		.uleb128 0x13
 1265 0054 2F       		.uleb128 0x2f
 1266 0055 0B       		.uleb128 0xb
 1267 0056 00       		.byte	0
 1268 0057 00       		.byte	0
 1269 0058 09       		.uleb128 0x9
 1270 0059 2E       		.uleb128 0x2e
ARM GAS  C:\Users\hasel\AppData\Local\Temp\ccuaYUzP.s 			page 27


 1271 005a 01       		.byte	0x1
 1272 005b 3F       		.uleb128 0x3f
 1273 005c 19       		.uleb128 0x19
 1274 005d 03       		.uleb128 0x3
 1275 005e 0E       		.uleb128 0xe
 1276 005f 3A       		.uleb128 0x3a
 1277 0060 0B       		.uleb128 0xb
 1278 0061 3B       		.uleb128 0x3b
 1279 0062 0B       		.uleb128 0xb
 1280 0063 27       		.uleb128 0x27
 1281 0064 19       		.uleb128 0x19
 1282 0065 11       		.uleb128 0x11
 1283 0066 01       		.uleb128 0x1
 1284 0067 12       		.uleb128 0x12
 1285 0068 06       		.uleb128 0x6
 1286 0069 40       		.uleb128 0x40
 1287 006a 18       		.uleb128 0x18
 1288 006b 9742     		.uleb128 0x2117
 1289 006d 19       		.uleb128 0x19
 1290 006e 01       		.uleb128 0x1
 1291 006f 13       		.uleb128 0x13
 1292 0070 00       		.byte	0
 1293 0071 00       		.byte	0
 1294 0072 0A       		.uleb128 0xa
 1295 0073 898201   		.uleb128 0x4109
 1296 0076 01       		.byte	0x1
 1297 0077 11       		.uleb128 0x11
 1298 0078 01       		.uleb128 0x1
 1299 0079 31       		.uleb128 0x31
 1300 007a 13       		.uleb128 0x13
 1301 007b 01       		.uleb128 0x1
 1302 007c 13       		.uleb128 0x13
 1303 007d 00       		.byte	0
 1304 007e 00       		.byte	0
 1305 007f 0B       		.uleb128 0xb
 1306 0080 8A8201   		.uleb128 0x410a
 1307 0083 00       		.byte	0
 1308 0084 02       		.uleb128 0x2
 1309 0085 18       		.uleb128 0x18
 1310 0086 9142     		.uleb128 0x2111
 1311 0088 18       		.uleb128 0x18
 1312 0089 00       		.byte	0
 1313 008a 00       		.byte	0
 1314 008b 0C       		.uleb128 0xc
 1315 008c 898201   		.uleb128 0x4109
 1316 008f 01       		.byte	0x1
 1317 0090 11       		.uleb128 0x11
 1318 0091 01       		.uleb128 0x1
 1319 0092 31       		.uleb128 0x31
 1320 0093 13       		.uleb128 0x13
 1321 0094 00       		.byte	0
 1322 0095 00       		.byte	0
 1323 0096 0D       		.uleb128 0xd
 1324 0097 34       		.uleb128 0x34
 1325 0098 00       		.byte	0
 1326 0099 03       		.uleb128 0x3
 1327 009a 0E       		.uleb128 0xe
ARM GAS  C:\Users\hasel\AppData\Local\Temp\ccuaYUzP.s 			page 28


 1328 009b 3A       		.uleb128 0x3a
 1329 009c 0B       		.uleb128 0xb
 1330 009d 3B       		.uleb128 0x3b
 1331 009e 0B       		.uleb128 0xb
 1332 009f 49       		.uleb128 0x49
 1333 00a0 13       		.uleb128 0x13
 1334 00a1 02       		.uleb128 0x2
 1335 00a2 17       		.uleb128 0x17
 1336 00a3 00       		.byte	0
 1337 00a4 00       		.byte	0
 1338 00a5 0E       		.uleb128 0xe
 1339 00a6 34       		.uleb128 0x34
 1340 00a7 00       		.byte	0
 1341 00a8 03       		.uleb128 0x3
 1342 00a9 08       		.uleb128 0x8
 1343 00aa 3A       		.uleb128 0x3a
 1344 00ab 0B       		.uleb128 0xb
 1345 00ac 3B       		.uleb128 0x3b
 1346 00ad 0B       		.uleb128 0xb
 1347 00ae 49       		.uleb128 0x49
 1348 00af 13       		.uleb128 0x13
 1349 00b0 02       		.uleb128 0x2
 1350 00b1 18       		.uleb128 0x18
 1351 00b2 00       		.byte	0
 1352 00b3 00       		.byte	0
 1353 00b4 0F       		.uleb128 0xf
 1354 00b5 0B       		.uleb128 0xb
 1355 00b6 01       		.byte	0x1
 1356 00b7 55       		.uleb128 0x55
 1357 00b8 17       		.uleb128 0x17
 1358 00b9 01       		.uleb128 0x1
 1359 00ba 13       		.uleb128 0x13
 1360 00bb 00       		.byte	0
 1361 00bc 00       		.byte	0
 1362 00bd 10       		.uleb128 0x10
 1363 00be 0B       		.uleb128 0xb
 1364 00bf 01       		.byte	0x1
 1365 00c0 11       		.uleb128 0x11
 1366 00c1 01       		.uleb128 0x1
 1367 00c2 12       		.uleb128 0x12
 1368 00c3 06       		.uleb128 0x6
 1369 00c4 01       		.uleb128 0x1
 1370 00c5 13       		.uleb128 0x13
 1371 00c6 00       		.byte	0
 1372 00c7 00       		.byte	0
 1373 00c8 11       		.uleb128 0x11
 1374 00c9 898201   		.uleb128 0x4109
 1375 00cc 00       		.byte	0
 1376 00cd 11       		.uleb128 0x11
 1377 00ce 01       		.uleb128 0x1
 1378 00cf 31       		.uleb128 0x31
 1379 00d0 13       		.uleb128 0x13
 1380 00d1 00       		.byte	0
 1381 00d2 00       		.byte	0
 1382 00d3 12       		.uleb128 0x12
 1383 00d4 2E       		.uleb128 0x2e
 1384 00d5 01       		.byte	0x1
ARM GAS  C:\Users\hasel\AppData\Local\Temp\ccuaYUzP.s 			page 29


 1385 00d6 3F       		.uleb128 0x3f
 1386 00d7 19       		.uleb128 0x19
 1387 00d8 03       		.uleb128 0x3
 1388 00d9 0E       		.uleb128 0xe
 1389 00da 3A       		.uleb128 0x3a
 1390 00db 0B       		.uleb128 0xb
 1391 00dc 3B       		.uleb128 0x3b
 1392 00dd 0B       		.uleb128 0xb
 1393 00de 27       		.uleb128 0x27
 1394 00df 19       		.uleb128 0x19
 1395 00e0 49       		.uleb128 0x49
 1396 00e1 13       		.uleb128 0x13
 1397 00e2 8701     		.uleb128 0x87
 1398 00e4 19       		.uleb128 0x19
 1399 00e5 11       		.uleb128 0x11
 1400 00e6 01       		.uleb128 0x1
 1401 00e7 12       		.uleb128 0x12
 1402 00e8 06       		.uleb128 0x6
 1403 00e9 40       		.uleb128 0x40
 1404 00ea 18       		.uleb128 0x18
 1405 00eb 9742     		.uleb128 0x2117
 1406 00ed 19       		.uleb128 0x19
 1407 00ee 01       		.uleb128 0x1
 1408 00ef 13       		.uleb128 0x13
 1409 00f0 00       		.byte	0
 1410 00f1 00       		.byte	0
 1411 00f2 13       		.uleb128 0x13
 1412 00f3 34       		.uleb128 0x34
 1413 00f4 00       		.byte	0
 1414 00f5 03       		.uleb128 0x3
 1415 00f6 0E       		.uleb128 0xe
 1416 00f7 3A       		.uleb128 0x3a
 1417 00f8 0B       		.uleb128 0xb
 1418 00f9 3B       		.uleb128 0x3b
 1419 00fa 0B       		.uleb128 0xb
 1420 00fb 49       		.uleb128 0x49
 1421 00fc 13       		.uleb128 0x13
 1422 00fd 3F       		.uleb128 0x3f
 1423 00fe 19       		.uleb128 0x19
 1424 00ff 3C       		.uleb128 0x3c
 1425 0100 19       		.uleb128 0x19
 1426 0101 00       		.byte	0
 1427 0102 00       		.byte	0
 1428 0103 14       		.uleb128 0x14
 1429 0104 34       		.uleb128 0x34
 1430 0105 00       		.byte	0
 1431 0106 03       		.uleb128 0x3
 1432 0107 0E       		.uleb128 0xe
 1433 0108 3A       		.uleb128 0x3a
 1434 0109 0B       		.uleb128 0xb
 1435 010a 3B       		.uleb128 0x3b
 1436 010b 05       		.uleb128 0x5
 1437 010c 49       		.uleb128 0x49
 1438 010d 13       		.uleb128 0x13
 1439 010e 3F       		.uleb128 0x3f
 1440 010f 19       		.uleb128 0x19
 1441 0110 3C       		.uleb128 0x3c
ARM GAS  C:\Users\hasel\AppData\Local\Temp\ccuaYUzP.s 			page 30


 1442 0111 19       		.uleb128 0x19
 1443 0112 00       		.byte	0
 1444 0113 00       		.byte	0
 1445 0114 15       		.uleb128 0x15
 1446 0115 35       		.uleb128 0x35
 1447 0116 00       		.byte	0
 1448 0117 49       		.uleb128 0x49
 1449 0118 13       		.uleb128 0x13
 1450 0119 00       		.byte	0
 1451 011a 00       		.byte	0
 1452 011b 16       		.uleb128 0x16
 1453 011c 34       		.uleb128 0x34
 1454 011d 00       		.byte	0
 1455 011e 03       		.uleb128 0x3
 1456 011f 08       		.uleb128 0x8
 1457 0120 3A       		.uleb128 0x3a
 1458 0121 0B       		.uleb128 0xb
 1459 0122 3B       		.uleb128 0x3b
 1460 0123 0B       		.uleb128 0xb
 1461 0124 49       		.uleb128 0x49
 1462 0125 13       		.uleb128 0x13
 1463 0126 3F       		.uleb128 0x3f
 1464 0127 19       		.uleb128 0x19
 1465 0128 02       		.uleb128 0x2
 1466 0129 18       		.uleb128 0x18
 1467 012a 00       		.byte	0
 1468 012b 00       		.byte	0
 1469 012c 17       		.uleb128 0x17
 1470 012d 34       		.uleb128 0x34
 1471 012e 00       		.byte	0
 1472 012f 03       		.uleb128 0x3
 1473 0130 0E       		.uleb128 0xe
 1474 0131 3A       		.uleb128 0x3a
 1475 0132 0B       		.uleb128 0xb
 1476 0133 3B       		.uleb128 0x3b
 1477 0134 0B       		.uleb128 0xb
 1478 0135 49       		.uleb128 0x49
 1479 0136 13       		.uleb128 0x13
 1480 0137 3F       		.uleb128 0x3f
 1481 0138 19       		.uleb128 0x19
 1482 0139 02       		.uleb128 0x2
 1483 013a 18       		.uleb128 0x18
 1484 013b 00       		.byte	0
 1485 013c 00       		.byte	0
 1486 013d 18       		.uleb128 0x18
 1487 013e 2E       		.uleb128 0x2e
 1488 013f 00       		.byte	0
 1489 0140 3F       		.uleb128 0x3f
 1490 0141 19       		.uleb128 0x19
 1491 0142 3C       		.uleb128 0x3c
 1492 0143 19       		.uleb128 0x19
 1493 0144 6E       		.uleb128 0x6e
 1494 0145 0E       		.uleb128 0xe
 1495 0146 03       		.uleb128 0x3
 1496 0147 0E       		.uleb128 0xe
 1497 0148 3A       		.uleb128 0x3a
 1498 0149 0B       		.uleb128 0xb
ARM GAS  C:\Users\hasel\AppData\Local\Temp\ccuaYUzP.s 			page 31


 1499 014a 3B       		.uleb128 0x3b
 1500 014b 0B       		.uleb128 0xb
 1501 014c 00       		.byte	0
 1502 014d 00       		.byte	0
 1503 014e 00       		.byte	0
 1504              		.section	.debug_loc,"",%progbits
 1505              	.Ldebug_loc0:
 1506              	.LLST0:
 1507 0000 04000000 		.4byte	.LVL4
 1508 0004 08000000 		.4byte	.LVL5
 1509 0008 0600     		.2byte	0x6
 1510 000a 03       		.byte	0x3
 1511 000b 0C000000 		.4byte	buf+12
 1512 000f 9F       		.byte	0x9f
 1513 0010 08000000 		.4byte	.LVL5
 1514 0014 1E010000 		.4byte	.LVL39
 1515 0018 0100     		.2byte	0x1
 1516 001a 54       		.byte	0x54
 1517 001b 00000000 		.4byte	0
 1518 001f 00000000 		.4byte	0
 1519              	.LLST1:
 1520 0023 04000000 		.4byte	.LVL4
 1521 0027 0A000000 		.4byte	.LVL6
 1522 002b 0200     		.2byte	0x2
 1523 002d 30       		.byte	0x30
 1524 002e 9F       		.byte	0x9f
 1525 002f 0A000000 		.4byte	.LVL6
 1526 0033 12000000 		.4byte	.LVL7
 1527 0037 0100     		.2byte	0x1
 1528 0039 53       		.byte	0x53
 1529 003a 14000000 		.4byte	.LVL8
 1530 003e 1E000000 		.4byte	.LVL10
 1531 0042 0100     		.2byte	0x1
 1532 0044 53       		.byte	0x53
 1533 0045 00000000 		.4byte	0
 1534 0049 00000000 		.4byte	0
 1535              	.LLST2:
 1536 004d 54000000 		.4byte	.LVL14
 1537 0051 58000000 		.4byte	.LVL15
 1538 0055 0200     		.2byte	0x2
 1539 0057 30       		.byte	0x30
 1540 0058 9F       		.byte	0x9f
 1541 0059 58000000 		.4byte	.LVL15
 1542 005d 60000000 		.4byte	.LVL16
 1543 0061 0100     		.2byte	0x1
 1544 0063 53       		.byte	0x53
 1545 0064 62000000 		.4byte	.LVL17
 1546 0068 6A000000 		.4byte	.LVL19
 1547 006c 0100     		.2byte	0x1
 1548 006e 53       		.byte	0x53
 1549 006f 00000000 		.4byte	0
 1550 0073 00000000 		.4byte	0
 1551              	.LLST3:
 1552 0077 96000000 		.4byte	.LVL23
 1553 007b 9A000000 		.4byte	.LVL24
 1554 007f 0200     		.2byte	0x2
 1555 0081 30       		.byte	0x30
ARM GAS  C:\Users\hasel\AppData\Local\Temp\ccuaYUzP.s 			page 32


 1556 0082 9F       		.byte	0x9f
 1557 0083 9A000000 		.4byte	.LVL24
 1558 0087 A2000000 		.4byte	.LVL25
 1559 008b 0100     		.2byte	0x1
 1560 008d 53       		.byte	0x53
 1561 008e A4000000 		.4byte	.LVL26
 1562 0092 AC000000 		.4byte	.LVL28
 1563 0096 0100     		.2byte	0x1
 1564 0098 53       		.byte	0x53
 1565 0099 00000000 		.4byte	0
 1566 009d 00000000 		.4byte	0
 1567              	.LLST4:
 1568 00a1 CE000000 		.4byte	.LVL30
 1569 00a5 D2000000 		.4byte	.LVL31
 1570 00a9 0200     		.2byte	0x2
 1571 00ab 30       		.byte	0x30
 1572 00ac 9F       		.byte	0x9f
 1573 00ad D2000000 		.4byte	.LVL31
 1574 00b1 DA000000 		.4byte	.LVL32
 1575 00b5 0100     		.2byte	0x1
 1576 00b7 53       		.byte	0x53
 1577 00b8 DC000000 		.4byte	.LVL33
 1578 00bc E4000000 		.4byte	.LVL35
 1579 00c0 0100     		.2byte	0x1
 1580 00c2 53       		.byte	0x53
 1581 00c3 00000000 		.4byte	0
 1582 00c7 00000000 		.4byte	0
 1583              	.LLST5:
 1584 00cb 02000000 		.4byte	.LVL46
 1585 00cf 14000000 		.4byte	.LVL50
 1586 00d3 0200     		.2byte	0x2
 1587 00d5 30       		.byte	0x30
 1588 00d6 9F       		.byte	0x9f
 1589 00d7 14000000 		.4byte	.LVL50
 1590 00db 3A000000 		.4byte	.LVL52
 1591 00df 0100     		.2byte	0x1
 1592 00e1 54       		.byte	0x54
 1593 00e2 3A000000 		.4byte	.LVL52
 1594 00e6 3C000000 		.4byte	.LVL53
 1595 00ea 0200     		.2byte	0x2
 1596 00ec 31       		.byte	0x31
 1597 00ed 9F       		.byte	0x9f
 1598 00ee 3C000000 		.4byte	.LVL53
 1599 00f2 48000000 		.4byte	.LVL54
 1600 00f6 0100     		.2byte	0x1
 1601 00f8 54       		.byte	0x54
 1602 00f9 48000000 		.4byte	.LVL54
 1603 00fd 64000000 		.4byte	.LFE64
 1604 0101 0200     		.2byte	0x2
 1605 0103 30       		.byte	0x30
 1606 0104 9F       		.byte	0x9f
 1607 0105 00000000 		.4byte	0
 1608 0109 00000000 		.4byte	0
 1609              	.LLST6:
 1610 010d 18000000 		.4byte	.LVL51
 1611 0111 51000000 		.4byte	.LVL55-1
 1612 0115 0100     		.2byte	0x1
ARM GAS  C:\Users\hasel\AppData\Local\Temp\ccuaYUzP.s 			page 33


 1613 0117 50       		.byte	0x50
 1614 0118 00000000 		.4byte	0
 1615 011c 00000000 		.4byte	0
 1616              		.section	.debug_aranges,"",%progbits
 1617 0000 34000000 		.4byte	0x34
 1618 0004 0200     		.2byte	0x2
 1619 0006 00000000 		.4byte	.Ldebug_info0
 1620 000a 04       		.byte	0x4
 1621 000b 00       		.byte	0
 1622 000c 0000     		.2byte	0
 1623 000e 0000     		.2byte	0
 1624 0010 00000000 		.4byte	.LFB66
 1625 0014 50000000 		.4byte	.LFE66-.LFB66
 1626 0018 00000000 		.4byte	.LFB67
 1627 001c 3C010000 		.4byte	.LFE67-.LFB67
 1628 0020 00000000 		.4byte	.LFB65
 1629 0024 48000000 		.4byte	.LFE65-.LFB65
 1630 0028 00000000 		.4byte	.LFB64
 1631 002c 64000000 		.4byte	.LFE64-.LFB64
 1632 0030 00000000 		.4byte	0
 1633 0034 00000000 		.4byte	0
 1634              		.section	.debug_ranges,"",%progbits
 1635              	.Ldebug_ranges0:
 1636 0000 04000000 		.4byte	.LBB2
 1637 0004 06000000 		.4byte	.LBE2
 1638 0008 08000000 		.4byte	.LBB3
 1639 000c 1A000000 		.4byte	.LBE3
 1640 0010 00000000 		.4byte	0
 1641 0014 00000000 		.4byte	0
 1642 0018 00000000 		.4byte	.LFB66
 1643 001c 50000000 		.4byte	.LFE66
 1644 0020 00000000 		.4byte	.LFB67
 1645 0024 3C010000 		.4byte	.LFE67
 1646 0028 00000000 		.4byte	.LFB65
 1647 002c 48000000 		.4byte	.LFE65
 1648 0030 00000000 		.4byte	.LFB64
 1649 0034 64000000 		.4byte	.LFE64
 1650 0038 00000000 		.4byte	0
 1651 003c 00000000 		.4byte	0
 1652              		.section	.debug_line,"",%progbits
 1653              	.Ldebug_line0:
 1654 0000 A9020000 		.section	.debug_str,"MS",%progbits,1
 1654      0200E401 
 1654      00000201 
 1654      FB0E0D00 
 1654      01010101 
 1655              	.LASF4:
 1656 0000 5F5F7569 		.ascii	"__uint8_t\000"
 1656      6E74385F 
 1656      7400
 1657              	.LASF31:
 1658 000a 73747263 		.ascii	"strchr\000"
 1658      687200
 1659              	.LASF5:
 1660 0011 5F5F696E 		.ascii	"__int32_t\000"
 1660      7433325F 
 1660      7400
ARM GAS  C:\Users\hasel\AppData\Local\Temp\ccuaYUzP.s 			page 34


 1661              	.LASF18:
 1662 001b 6765745F 		.ascii	"get_time\000"
 1662      74696D65 
 1662      00
 1663              	.LASF23:
 1664 0024 73657175 		.ascii	"sequence_cplt\000"
 1664      656E6365 
 1664      5F63706C 
 1664      7400
 1665              	.LASF24:
 1666 0032 6770735F 		.ascii	"gps_data\000"
 1666      64617461 
 1666      00
 1667              	.LASF38:
 1668 003b 443A5C53 		.ascii	"D:\\Source\\Repos\\DIC\\UART_GPS\\UART_GPS\\UART_GP"
 1668      6F757263 
 1668      655C5265 
 1668      706F735C 
 1668      4449435C 
 1669 0068 532E6379 		.ascii	"S.cydsn\000"
 1669      64736E00 
 1670              	.LASF21:
 1671 0070 636F6D6D 		.ascii	"comma_cnt\000"
 1671      615F636E 
 1671      7400
 1672              	.LASF13:
 1673 007a 666C6F61 		.ascii	"float\000"
 1673      7400
 1674              	.LASF0:
 1675 0080 7369676E 		.ascii	"signed char\000"
 1675      65642063 
 1675      68617200 
 1676              	.LASF1:
 1677 008c 756E7369 		.ascii	"unsigned char\000"
 1677      676E6564 
 1677      20636861 
 1677      7200
 1678              	.LASF36:
 1679 009a 474E5520 		.ascii	"GNU C11 5.4.1 20160609 (release) [ARM/embedded-5-br"
 1679      43313120 
 1679      352E342E 
 1679      31203230 
 1679      31363036 
 1680 00cd 616E6368 		.ascii	"anch revision 237715] -mcpu=cortex-m3 -mthumb -g -O"
 1680      20726576 
 1680      6973696F 
 1680      6E203233 
 1680      37373135 
 1681 0100 67202D66 		.ascii	"g -ffunction-sections -ffat-lto-objects\000"
 1681      66756E63 
 1681      74696F6E 
 1681      2D736563 
 1681      74696F6E 
 1682              	.LASF7:
 1683 0128 6C6F6E67 		.ascii	"long unsigned int\000"
 1683      20756E73 
 1683      69676E65 
ARM GAS  C:\Users\hasel\AppData\Local\Temp\ccuaYUzP.s 			page 35


 1683      6420696E 
 1683      7400
 1684              	.LASF25:
 1685 013a 5F5F6374 		.ascii	"__ctype_ptr__\000"
 1685      7970655F 
 1685      7074725F 
 1685      5F00
 1686              	.LASF3:
 1687 0148 73686F72 		.ascii	"short unsigned int\000"
 1687      7420756E 
 1687      7369676E 
 1687      65642069 
 1687      6E7400
 1688              	.LASF22:
 1689 015b 73696D70 		.ascii	"simple_decode\000"
 1689      6C655F64 
 1689      65636F64 
 1689      6500
 1690              	.LASF26:
 1691 0169 49544D5F 		.ascii	"ITM_RxBuffer\000"
 1691      52784275 
 1691      66666572 
 1691      00
 1692              	.LASF35:
 1693 0176 55415254 		.ascii	"UART_gps_Start\000"
 1693      5F677073 
 1693      5F537461 
 1693      727400
 1694              	.LASF14:
 1695 0185 646F7562 		.ascii	"double\000"
 1695      6C6500
 1696              	.LASF34:
 1697 018c 55415254 		.ascii	"UART_pc_Start\000"
 1697      5F70635F 
 1697      53746172 
 1697      7400
 1698              	.LASF32:
 1699 019a 73747263 		.ascii	"strcmp\000"
 1699      6D7000
 1700              	.LASF39:
 1701 01a1 6D61696E 		.ascii	"main\000"
 1701      00
 1702              	.LASF30:
 1703 01a6 55415254 		.ascii	"UART_pc_PutString\000"
 1703      5F70635F 
 1703      50757453 
 1703      7472696E 
 1703      6700
 1704              	.LASF10:
 1705 01b8 756E7369 		.ascii	"unsigned int\000"
 1705      676E6564 
 1705      20696E74 
 1705      00
 1706              	.LASF9:
 1707 01c5 6C6F6E67 		.ascii	"long long unsigned int\000"
 1707      206C6F6E 
 1707      6720756E 
ARM GAS  C:\Users\hasel\AppData\Local\Temp\ccuaYUzP.s 			page 36


 1707      7369676E 
 1707      65642069 
 1708              	.LASF11:
 1709 01dc 75696E74 		.ascii	"uint8_t\000"
 1709      385F7400 
 1710              	.LASF28:
 1711 01e4 74696D65 		.ascii	"time\000"
 1711      00
 1712              	.LASF19:
 1713 01e9 6765745F 		.ascii	"get_data\000"
 1713      64617461 
 1713      00
 1714              	.LASF12:
 1715 01f2 696E7433 		.ascii	"int32_t\000"
 1715      325F7400 
 1716              	.LASF17:
 1717 01fa 73697A65 		.ascii	"sizetype\000"
 1717      74797065 
 1717      00
 1718              	.LASF8:
 1719 0203 6C6F6E67 		.ascii	"long long int\000"
 1719      206C6F6E 
 1719      6720696E 
 1719      7400
 1720              	.LASF37:
 1721 0211 6D61696E 		.ascii	"main.c\000"
 1721      2E6300
 1722              	.LASF15:
 1723 0218 63686172 		.ascii	"char\000"
 1723      00
 1724              	.LASF20:
 1725 021d 696E6465 		.ascii	"index\000"
 1725      7800
 1726              	.LASF2:
 1727 0223 73686F72 		.ascii	"short int\000"
 1727      7420696E 
 1727      7400
 1728              	.LASF6:
 1729 022d 6C6F6E67 		.ascii	"long int\000"
 1729      20696E74 
 1729      00
 1730              	.LASF16:
 1731 0236 6C6F6E67 		.ascii	"long double\000"
 1731      20646F75 
 1731      626C6500 
 1732              	.LASF33:
 1733 0242 55415254 		.ascii	"UART_gps_GetChar\000"
 1733      5F677073 
 1733      5F476574 
 1733      43686172 
 1733      00
 1734              	.LASF29:
 1735 0253 73707269 		.ascii	"sprintf\000"
 1735      6E746600 
 1736              	.LASF27:
 1737 025b 6275665F 		.ascii	"buf_ptr\000"
 1737      70747200 
ARM GAS  C:\Users\hasel\AppData\Local\Temp\ccuaYUzP.s 			page 37


 1738              		.ident	"GCC: (GNU Tools for ARM Embedded Processors) 5.4.1 20160609 (release) [ARM/embedded-5-bran
