ARM GAS  C:\Users\Michi\AppData\Local\Temp\cc4qHAFs.s 			page 1


   1              		.syntax unified
   2              		.cpu cortex-m3
   3              		.fpu softvfp
   4              		.eabi_attribute 20, 1
   5              		.eabi_attribute 21, 1
   6              		.eabi_attribute 23, 3
   7              		.eabi_attribute 24, 1
   8              		.eabi_attribute 25, 1
   9              		.eabi_attribute 26, 1
  10              		.eabi_attribute 30, 1
  11              		.eabi_attribute 34, 1
  12              		.eabi_attribute 18, 4
  13              		.thumb
  14              		.syntax unified
  15              		.file	"dot_matrix.c"
  16              		.text
  17              	.Ltext0:
  18              		.cfi_sections	.debug_frame
  19              		.section	.text.columns_set_state,"ax",%progbits
  20              		.align	2
  21              		.thumb
  22              		.thumb_func
  23              		.type	columns_set_state, %function
  24              	columns_set_state:
  25              	.LFB0:
  26              		.file 1 "dot_matrix.c"
   1:dot_matrix.c  **** // dot_matrix.c, Michael Haselberger
   2:dot_matrix.c  **** // Description: Implements functions for creating patterns on 8x8 dot matrix shield.
   3:dot_matrix.c  **** 
   4:dot_matrix.c  **** /*
   5:dot_matrix.c  ****     Default delay is implemented with the blocking CyDelay function. 
   6:dot_matrix.c  ****     For a timer/interrupt implementation, uncomment this line:
   7:dot_matrix.c  **** */
   8:dot_matrix.c  **** //#define DELAY_TIMER_INTERRUPT
   9:dot_matrix.c  **** 
  10:dot_matrix.c  **** #if !defined(DELAY_TIMER_INTERRUPT)
  11:dot_matrix.c  **** #include <CyLib.h>
  12:dot_matrix.c  **** #endif
  13:dot_matrix.c  **** 
  14:dot_matrix.c  **** #include "dot_matrix.h"
  15:dot_matrix.c  **** 
  16:dot_matrix.c  **** // Delay time constant. Needs to be defined in main.c
  17:dot_matrix.c  **** extern const uint16_t DELAY;
  18:dot_matrix.c  **** 
  19:dot_matrix.c  **** // "import" pin_write functions
  20:dot_matrix.c  **** extern void COL(1)(level lvl);
  21:dot_matrix.c  **** extern void COL(2)(level lvl);
  22:dot_matrix.c  **** extern void COL(3)(level lvl);
  23:dot_matrix.c  **** extern void COL(4)(level lvl);
  24:dot_matrix.c  **** extern void COL(5)(level lvl);
  25:dot_matrix.c  **** extern void COL(6)(level lvl);
  26:dot_matrix.c  **** extern void COL(7)(level lvl);
  27:dot_matrix.c  **** extern void COL(8)(level lvl);
  28:dot_matrix.c  ****                           
  29:dot_matrix.c  **** extern void ROW(1)(level lvl);
  30:dot_matrix.c  **** extern void ROW(2)(level lvl);
  31:dot_matrix.c  **** extern void ROW(3)(level lvl);
ARM GAS  C:\Users\Michi\AppData\Local\Temp\cc4qHAFs.s 			page 2


  32:dot_matrix.c  **** extern void ROW(4)(level lvl);
  33:dot_matrix.c  **** extern void ROW(5)(level lvl);
  34:dot_matrix.c  **** extern void ROW(6)(level lvl);
  35:dot_matrix.c  **** extern void ROW(7)(level lvl);
  36:dot_matrix.c  **** extern void ROW(8)(level lvl);
  37:dot_matrix.c  **** 
  38:dot_matrix.c  **** // initialize matrix struct
  39:dot_matrix.c  **** static const dot_matrix matrix =  
  40:dot_matrix.c  **** {
  41:dot_matrix.c  ****     {
  42:dot_matrix.c  ****         COL(1),
  43:dot_matrix.c  ****         COL(2),
  44:dot_matrix.c  ****         COL(3),
  45:dot_matrix.c  ****         COL(4),
  46:dot_matrix.c  ****         COL(5),
  47:dot_matrix.c  ****         COL(6),
  48:dot_matrix.c  ****         COL(7),
  49:dot_matrix.c  ****         COL(8),
  50:dot_matrix.c  ****     },
  51:dot_matrix.c  ****     {
  52:dot_matrix.c  ****         ROW(1),
  53:dot_matrix.c  ****         ROW(2),
  54:dot_matrix.c  ****         ROW(3),
  55:dot_matrix.c  ****         ROW(4),
  56:dot_matrix.c  ****         ROW(5),
  57:dot_matrix.c  ****         ROW(6),
  58:dot_matrix.c  ****         ROW(7),
  59:dot_matrix.c  ****         ROW(8) 
  60:dot_matrix.c  ****     }
  61:dot_matrix.c  **** };
  62:dot_matrix.c  **** 
  63:dot_matrix.c  **** static const uint8_t shape_squares[64] = 
  64:dot_matrix.c  **** {
  65:dot_matrix.c  ****     0, 0, 0, 0, 0, 0, 0, 0,
  66:dot_matrix.c  ****     0, 1, 1, 1, 1, 1, 1, 0,
  67:dot_matrix.c  ****     0, 1, 0, 0, 0, 0, 1, 0,
  68:dot_matrix.c  ****     0, 1, 0, 1, 1, 0, 1, 0,
  69:dot_matrix.c  ****     0, 1, 0, 1, 1, 0, 1, 0,
  70:dot_matrix.c  ****     0, 1, 0, 0, 0, 0, 1, 0,
  71:dot_matrix.c  ****     0, 1, 1, 1, 1, 1, 1, 0,
  72:dot_matrix.c  ****     0, 0, 0, 0, 0, 0, 0, 0,
  73:dot_matrix.c  **** };
  74:dot_matrix.c  **** 
  75:dot_matrix.c  **** static void columns_set_state(level lvl)
  76:dot_matrix.c  **** {
  27              		.loc 1 76 0
  28              		.cfi_startproc
  29              		@ args = 0, pretend = 0, frame = 0
  30              		@ frame_needed = 0, uses_anonymous_args = 0
  31              	.LVL0:
  32 0000 38B5     		push	{r3, r4, r5, lr}
  33              		.cfi_def_cfa_offset 16
  34              		.cfi_offset 3, -16
  35              		.cfi_offset 4, -12
  36              		.cfi_offset 5, -8
  37              		.cfi_offset 14, -4
  38 0002 0546     		mov	r5, r0
ARM GAS  C:\Users\Michi\AppData\Local\Temp\cc4qHAFs.s 			page 3


  39              	.LVL1:
  40              	.LBB2:
  77:dot_matrix.c  ****     // Logic is inverted for column pins    
  78:dot_matrix.c  ****     for (uint8_t i = 0; i < 8; ++i)
  41              		.loc 1 78 0
  42 0004 0024     		movs	r4, #0
  43 0006 07E0     		b	.L2
  44              	.LVL2:
  45              	.L3:
  79:dot_matrix.c  ****     {
  80:dot_matrix.c  ****         matrix.col[i](~lvl);
  46              		.loc 1 80 0 discriminator 3
  47 0008 054B     		ldr	r3, .L5
  48 000a 53F82430 		ldr	r3, [r3, r4, lsl #2]
  49 000e E843     		mvns	r0, r5
  50 0010 C0B2     		uxtb	r0, r0
  51 0012 9847     		blx	r3
  52              	.LVL3:
  78:dot_matrix.c  ****     {
  53              		.loc 1 78 0 discriminator 3
  54 0014 0134     		adds	r4, r4, #1
  55              	.LVL4:
  56 0016 E4B2     		uxtb	r4, r4
  57              	.LVL5:
  58              	.L2:
  78:dot_matrix.c  ****     {
  59              		.loc 1 78 0 is_stmt 0 discriminator 1
  60 0018 072C     		cmp	r4, #7
  61 001a F5D9     		bls	.L3
  62              	.LBE2:
  81:dot_matrix.c  ****     }
  82:dot_matrix.c  **** }
  63              		.loc 1 82 0 is_stmt 1
  64 001c 38BD     		pop	{r3, r4, r5, pc}
  65              	.LVL6:
  66              	.L6:
  67 001e 00BF     		.align	2
  68              	.L5:
  69 0020 00000000 		.word	.LANCHOR0
  70              		.cfi_endproc
  71              	.LFE0:
  72              		.size	columns_set_state, .-columns_set_state
  73              		.section	.text.rows_set_state,"ax",%progbits
  74              		.align	2
  75              		.thumb
  76              		.thumb_func
  77              		.type	rows_set_state, %function
  78              	rows_set_state:
  79              	.LFB1:
  83:dot_matrix.c  **** 
  84:dot_matrix.c  **** static void rows_set_state(level lvl)
  85:dot_matrix.c  **** {
  80              		.loc 1 85 0
  81              		.cfi_startproc
  82              		@ args = 0, pretend = 0, frame = 0
  83              		@ frame_needed = 0, uses_anonymous_args = 0
  84              	.LVL7:
ARM GAS  C:\Users\Michi\AppData\Local\Temp\cc4qHAFs.s 			page 4


  85 0000 38B5     		push	{r3, r4, r5, lr}
  86              		.cfi_def_cfa_offset 16
  87              		.cfi_offset 3, -16
  88              		.cfi_offset 4, -12
  89              		.cfi_offset 5, -8
  90              		.cfi_offset 14, -4
  91 0002 0546     		mov	r5, r0
  92              	.LVL8:
  93              	.LBB3:
  86:dot_matrix.c  ****     for (uint8_t i = 0; i < 8; ++i)
  94              		.loc 1 86 0
  95 0004 0024     		movs	r4, #0
  96 0006 08E0     		b	.L8
  97              	.LVL9:
  98              	.L9:
  87:dot_matrix.c  ****     {
  88:dot_matrix.c  ****         matrix.row[i](lvl);
  99              		.loc 1 88 0 discriminator 3
 100 0008 04F10802 		add	r2, r4, #8
 101 000c 044B     		ldr	r3, .L11
 102 000e 53F82230 		ldr	r3, [r3, r2, lsl #2]
 103 0012 2846     		mov	r0, r5
 104 0014 9847     		blx	r3
 105              	.LVL10:
  86:dot_matrix.c  ****     for (uint8_t i = 0; i < 8; ++i)
 106              		.loc 1 86 0 discriminator 3
 107 0016 0134     		adds	r4, r4, #1
 108              	.LVL11:
 109 0018 E4B2     		uxtb	r4, r4
 110              	.LVL12:
 111              	.L8:
  86:dot_matrix.c  ****     for (uint8_t i = 0; i < 8; ++i)
 112              		.loc 1 86 0 is_stmt 0 discriminator 1
 113 001a 072C     		cmp	r4, #7
 114 001c F4D9     		bls	.L9
 115              	.LBE3:
  89:dot_matrix.c  ****     }
  90:dot_matrix.c  **** }
 116              		.loc 1 90 0 is_stmt 1
 117 001e 38BD     		pop	{r3, r4, r5, pc}
 118              	.LVL13:
 119              	.L12:
 120              		.align	2
 121              	.L11:
 122 0020 00000000 		.word	.LANCHOR0
 123              		.cfi_endproc
 124              	.LFE1:
 125              		.size	rows_set_state, .-rows_set_state
 126              		.section	.text.get_arr_coordinates,"ax",%progbits
 127              		.align	2
 128              		.thumb
 129              		.thumb_func
 130              		.type	get_arr_coordinates, %function
 131              	get_arr_coordinates:
 132              	.LFB2:
  91:dot_matrix.c  **** 
  92:dot_matrix.c  **** static void get_arr_coordinates(uint8_t index, uint8_t *x, uint8_t *y)
ARM GAS  C:\Users\Michi\AppData\Local\Temp\cc4qHAFs.s 			page 5


  93:dot_matrix.c  **** {
 133              		.loc 1 93 0
 134              		.cfi_startproc
 135              		@ args = 0, pretend = 0, frame = 0
 136              		@ frame_needed = 0, uses_anonymous_args = 0
 137              		@ link register save eliminated.
 138              	.LVL14:
  94:dot_matrix.c  ****     // index = (row * width) + column
  95:dot_matrix.c  ****     // row = index / width => (n/8 == n>>3)
  96:dot_matrix.c  ****     // col = index % width => (n%8 == n&7)        
  97:dot_matrix.c  ****     
  98:dot_matrix.c  ****     *x = index & 7;    
 139              		.loc 1 98 0
 140 0000 00F00703 		and	r3, r0, #7
 141 0004 0B70     		strb	r3, [r1]
  99:dot_matrix.c  ****     *y = index >> 3;
 142              		.loc 1 99 0
 143 0006 C008     		lsrs	r0, r0, #3
 144              	.LVL15:
 145 0008 1070     		strb	r0, [r2]
 146 000a 7047     		bx	lr
 147              		.cfi_endproc
 148              	.LFE2:
 149              		.size	get_arr_coordinates, .-get_arr_coordinates
 150              		.section	.text.reset_matrix,"ax",%progbits
 151              		.align	2
 152              		.global	reset_matrix
 153              		.thumb
 154              		.thumb_func
 155              		.type	reset_matrix, %function
 156              	reset_matrix:
 157              	.LFB3:
 100:dot_matrix.c  **** }
 101:dot_matrix.c  **** 
 102:dot_matrix.c  **** void reset_matrix(void)
 103:dot_matrix.c  **** {
 158              		.loc 1 103 0
 159              		.cfi_startproc
 160              		@ args = 0, pretend = 0, frame = 0
 161              		@ frame_needed = 0, uses_anonymous_args = 0
 162 0000 08B5     		push	{r3, lr}
 163              		.cfi_def_cfa_offset 8
 164              		.cfi_offset 3, -8
 165              		.cfi_offset 14, -4
 104:dot_matrix.c  ****     columns_set_state(LOW);
 166              		.loc 1 104 0
 167 0002 0020     		movs	r0, #0
 168 0004 FFF7FEFF 		bl	columns_set_state
 169              	.LVL16:
 105:dot_matrix.c  ****     rows_set_state(LOW);
 170              		.loc 1 105 0
 171 0008 0020     		movs	r0, #0
 172 000a FFF7FEFF 		bl	rows_set_state
 173              	.LVL17:
 174 000e 08BD     		pop	{r3, pc}
 175              		.cfi_endproc
 176              	.LFE3:
ARM GAS  C:\Users\Michi\AppData\Local\Temp\cc4qHAFs.s 			page 6


 177              		.size	reset_matrix, .-reset_matrix
 178              		.section	.text.sweep_horizontal,"ax",%progbits
 179              		.align	2
 180              		.global	sweep_horizontal
 181              		.thumb
 182              		.thumb_func
 183              		.type	sweep_horizontal, %function
 184              	sweep_horizontal:
 185              	.LFB4:
 106:dot_matrix.c  **** }
 107:dot_matrix.c  **** 
 108:dot_matrix.c  **** void sweep_horizontal(void)
 109:dot_matrix.c  **** {     
 186              		.loc 1 109 0
 187              		.cfi_startproc
 188              		@ args = 0, pretend = 0, frame = 0
 189              		@ frame_needed = 0, uses_anonymous_args = 0
 190 0000 10B5     		push	{r4, lr}
 191              		.cfi_def_cfa_offset 8
 192              		.cfi_offset 4, -8
 193              		.cfi_offset 14, -4
 110:dot_matrix.c  ****     reset_matrix();
 194              		.loc 1 110 0
 195 0002 FFF7FEFF 		bl	reset_matrix
 196              	.LVL18:
 111:dot_matrix.c  ****     // row pins high        
 112:dot_matrix.c  ****     rows_set_state(HIGH);
 197              		.loc 1 112 0
 198 0006 0120     		movs	r0, #1
 199 0008 FFF7FEFF 		bl	rows_set_state
 200              	.LVL19:
 201              	.LBB4:
 113:dot_matrix.c  ****     
 114:dot_matrix.c  ****     for (uint8_t i = 0; i < 8; ++i)
 202              		.loc 1 114 0
 203 000c 0024     		movs	r4, #0
 204 000e 0DE0     		b	.L17
 205              	.LVL20:
 206              	.L18:
 115:dot_matrix.c  ****     {
 116:dot_matrix.c  ****         // all cols HIGH ( all pins are high = all LEDS off)
 117:dot_matrix.c  ****         columns_set_state(HIGH);
 207              		.loc 1 117 0 discriminator 3
 208 0010 0120     		movs	r0, #1
 209 0012 FFF7FEFF 		bl	columns_set_state
 210              	.LVL21:
 118:dot_matrix.c  **** 
 119:dot_matrix.c  ****         matrix.col[i](HIGH);
 211              		.loc 1 119 0 discriminator 3
 212 0016 074B     		ldr	r3, .L20
 213 0018 53F82430 		ldr	r3, [r3, r4, lsl #2]
 214 001c 0120     		movs	r0, #1
 215 001e 9847     		blx	r3
 216              	.LVL22:
 120:dot_matrix.c  ****         
 121:dot_matrix.c  ****         #if !defined(DELAY_INTERRUPT_TIMER)
 122:dot_matrix.c  ****         // wait
ARM GAS  C:\Users\Michi\AppData\Local\Temp\cc4qHAFs.s 			page 7


 123:dot_matrix.c  ****         CyDelay(DELAY);
 217              		.loc 1 123 0 discriminator 3
 218 0020 054B     		ldr	r3, .L20+4
 219 0022 1888     		ldrh	r0, [r3]
 220 0024 FFF7FEFF 		bl	CyDelay
 221              	.LVL23:
 114:dot_matrix.c  ****     {
 222              		.loc 1 114 0 discriminator 3
 223 0028 0134     		adds	r4, r4, #1
 224              	.LVL24:
 225 002a E4B2     		uxtb	r4, r4
 226              	.LVL25:
 227              	.L17:
 114:dot_matrix.c  ****     {
 228              		.loc 1 114 0 is_stmt 0 discriminator 1
 229 002c 072C     		cmp	r4, #7
 230 002e EFD9     		bls	.L18
 231              	.LBE4:
 124:dot_matrix.c  ****         #endif
 125:dot_matrix.c  ****     }
 126:dot_matrix.c  **** }
 232              		.loc 1 126 0 is_stmt 1
 233 0030 10BD     		pop	{r4, pc}
 234              	.LVL26:
 235              	.L21:
 236 0032 00BF     		.align	2
 237              	.L20:
 238 0034 00000000 		.word	.LANCHOR0
 239 0038 00000000 		.word	DELAY
 240              		.cfi_endproc
 241              	.LFE4:
 242              		.size	sweep_horizontal, .-sweep_horizontal
 243              		.section	.text.sweep_vertical,"ax",%progbits
 244              		.align	2
 245              		.global	sweep_vertical
 246              		.thumb
 247              		.thumb_func
 248              		.type	sweep_vertical, %function
 249              	sweep_vertical:
 250              	.LFB5:
 127:dot_matrix.c  **** 
 128:dot_matrix.c  **** void sweep_vertical(void)
 129:dot_matrix.c  **** {
 251              		.loc 1 129 0
 252              		.cfi_startproc
 253              		@ args = 0, pretend = 0, frame = 0
 254              		@ frame_needed = 0, uses_anonymous_args = 0
 255 0000 10B5     		push	{r4, lr}
 256              		.cfi_def_cfa_offset 8
 257              		.cfi_offset 4, -8
 258              		.cfi_offset 14, -4
 130:dot_matrix.c  ****     // column pins low        
 131:dot_matrix.c  ****     columns_set_state(LOW);
 259              		.loc 1 131 0
 260 0002 0020     		movs	r0, #0
 261 0004 FFF7FEFF 		bl	columns_set_state
 262              	.LVL27:
ARM GAS  C:\Users\Michi\AppData\Local\Temp\cc4qHAFs.s 			page 8


 263              	.LBB5:
 132:dot_matrix.c  ****     
 133:dot_matrix.c  ****     for (uint8_t i = 0; i < 8; ++i)
 264              		.loc 1 133 0
 265 0008 0024     		movs	r4, #0
 266 000a 0BE0     		b	.L23
 267              	.LVL28:
 268              	.L24:
 134:dot_matrix.c  ****     {
 135:dot_matrix.c  ****         // all rows low ( all pins are low = all LEDS off)
 136:dot_matrix.c  ****         rows_set_state(LOW);
 269              		.loc 1 136 0 discriminator 3
 270 000c 0020     		movs	r0, #0
 271 000e FFF7FEFF 		bl	rows_set_state
 272              	.LVL29:
 137:dot_matrix.c  ****         matrix.row[i](HIGH);
 273              		.loc 1 137 0 discriminator 3
 274 0012 04F10802 		add	r2, r4, #8
 275 0016 054B     		ldr	r3, .L26
 276 0018 53F82230 		ldr	r3, [r3, r2, lsl #2]
 277 001c 0120     		movs	r0, #1
 278 001e 9847     		blx	r3
 279              	.LVL30:
 133:dot_matrix.c  ****     {
 280              		.loc 1 133 0 discriminator 3
 281 0020 0134     		adds	r4, r4, #1
 282              	.LVL31:
 283 0022 E4B2     		uxtb	r4, r4
 284              	.LVL32:
 285              	.L23:
 133:dot_matrix.c  ****     {
 286              		.loc 1 133 0 is_stmt 0 discriminator 1
 287 0024 072C     		cmp	r4, #7
 288 0026 F1D9     		bls	.L24
 289              	.LBE5:
 138:dot_matrix.c  ****         
 139:dot_matrix.c  ****         #if defined(DELAY_BLOCKING)
 140:dot_matrix.c  ****         // wait
 141:dot_matrix.c  ****         CyDelay(delay_ms);
 142:dot_matrix.c  ****         #endif
 143:dot_matrix.c  ****     }
 144:dot_matrix.c  **** }
 290              		.loc 1 144 0 is_stmt 1
 291 0028 10BD     		pop	{r4, pc}
 292              	.LVL33:
 293              	.L27:
 294 002a 00BF     		.align	2
 295              	.L26:
 296 002c 00000000 		.word	.LANCHOR0
 297              		.cfi_endproc
 298              	.LFE5:
 299              		.size	sweep_vertical, .-sweep_vertical
 300              		.section	.text.draw_squares,"ax",%progbits
 301              		.align	2
 302              		.global	draw_squares
 303              		.thumb
 304              		.thumb_func
ARM GAS  C:\Users\Michi\AppData\Local\Temp\cc4qHAFs.s 			page 9


 305              		.type	draw_squares, %function
 306              	draw_squares:
 307              	.LFB6:
 145:dot_matrix.c  **** 
 146:dot_matrix.c  **** void draw_squares(void)
 147:dot_matrix.c  **** {
 308              		.loc 1 147 0
 309              		.cfi_startproc
 310              		@ args = 0, pretend = 0, frame = 0
 311              		@ frame_needed = 0, uses_anonymous_args = 0
 312 0000 70B5     		push	{r4, r5, r6, lr}
 313              		.cfi_def_cfa_offset 16
 314              		.cfi_offset 4, -16
 315              		.cfi_offset 5, -12
 316              		.cfi_offset 6, -8
 317              		.cfi_offset 14, -4
 148:dot_matrix.c  ****     static uint8_t col = 0;
 149:dot_matrix.c  ****     static uint8_t row = 0;
 150:dot_matrix.c  ****     
 151:dot_matrix.c  ****     // reset LEDs
 152:dot_matrix.c  ****     columns_set_state(LOW);
 318              		.loc 1 152 0
 319 0002 0020     		movs	r0, #0
 320 0004 FFF7FEFF 		bl	columns_set_state
 321              	.LVL34:
 153:dot_matrix.c  ****     rows_set_state(LOW);
 322              		.loc 1 153 0
 323 0008 0020     		movs	r0, #0
 324 000a FFF7FEFF 		bl	rows_set_state
 325              	.LVL35:
 326              	.LBB6:
 154:dot_matrix.c  ****     
 155:dot_matrix.c  ****     for (int i = 0; i < 64; ++i)
 327              		.loc 1 155 0
 328 000e 0024     		movs	r4, #0
 329 0010 18E0     		b	.L29
 330              	.LVL36:
 331              	.L31:
 156:dot_matrix.c  ****     {
 157:dot_matrix.c  ****         // check shape LUT for required LED state
 158:dot_matrix.c  ****         if (shape_squares[i] == 1)
 332              		.loc 1 158 0
 333 0012 0E4B     		ldr	r3, .L33
 334 0014 2344     		add	r3, r3, r4
 335 0016 93F84030 		ldrb	r3, [r3, #64]	@ zero_extendqisi2
 336 001a 012B     		cmp	r3, #1
 337 001c 11D1     		bne	.L30
 159:dot_matrix.c  ****         {
 160:dot_matrix.c  ****             // get column and row from LED that needs to be set
 161:dot_matrix.c  ****             get_arr_coordinates(i, &col, &row);
 338              		.loc 1 161 0
 339 001e 0C4D     		ldr	r5, .L33+4
 340 0020 2A46     		mov	r2, r5
 341 0022 691C     		adds	r1, r5, #1
 342 0024 E0B2     		uxtb	r0, r4
 343 0026 FFF7FEFF 		bl	get_arr_coordinates
 344              	.LVL37:
ARM GAS  C:\Users\Michi\AppData\Local\Temp\cc4qHAFs.s 			page 10


 162:dot_matrix.c  ****             // set LED
 163:dot_matrix.c  ****             matrix.col[col](HIGH);
 345              		.loc 1 163 0
 346 002a 084E     		ldr	r6, .L33
 347 002c 6B78     		ldrb	r3, [r5, #1]	@ zero_extendqisi2
 348 002e 56F82330 		ldr	r3, [r6, r3, lsl #2]
 349 0032 0120     		movs	r0, #1
 350 0034 9847     		blx	r3
 351              	.LVL38:
 164:dot_matrix.c  ****             matrix.row[row](HIGH);
 352              		.loc 1 164 0
 353 0036 2B78     		ldrb	r3, [r5]	@ zero_extendqisi2
 354 0038 0833     		adds	r3, r3, #8
 355 003a 56F82330 		ldr	r3, [r6, r3, lsl #2]
 356 003e 0120     		movs	r0, #1
 357 0040 9847     		blx	r3
 358              	.LVL39:
 359              	.L30:
 155:dot_matrix.c  ****     {
 360              		.loc 1 155 0 discriminator 2
 361 0042 0134     		adds	r4, r4, #1
 362              	.LVL40:
 363              	.L29:
 155:dot_matrix.c  ****     {
 364              		.loc 1 155 0 is_stmt 0 discriminator 1
 365 0044 3F2C     		cmp	r4, #63
 366 0046 E4DD     		ble	.L31
 367              	.LBE6:
 165:dot_matrix.c  ****         }
 166:dot_matrix.c  ****     } 
 167:dot_matrix.c  **** }
 368              		.loc 1 167 0 is_stmt 1
 369 0048 70BD     		pop	{r4, r5, r6, pc}
 370              	.LVL41:
 371              	.L34:
 372 004a 00BF     		.align	2
 373              	.L33:
 374 004c 00000000 		.word	.LANCHOR0
 375 0050 00000000 		.word	.LANCHOR1
 376              		.cfi_endproc
 377              	.LFE6:
 378              		.size	draw_squares, .-draw_squares
 379              		.section	.rodata
 380              		.align	2
 381              		.set	.LANCHOR0,. + 0
 382              		.type	matrix, %object
 383              		.size	matrix, 64
 384              	matrix:
 385 0000 00000000 		.word	Pin_Col1_Write
 386 0004 00000000 		.word	Pin_Col2_Write
 387 0008 00000000 		.word	Pin_Col3_Write
 388 000c 00000000 		.word	Pin_Col4_Write
 389 0010 00000000 		.word	Pin_Col5_Write
 390 0014 00000000 		.word	Pin_Col6_Write
 391 0018 00000000 		.word	Pin_Col7_Write
 392 001c 00000000 		.word	Pin_Col8_Write
 393 0020 00000000 		.word	Pin_Row1_Write
ARM GAS  C:\Users\Michi\AppData\Local\Temp\cc4qHAFs.s 			page 11


 394 0024 00000000 		.word	Pin_Row2_Write
 395 0028 00000000 		.word	Pin_Row3_Write
 396 002c 00000000 		.word	Pin_Row4_Write
 397 0030 00000000 		.word	Pin_Row5_Write
 398 0034 00000000 		.word	Pin_Row6_Write
 399 0038 00000000 		.word	Pin_Row7_Write
 400 003c 00000000 		.word	Pin_Row8_Write
 401              		.type	shape_squares, %object
 402              		.size	shape_squares, 64
 403              	shape_squares:
 404 0040 00       		.byte	0
 405 0041 00       		.byte	0
 406 0042 00       		.byte	0
 407 0043 00       		.byte	0
 408 0044 00       		.byte	0
 409 0045 00       		.byte	0
 410 0046 00       		.byte	0
 411 0047 00       		.byte	0
 412 0048 00       		.byte	0
 413 0049 01       		.byte	1
 414 004a 01       		.byte	1
 415 004b 01       		.byte	1
 416 004c 01       		.byte	1
 417 004d 01       		.byte	1
 418 004e 01       		.byte	1
 419 004f 00       		.byte	0
 420 0050 00       		.byte	0
 421 0051 01       		.byte	1
 422 0052 00       		.byte	0
 423 0053 00       		.byte	0
 424 0054 00       		.byte	0
 425 0055 00       		.byte	0
 426 0056 01       		.byte	1
 427 0057 00       		.byte	0
 428 0058 00       		.byte	0
 429 0059 01       		.byte	1
 430 005a 00       		.byte	0
 431 005b 01       		.byte	1
 432 005c 01       		.byte	1
 433 005d 00       		.byte	0
 434 005e 01       		.byte	1
 435 005f 00       		.byte	0
 436 0060 00       		.byte	0
 437 0061 01       		.byte	1
 438 0062 00       		.byte	0
 439 0063 01       		.byte	1
 440 0064 01       		.byte	1
 441 0065 00       		.byte	0
 442 0066 01       		.byte	1
 443 0067 00       		.byte	0
 444 0068 00       		.byte	0
 445 0069 01       		.byte	1
 446 006a 00       		.byte	0
 447 006b 00       		.byte	0
 448 006c 00       		.byte	0
 449 006d 00       		.byte	0
 450 006e 01       		.byte	1
ARM GAS  C:\Users\Michi\AppData\Local\Temp\cc4qHAFs.s 			page 12


 451 006f 00       		.byte	0
 452 0070 00       		.byte	0
 453 0071 01       		.byte	1
 454 0072 01       		.byte	1
 455 0073 01       		.byte	1
 456 0074 01       		.byte	1
 457 0075 01       		.byte	1
 458 0076 01       		.byte	1
 459 0077 00       		.byte	0
 460 0078 00       		.byte	0
 461 0079 00       		.byte	0
 462 007a 00       		.byte	0
 463 007b 00       		.byte	0
 464 007c 00       		.byte	0
 465 007d 00       		.byte	0
 466 007e 00       		.byte	0
 467 007f 00       		.byte	0
 468              		.bss
 469              		.set	.LANCHOR1,. + 0
 470              		.type	row.5023, %object
 471              		.size	row.5023, 1
 472              	row.5023:
 473 0000 00       		.space	1
 474              		.type	col.5022, %object
 475              		.size	col.5022, 1
 476              	col.5022:
 477 0001 00       		.space	1
 478              		.text
 479              	.Letext0:
 480              		.file 2 "c:\\program files (x86)\\cypress\\psoc creator\\4.4\\psoc creator\\import\\gnu\\arm\\5.4.
 481              		.file 3 "c:\\program files (x86)\\cypress\\psoc creator\\4.4\\psoc creator\\import\\gnu\\arm\\5.4.
 482              		.file 4 "dot_matrix.h"
 483              		.file 5 "Generated_Source\\PSoC5/CyLib.h"
 484              		.section	.debug_info,"",%progbits
 485              	.Ldebug_info0:
 486 0000 52040000 		.4byte	0x452
 487 0004 0400     		.2byte	0x4
 488 0006 00000000 		.4byte	.Ldebug_abbrev0
 489 000a 04       		.byte	0x4
 490 000b 01       		.uleb128 0x1
 491 000c 4D000000 		.4byte	.LASF32
 492 0010 0C       		.byte	0xc
 493 0011 DB000000 		.4byte	.LASF33
 494 0015 3B010000 		.4byte	.LASF34
 495 0019 00000000 		.4byte	.Ldebug_ranges0+0
 496 001d 00000000 		.4byte	0
 497 0021 00000000 		.4byte	.Ldebug_line0
 498 0025 02       		.uleb128 0x2
 499 0026 04       		.byte	0x4
 500 0027 05       		.byte	0x5
 501 0028 696E7400 		.ascii	"int\000"
 502 002c 03       		.uleb128 0x3
 503 002d 04       		.byte	0x4
 504 002e 07       		.byte	0x7
 505 002f 65010000 		.4byte	.LASF0
 506 0033 03       		.uleb128 0x3
 507 0034 08       		.byte	0x8
ARM GAS  C:\Users\Michi\AppData\Local\Temp\cc4qHAFs.s 			page 13


 508 0035 05       		.byte	0x5
 509 0036 BC010000 		.4byte	.LASF1
 510 003a 03       		.uleb128 0x3
 511 003b 08       		.byte	0x8
 512 003c 04       		.byte	0x4
 513 003d 2E020000 		.4byte	.LASF2
 514 0041 03       		.uleb128 0x3
 515 0042 01       		.byte	0x1
 516 0043 06       		.byte	0x6
 517 0044 3A020000 		.4byte	.LASF3
 518 0048 04       		.uleb128 0x4
 519 0049 06000000 		.4byte	.LASF6
 520 004d 02       		.byte	0x2
 521 004e 1D       		.byte	0x1d
 522 004f 53000000 		.4byte	0x53
 523 0053 03       		.uleb128 0x3
 524 0054 01       		.byte	0x1
 525 0055 08       		.byte	0x8
 526 0056 3F000000 		.4byte	.LASF4
 527 005a 03       		.uleb128 0x3
 528 005b 02       		.byte	0x2
 529 005c 05       		.byte	0x5
 530 005d DC010000 		.4byte	.LASF5
 531 0061 04       		.uleb128 0x4
 532 0062 30010000 		.4byte	.LASF7
 533 0066 02       		.byte	0x2
 534 0067 2B       		.byte	0x2b
 535 0068 6C000000 		.4byte	0x6c
 536 006c 03       		.uleb128 0x3
 537 006d 02       		.byte	0x2
 538 006e 07       		.byte	0x7
 539 006f FA000000 		.4byte	.LASF8
 540 0073 03       		.uleb128 0x3
 541 0074 04       		.byte	0x4
 542 0075 05       		.byte	0x5
 543 0076 29000000 		.4byte	.LASF9
 544 007a 03       		.uleb128 0x3
 545 007b 04       		.byte	0x4
 546 007c 07       		.byte	0x7
 547 007d E8000000 		.4byte	.LASF10
 548 0081 03       		.uleb128 0x3
 549 0082 08       		.byte	0x8
 550 0083 07       		.byte	0x7
 551 0084 7D010000 		.4byte	.LASF11
 552 0088 03       		.uleb128 0x3
 553 0089 04       		.byte	0x4
 554 008a 07       		.byte	0x7
 555 008b B3010000 		.4byte	.LASF12
 556 008f 03       		.uleb128 0x3
 557 0090 01       		.byte	0x1
 558 0091 08       		.byte	0x8
 559 0092 CA010000 		.4byte	.LASF13
 560 0096 04       		.uleb128 0x4
 561 0097 94010000 		.4byte	.LASF14
 562 009b 03       		.byte	0x3
 563 009c 18       		.byte	0x18
 564 009d 48000000 		.4byte	0x48
ARM GAS  C:\Users\Michi\AppData\Local\Temp\cc4qHAFs.s 			page 14


 565 00a1 04       		.uleb128 0x4
 566 00a2 E6010000 		.4byte	.LASF15
 567 00a6 03       		.byte	0x3
 568 00a7 24       		.byte	0x24
 569 00a8 61000000 		.4byte	0x61
 570 00ac 03       		.uleb128 0x3
 571 00ad 04       		.byte	0x4
 572 00ae 04       		.byte	0x4
 573 00af 39000000 		.4byte	.LASF16
 574 00b3 03       		.uleb128 0x3
 575 00b4 08       		.byte	0x8
 576 00b5 04       		.byte	0x4
 577 00b6 32000000 		.4byte	.LASF17
 578 00ba 05       		.uleb128 0x5
 579 00bb 23000000 		.4byte	.LASF19
 580 00bf 01       		.byte	0x1
 581 00c0 53000000 		.4byte	0x53
 582 00c4 04       		.byte	0x4
 583 00c5 19       		.byte	0x19
 584 00c6 D7000000 		.4byte	0xd7
 585 00ca 06       		.uleb128 0x6
 586 00cb 4C4F5700 		.ascii	"LOW\000"
 587 00cf 00       		.byte	0
 588 00d0 07       		.uleb128 0x7
 589 00d1 1E000000 		.4byte	.LASF18
 590 00d5 01       		.byte	0x1
 591 00d6 00       		.byte	0
 592 00d7 04       		.uleb128 0x4
 593 00d8 23000000 		.4byte	.LASF19
 594 00dc 04       		.byte	0x4
 595 00dd 1D       		.byte	0x1d
 596 00de BA000000 		.4byte	0xba
 597 00e2 04       		.uleb128 0x4
 598 00e3 9C010000 		.4byte	.LASF20
 599 00e7 04       		.byte	0x4
 600 00e8 26       		.byte	0x26
 601 00e9 ED000000 		.4byte	0xed
 602 00ed 08       		.uleb128 0x8
 603 00ee 04       		.byte	0x4
 604 00ef F3000000 		.4byte	0xf3
 605 00f3 09       		.uleb128 0x9
 606 00f4 FE000000 		.4byte	0xfe
 607 00f8 0A       		.uleb128 0xa
 608 00f9 D7000000 		.4byte	0xd7
 609 00fd 00       		.byte	0
 610 00fe 0B       		.uleb128 0xb
 611 00ff 72010000 		.4byte	.LASF21
 612 0103 40       		.byte	0x40
 613 0104 04       		.byte	0x4
 614 0105 2A       		.byte	0x2a
 615 0106 23010000 		.4byte	0x123
 616 010a 0C       		.uleb128 0xc
 617 010b 636F6C00 		.ascii	"col\000"
 618 010f 04       		.byte	0x4
 619 0110 2C       		.byte	0x2c
 620 0111 23010000 		.4byte	0x123
 621 0115 00       		.byte	0
ARM GAS  C:\Users\Michi\AppData\Local\Temp\cc4qHAFs.s 			page 15


 622 0116 0C       		.uleb128 0xc
 623 0117 726F7700 		.ascii	"row\000"
 624 011b 04       		.byte	0x4
 625 011c 2D       		.byte	0x2d
 626 011d 23010000 		.4byte	0x123
 627 0121 20       		.byte	0x20
 628 0122 00       		.byte	0
 629 0123 0D       		.uleb128 0xd
 630 0124 E2000000 		.4byte	0xe2
 631 0128 33010000 		.4byte	0x133
 632 012c 0E       		.uleb128 0xe
 633 012d 88000000 		.4byte	0x88
 634 0131 07       		.byte	0x7
 635 0132 00       		.byte	0
 636 0133 04       		.uleb128 0x4
 637 0134 72010000 		.4byte	.LASF21
 638 0138 04       		.byte	0x4
 639 0139 2E       		.byte	0x2e
 640 013a FE000000 		.4byte	0xfe
 641 013e 0F       		.uleb128 0xf
 642 013f 1C020000 		.4byte	.LASF22
 643 0143 01       		.byte	0x1
 644 0144 4B       		.byte	0x4b
 645 0145 00000000 		.4byte	.LFB0
 646 0149 24000000 		.4byte	.LFE0-.LFB0
 647 014d 01       		.uleb128 0x1
 648 014e 9C       		.byte	0x9c
 649 014f 93010000 		.4byte	0x193
 650 0153 10       		.uleb128 0x10
 651 0154 6C766C00 		.ascii	"lvl\000"
 652 0158 01       		.byte	0x1
 653 0159 4B       		.byte	0x4b
 654 015a D7000000 		.4byte	0xd7
 655 015e 00000000 		.4byte	.LLST0
 656 0162 11       		.uleb128 0x11
 657 0163 04000000 		.4byte	.LBB2
 658 0167 18000000 		.4byte	.LBE2-.LBB2
 659 016b 12       		.uleb128 0x12
 660 016c 6900     		.ascii	"i\000"
 661 016e 01       		.byte	0x1
 662 016f 4E       		.byte	0x4e
 663 0170 96000000 		.4byte	0x96
 664 0174 21000000 		.4byte	.LLST1
 665 0178 13       		.uleb128 0x13
 666 0179 14000000 		.4byte	.LVL3
 667 017d 0B       		.uleb128 0xb
 668 017e 74       		.byte	0x74
 669 017f 00       		.sleb128 0
 670 0180 32       		.byte	0x32
 671 0181 24       		.byte	0x24
 672 0182 03       		.byte	0x3
 673 0183 00000000 		.4byte	.LANCHOR0
 674 0187 22       		.byte	0x22
 675 0188 06       		.byte	0x6
 676 0189 14       		.uleb128 0x14
 677 018a 01       		.uleb128 0x1
 678 018b 50       		.byte	0x50
ARM GAS  C:\Users\Michi\AppData\Local\Temp\cc4qHAFs.s 			page 16


 679 018c 03       		.uleb128 0x3
 680 018d 75       		.byte	0x75
 681 018e 00       		.sleb128 0
 682 018f 20       		.byte	0x20
 683 0190 00       		.byte	0
 684 0191 00       		.byte	0
 685 0192 00       		.byte	0
 686 0193 0F       		.uleb128 0xf
 687 0194 21010000 		.4byte	.LASF23
 688 0198 01       		.byte	0x1
 689 0199 54       		.byte	0x54
 690 019a 00000000 		.4byte	.LFB1
 691 019e 24000000 		.4byte	.LFE1-.LFB1
 692 01a2 01       		.uleb128 0x1
 693 01a3 9C       		.byte	0x9c
 694 01a4 E7010000 		.4byte	0x1e7
 695 01a8 10       		.uleb128 0x10
 696 01a9 6C766C00 		.ascii	"lvl\000"
 697 01ad 01       		.byte	0x1
 698 01ae 54       		.byte	0x54
 699 01af D7000000 		.4byte	0xd7
 700 01b3 4B000000 		.4byte	.LLST2
 701 01b7 11       		.uleb128 0x11
 702 01b8 04000000 		.4byte	.LBB3
 703 01bc 1A000000 		.4byte	.LBE3-.LBB3
 704 01c0 12       		.uleb128 0x12
 705 01c1 6900     		.ascii	"i\000"
 706 01c3 01       		.byte	0x1
 707 01c4 56       		.byte	0x56
 708 01c5 96000000 		.4byte	0x96
 709 01c9 6C000000 		.4byte	.LLST3
 710 01cd 13       		.uleb128 0x13
 711 01ce 16000000 		.4byte	.LVL10
 712 01d2 0B       		.uleb128 0xb
 713 01d3 74       		.byte	0x74
 714 01d4 08       		.sleb128 8
 715 01d5 32       		.byte	0x32
 716 01d6 24       		.byte	0x24
 717 01d7 03       		.byte	0x3
 718 01d8 00000000 		.4byte	.LANCHOR0
 719 01dc 22       		.byte	0x22
 720 01dd 06       		.byte	0x6
 721 01de 14       		.uleb128 0x14
 722 01df 01       		.uleb128 0x1
 723 01e0 50       		.byte	0x50
 724 01e1 02       		.uleb128 0x2
 725 01e2 75       		.byte	0x75
 726 01e3 00       		.sleb128 0
 727 01e4 00       		.byte	0
 728 01e5 00       		.byte	0
 729 01e6 00       		.byte	0
 730 01e7 0F       		.uleb128 0xf
 731 01e8 0D010000 		.4byte	.LASF24
 732 01ec 01       		.byte	0x1
 733 01ed 5C       		.byte	0x5c
 734 01ee 00000000 		.4byte	.LFB2
 735 01f2 0C000000 		.4byte	.LFE2-.LFB2
ARM GAS  C:\Users\Michi\AppData\Local\Temp\cc4qHAFs.s 			page 17


 736 01f6 01       		.uleb128 0x1
 737 01f7 9C       		.byte	0x9c
 738 01f8 22020000 		.4byte	0x222
 739 01fc 15       		.uleb128 0x15
 740 01fd D6010000 		.4byte	.LASF25
 741 0201 01       		.byte	0x1
 742 0202 5C       		.byte	0x5c
 743 0203 96000000 		.4byte	0x96
 744 0207 96000000 		.4byte	.LLST4
 745 020b 16       		.uleb128 0x16
 746 020c 7800     		.ascii	"x\000"
 747 020e 01       		.byte	0x1
 748 020f 5C       		.byte	0x5c
 749 0210 22020000 		.4byte	0x222
 750 0214 01       		.uleb128 0x1
 751 0215 51       		.byte	0x51
 752 0216 16       		.uleb128 0x16
 753 0217 7900     		.ascii	"y\000"
 754 0219 01       		.byte	0x1
 755 021a 5C       		.byte	0x5c
 756 021b 22020000 		.4byte	0x222
 757 021f 01       		.uleb128 0x1
 758 0220 52       		.byte	0x52
 759 0221 00       		.byte	0
 760 0222 08       		.uleb128 0x8
 761 0223 04       		.byte	0x4
 762 0224 96000000 		.4byte	0x96
 763 0228 17       		.uleb128 0x17
 764 0229 FE010000 		.4byte	.LASF26
 765 022d 01       		.byte	0x1
 766 022e 66       		.byte	0x66
 767 022f 00000000 		.4byte	.LFB3
 768 0233 10000000 		.4byte	.LFE3-.LFB3
 769 0237 01       		.uleb128 0x1
 770 0238 9C       		.byte	0x9c
 771 0239 60020000 		.4byte	0x260
 772 023d 18       		.uleb128 0x18
 773 023e 08000000 		.4byte	.LVL16
 774 0242 3E010000 		.4byte	0x13e
 775 0246 50020000 		.4byte	0x250
 776 024a 14       		.uleb128 0x14
 777 024b 01       		.uleb128 0x1
 778 024c 50       		.byte	0x50
 779 024d 01       		.uleb128 0x1
 780 024e 30       		.byte	0x30
 781 024f 00       		.byte	0
 782 0250 19       		.uleb128 0x19
 783 0251 0E000000 		.4byte	.LVL17
 784 0255 93010000 		.4byte	0x193
 785 0259 14       		.uleb128 0x14
 786 025a 01       		.uleb128 0x1
 787 025b 50       		.byte	0x50
 788 025c 01       		.uleb128 0x1
 789 025d 30       		.byte	0x30
 790 025e 00       		.byte	0
 791 025f 00       		.byte	0
 792 0260 17       		.uleb128 0x17
ARM GAS  C:\Users\Michi\AppData\Local\Temp\cc4qHAFs.s 			page 18


 793 0261 0B020000 		.4byte	.LASF27
 794 0265 01       		.byte	0x1
 795 0266 6C       		.byte	0x6c
 796 0267 00000000 		.4byte	.LFB4
 797 026b 3C000000 		.4byte	.LFE4-.LFB4
 798 026f 01       		.uleb128 0x1
 799 0270 9C       		.byte	0x9c
 800 0271 E0020000 		.4byte	0x2e0
 801 0275 1A       		.uleb128 0x1a
 802 0276 0C000000 		.4byte	.LBB4
 803 027a 24000000 		.4byte	.LBE4-.LBB4
 804 027e C7020000 		.4byte	0x2c7
 805 0282 12       		.uleb128 0x12
 806 0283 6900     		.ascii	"i\000"
 807 0285 01       		.byte	0x1
 808 0286 72       		.byte	0x72
 809 0287 96000000 		.4byte	0x96
 810 028b B7000000 		.4byte	.LLST5
 811 028f 18       		.uleb128 0x18
 812 0290 16000000 		.4byte	.LVL21
 813 0294 3E010000 		.4byte	0x13e
 814 0298 A2020000 		.4byte	0x2a2
 815 029c 14       		.uleb128 0x14
 816 029d 01       		.uleb128 0x1
 817 029e 50       		.byte	0x50
 818 029f 01       		.uleb128 0x1
 819 02a0 31       		.byte	0x31
 820 02a1 00       		.byte	0
 821 02a2 1B       		.uleb128 0x1b
 822 02a3 20000000 		.4byte	.LVL22
 823 02a7 0B       		.uleb128 0xb
 824 02a8 74       		.byte	0x74
 825 02a9 00       		.sleb128 0
 826 02aa 32       		.byte	0x32
 827 02ab 24       		.byte	0x24
 828 02ac 03       		.byte	0x3
 829 02ad 00000000 		.4byte	.LANCHOR0
 830 02b1 22       		.byte	0x22
 831 02b2 06       		.byte	0x6
 832 02b3 BD020000 		.4byte	0x2bd
 833 02b7 14       		.uleb128 0x14
 834 02b8 01       		.uleb128 0x1
 835 02b9 50       		.byte	0x50
 836 02ba 01       		.uleb128 0x1
 837 02bb 31       		.byte	0x31
 838 02bc 00       		.byte	0
 839 02bd 1C       		.uleb128 0x1c
 840 02be 28000000 		.4byte	.LVL23
 841 02c2 4A040000 		.4byte	0x44a
 842 02c6 00       		.byte	0
 843 02c7 1C       		.uleb128 0x1c
 844 02c8 06000000 		.4byte	.LVL18
 845 02cc 28020000 		.4byte	0x228
 846 02d0 19       		.uleb128 0x19
 847 02d1 0C000000 		.4byte	.LVL19
 848 02d5 93010000 		.4byte	0x193
 849 02d9 14       		.uleb128 0x14
ARM GAS  C:\Users\Michi\AppData\Local\Temp\cc4qHAFs.s 			page 19


 850 02da 01       		.uleb128 0x1
 851 02db 50       		.byte	0x50
 852 02dc 01       		.uleb128 0x1
 853 02dd 31       		.byte	0x31
 854 02de 00       		.byte	0
 855 02df 00       		.byte	0
 856 02e0 17       		.uleb128 0x17
 857 02e1 EF010000 		.4byte	.LASF28
 858 02e5 01       		.byte	0x1
 859 02e6 80       		.byte	0x80
 860 02e7 00000000 		.4byte	.LFB5
 861 02eb 30000000 		.4byte	.LFE5-.LFB5
 862 02ef 01       		.uleb128 0x1
 863 02f0 9C       		.byte	0x9c
 864 02f1 4A030000 		.4byte	0x34a
 865 02f5 1A       		.uleb128 0x1a
 866 02f6 08000000 		.4byte	.LBB5
 867 02fa 20000000 		.4byte	.LBE5-.LBB5
 868 02fe 3A030000 		.4byte	0x33a
 869 0302 12       		.uleb128 0x12
 870 0303 6900     		.ascii	"i\000"
 871 0305 01       		.byte	0x1
 872 0306 85       		.byte	0x85
 873 0307 96000000 		.4byte	0x96
 874 030b E1000000 		.4byte	.LLST6
 875 030f 18       		.uleb128 0x18
 876 0310 12000000 		.4byte	.LVL29
 877 0314 93010000 		.4byte	0x193
 878 0318 22030000 		.4byte	0x322
 879 031c 14       		.uleb128 0x14
 880 031d 01       		.uleb128 0x1
 881 031e 50       		.byte	0x50
 882 031f 01       		.uleb128 0x1
 883 0320 30       		.byte	0x30
 884 0321 00       		.byte	0
 885 0322 13       		.uleb128 0x13
 886 0323 20000000 		.4byte	.LVL30
 887 0327 0B       		.uleb128 0xb
 888 0328 74       		.byte	0x74
 889 0329 08       		.sleb128 8
 890 032a 32       		.byte	0x32
 891 032b 24       		.byte	0x24
 892 032c 03       		.byte	0x3
 893 032d 00000000 		.4byte	.LANCHOR0
 894 0331 22       		.byte	0x22
 895 0332 06       		.byte	0x6
 896 0333 14       		.uleb128 0x14
 897 0334 01       		.uleb128 0x1
 898 0335 50       		.byte	0x50
 899 0336 01       		.uleb128 0x1
 900 0337 31       		.byte	0x31
 901 0338 00       		.byte	0
 902 0339 00       		.byte	0
 903 033a 19       		.uleb128 0x19
 904 033b 08000000 		.4byte	.LVL27
 905 033f 3E010000 		.4byte	0x13e
 906 0343 14       		.uleb128 0x14
ARM GAS  C:\Users\Michi\AppData\Local\Temp\cc4qHAFs.s 			page 20


 907 0344 01       		.uleb128 0x1
 908 0345 50       		.byte	0x50
 909 0346 01       		.uleb128 0x1
 910 0347 30       		.byte	0x30
 911 0348 00       		.byte	0
 912 0349 00       		.byte	0
 913 034a 17       		.uleb128 0x17
 914 034b A6010000 		.4byte	.LASF29
 915 034f 01       		.byte	0x1
 916 0350 92       		.byte	0x92
 917 0351 00000000 		.4byte	.LFB6
 918 0355 54000000 		.4byte	.LFE6-.LFB6
 919 0359 01       		.uleb128 0x1
 920 035a 9C       		.byte	0x9c
 921 035b F9030000 		.4byte	0x3f9
 922 035f 1D       		.uleb128 0x1d
 923 0360 636F6C00 		.ascii	"col\000"
 924 0364 01       		.byte	0x1
 925 0365 94       		.byte	0x94
 926 0366 96000000 		.4byte	0x96
 927 036a 05       		.uleb128 0x5
 928 036b 03       		.byte	0x3
 929 036c 01000000 		.4byte	col.5022
 930 0370 1D       		.uleb128 0x1d
 931 0371 726F7700 		.ascii	"row\000"
 932 0375 01       		.byte	0x1
 933 0376 95       		.byte	0x95
 934 0377 96000000 		.4byte	0x96
 935 037b 05       		.uleb128 0x5
 936 037c 03       		.byte	0x3
 937 037d 00000000 		.4byte	row.5023
 938 0381 1A       		.uleb128 0x1a
 939 0382 0E000000 		.4byte	.LBB6
 940 0386 3A000000 		.4byte	.LBE6-.LBB6
 941 038a D6030000 		.4byte	0x3d6
 942 038e 12       		.uleb128 0x12
 943 038f 6900     		.ascii	"i\000"
 944 0391 01       		.byte	0x1
 945 0392 9B       		.byte	0x9b
 946 0393 25000000 		.4byte	0x25
 947 0397 0B010000 		.4byte	.LLST7
 948 039b 18       		.uleb128 0x18
 949 039c 2A000000 		.4byte	.LVL37
 950 03a0 E7010000 		.4byte	0x1e7
 951 03a4 BB030000 		.4byte	0x3bb
 952 03a8 14       		.uleb128 0x14
 953 03a9 01       		.uleb128 0x1
 954 03aa 50       		.byte	0x50
 955 03ab 02       		.uleb128 0x2
 956 03ac 74       		.byte	0x74
 957 03ad 00       		.sleb128 0
 958 03ae 14       		.uleb128 0x14
 959 03af 01       		.uleb128 0x1
 960 03b0 51       		.byte	0x51
 961 03b1 02       		.uleb128 0x2
 962 03b2 75       		.byte	0x75
 963 03b3 01       		.sleb128 1
ARM GAS  C:\Users\Michi\AppData\Local\Temp\cc4qHAFs.s 			page 21


 964 03b4 14       		.uleb128 0x14
 965 03b5 01       		.uleb128 0x1
 966 03b6 52       		.byte	0x52
 967 03b7 02       		.uleb128 0x2
 968 03b8 75       		.byte	0x75
 969 03b9 00       		.sleb128 0
 970 03ba 00       		.byte	0
 971 03bb 1E       		.uleb128 0x1e
 972 03bc 36000000 		.4byte	.LVL38
 973 03c0 CA030000 		.4byte	0x3ca
 974 03c4 14       		.uleb128 0x14
 975 03c5 01       		.uleb128 0x1
 976 03c6 50       		.byte	0x50
 977 03c7 01       		.uleb128 0x1
 978 03c8 31       		.byte	0x31
 979 03c9 00       		.byte	0
 980 03ca 1F       		.uleb128 0x1f
 981 03cb 42000000 		.4byte	.LVL39
 982 03cf 14       		.uleb128 0x14
 983 03d0 01       		.uleb128 0x1
 984 03d1 50       		.byte	0x50
 985 03d2 01       		.uleb128 0x1
 986 03d3 31       		.byte	0x31
 987 03d4 00       		.byte	0
 988 03d5 00       		.byte	0
 989 03d6 18       		.uleb128 0x18
 990 03d7 08000000 		.4byte	.LVL34
 991 03db 3E010000 		.4byte	0x13e
 992 03df E9030000 		.4byte	0x3e9
 993 03e3 14       		.uleb128 0x14
 994 03e4 01       		.uleb128 0x1
 995 03e5 50       		.byte	0x50
 996 03e6 01       		.uleb128 0x1
 997 03e7 30       		.byte	0x30
 998 03e8 00       		.byte	0
 999 03e9 19       		.uleb128 0x19
 1000 03ea 0E000000 		.4byte	.LVL35
 1001 03ee 93010000 		.4byte	0x193
 1002 03f2 14       		.uleb128 0x14
 1003 03f3 01       		.uleb128 0x1
 1004 03f4 50       		.byte	0x50
 1005 03f5 01       		.uleb128 0x1
 1006 03f6 30       		.byte	0x30
 1007 03f7 00       		.byte	0
 1008 03f8 00       		.byte	0
 1009 03f9 20       		.uleb128 0x20
 1010 03fa CF010000 		.4byte	.LASF30
 1011 03fe 01       		.byte	0x1
 1012 03ff 27       		.byte	0x27
 1013 0400 0A040000 		.4byte	0x40a
 1014 0404 05       		.uleb128 0x5
 1015 0405 03       		.byte	0x3
 1016 0406 00000000 		.4byte	matrix
 1017 040a 21       		.uleb128 0x21
 1018 040b 33010000 		.4byte	0x133
 1019 040f 0D       		.uleb128 0xd
 1020 0410 1F040000 		.4byte	0x41f
ARM GAS  C:\Users\Michi\AppData\Local\Temp\cc4qHAFs.s 			page 22


 1021 0414 1F040000 		.4byte	0x41f
 1022 0418 0E       		.uleb128 0xe
 1023 0419 88000000 		.4byte	0x88
 1024 041d 3F       		.byte	0x3f
 1025 041e 00       		.byte	0
 1026 041f 21       		.uleb128 0x21
 1027 0420 96000000 		.4byte	0x96
 1028 0424 20       		.uleb128 0x20
 1029 0425 10000000 		.4byte	.LASF31
 1030 0429 01       		.byte	0x1
 1031 042a 3F       		.byte	0x3f
 1032 042b 35040000 		.4byte	0x435
 1033 042f 05       		.uleb128 0x5
 1034 0430 03       		.byte	0x3
 1035 0431 40000000 		.4byte	shape_squares
 1036 0435 21       		.uleb128 0x21
 1037 0436 0F040000 		.4byte	0x40f
 1038 043a 22       		.uleb128 0x22
 1039 043b 00000000 		.4byte	.LASF35
 1040 043f 01       		.byte	0x1
 1041 0440 11       		.byte	0x11
 1042 0441 45040000 		.4byte	0x445
 1043 0445 21       		.uleb128 0x21
 1044 0446 A1000000 		.4byte	0xa1
 1045 044a 23       		.uleb128 0x23
 1046 044b 46020000 		.4byte	.LASF36
 1047 044f 46020000 		.4byte	.LASF36
 1048 0453 05       		.byte	0x5
 1049 0454 76       		.byte	0x76
 1050 0455 00       		.byte	0
 1051              		.section	.debug_abbrev,"",%progbits
 1052              	.Ldebug_abbrev0:
 1053 0000 01       		.uleb128 0x1
 1054 0001 11       		.uleb128 0x11
 1055 0002 01       		.byte	0x1
 1056 0003 25       		.uleb128 0x25
 1057 0004 0E       		.uleb128 0xe
 1058 0005 13       		.uleb128 0x13
 1059 0006 0B       		.uleb128 0xb
 1060 0007 03       		.uleb128 0x3
 1061 0008 0E       		.uleb128 0xe
 1062 0009 1B       		.uleb128 0x1b
 1063 000a 0E       		.uleb128 0xe
 1064 000b 55       		.uleb128 0x55
 1065 000c 17       		.uleb128 0x17
 1066 000d 11       		.uleb128 0x11
 1067 000e 01       		.uleb128 0x1
 1068 000f 10       		.uleb128 0x10
 1069 0010 17       		.uleb128 0x17
 1070 0011 00       		.byte	0
 1071 0012 00       		.byte	0
 1072 0013 02       		.uleb128 0x2
 1073 0014 24       		.uleb128 0x24
 1074 0015 00       		.byte	0
 1075 0016 0B       		.uleb128 0xb
 1076 0017 0B       		.uleb128 0xb
 1077 0018 3E       		.uleb128 0x3e
ARM GAS  C:\Users\Michi\AppData\Local\Temp\cc4qHAFs.s 			page 23


 1078 0019 0B       		.uleb128 0xb
 1079 001a 03       		.uleb128 0x3
 1080 001b 08       		.uleb128 0x8
 1081 001c 00       		.byte	0
 1082 001d 00       		.byte	0
 1083 001e 03       		.uleb128 0x3
 1084 001f 24       		.uleb128 0x24
 1085 0020 00       		.byte	0
 1086 0021 0B       		.uleb128 0xb
 1087 0022 0B       		.uleb128 0xb
 1088 0023 3E       		.uleb128 0x3e
 1089 0024 0B       		.uleb128 0xb
 1090 0025 03       		.uleb128 0x3
 1091 0026 0E       		.uleb128 0xe
 1092 0027 00       		.byte	0
 1093 0028 00       		.byte	0
 1094 0029 04       		.uleb128 0x4
 1095 002a 16       		.uleb128 0x16
 1096 002b 00       		.byte	0
 1097 002c 03       		.uleb128 0x3
 1098 002d 0E       		.uleb128 0xe
 1099 002e 3A       		.uleb128 0x3a
 1100 002f 0B       		.uleb128 0xb
 1101 0030 3B       		.uleb128 0x3b
 1102 0031 0B       		.uleb128 0xb
 1103 0032 49       		.uleb128 0x49
 1104 0033 13       		.uleb128 0x13
 1105 0034 00       		.byte	0
 1106 0035 00       		.byte	0
 1107 0036 05       		.uleb128 0x5
 1108 0037 04       		.uleb128 0x4
 1109 0038 01       		.byte	0x1
 1110 0039 03       		.uleb128 0x3
 1111 003a 0E       		.uleb128 0xe
 1112 003b 0B       		.uleb128 0xb
 1113 003c 0B       		.uleb128 0xb
 1114 003d 49       		.uleb128 0x49
 1115 003e 13       		.uleb128 0x13
 1116 003f 3A       		.uleb128 0x3a
 1117 0040 0B       		.uleb128 0xb
 1118 0041 3B       		.uleb128 0x3b
 1119 0042 0B       		.uleb128 0xb
 1120 0043 01       		.uleb128 0x1
 1121 0044 13       		.uleb128 0x13
 1122 0045 00       		.byte	0
 1123 0046 00       		.byte	0
 1124 0047 06       		.uleb128 0x6
 1125 0048 28       		.uleb128 0x28
 1126 0049 00       		.byte	0
 1127 004a 03       		.uleb128 0x3
 1128 004b 08       		.uleb128 0x8
 1129 004c 1C       		.uleb128 0x1c
 1130 004d 0B       		.uleb128 0xb
 1131 004e 00       		.byte	0
 1132 004f 00       		.byte	0
 1133 0050 07       		.uleb128 0x7
 1134 0051 28       		.uleb128 0x28
ARM GAS  C:\Users\Michi\AppData\Local\Temp\cc4qHAFs.s 			page 24


 1135 0052 00       		.byte	0
 1136 0053 03       		.uleb128 0x3
 1137 0054 0E       		.uleb128 0xe
 1138 0055 1C       		.uleb128 0x1c
 1139 0056 0B       		.uleb128 0xb
 1140 0057 00       		.byte	0
 1141 0058 00       		.byte	0
 1142 0059 08       		.uleb128 0x8
 1143 005a 0F       		.uleb128 0xf
 1144 005b 00       		.byte	0
 1145 005c 0B       		.uleb128 0xb
 1146 005d 0B       		.uleb128 0xb
 1147 005e 49       		.uleb128 0x49
 1148 005f 13       		.uleb128 0x13
 1149 0060 00       		.byte	0
 1150 0061 00       		.byte	0
 1151 0062 09       		.uleb128 0x9
 1152 0063 15       		.uleb128 0x15
 1153 0064 01       		.byte	0x1
 1154 0065 27       		.uleb128 0x27
 1155 0066 19       		.uleb128 0x19
 1156 0067 01       		.uleb128 0x1
 1157 0068 13       		.uleb128 0x13
 1158 0069 00       		.byte	0
 1159 006a 00       		.byte	0
 1160 006b 0A       		.uleb128 0xa
 1161 006c 05       		.uleb128 0x5
 1162 006d 00       		.byte	0
 1163 006e 49       		.uleb128 0x49
 1164 006f 13       		.uleb128 0x13
 1165 0070 00       		.byte	0
 1166 0071 00       		.byte	0
 1167 0072 0B       		.uleb128 0xb
 1168 0073 13       		.uleb128 0x13
 1169 0074 01       		.byte	0x1
 1170 0075 03       		.uleb128 0x3
 1171 0076 0E       		.uleb128 0xe
 1172 0077 0B       		.uleb128 0xb
 1173 0078 0B       		.uleb128 0xb
 1174 0079 3A       		.uleb128 0x3a
 1175 007a 0B       		.uleb128 0xb
 1176 007b 3B       		.uleb128 0x3b
 1177 007c 0B       		.uleb128 0xb
 1178 007d 01       		.uleb128 0x1
 1179 007e 13       		.uleb128 0x13
 1180 007f 00       		.byte	0
 1181 0080 00       		.byte	0
 1182 0081 0C       		.uleb128 0xc
 1183 0082 0D       		.uleb128 0xd
 1184 0083 00       		.byte	0
 1185 0084 03       		.uleb128 0x3
 1186 0085 08       		.uleb128 0x8
 1187 0086 3A       		.uleb128 0x3a
 1188 0087 0B       		.uleb128 0xb
 1189 0088 3B       		.uleb128 0x3b
 1190 0089 0B       		.uleb128 0xb
 1191 008a 49       		.uleb128 0x49
ARM GAS  C:\Users\Michi\AppData\Local\Temp\cc4qHAFs.s 			page 25


 1192 008b 13       		.uleb128 0x13
 1193 008c 38       		.uleb128 0x38
 1194 008d 0B       		.uleb128 0xb
 1195 008e 00       		.byte	0
 1196 008f 00       		.byte	0
 1197 0090 0D       		.uleb128 0xd
 1198 0091 01       		.uleb128 0x1
 1199 0092 01       		.byte	0x1
 1200 0093 49       		.uleb128 0x49
 1201 0094 13       		.uleb128 0x13
 1202 0095 01       		.uleb128 0x1
 1203 0096 13       		.uleb128 0x13
 1204 0097 00       		.byte	0
 1205 0098 00       		.byte	0
 1206 0099 0E       		.uleb128 0xe
 1207 009a 21       		.uleb128 0x21
 1208 009b 00       		.byte	0
 1209 009c 49       		.uleb128 0x49
 1210 009d 13       		.uleb128 0x13
 1211 009e 2F       		.uleb128 0x2f
 1212 009f 0B       		.uleb128 0xb
 1213 00a0 00       		.byte	0
 1214 00a1 00       		.byte	0
 1215 00a2 0F       		.uleb128 0xf
 1216 00a3 2E       		.uleb128 0x2e
 1217 00a4 01       		.byte	0x1
 1218 00a5 03       		.uleb128 0x3
 1219 00a6 0E       		.uleb128 0xe
 1220 00a7 3A       		.uleb128 0x3a
 1221 00a8 0B       		.uleb128 0xb
 1222 00a9 3B       		.uleb128 0x3b
 1223 00aa 0B       		.uleb128 0xb
 1224 00ab 27       		.uleb128 0x27
 1225 00ac 19       		.uleb128 0x19
 1226 00ad 11       		.uleb128 0x11
 1227 00ae 01       		.uleb128 0x1
 1228 00af 12       		.uleb128 0x12
 1229 00b0 06       		.uleb128 0x6
 1230 00b1 40       		.uleb128 0x40
 1231 00b2 18       		.uleb128 0x18
 1232 00b3 9742     		.uleb128 0x2117
 1233 00b5 19       		.uleb128 0x19
 1234 00b6 01       		.uleb128 0x1
 1235 00b7 13       		.uleb128 0x13
 1236 00b8 00       		.byte	0
 1237 00b9 00       		.byte	0
 1238 00ba 10       		.uleb128 0x10
 1239 00bb 05       		.uleb128 0x5
 1240 00bc 00       		.byte	0
 1241 00bd 03       		.uleb128 0x3
 1242 00be 08       		.uleb128 0x8
 1243 00bf 3A       		.uleb128 0x3a
 1244 00c0 0B       		.uleb128 0xb
 1245 00c1 3B       		.uleb128 0x3b
 1246 00c2 0B       		.uleb128 0xb
 1247 00c3 49       		.uleb128 0x49
 1248 00c4 13       		.uleb128 0x13
ARM GAS  C:\Users\Michi\AppData\Local\Temp\cc4qHAFs.s 			page 26


 1249 00c5 02       		.uleb128 0x2
 1250 00c6 17       		.uleb128 0x17
 1251 00c7 00       		.byte	0
 1252 00c8 00       		.byte	0
 1253 00c9 11       		.uleb128 0x11
 1254 00ca 0B       		.uleb128 0xb
 1255 00cb 01       		.byte	0x1
 1256 00cc 11       		.uleb128 0x11
 1257 00cd 01       		.uleb128 0x1
 1258 00ce 12       		.uleb128 0x12
 1259 00cf 06       		.uleb128 0x6
 1260 00d0 00       		.byte	0
 1261 00d1 00       		.byte	0
 1262 00d2 12       		.uleb128 0x12
 1263 00d3 34       		.uleb128 0x34
 1264 00d4 00       		.byte	0
 1265 00d5 03       		.uleb128 0x3
 1266 00d6 08       		.uleb128 0x8
 1267 00d7 3A       		.uleb128 0x3a
 1268 00d8 0B       		.uleb128 0xb
 1269 00d9 3B       		.uleb128 0x3b
 1270 00da 0B       		.uleb128 0xb
 1271 00db 49       		.uleb128 0x49
 1272 00dc 13       		.uleb128 0x13
 1273 00dd 02       		.uleb128 0x2
 1274 00de 17       		.uleb128 0x17
 1275 00df 00       		.byte	0
 1276 00e0 00       		.byte	0
 1277 00e1 13       		.uleb128 0x13
 1278 00e2 898201   		.uleb128 0x4109
 1279 00e5 01       		.byte	0x1
 1280 00e6 11       		.uleb128 0x11
 1281 00e7 01       		.uleb128 0x1
 1282 00e8 9342     		.uleb128 0x2113
 1283 00ea 18       		.uleb128 0x18
 1284 00eb 00       		.byte	0
 1285 00ec 00       		.byte	0
 1286 00ed 14       		.uleb128 0x14
 1287 00ee 8A8201   		.uleb128 0x410a
 1288 00f1 00       		.byte	0
 1289 00f2 02       		.uleb128 0x2
 1290 00f3 18       		.uleb128 0x18
 1291 00f4 9142     		.uleb128 0x2111
 1292 00f6 18       		.uleb128 0x18
 1293 00f7 00       		.byte	0
 1294 00f8 00       		.byte	0
 1295 00f9 15       		.uleb128 0x15
 1296 00fa 05       		.uleb128 0x5
 1297 00fb 00       		.byte	0
 1298 00fc 03       		.uleb128 0x3
 1299 00fd 0E       		.uleb128 0xe
 1300 00fe 3A       		.uleb128 0x3a
 1301 00ff 0B       		.uleb128 0xb
 1302 0100 3B       		.uleb128 0x3b
 1303 0101 0B       		.uleb128 0xb
 1304 0102 49       		.uleb128 0x49
 1305 0103 13       		.uleb128 0x13
ARM GAS  C:\Users\Michi\AppData\Local\Temp\cc4qHAFs.s 			page 27


 1306 0104 02       		.uleb128 0x2
 1307 0105 17       		.uleb128 0x17
 1308 0106 00       		.byte	0
 1309 0107 00       		.byte	0
 1310 0108 16       		.uleb128 0x16
 1311 0109 05       		.uleb128 0x5
 1312 010a 00       		.byte	0
 1313 010b 03       		.uleb128 0x3
 1314 010c 08       		.uleb128 0x8
 1315 010d 3A       		.uleb128 0x3a
 1316 010e 0B       		.uleb128 0xb
 1317 010f 3B       		.uleb128 0x3b
 1318 0110 0B       		.uleb128 0xb
 1319 0111 49       		.uleb128 0x49
 1320 0112 13       		.uleb128 0x13
 1321 0113 02       		.uleb128 0x2
 1322 0114 18       		.uleb128 0x18
 1323 0115 00       		.byte	0
 1324 0116 00       		.byte	0
 1325 0117 17       		.uleb128 0x17
 1326 0118 2E       		.uleb128 0x2e
 1327 0119 01       		.byte	0x1
 1328 011a 3F       		.uleb128 0x3f
 1329 011b 19       		.uleb128 0x19
 1330 011c 03       		.uleb128 0x3
 1331 011d 0E       		.uleb128 0xe
 1332 011e 3A       		.uleb128 0x3a
 1333 011f 0B       		.uleb128 0xb
 1334 0120 3B       		.uleb128 0x3b
 1335 0121 0B       		.uleb128 0xb
 1336 0122 27       		.uleb128 0x27
 1337 0123 19       		.uleb128 0x19
 1338 0124 11       		.uleb128 0x11
 1339 0125 01       		.uleb128 0x1
 1340 0126 12       		.uleb128 0x12
 1341 0127 06       		.uleb128 0x6
 1342 0128 40       		.uleb128 0x40
 1343 0129 18       		.uleb128 0x18
 1344 012a 9742     		.uleb128 0x2117
 1345 012c 19       		.uleb128 0x19
 1346 012d 01       		.uleb128 0x1
 1347 012e 13       		.uleb128 0x13
 1348 012f 00       		.byte	0
 1349 0130 00       		.byte	0
 1350 0131 18       		.uleb128 0x18
 1351 0132 898201   		.uleb128 0x4109
 1352 0135 01       		.byte	0x1
 1353 0136 11       		.uleb128 0x11
 1354 0137 01       		.uleb128 0x1
 1355 0138 31       		.uleb128 0x31
 1356 0139 13       		.uleb128 0x13
 1357 013a 01       		.uleb128 0x1
 1358 013b 13       		.uleb128 0x13
 1359 013c 00       		.byte	0
 1360 013d 00       		.byte	0
 1361 013e 19       		.uleb128 0x19
 1362 013f 898201   		.uleb128 0x4109
ARM GAS  C:\Users\Michi\AppData\Local\Temp\cc4qHAFs.s 			page 28


 1363 0142 01       		.byte	0x1
 1364 0143 11       		.uleb128 0x11
 1365 0144 01       		.uleb128 0x1
 1366 0145 31       		.uleb128 0x31
 1367 0146 13       		.uleb128 0x13
 1368 0147 00       		.byte	0
 1369 0148 00       		.byte	0
 1370 0149 1A       		.uleb128 0x1a
 1371 014a 0B       		.uleb128 0xb
 1372 014b 01       		.byte	0x1
 1373 014c 11       		.uleb128 0x11
 1374 014d 01       		.uleb128 0x1
 1375 014e 12       		.uleb128 0x12
 1376 014f 06       		.uleb128 0x6
 1377 0150 01       		.uleb128 0x1
 1378 0151 13       		.uleb128 0x13
 1379 0152 00       		.byte	0
 1380 0153 00       		.byte	0
 1381 0154 1B       		.uleb128 0x1b
 1382 0155 898201   		.uleb128 0x4109
 1383 0158 01       		.byte	0x1
 1384 0159 11       		.uleb128 0x11
 1385 015a 01       		.uleb128 0x1
 1386 015b 9342     		.uleb128 0x2113
 1387 015d 18       		.uleb128 0x18
 1388 015e 01       		.uleb128 0x1
 1389 015f 13       		.uleb128 0x13
 1390 0160 00       		.byte	0
 1391 0161 00       		.byte	0
 1392 0162 1C       		.uleb128 0x1c
 1393 0163 898201   		.uleb128 0x4109
 1394 0166 00       		.byte	0
 1395 0167 11       		.uleb128 0x11
 1396 0168 01       		.uleb128 0x1
 1397 0169 31       		.uleb128 0x31
 1398 016a 13       		.uleb128 0x13
 1399 016b 00       		.byte	0
 1400 016c 00       		.byte	0
 1401 016d 1D       		.uleb128 0x1d
 1402 016e 34       		.uleb128 0x34
 1403 016f 00       		.byte	0
 1404 0170 03       		.uleb128 0x3
 1405 0171 08       		.uleb128 0x8
 1406 0172 3A       		.uleb128 0x3a
 1407 0173 0B       		.uleb128 0xb
 1408 0174 3B       		.uleb128 0x3b
 1409 0175 0B       		.uleb128 0xb
 1410 0176 49       		.uleb128 0x49
 1411 0177 13       		.uleb128 0x13
 1412 0178 02       		.uleb128 0x2
 1413 0179 18       		.uleb128 0x18
 1414 017a 00       		.byte	0
 1415 017b 00       		.byte	0
 1416 017c 1E       		.uleb128 0x1e
 1417 017d 898201   		.uleb128 0x4109
 1418 0180 01       		.byte	0x1
 1419 0181 11       		.uleb128 0x11
ARM GAS  C:\Users\Michi\AppData\Local\Temp\cc4qHAFs.s 			page 29


 1420 0182 01       		.uleb128 0x1
 1421 0183 01       		.uleb128 0x1
 1422 0184 13       		.uleb128 0x13
 1423 0185 00       		.byte	0
 1424 0186 00       		.byte	0
 1425 0187 1F       		.uleb128 0x1f
 1426 0188 898201   		.uleb128 0x4109
 1427 018b 01       		.byte	0x1
 1428 018c 11       		.uleb128 0x11
 1429 018d 01       		.uleb128 0x1
 1430 018e 00       		.byte	0
 1431 018f 00       		.byte	0
 1432 0190 20       		.uleb128 0x20
 1433 0191 34       		.uleb128 0x34
 1434 0192 00       		.byte	0
 1435 0193 03       		.uleb128 0x3
 1436 0194 0E       		.uleb128 0xe
 1437 0195 3A       		.uleb128 0x3a
 1438 0196 0B       		.uleb128 0xb
 1439 0197 3B       		.uleb128 0x3b
 1440 0198 0B       		.uleb128 0xb
 1441 0199 49       		.uleb128 0x49
 1442 019a 13       		.uleb128 0x13
 1443 019b 02       		.uleb128 0x2
 1444 019c 18       		.uleb128 0x18
 1445 019d 00       		.byte	0
 1446 019e 00       		.byte	0
 1447 019f 21       		.uleb128 0x21
 1448 01a0 26       		.uleb128 0x26
 1449 01a1 00       		.byte	0
 1450 01a2 49       		.uleb128 0x49
 1451 01a3 13       		.uleb128 0x13
 1452 01a4 00       		.byte	0
 1453 01a5 00       		.byte	0
 1454 01a6 22       		.uleb128 0x22
 1455 01a7 34       		.uleb128 0x34
 1456 01a8 00       		.byte	0
 1457 01a9 03       		.uleb128 0x3
 1458 01aa 0E       		.uleb128 0xe
 1459 01ab 3A       		.uleb128 0x3a
 1460 01ac 0B       		.uleb128 0xb
 1461 01ad 3B       		.uleb128 0x3b
 1462 01ae 0B       		.uleb128 0xb
 1463 01af 49       		.uleb128 0x49
 1464 01b0 13       		.uleb128 0x13
 1465 01b1 3F       		.uleb128 0x3f
 1466 01b2 19       		.uleb128 0x19
 1467 01b3 3C       		.uleb128 0x3c
 1468 01b4 19       		.uleb128 0x19
 1469 01b5 00       		.byte	0
 1470 01b6 00       		.byte	0
 1471 01b7 23       		.uleb128 0x23
 1472 01b8 2E       		.uleb128 0x2e
 1473 01b9 00       		.byte	0
 1474 01ba 3F       		.uleb128 0x3f
 1475 01bb 19       		.uleb128 0x19
 1476 01bc 3C       		.uleb128 0x3c
ARM GAS  C:\Users\Michi\AppData\Local\Temp\cc4qHAFs.s 			page 30


 1477 01bd 19       		.uleb128 0x19
 1478 01be 6E       		.uleb128 0x6e
 1479 01bf 0E       		.uleb128 0xe
 1480 01c0 03       		.uleb128 0x3
 1481 01c1 0E       		.uleb128 0xe
 1482 01c2 3A       		.uleb128 0x3a
 1483 01c3 0B       		.uleb128 0xb
 1484 01c4 3B       		.uleb128 0x3b
 1485 01c5 0B       		.uleb128 0xb
 1486 01c6 00       		.byte	0
 1487 01c7 00       		.byte	0
 1488 01c8 00       		.byte	0
 1489              		.section	.debug_loc,"",%progbits
 1490              	.Ldebug_loc0:
 1491              	.LLST0:
 1492 0000 00000000 		.4byte	.LVL0
 1493 0004 08000000 		.4byte	.LVL2
 1494 0008 0100     		.2byte	0x1
 1495 000a 50       		.byte	0x50
 1496 000b 08000000 		.4byte	.LVL2
 1497 000f 24000000 		.4byte	.LFE0
 1498 0013 0400     		.2byte	0x4
 1499 0015 F3       		.byte	0xf3
 1500 0016 01       		.uleb128 0x1
 1501 0017 50       		.byte	0x50
 1502 0018 9F       		.byte	0x9f
 1503 0019 00000000 		.4byte	0
 1504 001d 00000000 		.4byte	0
 1505              	.LLST1:
 1506 0021 04000000 		.4byte	.LVL1
 1507 0025 08000000 		.4byte	.LVL2
 1508 0029 0200     		.2byte	0x2
 1509 002b 30       		.byte	0x30
 1510 002c 9F       		.byte	0x9f
 1511 002d 08000000 		.4byte	.LVL2
 1512 0031 16000000 		.4byte	.LVL4
 1513 0035 0100     		.2byte	0x1
 1514 0037 54       		.byte	0x54
 1515 0038 18000000 		.4byte	.LVL5
 1516 003c 1E000000 		.4byte	.LVL6
 1517 0040 0100     		.2byte	0x1
 1518 0042 54       		.byte	0x54
 1519 0043 00000000 		.4byte	0
 1520 0047 00000000 		.4byte	0
 1521              	.LLST2:
 1522 004b 00000000 		.4byte	.LVL7
 1523 004f 08000000 		.4byte	.LVL9
 1524 0053 0100     		.2byte	0x1
 1525 0055 50       		.byte	0x50
 1526 0056 08000000 		.4byte	.LVL9
 1527 005a 24000000 		.4byte	.LFE1
 1528 005e 0400     		.2byte	0x4
 1529 0060 F3       		.byte	0xf3
 1530 0061 01       		.uleb128 0x1
 1531 0062 50       		.byte	0x50
 1532 0063 9F       		.byte	0x9f
 1533 0064 00000000 		.4byte	0
ARM GAS  C:\Users\Michi\AppData\Local\Temp\cc4qHAFs.s 			page 31


 1534 0068 00000000 		.4byte	0
 1535              	.LLST3:
 1536 006c 04000000 		.4byte	.LVL8
 1537 0070 08000000 		.4byte	.LVL9
 1538 0074 0200     		.2byte	0x2
 1539 0076 30       		.byte	0x30
 1540 0077 9F       		.byte	0x9f
 1541 0078 08000000 		.4byte	.LVL9
 1542 007c 18000000 		.4byte	.LVL11
 1543 0080 0100     		.2byte	0x1
 1544 0082 54       		.byte	0x54
 1545 0083 1A000000 		.4byte	.LVL12
 1546 0087 20000000 		.4byte	.LVL13
 1547 008b 0100     		.2byte	0x1
 1548 008d 54       		.byte	0x54
 1549 008e 00000000 		.4byte	0
 1550 0092 00000000 		.4byte	0
 1551              	.LLST4:
 1552 0096 00000000 		.4byte	.LVL14
 1553 009a 08000000 		.4byte	.LVL15
 1554 009e 0100     		.2byte	0x1
 1555 00a0 50       		.byte	0x50
 1556 00a1 08000000 		.4byte	.LVL15
 1557 00a5 0C000000 		.4byte	.LFE2
 1558 00a9 0400     		.2byte	0x4
 1559 00ab F3       		.byte	0xf3
 1560 00ac 01       		.uleb128 0x1
 1561 00ad 50       		.byte	0x50
 1562 00ae 9F       		.byte	0x9f
 1563 00af 00000000 		.4byte	0
 1564 00b3 00000000 		.4byte	0
 1565              	.LLST5:
 1566 00b7 0C000000 		.4byte	.LVL19
 1567 00bb 10000000 		.4byte	.LVL20
 1568 00bf 0200     		.2byte	0x2
 1569 00c1 30       		.byte	0x30
 1570 00c2 9F       		.byte	0x9f
 1571 00c3 10000000 		.4byte	.LVL20
 1572 00c7 2A000000 		.4byte	.LVL24
 1573 00cb 0100     		.2byte	0x1
 1574 00cd 54       		.byte	0x54
 1575 00ce 2C000000 		.4byte	.LVL25
 1576 00d2 32000000 		.4byte	.LVL26
 1577 00d6 0100     		.2byte	0x1
 1578 00d8 54       		.byte	0x54
 1579 00d9 00000000 		.4byte	0
 1580 00dd 00000000 		.4byte	0
 1581              	.LLST6:
 1582 00e1 08000000 		.4byte	.LVL27
 1583 00e5 0C000000 		.4byte	.LVL28
 1584 00e9 0200     		.2byte	0x2
 1585 00eb 30       		.byte	0x30
 1586 00ec 9F       		.byte	0x9f
 1587 00ed 0C000000 		.4byte	.LVL28
 1588 00f1 22000000 		.4byte	.LVL31
 1589 00f5 0100     		.2byte	0x1
 1590 00f7 54       		.byte	0x54
ARM GAS  C:\Users\Michi\AppData\Local\Temp\cc4qHAFs.s 			page 32


 1591 00f8 24000000 		.4byte	.LVL32
 1592 00fc 2A000000 		.4byte	.LVL33
 1593 0100 0100     		.2byte	0x1
 1594 0102 54       		.byte	0x54
 1595 0103 00000000 		.4byte	0
 1596 0107 00000000 		.4byte	0
 1597              	.LLST7:
 1598 010b 0E000000 		.4byte	.LVL35
 1599 010f 12000000 		.4byte	.LVL36
 1600 0113 0200     		.2byte	0x2
 1601 0115 30       		.byte	0x30
 1602 0116 9F       		.byte	0x9f
 1603 0117 12000000 		.4byte	.LVL36
 1604 011b 4A000000 		.4byte	.LVL41
 1605 011f 0100     		.2byte	0x1
 1606 0121 54       		.byte	0x54
 1607 0122 00000000 		.4byte	0
 1608 0126 00000000 		.4byte	0
 1609              		.section	.debug_aranges,"",%progbits
 1610 0000 4C000000 		.4byte	0x4c
 1611 0004 0200     		.2byte	0x2
 1612 0006 00000000 		.4byte	.Ldebug_info0
 1613 000a 04       		.byte	0x4
 1614 000b 00       		.byte	0
 1615 000c 0000     		.2byte	0
 1616 000e 0000     		.2byte	0
 1617 0010 00000000 		.4byte	.LFB0
 1618 0014 24000000 		.4byte	.LFE0-.LFB0
 1619 0018 00000000 		.4byte	.LFB1
 1620 001c 24000000 		.4byte	.LFE1-.LFB1
 1621 0020 00000000 		.4byte	.LFB2
 1622 0024 0C000000 		.4byte	.LFE2-.LFB2
 1623 0028 00000000 		.4byte	.LFB3
 1624 002c 10000000 		.4byte	.LFE3-.LFB3
 1625 0030 00000000 		.4byte	.LFB4
 1626 0034 3C000000 		.4byte	.LFE4-.LFB4
 1627 0038 00000000 		.4byte	.LFB5
 1628 003c 30000000 		.4byte	.LFE5-.LFB5
 1629 0040 00000000 		.4byte	.LFB6
 1630 0044 54000000 		.4byte	.LFE6-.LFB6
 1631 0048 00000000 		.4byte	0
 1632 004c 00000000 		.4byte	0
 1633              		.section	.debug_ranges,"",%progbits
 1634              	.Ldebug_ranges0:
 1635 0000 00000000 		.4byte	.LFB0
 1636 0004 24000000 		.4byte	.LFE0
 1637 0008 00000000 		.4byte	.LFB1
 1638 000c 24000000 		.4byte	.LFE1
 1639 0010 00000000 		.4byte	.LFB2
 1640 0014 0C000000 		.4byte	.LFE2
 1641 0018 00000000 		.4byte	.LFB3
 1642 001c 10000000 		.4byte	.LFE3
 1643 0020 00000000 		.4byte	.LFB4
 1644 0024 3C000000 		.4byte	.LFE4
 1645 0028 00000000 		.4byte	.LFB5
 1646 002c 30000000 		.4byte	.LFE5
 1647 0030 00000000 		.4byte	.LFB6
ARM GAS  C:\Users\Michi\AppData\Local\Temp\cc4qHAFs.s 			page 33


 1648 0034 54000000 		.4byte	.LFE6
 1649 0038 00000000 		.4byte	0
 1650 003c 00000000 		.4byte	0
 1651              		.section	.debug_line,"",%progbits
 1652              	.Ldebug_line0:
 1653 0000 48020000 		.section	.debug_str,"MS",%progbits,1
 1653      02005201 
 1653      00000201 
 1653      FB0E0D00 
 1653      01010101 
 1654              	.LASF35:
 1655 0000 44454C41 		.ascii	"DELAY\000"
 1655      5900
 1656              	.LASF6:
 1657 0006 5F5F7569 		.ascii	"__uint8_t\000"
 1657      6E74385F 
 1657      7400
 1658              	.LASF31:
 1659 0010 73686170 		.ascii	"shape_squares\000"
 1659      655F7371 
 1659      75617265 
 1659      7300
 1660              	.LASF18:
 1661 001e 48494748 		.ascii	"HIGH\000"
 1661      00
 1662              	.LASF19:
 1663 0023 6C657665 		.ascii	"level\000"
 1663      6C00
 1664              	.LASF9:
 1665 0029 6C6F6E67 		.ascii	"long int\000"
 1665      20696E74 
 1665      00
 1666              	.LASF17:
 1667 0032 646F7562 		.ascii	"double\000"
 1667      6C6500
 1668              	.LASF16:
 1669 0039 666C6F61 		.ascii	"float\000"
 1669      7400
 1670              	.LASF4:
 1671 003f 756E7369 		.ascii	"unsigned char\000"
 1671      676E6564 
 1671      20636861 
 1671      7200
 1672              	.LASF32:
 1673 004d 474E5520 		.ascii	"GNU C11 5.4.1 20160609 (release) [ARM/embedded-5-br"
 1673      43313120 
 1673      352E342E 
 1673      31203230 
 1673      31363036 
 1674 0080 616E6368 		.ascii	"anch revision 237715] -mcpu=cortex-m3 -mthumb -g -O"
 1674      20726576 
 1674      6973696F 
 1674      6E203233 
 1674      37373135 
 1675 00b3 67202D66 		.ascii	"g -ffunction-sections -ffat-lto-objects\000"
 1675      66756E63 
 1675      74696F6E 
ARM GAS  C:\Users\Michi\AppData\Local\Temp\cc4qHAFs.s 			page 34


 1675      2D736563 
 1675      74696F6E 
 1676              	.LASF33:
 1677 00db 646F745F 		.ascii	"dot_matrix.c\000"
 1677      6D617472 
 1677      69782E63 
 1677      00
 1678              	.LASF10:
 1679 00e8 6C6F6E67 		.ascii	"long unsigned int\000"
 1679      20756E73 
 1679      69676E65 
 1679      6420696E 
 1679      7400
 1680              	.LASF8:
 1681 00fa 73686F72 		.ascii	"short unsigned int\000"
 1681      7420756E 
 1681      7369676E 
 1681      65642069 
 1681      6E7400
 1682              	.LASF24:
 1683 010d 6765745F 		.ascii	"get_arr_coordinates\000"
 1683      6172725F 
 1683      636F6F72 
 1683      64696E61 
 1683      74657300 
 1684              	.LASF23:
 1685 0121 726F7773 		.ascii	"rows_set_state\000"
 1685      5F736574 
 1685      5F737461 
 1685      746500
 1686              	.LASF7:
 1687 0130 5F5F7569 		.ascii	"__uint16_t\000"
 1687      6E743136 
 1687      5F7400
 1688              	.LASF34:
 1689 013b 443A5C53 		.ascii	"D:\\Source\\Repos\\DotMatrix\\GPIO\\GPIO.cydsn\000"
 1689      6F757263 
 1689      655C5265 
 1689      706F735C 
 1689      446F744D 
 1690              	.LASF0:
 1691 0165 756E7369 		.ascii	"unsigned int\000"
 1691      676E6564 
 1691      20696E74 
 1691      00
 1692              	.LASF21:
 1693 0172 646F745F 		.ascii	"dot_matrix\000"
 1693      6D617472 
 1693      697800
 1694              	.LASF11:
 1695 017d 6C6F6E67 		.ascii	"long long unsigned int\000"
 1695      206C6F6E 
 1695      6720756E 
 1695      7369676E 
 1695      65642069 
 1696              	.LASF14:
 1697 0194 75696E74 		.ascii	"uint8_t\000"
ARM GAS  C:\Users\Michi\AppData\Local\Temp\cc4qHAFs.s 			page 35


 1697      385F7400 
 1698              	.LASF20:
 1699 019c 70696E5F 		.ascii	"pin_write\000"
 1699      77726974 
 1699      6500
 1700              	.LASF29:
 1701 01a6 64726177 		.ascii	"draw_squares\000"
 1701      5F737175 
 1701      61726573 
 1701      00
 1702              	.LASF12:
 1703 01b3 73697A65 		.ascii	"sizetype\000"
 1703      74797065 
 1703      00
 1704              	.LASF1:
 1705 01bc 6C6F6E67 		.ascii	"long long int\000"
 1705      206C6F6E 
 1705      6720696E 
 1705      7400
 1706              	.LASF13:
 1707 01ca 63686172 		.ascii	"char\000"
 1707      00
 1708              	.LASF30:
 1709 01cf 6D617472 		.ascii	"matrix\000"
 1709      697800
 1710              	.LASF25:
 1711 01d6 696E6465 		.ascii	"index\000"
 1711      7800
 1712              	.LASF5:
 1713 01dc 73686F72 		.ascii	"short int\000"
 1713      7420696E 
 1713      7400
 1714              	.LASF15:
 1715 01e6 75696E74 		.ascii	"uint16_t\000"
 1715      31365F74 
 1715      00
 1716              	.LASF28:
 1717 01ef 73776565 		.ascii	"sweep_vertical\000"
 1717      705F7665 
 1717      72746963 
 1717      616C00
 1718              	.LASF26:
 1719 01fe 72657365 		.ascii	"reset_matrix\000"
 1719      745F6D61 
 1719      74726978 
 1719      00
 1720              	.LASF27:
 1721 020b 73776565 		.ascii	"sweep_horizontal\000"
 1721      705F686F 
 1721      72697A6F 
 1721      6E74616C 
 1721      00
 1722              	.LASF22:
 1723 021c 636F6C75 		.ascii	"columns_set_state\000"
 1723      6D6E735F 
 1723      7365745F 
 1723      73746174 
ARM GAS  C:\Users\Michi\AppData\Local\Temp\cc4qHAFs.s 			page 36


 1723      6500
 1724              	.LASF2:
 1725 022e 6C6F6E67 		.ascii	"long double\000"
 1725      20646F75 
 1725      626C6500 
 1726              	.LASF3:
 1727 023a 7369676E 		.ascii	"signed char\000"
 1727      65642063 
 1727      68617200 
 1728              	.LASF36:
 1729 0246 43794465 		.ascii	"CyDelay\000"
 1729      6C617900 
 1730              		.ident	"GCC: (GNU Tools for ARM Embedded Processors) 5.4.1 20160609 (release) [ARM/embedded-5-bran
