ARM GAS  C:\Users\hasel\AppData\Local\Temp\ccOsz6mb.s 			page 1


   1              		.syntax unified
   2              		.cpu cortex-m3
   3              		.fpu softvfp
   4              		.eabi_attribute 20, 1
   5              		.eabi_attribute 21, 1
   6              		.eabi_attribute 23, 3
   7              		.eabi_attribute 24, 1
   8              		.eabi_attribute 25, 1
   9              		.eabi_attribute 26, 1
  10              		.eabi_attribute 30, 1
  11              		.eabi_attribute 34, 1
  12              		.eabi_attribute 18, 4
  13              		.thumb
  14              		.syntax unified
  15              		.file	"cymetadata.c"
  16              		.text
  17              	.Ltext0:
  18              		.cfi_sections	.debug_frame
  19              		.global	cy_metadata
  20              		.global	cy_meta_flashprotect
  21              		.global	cy_meta_wonvl
  22              		.global	cy_meta_custnvl
  23              		.global	cy_meta_configecc
  24              		.section	.cyconfigecc,"a",%progbits
  25              		.align	2
  26              		.type	cy_meta_configecc, %object
  27              		.size	cy_meta_configecc, 472
  28              	cy_meta_configecc:
  29 0000 03       		.byte	3
  30 0001 52       		.byte	82
  31 0002 00       		.byte	0
  32 0003 40       		.byte	64
  33 0004 01       		.byte	1
  34 0005 65       		.byte	101
  35 0006 00       		.byte	0
  36 0007 40       		.byte	64
  37 0008 01       		.byte	1
  38 0009 05       		.byte	5
  39 000a 01       		.byte	1
  40 000b 40       		.byte	64
  41 000c 01       		.byte	1
  42 000d 0B       		.byte	11
  43 000e 01       		.byte	1
  44 000f 40       		.byte	64
  45 0010 01       		.byte	1
  46 0011 15       		.byte	21
  47 0012 01       		.byte	1
  48 0013 40       		.byte	64
  49 0014 59       		.byte	89
  50 0015 1A       		.byte	26
  51 0016 01       		.byte	1
  52 0017 40       		.byte	64
  53 0018 31       		.byte	49
  54 0019 1B       		.byte	27
  55 001a 01       		.byte	1
  56 001b 40       		.byte	64
  57 001c 02       		.byte	2
ARM GAS  C:\Users\hasel\AppData\Local\Temp\ccOsz6mb.s 			page 2


  58 001d 40       		.byte	64
  59 001e 01       		.byte	1
  60 001f 40       		.byte	64
  61 0020 01       		.byte	1
  62 0021 41       		.byte	65
  63 0022 01       		.byte	1
  64 0023 40       		.byte	64
  65 0024 04       		.byte	4
  66 0025 42       		.byte	66
  67 0026 01       		.byte	1
  68 0027 40       		.byte	64
  69 0028 02       		.byte	2
  70 0029 43       		.byte	67
  71 002a 01       		.byte	1
  72 002b 40       		.byte	64
  73 002c 02       		.byte	2
  74 002d 45       		.byte	69
  75 002e 01       		.byte	1
  76 002f 40       		.byte	64
  77 0030 01       		.byte	1
  78 0031 46       		.byte	70
  79 0032 01       		.byte	1
  80 0033 40       		.byte	64
  81 0034 02       		.byte	2
  82 0035 48       		.byte	72
  83 0036 01       		.byte	1
  84 0037 40       		.byte	64
  85 0038 05       		.byte	5
  86 0039 49       		.byte	73
  87 003a 01       		.byte	1
  88 003b 40       		.byte	64
  89 003c 02       		.byte	2
  90 003d 4C       		.byte	76
  91 003e 01       		.byte	1
  92 003f 40       		.byte	64
  93 0040 04       		.byte	4
  94 0041 4D       		.byte	77
  95 0042 01       		.byte	1
  96 0043 40       		.byte	64
  97 0044 02       		.byte	2
  98 0045 50       		.byte	80
  99 0046 01       		.byte	1
 100 0047 40       		.byte	64
 101 0048 01       		.byte	1
 102 0049 51       		.byte	81
 103 004a 01       		.byte	1
 104 004b 40       		.byte	64
 105 004c 18       		.byte	24
 106 004d 80       		.byte	-128
 107 004e 19       		.byte	25
 108 004f 80       		.byte	-128
 109 0050 61       		.byte	97
 110 0051 80       		.byte	-128
 111 0052 8A       		.byte	-118
 112 0053 0F       		.byte	15
 113 0054 EE       		.byte	-18
 114 0055 08       		.byte	8
ARM GAS  C:\Users\hasel\AppData\Local\Temp\ccOsz6mb.s 			page 3


 115 0056 EE       		.byte	-18
 116 0057 08       		.byte	8
 117 0058 EE       		.byte	-18
 118 0059 08       		.byte	8
 119 005a 00       		.byte	0
 120 005b 03       		.byte	3
 121 005c 01       		.byte	1
 122 005d 10       		.byte	16
 123 005e 02       		.byte	2
 124 005f 1C       		.byte	28
 125 0060 06       		.byte	6
 126 0061 28       		.byte	40
 127 0062 07       		.byte	7
 128 0063 20       		.byte	32
 129 0064 08       		.byte	8
 130 0065 03       		.byte	3
 131 0066 0A       		.byte	10
 132 0067 34       		.byte	52
 133 0068 0D       		.byte	13
 134 0069 14       		.byte	20
 135 006a 10       		.byte	16
 136 006b 80       		.byte	-128
 137 006c 13       		.byte	19
 138 006d 03       		.byte	3
 139 006e 14       		.byte	20
 140 006f 2A       		.byte	42
 141 0070 15       		.byte	21
 142 0071 1C       		.byte	28
 143 0072 16       		.byte	22
 144 0073 14       		.byte	20
 145 0074 17       		.byte	23
 146 0075 22       		.byte	34
 147 0076 18       		.byte	24
 148 0077 40       		.byte	64
 149 0078 19       		.byte	25
 150 0079 09       		.byte	9
 151 007a 1B       		.byte	27
 152 007b 10       		.byte	16
 153 007c 1E       		.byte	30
 154 007d 20       		.byte	32
 155 007e 21       		.byte	33
 156 007f 30       		.byte	48
 157 0080 23       		.byte	35
 158 0081 0C       		.byte	12
 159 0082 25       		.byte	37
 160 0083 2C       		.byte	44
 161 0084 26       		.byte	38
 162 0085 15       		.byte	21
 163 0086 27       		.byte	39
 164 0087 11       		.byte	17
 165 0088 28       		.byte	40
 166 0089 03       		.byte	3
 167 008a 2A       		.byte	42
 168 008b 04       		.byte	4
 169 008c 2B       		.byte	43
 170 008d 20       		.byte	32
 171 008e 30       		.byte	48
ARM GAS  C:\Users\hasel\AppData\Local\Temp\ccOsz6mb.s 			page 4


 172 008f 80       		.byte	-128
 173 0090 31       		.byte	49
 174 0091 1F       		.byte	31
 175 0092 32       		.byte	50
 176 0093 38       		.byte	56
 177 0094 34       		.byte	52
 178 0095 40       		.byte	64
 179 0096 36       		.byte	54
 180 0097 0F       		.byte	15
 181 0098 37       		.byte	55
 182 0099 20       		.byte	32
 183 009a 3A       		.byte	58
 184 009b 88       		.byte	-120
 185 009c 3E       		.byte	62
 186 009d 11       		.byte	17
 187 009e 3F       		.byte	63
 188 009f 40       		.byte	64
 189 00a0 40       		.byte	64
 190 00a1 12       		.byte	18
 191 00a2 41       		.byte	65
 192 00a3 03       		.byte	3
 193 00a4 45       		.byte	69
 194 00a5 0E       		.byte	14
 195 00a6 46       		.byte	70
 196 00a7 0B       		.byte	11
 197 00a8 47       		.byte	71
 198 00a9 0C       		.byte	12
 199 00aa 48       		.byte	72
 200 00ab 15       		.byte	21
 201 00ac 49       		.byte	73
 202 00ad FF       		.byte	-1
 203 00ae 4A       		.byte	74
 204 00af FF       		.byte	-1
 205 00b0 4B       		.byte	75
 206 00b1 FF       		.byte	-1
 207 00b2 4E       		.byte	78
 208 00b3 F0       		.byte	-16
 209 00b4 4F       		.byte	79
 210 00b5 44       		.byte	68
 211 00b6 50       		.byte	80
 212 00b7 0C       		.byte	12
 213 00b8 54       		.byte	84
 214 00b9 01       		.byte	1
 215 00ba 58       		.byte	88
 216 00bb 04       		.byte	4
 217 00bc 59       		.byte	89
 218 00bd 04       		.byte	4
 219 00be 5A       		.byte	90
 220 00bf 04       		.byte	4
 221 00c0 5B       		.byte	91
 222 00c1 04       		.byte	4
 223 00c2 5F       		.byte	95
 224 00c3 01       		.byte	1
 225 00c4 66       		.byte	102
 226 00c5 C0       		.byte	-64
 227 00c6 6A       		.byte	106
 228 00c7 40       		.byte	64
ARM GAS  C:\Users\hasel\AppData\Local\Temp\ccOsz6mb.s 			page 5


 229 00c8 6B       		.byte	107
 230 00c9 02       		.byte	2
 231 00ca 83       		.byte	-125
 232 00cb 08       		.byte	8
 233 00cc 85       		.byte	-123
 234 00cd 80       		.byte	-128
 235 00ce 87       		.byte	-121
 236 00cf 13       		.byte	19
 237 00d0 97       		.byte	-105
 238 00d1 0C       		.byte	12
 239 00d2 99       		.byte	-103
 240 00d3 2C       		.byte	44
 241 00d4 9B       		.byte	-101
 242 00d5 43       		.byte	67
 243 00d6 A1       		.byte	-95
 244 00d7 71       		.byte	113
 245 00d8 A3       		.byte	-93
 246 00d9 06       		.byte	6
 247 00da A9       		.byte	-87
 248 00db 71       		.byte	113
 249 00dc AB       		.byte	-85
 250 00dd 0E       		.byte	14
 251 00de B1       		.byte	-79
 252 00df 30       		.byte	48
 253 00e0 B3       		.byte	-77
 254 00e1 0F       		.byte	15
 255 00e2 B5       		.byte	-75
 256 00e3 C0       		.byte	-64
 257 00e4 B9       		.byte	-71
 258 00e5 22       		.byte	34
 259 00e6 BB       		.byte	-69
 260 00e7 08       		.byte	8
 261 00e8 BF       		.byte	-65
 262 00e9 01       		.byte	1
 263 00ea C0       		.byte	-64
 264 00eb 01       		.byte	1
 265 00ec C5       		.byte	-59
 266 00ed 40       		.byte	64
 267 00ee C9       		.byte	-55
 268 00ef FF       		.byte	-1
 269 00f0 CA       		.byte	-54
 270 00f1 07       		.byte	7
 271 00f2 CB       		.byte	-53
 272 00f3 FF       		.byte	-1
 273 00f4 CC       		.byte	-52
 274 00f5 40       		.byte	64
 275 00f6 CD       		.byte	-51
 276 00f7 20       		.byte	32
 277 00f8 CE       		.byte	-50
 278 00f9 F0       		.byte	-16
 279 00fa CF       		.byte	-49
 280 00fb 05       		.byte	5
 281 00fc D0       		.byte	-48
 282 00fd 08       		.byte	8
 283 00fe D9       		.byte	-39
 284 00ff 04       		.byte	4
 285 0100 DA       		.byte	-38
ARM GAS  C:\Users\hasel\AppData\Local\Temp\ccOsz6mb.s 			page 6


 286 0101 04       		.byte	4
 287 0102 DF       		.byte	-33
 288 0103 01       		.byte	1
 289 0104 E0       		.byte	-32
 290 0105 40       		.byte	64
 291 0106 E1       		.byte	-31
 292 0107 A8       		.byte	-88
 293 0108 E2       		.byte	-30
 294 0109 40       		.byte	64
 295 010a E3       		.byte	-29
 296 010b 20       		.byte	32
 297 010c 00       		.byte	0
 298 010d 04       		.byte	4
 299 010e 03       		.byte	3
 300 010f 88       		.byte	-120
 301 0110 09       		.byte	9
 302 0111 0A       		.byte	10
 303 0112 0B       		.byte	11
 304 0113 05       		.byte	5
 305 0114 10       		.byte	16
 306 0115 28       		.byte	40
 307 0116 13       		.byte	19
 308 0117 20       		.byte	32
 309 0118 18       		.byte	24
 310 0119 40       		.byte	64
 311 011a 19       		.byte	25
 312 011b 04       		.byte	4
 313 011c 1A       		.byte	26
 314 011d 04       		.byte	4
 315 011e 1B       		.byte	27
 316 011f 88       		.byte	-120
 317 0120 21       		.byte	33
 318 0121 02       		.byte	2
 319 0122 22       		.byte	34
 320 0123 40       		.byte	64
 321 0124 24       		.byte	36
 322 0125 04       		.byte	4
 323 0126 25       		.byte	37
 324 0127 08       		.byte	8
 325 0128 26       		.byte	38
 326 0129 20       		.byte	32
 327 012a 27       		.byte	39
 328 012b 58       		.byte	88
 329 012c 29       		.byte	41
 330 012d 04       		.byte	4
 331 012e 2B       		.byte	43
 332 012f 84       		.byte	-124
 333 0130 2F       		.byte	47
 334 0131 88       		.byte	-120
 335 0132 31       		.byte	49
 336 0133 0A       		.byte	10
 337 0134 32       		.byte	50
 338 0135 20       		.byte	32
 339 0136 37       		.byte	55
 340 0137 18       		.byte	24
 341 0138 38       		.byte	56
 342 0139 88       		.byte	-120
ARM GAS  C:\Users\hasel\AppData\Local\Temp\ccOsz6mb.s 			page 7


 343 013a 3B       		.byte	59
 344 013b 01       		.byte	1
 345 013c 3E       		.byte	62
 346 013d 08       		.byte	8
 347 013e 3F       		.byte	63
 348 013f 09       		.byte	9
 349 0140 42       		.byte	66
 350 0141 08       		.byte	8
 351 0142 43       		.byte	67
 352 0143 88       		.byte	-120
 353 0144 47       		.byte	71
 354 0145 40       		.byte	64
 355 0146 4B       		.byte	75
 356 0147 04       		.byte	4
 357 0148 4C       		.byte	76
 358 0149 20       		.byte	32
 359 014a 4F       		.byte	79
 360 014b 09       		.byte	9
 361 014c 50       		.byte	80
 362 014d 4C       		.byte	76
 363 014e 58       		.byte	88
 364 014f 01       		.byte	1
 365 0150 5A       		.byte	90
 366 0151 84       		.byte	-124
 367 0152 5B       		.byte	91
 368 0153 20       		.byte	32
 369 0154 80       		.byte	-128
 370 0155 40       		.byte	64
 371 0156 84       		.byte	-124
 372 0157 01       		.byte	1
 373 0158 87       		.byte	-121
 374 0159 04       		.byte	4
 375 015a C0       		.byte	-64
 376 015b 0E       		.byte	14
 377 015c C2       		.byte	-62
 378 015d 0F       		.byte	15
 379 015e C4       		.byte	-60
 380 015f 06       		.byte	6
 381 0160 CA       		.byte	-54
 382 0161 A7       		.byte	-89
 383 0162 CC       		.byte	-52
 384 0163 67       		.byte	103
 385 0164 CE       		.byte	-50
 386 0165 CB       		.byte	-53
 387 0166 D0       		.byte	-48
 388 0167 1E       		.byte	30
 389 0168 D6       		.byte	-42
 390 0169 0F       		.byte	15
 391 016a E4       		.byte	-28
 392 016b 04       		.byte	4
 393 016c EE       		.byte	-18
 394 016d 08       		.byte	8
 395 016e 33       		.byte	51
 396 016f 20       		.byte	32
 397 0170 CC       		.byte	-52
 398 0171 10       		.byte	16
 399 0172 A7       		.byte	-89
ARM GAS  C:\Users\hasel\AppData\Local\Temp\ccOsz6mb.s 			page 8


 400 0173 20       		.byte	32
 401 0174 93       		.byte	-109
 402 0175 08       		.byte	8
 403 0176 A7       		.byte	-89
 404 0177 20       		.byte	32
 405 0178 AF       		.byte	-81
 406 0179 04       		.byte	4
 407 017a EE       		.byte	-18
 408 017b 10       		.byte	16
 409 017c 93       		.byte	-109
 410 017d 08       		.byte	8
 411 017e A7       		.byte	-89
 412 017f 20       		.byte	32
 413 0180 0F       		.byte	15
 414 0181 02       		.byte	2
 415 0182 C2       		.byte	-62
 416 0183 01       		.byte	1
 417 0184 AF       		.byte	-81
 418 0185 01       		.byte	1
 419 0186 93       		.byte	-109
 420 0187 08       		.byte	8
 421 0188 A7       		.byte	-89
 422 0189 20       		.byte	32
 423 018a 67       		.byte	103
 424 018b 08       		.byte	8
 425 018c 93       		.byte	-109
 426 018d 08       		.byte	8
 427 018e AF       		.byte	-81
 428 018f 20       		.byte	32
 429 0190 D8       		.byte	-40
 430 0191 80       		.byte	-128
 431 0192 EE       		.byte	-18
 432 0193 10       		.byte	16
 433 0194 1F       		.byte	31
 434 0195 80       		.byte	-128
 435 0196 C6       		.byte	-58
 436 0197 01       		.byte	1
 437 0198 70       		.byte	112
 438 0199 01       		.byte	1
 439 019a 80       		.byte	-128
 440 019b 01       		.byte	1
 441 019c AF       		.byte	-81
 442 019d 80       		.byte	-128
 443 019e DC       		.byte	-36
 444 019f 01       		.byte	1
 445 01a0 10       		.byte	16
 446 01a1 01       		.byte	1
 447 01a2 1C       		.byte	28
 448 01a3 01       		.byte	1
 449 01a4 00       		.byte	0
 450 01a5 03       		.byte	3
 451 01a6 00       		.byte	0
 452 01a7 00       		.byte	0
 453 01a8 00       		.byte	0
 454 01a9 00       		.byte	0
 455 01aa 00       		.byte	0
 456 01ab 00       		.byte	0
ARM GAS  C:\Users\hasel\AppData\Local\Temp\ccOsz6mb.s 			page 9


 457 01ac 00       		.byte	0
 458 01ad 00       		.byte	0
 459 01ae 04       		.byte	4
 460 01af 00       		.byte	0
 461 01b0 80       		.byte	-128
 462 01b1 00       		.byte	0
 463 01b2 00       		.byte	0
 464 01b3 80       		.byte	-128
 465 01b4 80       		.byte	-128
 466 01b5 00       		.byte	0
 467 01b6 80       		.byte	-128
 468 01b7 00       		.byte	0
 469 01b8 00       		.byte	0
 470 01b9 00       		.byte	0
 471 01ba 00       		.byte	0
 472 01bb 00       		.byte	0
 473 01bc 00       		.byte	0
 474 01bd 0B       		.byte	11
 475 01be 0B       		.byte	11
 476 01bf 00       		.byte	0
 477 01c0 00       		.byte	0
 478 01c1 00       		.byte	0
 479 01c2 00       		.byte	0
 480 01c3 00       		.byte	0
 481 01c4 80       		.byte	-128
 482 01c5 00       		.byte	0
 483 01c6 00       		.byte	0
 484 01c7 00       		.byte	0
 485 01c8 00       		.byte	0
 486 01c9 00       		.byte	0
 487 01ca 00       		.byte	0
 488 01cb 00       		.byte	0
 489 01cc 00       		.byte	0
 490 01cd 80       		.byte	-128
 491 01ce 80       		.byte	-128
 492 01cf 00       		.byte	0
 493 01d0 80       		.byte	-128
 494 01d1 00       		.byte	0
 495 01d2 00       		.byte	0
 496 01d3 00       		.byte	0
 497 01d4 01       		.byte	1
 498 01d5 00       		.byte	0
 499 01d6 18       		.byte	24
 500 01d7 01       		.byte	1
 501              		.section	.cywolatch,"a",%progbits
 502              		.align	2
 503              		.type	cy_meta_wonvl, %object
 504              		.size	cy_meta_wonvl, 4
 505              	cy_meta_wonvl:
 506 0000 BC       		.byte	-68
 507 0001 90       		.byte	-112
 508 0002 AC       		.byte	-84
 509 0003 AF       		.byte	-81
 510              		.section	.cycustnvl,"a",%progbits
 511              		.align	2
 512              		.type	cy_meta_custnvl, %object
 513              		.size	cy_meta_custnvl, 4
ARM GAS  C:\Users\hasel\AppData\Local\Temp\ccOsz6mb.s 			page 10


 514              	cy_meta_custnvl:
 515 0000 00       		.byte	0
 516 0001 00       		.byte	0
 517 0002 40       		.byte	64
 518 0003 05       		.byte	5
 519              		.section	.cymeta,"a",%progbits
 520              		.align	2
 521              		.type	cy_metadata, %object
 522              		.size	cy_metadata, 12
 523              	cy_metadata:
 524 0000 00       		.byte	0
 525 0001 01       		.byte	1
 526 0002 2E       		.byte	46
 527 0003 16       		.byte	22
 528 0004 10       		.byte	16
 529 0005 69       		.byte	105
 530 0006 00       		.byte	0
 531 0007 01       		.byte	1
 532 0008 00       		.byte	0
 533 0009 00       		.byte	0
 534 000a 00       		.byte	0
 535 000b 00       		.byte	0
 536              		.section	.cyflashprotect,"a",%progbits
 537              		.align	2
 538              		.type	cy_meta_flashprotect, %object
 539              		.size	cy_meta_flashprotect, 256
 540              	cy_meta_flashprotect:
 541 0000 00000000 		.space	256
 541      00000000 
 541      00000000 
 541      00000000 
 541      00000000 
 542              		.text
 543              	.Letext0:
 544              		.file 1 "c:\\program files (x86)\\cypress\\psoc creator\\4.4\\psoc creator\\import\\gnu\\arm\\5.4.
 545              		.file 2 "c:\\program files (x86)\\cypress\\psoc creator\\4.4\\psoc creator\\import\\gnu\\arm\\5.4.
 546              		.file 3 "Generated_Source\\PSoC5\\cymetadata.c"
 547              		.section	.debug_info,"",%progbits
 548              	.Ldebug_info0:
 549 0000 31010000 		.4byte	0x131
 550 0004 0400     		.2byte	0x4
 551 0006 00000000 		.4byte	.Ldebug_abbrev0
 552 000a 04       		.byte	0x4
 553 000b 01       		.uleb128 0x1
 554 000c 24000000 		.4byte	.LASF17
 555 0010 0C       		.byte	0xc
 556 0011 CA010000 		.4byte	.LASF18
 557 0015 B2000000 		.4byte	.LASF19
 558 0019 00000000 		.4byte	.Ldebug_line0
 559 001d 02       		.uleb128 0x2
 560 001e 01       		.byte	0x1
 561 001f 06       		.byte	0x6
 562 0020 BE010000 		.4byte	.LASF0
 563 0024 03       		.uleb128 0x3
 564 0025 00000000 		.4byte	.LASF9
 565 0029 01       		.byte	0x1
 566 002a 1D       		.byte	0x1d
ARM GAS  C:\Users\hasel\AppData\Local\Temp\ccOsz6mb.s 			page 11


 567 002b 2F000000 		.4byte	0x2f
 568 002f 02       		.uleb128 0x2
 569 0030 01       		.byte	0x1
 570 0031 08       		.byte	0x8
 571 0032 16000000 		.4byte	.LASF1
 572 0036 02       		.uleb128 0x2
 573 0037 02       		.byte	0x2
 574 0038 05       		.byte	0x5
 575 0039 AB010000 		.4byte	.LASF2
 576 003d 02       		.uleb128 0x2
 577 003e 02       		.byte	0x2
 578 003f 07       		.byte	0x7
 579 0040 10010000 		.4byte	.LASF3
 580 0044 02       		.uleb128 0x2
 581 0045 04       		.byte	0x4
 582 0046 05       		.byte	0x5
 583 0047 B5010000 		.4byte	.LASF4
 584 004b 02       		.uleb128 0x2
 585 004c 04       		.byte	0x4
 586 004d 07       		.byte	0x7
 587 004e FE000000 		.4byte	.LASF5
 588 0052 02       		.uleb128 0x2
 589 0053 08       		.byte	0x8
 590 0054 05       		.byte	0x5
 591 0055 9D010000 		.4byte	.LASF6
 592 0059 02       		.uleb128 0x2
 593 005a 08       		.byte	0x8
 594 005b 07       		.byte	0x7
 595 005c 52010000 		.4byte	.LASF7
 596 0060 04       		.uleb128 0x4
 597 0061 04       		.byte	0x4
 598 0062 05       		.byte	0x5
 599 0063 696E7400 		.ascii	"int\000"
 600 0067 02       		.uleb128 0x2
 601 0068 04       		.byte	0x4
 602 0069 07       		.byte	0x7
 603 006a 45010000 		.4byte	.LASF8
 604 006e 03       		.uleb128 0x3
 605 006f 69010000 		.4byte	.LASF10
 606 0073 02       		.byte	0x2
 607 0074 18       		.byte	0x18
 608 0075 24000000 		.4byte	0x24
 609 0079 05       		.uleb128 0x5
 610 007a 91000000 		.4byte	0x91
 611 007e 8A000000 		.4byte	0x8a
 612 0082 06       		.uleb128 0x6
 613 0083 8A000000 		.4byte	0x8a
 614 0087 D701     		.2byte	0x1d7
 615 0089 00       		.byte	0
 616 008a 02       		.uleb128 0x2
 617 008b 04       		.byte	0x4
 618 008c 07       		.byte	0x7
 619 008d 94010000 		.4byte	.LASF11
 620 0091 07       		.uleb128 0x7
 621 0092 6E000000 		.4byte	0x6e
 622 0096 08       		.uleb128 0x8
 623 0097 33010000 		.4byte	.LASF12
ARM GAS  C:\Users\hasel\AppData\Local\Temp\ccOsz6mb.s 			page 12


 624 009b 03       		.byte	0x3
 625 009c 1F       		.byte	0x1f
 626 009d A7000000 		.4byte	0xa7
 627 00a1 05       		.uleb128 0x5
 628 00a2 03       		.byte	0x3
 629 00a3 00000000 		.4byte	cy_meta_configecc
 630 00a7 07       		.uleb128 0x7
 631 00a8 79000000 		.4byte	0x79
 632 00ac 05       		.uleb128 0x5
 633 00ad 91000000 		.4byte	0x91
 634 00b1 BC000000 		.4byte	0xbc
 635 00b5 09       		.uleb128 0x9
 636 00b6 8A000000 		.4byte	0x8a
 637 00ba 03       		.byte	0x3
 638 00bb 00       		.byte	0
 639 00bc 08       		.uleb128 0x8
 640 00bd 23010000 		.4byte	.LASF13
 641 00c1 03       		.byte	0x3
 642 00c2 67       		.byte	0x67
 643 00c3 CD000000 		.4byte	0xcd
 644 00c7 05       		.uleb128 0x5
 645 00c8 03       		.byte	0x3
 646 00c9 00000000 		.4byte	cy_meta_custnvl
 647 00cd 07       		.uleb128 0x7
 648 00ce AC000000 		.4byte	0xac
 649 00d2 08       		.uleb128 0x8
 650 00d3 86010000 		.4byte	.LASF14
 651 00d7 03       		.byte	0x3
 652 00d8 75       		.byte	0x75
 653 00d9 E3000000 		.4byte	0xe3
 654 00dd 05       		.uleb128 0x5
 655 00de 03       		.byte	0x3
 656 00df 00000000 		.4byte	cy_meta_wonvl
 657 00e3 07       		.uleb128 0x7
 658 00e4 AC000000 		.4byte	0xac
 659 00e8 05       		.uleb128 0x5
 660 00e9 91000000 		.4byte	0x91
 661 00ed F8000000 		.4byte	0xf8
 662 00f1 09       		.uleb128 0x9
 663 00f2 8A000000 		.4byte	0x8a
 664 00f6 FF       		.byte	0xff
 665 00f7 00       		.byte	0
 666 00f8 08       		.uleb128 0x8
 667 00f9 71010000 		.4byte	.LASF15
 668 00fd 03       		.byte	0x3
 669 00fe 83       		.byte	0x83
 670 00ff 09010000 		.4byte	0x109
 671 0103 05       		.uleb128 0x5
 672 0104 03       		.byte	0x3
 673 0105 00000000 		.4byte	cy_meta_flashprotect
 674 0109 07       		.uleb128 0x7
 675 010a E8000000 		.4byte	0xe8
 676 010e 05       		.uleb128 0x5
 677 010f 91000000 		.4byte	0x91
 678 0113 1E010000 		.4byte	0x11e
 679 0117 09       		.uleb128 0x9
 680 0118 8A000000 		.4byte	0x8a
ARM GAS  C:\Users\hasel\AppData\Local\Temp\ccOsz6mb.s 			page 13


 681 011c 0B       		.byte	0xb
 682 011d 00       		.byte	0
 683 011e 08       		.uleb128 0x8
 684 011f 0A000000 		.4byte	.LASF16
 685 0123 03       		.byte	0x3
 686 0124 B0       		.byte	0xb0
 687 0125 2F010000 		.4byte	0x12f
 688 0129 05       		.uleb128 0x5
 689 012a 03       		.byte	0x3
 690 012b 00000000 		.4byte	cy_metadata
 691 012f 07       		.uleb128 0x7
 692 0130 0E010000 		.4byte	0x10e
 693 0134 00       		.byte	0
 694              		.section	.debug_abbrev,"",%progbits
 695              	.Ldebug_abbrev0:
 696 0000 01       		.uleb128 0x1
 697 0001 11       		.uleb128 0x11
 698 0002 01       		.byte	0x1
 699 0003 25       		.uleb128 0x25
 700 0004 0E       		.uleb128 0xe
 701 0005 13       		.uleb128 0x13
 702 0006 0B       		.uleb128 0xb
 703 0007 03       		.uleb128 0x3
 704 0008 0E       		.uleb128 0xe
 705 0009 1B       		.uleb128 0x1b
 706 000a 0E       		.uleb128 0xe
 707 000b 10       		.uleb128 0x10
 708 000c 17       		.uleb128 0x17
 709 000d 00       		.byte	0
 710 000e 00       		.byte	0
 711 000f 02       		.uleb128 0x2
 712 0010 24       		.uleb128 0x24
 713 0011 00       		.byte	0
 714 0012 0B       		.uleb128 0xb
 715 0013 0B       		.uleb128 0xb
 716 0014 3E       		.uleb128 0x3e
 717 0015 0B       		.uleb128 0xb
 718 0016 03       		.uleb128 0x3
 719 0017 0E       		.uleb128 0xe
 720 0018 00       		.byte	0
 721 0019 00       		.byte	0
 722 001a 03       		.uleb128 0x3
 723 001b 16       		.uleb128 0x16
 724 001c 00       		.byte	0
 725 001d 03       		.uleb128 0x3
 726 001e 0E       		.uleb128 0xe
 727 001f 3A       		.uleb128 0x3a
 728 0020 0B       		.uleb128 0xb
 729 0021 3B       		.uleb128 0x3b
 730 0022 0B       		.uleb128 0xb
 731 0023 49       		.uleb128 0x49
 732 0024 13       		.uleb128 0x13
 733 0025 00       		.byte	0
 734 0026 00       		.byte	0
 735 0027 04       		.uleb128 0x4
 736 0028 24       		.uleb128 0x24
 737 0029 00       		.byte	0
ARM GAS  C:\Users\hasel\AppData\Local\Temp\ccOsz6mb.s 			page 14


 738 002a 0B       		.uleb128 0xb
 739 002b 0B       		.uleb128 0xb
 740 002c 3E       		.uleb128 0x3e
 741 002d 0B       		.uleb128 0xb
 742 002e 03       		.uleb128 0x3
 743 002f 08       		.uleb128 0x8
 744 0030 00       		.byte	0
 745 0031 00       		.byte	0
 746 0032 05       		.uleb128 0x5
 747 0033 01       		.uleb128 0x1
 748 0034 01       		.byte	0x1
 749 0035 49       		.uleb128 0x49
 750 0036 13       		.uleb128 0x13
 751 0037 01       		.uleb128 0x1
 752 0038 13       		.uleb128 0x13
 753 0039 00       		.byte	0
 754 003a 00       		.byte	0
 755 003b 06       		.uleb128 0x6
 756 003c 21       		.uleb128 0x21
 757 003d 00       		.byte	0
 758 003e 49       		.uleb128 0x49
 759 003f 13       		.uleb128 0x13
 760 0040 2F       		.uleb128 0x2f
 761 0041 05       		.uleb128 0x5
 762 0042 00       		.byte	0
 763 0043 00       		.byte	0
 764 0044 07       		.uleb128 0x7
 765 0045 26       		.uleb128 0x26
 766 0046 00       		.byte	0
 767 0047 49       		.uleb128 0x49
 768 0048 13       		.uleb128 0x13
 769 0049 00       		.byte	0
 770 004a 00       		.byte	0
 771 004b 08       		.uleb128 0x8
 772 004c 34       		.uleb128 0x34
 773 004d 00       		.byte	0
 774 004e 03       		.uleb128 0x3
 775 004f 0E       		.uleb128 0xe
 776 0050 3A       		.uleb128 0x3a
 777 0051 0B       		.uleb128 0xb
 778 0052 3B       		.uleb128 0x3b
 779 0053 0B       		.uleb128 0xb
 780 0054 49       		.uleb128 0x49
 781 0055 13       		.uleb128 0x13
 782 0056 3F       		.uleb128 0x3f
 783 0057 19       		.uleb128 0x19
 784 0058 02       		.uleb128 0x2
 785 0059 18       		.uleb128 0x18
 786 005a 00       		.byte	0
 787 005b 00       		.byte	0
 788 005c 09       		.uleb128 0x9
 789 005d 21       		.uleb128 0x21
 790 005e 00       		.byte	0
 791 005f 49       		.uleb128 0x49
 792 0060 13       		.uleb128 0x13
 793 0061 2F       		.uleb128 0x2f
 794 0062 0B       		.uleb128 0xb
ARM GAS  C:\Users\hasel\AppData\Local\Temp\ccOsz6mb.s 			page 15


 795 0063 00       		.byte	0
 796 0064 00       		.byte	0
 797 0065 00       		.byte	0
 798              		.section	.debug_aranges,"",%progbits
 799 0000 14000000 		.4byte	0x14
 800 0004 0200     		.2byte	0x2
 801 0006 00000000 		.4byte	.Ldebug_info0
 802 000a 04       		.byte	0x4
 803 000b 00       		.byte	0
 804 000c 0000     		.2byte	0
 805 000e 0000     		.2byte	0
 806 0010 00000000 		.4byte	0
 807 0014 00000000 		.4byte	0
 808              		.section	.debug_line,"",%progbits
 809              	.Ldebug_line0:
 810 0000 3D010000 		.section	.debug_str,"MS",%progbits,1
 810      02003701 
 810      00000201 
 810      FB0E0D00 
 810      01010101 
 811              	.LASF9:
 812 0000 5F5F7569 		.ascii	"__uint8_t\000"
 812      6E74385F 
 812      7400
 813              	.LASF16:
 814 000a 63795F6D 		.ascii	"cy_metadata\000"
 814      65746164 
 814      61746100 
 815              	.LASF1:
 816 0016 756E7369 		.ascii	"unsigned char\000"
 816      676E6564 
 816      20636861 
 816      7200
 817              	.LASF17:
 818 0024 474E5520 		.ascii	"GNU C11 5.4.1 20160609 (release) [ARM/embedded-5-br"
 818      43313120 
 818      352E342E 
 818      31203230 
 818      31363036 
 819 0057 616E6368 		.ascii	"anch revision 237715] -mcpu=cortex-m3 -mthumb -g -O"
 819      20726576 
 819      6973696F 
 819      6E203233 
 819      37373135 
 820 008a 67202D66 		.ascii	"g -ffunction-sections -ffat-lto-objects\000"
 820      66756E63 
 820      74696F6E 
 820      2D736563 
 820      74696F6E 
 821              	.LASF19:
 822 00b2 443A5C53 		.ascii	"D:\\Source\\Repos\\DIC\\Schwellwertemessung_GPIO\\S"
 822      6F757263 
 822      655C5265 
 822      706F735C 
 822      4449435C 
 823 00e0 63687765 		.ascii	"chwellwertemessung_GPIO.cydsn\000"
 823      6C6C7765 
ARM GAS  C:\Users\hasel\AppData\Local\Temp\ccOsz6mb.s 			page 16


 823      7274656D 
 823      65737375 
 823      6E675F47 
 824              	.LASF5:
 825 00fe 6C6F6E67 		.ascii	"long unsigned int\000"
 825      20756E73 
 825      69676E65 
 825      6420696E 
 825      7400
 826              	.LASF3:
 827 0110 73686F72 		.ascii	"short unsigned int\000"
 827      7420756E 
 827      7369676E 
 827      65642069 
 827      6E7400
 828              	.LASF13:
 829 0123 63795F6D 		.ascii	"cy_meta_custnvl\000"
 829      6574615F 
 829      63757374 
 829      6E766C00 
 830              	.LASF12:
 831 0133 63795F6D 		.ascii	"cy_meta_configecc\000"
 831      6574615F 
 831      636F6E66 
 831      69676563 
 831      6300
 832              	.LASF8:
 833 0145 756E7369 		.ascii	"unsigned int\000"
 833      676E6564 
 833      20696E74 
 833      00
 834              	.LASF7:
 835 0152 6C6F6E67 		.ascii	"long long unsigned int\000"
 835      206C6F6E 
 835      6720756E 
 835      7369676E 
 835      65642069 
 836              	.LASF10:
 837 0169 75696E74 		.ascii	"uint8_t\000"
 837      385F7400 
 838              	.LASF15:
 839 0171 63795F6D 		.ascii	"cy_meta_flashprotect\000"
 839      6574615F 
 839      666C6173 
 839      6870726F 
 839      74656374 
 840              	.LASF14:
 841 0186 63795F6D 		.ascii	"cy_meta_wonvl\000"
 841      6574615F 
 841      776F6E76 
 841      6C00
 842              	.LASF11:
 843 0194 73697A65 		.ascii	"sizetype\000"
 843      74797065 
 843      00
 844              	.LASF6:
 845 019d 6C6F6E67 		.ascii	"long long int\000"
ARM GAS  C:\Users\hasel\AppData\Local\Temp\ccOsz6mb.s 			page 17


 845      206C6F6E 
 845      6720696E 
 845      7400
 846              	.LASF2:
 847 01ab 73686F72 		.ascii	"short int\000"
 847      7420696E 
 847      7400
 848              	.LASF4:
 849 01b5 6C6F6E67 		.ascii	"long int\000"
 849      20696E74 
 849      00
 850              	.LASF0:
 851 01be 7369676E 		.ascii	"signed char\000"
 851      65642063 
 851      68617200 
 852              	.LASF18:
 853 01ca 47656E65 		.ascii	"Generated_Source\\PSoC5\\cymetadata.c\000"
 853      72617465 
 853      645F536F 
 853      75726365 
 853      5C50536F 
 854              		.ident	"GCC: (GNU Tools for ARM Embedded Processors) 5.4.1 20160609 (release) [ARM/embedded-5-bran
