--------------- Build Started: 01/25/2022 21:46:09 Project: Widerstandsmessung_Digital, Configuration: ARM GCC 5.4-2016-q2-update Debug ---------------
The code generation step is up to date.
arm-none-eabi-gcc.exe -mcpu=cortex-m3 -mthumb -I. -IGenerated_Source\PSoC5 -Wa,-alh=.\CortexM3\ARM_GCC_541\Debug/main.lst -g -D DEBUG -D CY_CORE_ID=0 -Wall -ffunction-sections -ffat-lto-objects -Og -c main.c -o .\CortexM3\ARM_GCC_541\Debug\main.o
main.c: In function 'main':
main.c:32:22: warning: format '%u' expects argument of type 'unsigned int', but argument 3 has type 'uint32_t {aka long unsigned int}' [-Wformat=]
         sprintf(res, "Ref: %u\n\r",ticks[REF]);
                      ^
main.c:32:22: warning: format '%u' expects argument of type 'unsigned int', but argument 3 has type 'uint32_t {aka long unsigned int}' [-Wformat=]
main.c:38:22: warning: format '%u' expects argument of type 'unsigned int', but argument 3 has type 'uint32_t {aka long unsigned int}' [-Wformat=]
         sprintf(res, "Result: %u\n\r",ticks[RESULT]);
                      ^
main.c:38:22: warning: format '%u' expects argument of type 'unsigned int', but argument 3 has type 'uint32_t {aka long unsigned int}' [-Wformat=]
arm-none-eabi-ar.exe -rs .\CortexM3\ARM_GCC_541\Debug\Widerstandsmessung_Digital.a .\CortexM3\ARM_GCC_541\Debug\P_charge.o .\CortexM3\ARM_GCC_541\Debug\P_charge_ref.o .\CortexM3\ARM_GCC_541\Debug\P_discharge.o .\CortexM3\ARM_GCC_541\Debug\P_sense.o .\CortexM3\ARM_GCC_541\Debug\isr_1.o .\CortexM3\ARM_GCC_541\Debug\CyDmac.o .\CortexM3\ARM_GCC_541\Debug\CyFlash.o .\CortexM3\ARM_GCC_541\Debug\CyLib.o .\CortexM3\ARM_GCC_541\Debug\cyPm.o .\CortexM3\ARM_GCC_541\Debug\CySpc.o .\CortexM3\ARM_GCC_541\Debug\cyutils.o .\CortexM3\ARM_GCC_541\Debug\cy_em_eeprom.o .\CortexM3\ARM_GCC_541\Debug\UART.o .\CortexM3\ARM_GCC_541\Debug\UART_PM.o .\CortexM3\ARM_GCC_541\Debug\UART_INT.o .\CortexM3\ARM_GCC_541\Debug\UART_BOOT.o .\CortexM3\ARM_GCC_541\Debug\UART_IntClock.o .\CortexM3\ARM_GCC_541\Debug\P_adc.o .\CortexM3\ARM_GCC_541\Debug\ADC_SAR.o .\CortexM3\ARM_GCC_541\Debug\ADC_SAR_INT.o .\CortexM3\ARM_GCC_541\Debug\ADC_SAR_PM.o .\CortexM3\ARM_GCC_541\Debug\ADC_SAR_IRQ.o .\CortexM3\ARM_GCC_541\Debug\ADC_SAR_theACLK.o .\CortexM3\ARM_GCC_541\Debug\ADC_SAR_Bypass.o .\CortexM3\ARM_GCC_541\Debug\CyBootAsmGnu.o
arm-none-eabi-ar.exe: creating .\CortexM3\ARM_GCC_541\Debug\Widerstandsmessung_Digital.a
arm-none-eabi-gcc.exe -Wl,--start-group -o "C:\Users\hasel\OneDrive\Dokumente\PSoC Creator\Widerstandsmessung_Digital\Widerstandsmessung_Digital.cydsn\CortexM3\ARM_GCC_541\Debug\Widerstandsmessung_Digital.elf" .\CortexM3\ARM_GCC_541\Debug\main.o .\CortexM3\ARM_GCC_541\Debug\cyfitter_cfg.o .\CortexM3\ARM_GCC_541\Debug\cymetadata.o .\CortexM3\ARM_GCC_541\Debug\Cm3Start.o .\CortexM3\ARM_GCC_541\Debug\Widerstandsmessung_Digital.a "C:\Program Files (x86)\Cypress\PSoC Creator\4.4\PSoC Creator\psoc\content\cycomponentlibrary\CyComponentLibrary.cylib\CortexM3\ARM_GCC_541\Debug\CyComponentLibrary.a" -mcpu=cortex-m3 -mthumb -L Generated_Source\PSoC5 -Wl,-Map,.\CortexM3\ARM_GCC_541\Debug/Widerstandsmessung_Digital.map -T Generated_Source\PSoC5\cm3gcc.ld -specs=nano.specs -Wl,--gc-sections -g -ffunction-sections -Og -ffat-lto-objects -Wl,--end-group
cyelftool.exe -C "C:\Users\hasel\OneDrive\Dokumente\PSoC Creator\Widerstandsmessung_Digital\Widerstandsmessung_Digital.cydsn\CortexM3\ARM_GCC_541\Debug\Widerstandsmessung_Digital.elf" --flash_row_size 256 --flash_size 262144 --flash_offset 0x00000000
No ELF section .cychecksum found, creating one
Application checksum calculated and stored in ELF section .cychecksum
Checksum calculated and stored in ELF section .cymeta
cyelftool.exe -S "C:\Users\hasel\OneDrive\Dokumente\PSoC Creator\Widerstandsmessung_Digital\Widerstandsmessung_Digital.cydsn\CortexM3\ARM_GCC_541\Debug\Widerstandsmessung_Digital.elf"
Flash used: 4264 of 262144 bytes (1,6 %).
SRAM used: 2649 of 65536 bytes (4,0 %). Stack: 2048 bytes. Heap: 128 bytes.
--------------- Build Succeeded: 01/25/2022 21:46:10 ---------------
