ARM GAS  C:\Users\hasel\AppData\Local\Temp\ccHUjvMD.s 			page 1


   1              		.syntax unified
   2              		.cpu cortex-m3
   3              		.fpu softvfp
   4              		.eabi_attribute 20, 1
   5              		.eabi_attribute 21, 1
   6              		.eabi_attribute 23, 3
   7              		.eabi_attribute 24, 1
   8              		.eabi_attribute 25, 1
   9              		.eabi_attribute 26, 1
  10              		.eabi_attribute 30, 1
  11              		.eabi_attribute 34, 1
  12              		.eabi_attribute 18, 4
  13              		.thumb
  14              		.syntax unified
  15              		.file	"cymetadata.c"
  16              		.text
  17              	.Ltext0:
  18              		.cfi_sections	.debug_frame
  19              		.global	cy_metadata
  20              		.global	cy_meta_flashprotect
  21              		.global	cy_meta_wonvl
  22              		.global	cy_meta_custnvl
  23              		.global	cy_meta_configecc
  24              		.section	.cyconfigecc,"a",%progbits
  25              		.align	2
  26              		.type	cy_meta_configecc, %object
  27              		.size	cy_meta_configecc, 416
  28              	cy_meta_configecc:
  29 0000 02       		.byte	2
  30 0001 52       		.byte	82
  31 0002 00       		.byte	0
  32 0003 40       		.byte	64
  33 0004 01       		.byte	1
  34 0005 65       		.byte	101
  35 0006 00       		.byte	0
  36 0007 40       		.byte	64
  37 0008 01       		.byte	1
  38 0009 15       		.byte	21
  39 000a 01       		.byte	1
  40 000b 40       		.byte	64
  41 000c 57       		.byte	87
  42 000d 1A       		.byte	26
  43 000e 01       		.byte	1
  44 000f 40       		.byte	64
  45 0010 31       		.byte	49
  46 0011 1B       		.byte	27
  47 0012 01       		.byte	1
  48 0013 40       		.byte	64
  49 0014 02       		.byte	2
  50 0015 40       		.byte	64
  51 0016 01       		.byte	1
  52 0017 40       		.byte	64
  53 0018 01       		.byte	1
  54 0019 41       		.byte	65
  55 001a 01       		.byte	1
  56 001b 40       		.byte	64
  57 001c 01       		.byte	1
ARM GAS  C:\Users\hasel\AppData\Local\Temp\ccHUjvMD.s 			page 2


  58 001d 42       		.byte	66
  59 001e 01       		.byte	1
  60 001f 40       		.byte	64
  61 0020 01       		.byte	1
  62 0021 43       		.byte	67
  63 0022 01       		.byte	1
  64 0023 40       		.byte	64
  65 0024 01       		.byte	1
  66 0025 48       		.byte	72
  67 0026 01       		.byte	1
  68 0027 40       		.byte	64
  69 0028 02       		.byte	2
  70 0029 49       		.byte	73
  71 002a 01       		.byte	1
  72 002b 40       		.byte	64
  73 002c 02       		.byte	2
  74 002d 4C       		.byte	76
  75 002e 01       		.byte	1
  76 002f 40       		.byte	64
  77 0030 05       		.byte	5
  78 0031 4D       		.byte	77
  79 0032 01       		.byte	1
  80 0033 40       		.byte	64
  81 0034 02       		.byte	2
  82 0035 50       		.byte	80
  83 0036 01       		.byte	1
  84 0037 40       		.byte	64
  85 0038 01       		.byte	1
  86 0039 51       		.byte	81
  87 003a 01       		.byte	1
  88 003b 40       		.byte	64
  89 003c 60       		.byte	96
  90 003d 80       		.byte	-128
  91 003e 61       		.byte	97
  92 003f 80       		.byte	-128
  93 0040 8B       		.byte	-117
  94 0041 0F       		.byte	15
  95 0042 EE       		.byte	-18
  96 0043 08       		.byte	8
  97 0044 05       		.byte	5
  98 0045 2C       		.byte	44
  99 0046 07       		.byte	7
 100 0047 43       		.byte	67
 101 0048 09       		.byte	9
 102 0049 80       		.byte	-128
 103 004a 0B       		.byte	11
 104 004b 13       		.byte	19
 105 004c 17       		.byte	23
 106 004d 0C       		.byte	12
 107 004e 19       		.byte	25
 108 004f 71       		.byte	113
 109 0050 1B       		.byte	27
 110 0051 06       		.byte	6
 111 0052 1D       		.byte	29
 112 0053 71       		.byte	113
 113 0054 1F       		.byte	31
 114 0055 0E       		.byte	14
ARM GAS  C:\Users\hasel\AppData\Local\Temp\ccHUjvMD.s 			page 3


 115 0056 2F       		.byte	47
 116 0057 08       		.byte	8
 117 0058 33       		.byte	51
 118 0059 C0       		.byte	-64
 119 005a 35       		.byte	53
 120 005b 0F       		.byte	15
 121 005c 37       		.byte	55
 122 005d 30       		.byte	48
 123 005e 39       		.byte	57
 124 005f 88       		.byte	-120
 125 0060 3B       		.byte	59
 126 0061 20       		.byte	32
 127 0062 3F       		.byte	63
 128 0063 40       		.byte	64
 129 0064 40       		.byte	64
 130 0065 01       		.byte	1
 131 0066 46       		.byte	70
 132 0067 04       		.byte	4
 133 0068 49       		.byte	73
 134 0069 FF       		.byte	-1
 135 006a 4A       		.byte	74
 136 006b 07       		.byte	7
 137 006c 4B       		.byte	75
 138 006d FF       		.byte	-1
 139 006e 4C       		.byte	76
 140 006f 40       		.byte	64
 141 0070 4D       		.byte	77
 142 0071 20       		.byte	32
 143 0072 4E       		.byte	78
 144 0073 F0       		.byte	-16
 145 0074 4F       		.byte	79
 146 0075 05       		.byte	5
 147 0076 50       		.byte	80
 148 0077 08       		.byte	8
 149 0078 59       		.byte	89
 150 0079 04       		.byte	4
 151 007a 5A       		.byte	90
 152 007b 04       		.byte	4
 153 007c 5F       		.byte	95
 154 007d 01       		.byte	1
 155 007e 60       		.byte	96
 156 007f 40       		.byte	64
 157 0080 61       		.byte	97
 158 0081 A8       		.byte	-88
 159 0082 62       		.byte	98
 160 0083 40       		.byte	64
 161 0084 63       		.byte	99
 162 0085 20       		.byte	32
 163 0086 80       		.byte	-128
 164 0087 14       		.byte	20
 165 0088 85       		.byte	-123
 166 0089 2A       		.byte	42
 167 008a 86       		.byte	-122
 168 008b 20       		.byte	32
 169 008c 87       		.byte	-121
 170 008d 14       		.byte	20
 171 008e 88       		.byte	-120
ARM GAS  C:\Users\hasel\AppData\Local\Temp\ccHUjvMD.s 			page 4


 172 008f 1C       		.byte	28
 173 0090 89       		.byte	-119
 174 0091 03       		.byte	3
 175 0092 8A       		.byte	-118
 176 0093 22       		.byte	34
 177 0094 8B       		.byte	-117
 178 0095 04       		.byte	4
 179 0096 90       		.byte	-112
 180 0097 40       		.byte	64
 181 0098 96       		.byte	-106
 182 0099 20       		.byte	32
 183 009a 97       		.byte	-105
 184 009b 28       		.byte	40
 185 009c 98       		.byte	-104
 186 009d 30       		.byte	48
 187 009e 99       		.byte	-103
 188 009f 03       		.byte	3
 189 00a0 9A       		.byte	-102
 190 00a1 0C       		.byte	12
 191 00a2 9B       		.byte	-101
 192 00a3 1C       		.byte	28
 193 00a4 9C       		.byte	-100
 194 00a5 80       		.byte	-128
 195 00a6 9D       		.byte	-99
 196 00a7 03       		.byte	3
 197 00a8 9E       		.byte	-98
 198 00a9 03       		.byte	3
 199 00aa 9F       		.byte	-97
 200 00ab 34       		.byte	52
 201 00ac A0       		.byte	-96
 202 00ad 2C       		.byte	44
 203 00ae A2       		.byte	-94
 204 00af 11       		.byte	17
 205 00b0 A3       		.byte	-93
 206 00b1 20       		.byte	32
 207 00b2 A7       		.byte	-89
 208 00b3 15       		.byte	21
 209 00b4 A8       		.byte	-88
 210 00b5 09       		.byte	9
 211 00b6 AA       		.byte	-86
 212 00b7 10       		.byte	16
 213 00b8 AC       		.byte	-84
 214 00b9 10       		.byte	16
 215 00ba B0       		.byte	-80
 216 00bb 20       		.byte	32
 217 00bc B2       		.byte	-78
 218 00bd 80       		.byte	-128
 219 00be B3       		.byte	-77
 220 00bf 0F       		.byte	15
 221 00c0 B4       		.byte	-76
 222 00c1 40       		.byte	64
 223 00c2 B6       		.byte	-74
 224 00c3 1F       		.byte	31
 225 00c4 B7       		.byte	-73
 226 00c5 38       		.byte	56
 227 00c6 BB       		.byte	-69
 228 00c7 88       		.byte	-120
ARM GAS  C:\Users\hasel\AppData\Local\Temp\ccHUjvMD.s 			page 5


 229 00c8 BE       		.byte	-66
 230 00c9 15       		.byte	21
 231 00ca C0       		.byte	-64
 232 00cb 23       		.byte	35
 233 00cc C1       		.byte	-63
 234 00cd 01       		.byte	1
 235 00ce C6       		.byte	-58
 236 00cf CB       		.byte	-53
 237 00d0 C7       		.byte	-57
 238 00d1 E0       		.byte	-32
 239 00d2 C8       		.byte	-56
 240 00d3 2C       		.byte	44
 241 00d4 C9       		.byte	-55
 242 00d5 FF       		.byte	-1
 243 00d6 CA       		.byte	-54
 244 00d7 FF       		.byte	-1
 245 00d8 CB       		.byte	-53
 246 00d9 FF       		.byte	-1
 247 00da CE       		.byte	-50
 248 00db F0       		.byte	-16
 249 00dc CF       		.byte	-49
 250 00dd 44       		.byte	68
 251 00de D0       		.byte	-48
 252 00df 0C       		.byte	12
 253 00e0 D4       		.byte	-44
 254 00e1 01       		.byte	1
 255 00e2 D8       		.byte	-40
 256 00e3 04       		.byte	4
 257 00e4 D9       		.byte	-39
 258 00e5 04       		.byte	4
 259 00e6 DA       		.byte	-38
 260 00e7 04       		.byte	4
 261 00e8 DB       		.byte	-37
 262 00e9 04       		.byte	4
 263 00ea DF       		.byte	-33
 264 00eb 01       		.byte	1
 265 00ec E6       		.byte	-26
 266 00ed C0       		.byte	-64
 267 00ee EA       		.byte	-22
 268 00ef 40       		.byte	64
 269 00f0 EB       		.byte	-21
 270 00f1 02       		.byte	2
 271 00f2 06       		.byte	6
 272 00f3 90       		.byte	-112
 273 00f4 07       		.byte	7
 274 00f5 08       		.byte	8
 275 00f6 0C       		.byte	12
 276 00f7 02       		.byte	2
 277 00f8 0E       		.byte	14
 278 00f9 09       		.byte	9
 279 00fa 0F       		.byte	15
 280 00fb 20       		.byte	32
 281 00fc 15       		.byte	21
 282 00fd 80       		.byte	-128
 283 00fe 17       		.byte	23
 284 00ff 22       		.byte	34
 285 0100 1E       		.byte	30
ARM GAS  C:\Users\hasel\AppData\Local\Temp\ccHUjvMD.s 			page 6


 286 0101 65       		.byte	101
 287 0102 20       		.byte	32
 288 0103 05       		.byte	5
 289 0104 21       		.byte	33
 290 0105 08       		.byte	8
 291 0106 22       		.byte	34
 292 0107 08       		.byte	8
 293 0108 23       		.byte	35
 294 0109 28       		.byte	40
 295 010a 25       		.byte	37
 296 010b 80       		.byte	-128
 297 010c 26       		.byte	38
 298 010d 84       		.byte	-124
 299 010e 27       		.byte	39
 300 010f 12       		.byte	18
 301 0110 2A       		.byte	42
 302 0111 40       		.byte	64
 303 0112 2F       		.byte	47
 304 0113 60       		.byte	96
 305 0114 31       		.byte	49
 306 0115 88       		.byte	-120
 307 0116 33       		.byte	51
 308 0117 10       		.byte	16
 309 0118 36       		.byte	54
 310 0119 88       		.byte	-120
 311 011a 37       		.byte	55
 312 011b 10       		.byte	16
 313 011c 38       		.byte	56
 314 011d 24       		.byte	36
 315 011e 3C       		.byte	60
 316 011f 14       		.byte	20
 317 0120 3F       		.byte	63
 318 0121 20       		.byte	32
 319 0122 40       		.byte	64
 320 0123 01       		.byte	1
 321 0124 45       		.byte	69
 322 0125 80       		.byte	-128
 323 0126 46       		.byte	70
 324 0127 10       		.byte	16
 325 0128 47       		.byte	71
 326 0129 10       		.byte	16
 327 012a 48       		.byte	72
 328 012b 02       		.byte	2
 329 012c 4A       		.byte	74
 330 012d 01       		.byte	1
 331 012e 50       		.byte	80
 332 012f 10       		.byte	16
 333 0130 51       		.byte	81
 334 0131 40       		.byte	64
 335 0132 52       		.byte	82
 336 0133 50       		.byte	80
 337 0134 53       		.byte	83
 338 0135 60       		.byte	96
 339 0136 54       		.byte	84
 340 0137 02       		.byte	2
 341 0138 56       		.byte	86
 342 0139 80       		.byte	-128
ARM GAS  C:\Users\hasel\AppData\Local\Temp\ccHUjvMD.s 			page 7


 343 013a 57       		.byte	87
 344 013b 10       		.byte	16
 345 013c 5C       		.byte	92
 346 013d 10       		.byte	16
 347 013e 5E       		.byte	94
 348 013f 46       		.byte	70
 349 0140 8A       		.byte	-118
 350 0141 10       		.byte	16
 351 0142 C0       		.byte	-64
 352 0143 70       		.byte	112
 353 0144 C2       		.byte	-62
 354 0145 F0       		.byte	-16
 355 0146 C4       		.byte	-60
 356 0147 D0       		.byte	-48
 357 0148 CA       		.byte	-54
 358 0149 C8       		.byte	-56
 359 014a CC       		.byte	-52
 360 014b 7E       		.byte	126
 361 014c CE       		.byte	-50
 362 014d 66       		.byte	102
 363 014e D0       		.byte	-48
 364 014f 78       		.byte	120
 365 0150 D6       		.byte	-42
 366 0151 F0       		.byte	-16
 367 0152 EE       		.byte	-18
 368 0153 08       		.byte	8
 369 0154 33       		.byte	51
 370 0155 20       		.byte	32
 371 0156 CC       		.byte	-52
 372 0157 10       		.byte	16
 373 0158 A7       		.byte	-89
 374 0159 20       		.byte	32
 375 015a A7       		.byte	-89
 376 015b 20       		.byte	32
 377 015c A7       		.byte	-89
 378 015d 20       		.byte	32
 379 015e A7       		.byte	-89
 380 015f 20       		.byte	32
 381 0160 AF       		.byte	-81
 382 0161 20       		.byte	32
 383 0162 EE       		.byte	-18
 384 0163 10       		.byte	16
 385 0164 1F       		.byte	31
 386 0165 80       		.byte	-128
 387 0166 C6       		.byte	-58
 388 0167 01       		.byte	1
 389 0168 75       		.byte	117
 390 0169 02       		.byte	2
 391 016a 89       		.byte	-119
 392 016b 02       		.byte	2
 393 016c AF       		.byte	-81
 394 016d 80       		.byte	-128
 395 016e DE       		.byte	-34
 396 016f 04       		.byte	4
 397 0170 E0       		.byte	-32
 398 0171 01       		.byte	1
 399 0172 10       		.byte	16
ARM GAS  C:\Users\hasel\AppData\Local\Temp\ccHUjvMD.s 			page 8


 400 0173 01       		.byte	1
 401 0174 1C       		.byte	28
 402 0175 01       		.byte	1
 403 0176 00       		.byte	0
 404 0177 03       		.byte	3
 405 0178 01       		.byte	1
 406 0179 00       		.byte	0
 407 017a 00       		.byte	0
 408 017b 00       		.byte	0
 409 017c 00       		.byte	0
 410 017d 00       		.byte	0
 411 017e 04       		.byte	4
 412 017f 00       		.byte	0
 413 0180 80       		.byte	-128
 414 0181 00       		.byte	0
 415 0182 00       		.byte	0
 416 0183 80       		.byte	-128
 417 0184 80       		.byte	-128
 418 0185 00       		.byte	0
 419 0186 80       		.byte	-128
 420 0187 00       		.byte	0
 421 0188 00       		.byte	0
 422 0189 00       		.byte	0
 423 018a 00       		.byte	0
 424 018b 00       		.byte	0
 425 018c 00       		.byte	0
 426 018d 0B       		.byte	11
 427 018e 0B       		.byte	11
 428 018f 00       		.byte	0
 429 0190 00       		.byte	0
 430 0191 00       		.byte	0
 431 0192 00       		.byte	0
 432 0193 00       		.byte	0
 433 0194 00       		.byte	0
 434 0195 00       		.byte	0
 435 0196 00       		.byte	0
 436 0197 00       		.byte	0
 437 0198 00       		.byte	0
 438 0199 00       		.byte	0
 439 019a 80       		.byte	-128
 440 019b 00       		.byte	0
 441 019c 01       		.byte	1
 442 019d 00       		.byte	0
 443 019e 18       		.byte	24
 444 019f 01       		.byte	1
 445              		.section	.cywolatch,"a",%progbits
 446              		.align	2
 447              		.type	cy_meta_wonvl, %object
 448              		.size	cy_meta_wonvl, 4
 449              	cy_meta_wonvl:
 450 0000 BC       		.byte	-68
 451 0001 90       		.byte	-112
 452 0002 AC       		.byte	-84
 453 0003 AF       		.byte	-81
 454              		.section	.cycustnvl,"a",%progbits
 455              		.align	2
 456              		.type	cy_meta_custnvl, %object
ARM GAS  C:\Users\hasel\AppData\Local\Temp\ccHUjvMD.s 			page 9


 457              		.size	cy_meta_custnvl, 4
 458              	cy_meta_custnvl:
 459 0000 00       		.byte	0
 460 0001 00       		.byte	0
 461 0002 40       		.byte	64
 462 0003 05       		.byte	5
 463              		.section	.cymeta,"a",%progbits
 464              		.align	2
 465              		.type	cy_metadata, %object
 466              		.size	cy_metadata, 12
 467              	cy_metadata:
 468 0000 00       		.byte	0
 469 0001 01       		.byte	1
 470 0002 2E       		.byte	46
 471 0003 16       		.byte	22
 472 0004 10       		.byte	16
 473 0005 69       		.byte	105
 474 0006 00       		.byte	0
 475 0007 01       		.byte	1
 476 0008 00       		.byte	0
 477 0009 00       		.byte	0
 478 000a 00       		.byte	0
 479 000b 00       		.byte	0
 480              		.section	.cyflashprotect,"a",%progbits
 481              		.align	2
 482              		.type	cy_meta_flashprotect, %object
 483              		.size	cy_meta_flashprotect, 256
 484              	cy_meta_flashprotect:
 485 0000 00000000 		.space	256
 485      00000000 
 485      00000000 
 485      00000000 
 485      00000000 
 486              		.text
 487              	.Letext0:
 488              		.file 1 "c:\\program files (x86)\\cypress\\psoc creator\\4.4\\psoc creator\\import\\gnu\\arm\\5.4.
 489              		.file 2 "c:\\program files (x86)\\cypress\\psoc creator\\4.4\\psoc creator\\import\\gnu\\arm\\5.4.
 490              		.file 3 "Generated_Source\\PSoC5\\cymetadata.c"
 491              		.section	.debug_info,"",%progbits
 492              	.Ldebug_info0:
 493 0000 31010000 		.4byte	0x131
 494 0004 0400     		.2byte	0x4
 495 0006 00000000 		.4byte	.Ldebug_abbrev0
 496 000a 04       		.byte	0x4
 497 000b 01       		.uleb128 0x1
 498 000c 7F000000 		.4byte	.LASF17
 499 0010 0C       		.byte	0xc
 500 0011 D9010000 		.4byte	.LASF18
 501 0015 16000000 		.4byte	.LASF19
 502 0019 00000000 		.4byte	.Ldebug_line0
 503 001d 02       		.uleb128 0x2
 504 001e 01       		.byte	0x1
 505 001f 06       		.byte	0x6
 506 0020 CD010000 		.4byte	.LASF0
 507 0024 03       		.uleb128 0x3
 508 0025 0C000000 		.4byte	.LASF9
 509 0029 01       		.byte	0x1
ARM GAS  C:\Users\hasel\AppData\Local\Temp\ccHUjvMD.s 			page 10


 510 002a 1D       		.byte	0x1d
 511 002b 2F000000 		.4byte	0x2f
 512 002f 02       		.uleb128 0x2
 513 0030 01       		.byte	0x1
 514 0031 08       		.byte	0x8
 515 0032 71000000 		.4byte	.LASF1
 516 0036 02       		.uleb128 0x2
 517 0037 02       		.byte	0x2
 518 0038 05       		.byte	0x5
 519 0039 BA010000 		.4byte	.LASF2
 520 003d 02       		.uleb128 0x2
 521 003e 02       		.byte	0x2
 522 003f 07       		.byte	0x7
 523 0040 1F010000 		.4byte	.LASF3
 524 0044 02       		.uleb128 0x2
 525 0045 04       		.byte	0x4
 526 0046 05       		.byte	0x5
 527 0047 C4010000 		.4byte	.LASF4
 528 004b 02       		.uleb128 0x2
 529 004c 04       		.byte	0x4
 530 004d 07       		.byte	0x7
 531 004e 0D010000 		.4byte	.LASF5
 532 0052 02       		.uleb128 0x2
 533 0053 08       		.byte	0x8
 534 0054 05       		.byte	0x5
 535 0055 AC010000 		.4byte	.LASF6
 536 0059 02       		.uleb128 0x2
 537 005a 08       		.byte	0x8
 538 005b 07       		.byte	0x7
 539 005c 61010000 		.4byte	.LASF7
 540 0060 04       		.uleb128 0x4
 541 0061 04       		.byte	0x4
 542 0062 05       		.byte	0x5
 543 0063 696E7400 		.ascii	"int\000"
 544 0067 02       		.uleb128 0x2
 545 0068 04       		.byte	0x4
 546 0069 07       		.byte	0x7
 547 006a 54010000 		.4byte	.LASF8
 548 006e 03       		.uleb128 0x3
 549 006f 78010000 		.4byte	.LASF10
 550 0073 02       		.byte	0x2
 551 0074 18       		.byte	0x18
 552 0075 24000000 		.4byte	0x24
 553 0079 05       		.uleb128 0x5
 554 007a 91000000 		.4byte	0x91
 555 007e 8A000000 		.4byte	0x8a
 556 0082 06       		.uleb128 0x6
 557 0083 8A000000 		.4byte	0x8a
 558 0087 9F01     		.2byte	0x19f
 559 0089 00       		.byte	0
 560 008a 02       		.uleb128 0x2
 561 008b 04       		.byte	0x4
 562 008c 07       		.byte	0x7
 563 008d A3010000 		.4byte	.LASF11
 564 0091 07       		.uleb128 0x7
 565 0092 6E000000 		.4byte	0x6e
 566 0096 08       		.uleb128 0x8
ARM GAS  C:\Users\hasel\AppData\Local\Temp\ccHUjvMD.s 			page 11


 567 0097 42010000 		.4byte	.LASF12
 568 009b 03       		.byte	0x3
 569 009c 1F       		.byte	0x1f
 570 009d A7000000 		.4byte	0xa7
 571 00a1 05       		.uleb128 0x5
 572 00a2 03       		.byte	0x3
 573 00a3 00000000 		.4byte	cy_meta_configecc
 574 00a7 07       		.uleb128 0x7
 575 00a8 79000000 		.4byte	0x79
 576 00ac 05       		.uleb128 0x5
 577 00ad 91000000 		.4byte	0x91
 578 00b1 BC000000 		.4byte	0xbc
 579 00b5 09       		.uleb128 0x9
 580 00b6 8A000000 		.4byte	0x8a
 581 00ba 03       		.byte	0x3
 582 00bb 00       		.byte	0
 583 00bc 08       		.uleb128 0x8
 584 00bd 32010000 		.4byte	.LASF13
 585 00c1 03       		.byte	0x3
 586 00c2 60       		.byte	0x60
 587 00c3 CD000000 		.4byte	0xcd
 588 00c7 05       		.uleb128 0x5
 589 00c8 03       		.byte	0x3
 590 00c9 00000000 		.4byte	cy_meta_custnvl
 591 00cd 07       		.uleb128 0x7
 592 00ce AC000000 		.4byte	0xac
 593 00d2 08       		.uleb128 0x8
 594 00d3 95010000 		.4byte	.LASF14
 595 00d7 03       		.byte	0x3
 596 00d8 6E       		.byte	0x6e
 597 00d9 E3000000 		.4byte	0xe3
 598 00dd 05       		.uleb128 0x5
 599 00de 03       		.byte	0x3
 600 00df 00000000 		.4byte	cy_meta_wonvl
 601 00e3 07       		.uleb128 0x7
 602 00e4 AC000000 		.4byte	0xac
 603 00e8 05       		.uleb128 0x5
 604 00e9 91000000 		.4byte	0x91
 605 00ed F8000000 		.4byte	0xf8
 606 00f1 09       		.uleb128 0x9
 607 00f2 8A000000 		.4byte	0x8a
 608 00f6 FF       		.byte	0xff
 609 00f7 00       		.byte	0
 610 00f8 08       		.uleb128 0x8
 611 00f9 80010000 		.4byte	.LASF15
 612 00fd 03       		.byte	0x3
 613 00fe 7C       		.byte	0x7c
 614 00ff 09010000 		.4byte	0x109
 615 0103 05       		.uleb128 0x5
 616 0104 03       		.byte	0x3
 617 0105 00000000 		.4byte	cy_meta_flashprotect
 618 0109 07       		.uleb128 0x7
 619 010a E8000000 		.4byte	0xe8
 620 010e 05       		.uleb128 0x5
 621 010f 91000000 		.4byte	0x91
 622 0113 1E010000 		.4byte	0x11e
 623 0117 09       		.uleb128 0x9
ARM GAS  C:\Users\hasel\AppData\Local\Temp\ccHUjvMD.s 			page 12


 624 0118 8A000000 		.4byte	0x8a
 625 011c 0B       		.byte	0xb
 626 011d 00       		.byte	0
 627 011e 08       		.uleb128 0x8
 628 011f 00000000 		.4byte	.LASF16
 629 0123 03       		.byte	0x3
 630 0124 A9       		.byte	0xa9
 631 0125 2F010000 		.4byte	0x12f
 632 0129 05       		.uleb128 0x5
 633 012a 03       		.byte	0x3
 634 012b 00000000 		.4byte	cy_metadata
 635 012f 07       		.uleb128 0x7
 636 0130 0E010000 		.4byte	0x10e
 637 0134 00       		.byte	0
 638              		.section	.debug_abbrev,"",%progbits
 639              	.Ldebug_abbrev0:
 640 0000 01       		.uleb128 0x1
 641 0001 11       		.uleb128 0x11
 642 0002 01       		.byte	0x1
 643 0003 25       		.uleb128 0x25
 644 0004 0E       		.uleb128 0xe
 645 0005 13       		.uleb128 0x13
 646 0006 0B       		.uleb128 0xb
 647 0007 03       		.uleb128 0x3
 648 0008 0E       		.uleb128 0xe
 649 0009 1B       		.uleb128 0x1b
 650 000a 0E       		.uleb128 0xe
 651 000b 10       		.uleb128 0x10
 652 000c 17       		.uleb128 0x17
 653 000d 00       		.byte	0
 654 000e 00       		.byte	0
 655 000f 02       		.uleb128 0x2
 656 0010 24       		.uleb128 0x24
 657 0011 00       		.byte	0
 658 0012 0B       		.uleb128 0xb
 659 0013 0B       		.uleb128 0xb
 660 0014 3E       		.uleb128 0x3e
 661 0015 0B       		.uleb128 0xb
 662 0016 03       		.uleb128 0x3
 663 0017 0E       		.uleb128 0xe
 664 0018 00       		.byte	0
 665 0019 00       		.byte	0
 666 001a 03       		.uleb128 0x3
 667 001b 16       		.uleb128 0x16
 668 001c 00       		.byte	0
 669 001d 03       		.uleb128 0x3
 670 001e 0E       		.uleb128 0xe
 671 001f 3A       		.uleb128 0x3a
 672 0020 0B       		.uleb128 0xb
 673 0021 3B       		.uleb128 0x3b
 674 0022 0B       		.uleb128 0xb
 675 0023 49       		.uleb128 0x49
 676 0024 13       		.uleb128 0x13
 677 0025 00       		.byte	0
 678 0026 00       		.byte	0
 679 0027 04       		.uleb128 0x4
 680 0028 24       		.uleb128 0x24
ARM GAS  C:\Users\hasel\AppData\Local\Temp\ccHUjvMD.s 			page 13


 681 0029 00       		.byte	0
 682 002a 0B       		.uleb128 0xb
 683 002b 0B       		.uleb128 0xb
 684 002c 3E       		.uleb128 0x3e
 685 002d 0B       		.uleb128 0xb
 686 002e 03       		.uleb128 0x3
 687 002f 08       		.uleb128 0x8
 688 0030 00       		.byte	0
 689 0031 00       		.byte	0
 690 0032 05       		.uleb128 0x5
 691 0033 01       		.uleb128 0x1
 692 0034 01       		.byte	0x1
 693 0035 49       		.uleb128 0x49
 694 0036 13       		.uleb128 0x13
 695 0037 01       		.uleb128 0x1
 696 0038 13       		.uleb128 0x13
 697 0039 00       		.byte	0
 698 003a 00       		.byte	0
 699 003b 06       		.uleb128 0x6
 700 003c 21       		.uleb128 0x21
 701 003d 00       		.byte	0
 702 003e 49       		.uleb128 0x49
 703 003f 13       		.uleb128 0x13
 704 0040 2F       		.uleb128 0x2f
 705 0041 05       		.uleb128 0x5
 706 0042 00       		.byte	0
 707 0043 00       		.byte	0
 708 0044 07       		.uleb128 0x7
 709 0045 26       		.uleb128 0x26
 710 0046 00       		.byte	0
 711 0047 49       		.uleb128 0x49
 712 0048 13       		.uleb128 0x13
 713 0049 00       		.byte	0
 714 004a 00       		.byte	0
 715 004b 08       		.uleb128 0x8
 716 004c 34       		.uleb128 0x34
 717 004d 00       		.byte	0
 718 004e 03       		.uleb128 0x3
 719 004f 0E       		.uleb128 0xe
 720 0050 3A       		.uleb128 0x3a
 721 0051 0B       		.uleb128 0xb
 722 0052 3B       		.uleb128 0x3b
 723 0053 0B       		.uleb128 0xb
 724 0054 49       		.uleb128 0x49
 725 0055 13       		.uleb128 0x13
 726 0056 3F       		.uleb128 0x3f
 727 0057 19       		.uleb128 0x19
 728 0058 02       		.uleb128 0x2
 729 0059 18       		.uleb128 0x18
 730 005a 00       		.byte	0
 731 005b 00       		.byte	0
 732 005c 09       		.uleb128 0x9
 733 005d 21       		.uleb128 0x21
 734 005e 00       		.byte	0
 735 005f 49       		.uleb128 0x49
 736 0060 13       		.uleb128 0x13
 737 0061 2F       		.uleb128 0x2f
ARM GAS  C:\Users\hasel\AppData\Local\Temp\ccHUjvMD.s 			page 14


 738 0062 0B       		.uleb128 0xb
 739 0063 00       		.byte	0
 740 0064 00       		.byte	0
 741 0065 00       		.byte	0
 742              		.section	.debug_aranges,"",%progbits
 743 0000 14000000 		.4byte	0x14
 744 0004 0200     		.2byte	0x2
 745 0006 00000000 		.4byte	.Ldebug_info0
 746 000a 04       		.byte	0x4
 747 000b 00       		.byte	0
 748 000c 0000     		.2byte	0
 749 000e 0000     		.2byte	0
 750 0010 00000000 		.4byte	0
 751 0014 00000000 		.4byte	0
 752              		.section	.debug_line,"",%progbits
 753              	.Ldebug_line0:
 754 0000 3D010000 		.section	.debug_str,"MS",%progbits,1
 754      02003701 
 754      00000201 
 754      FB0E0D00 
 754      01010101 
 755              	.LASF16:
 756 0000 63795F6D 		.ascii	"cy_metadata\000"
 756      65746164 
 756      61746100 
 757              	.LASF9:
 758 000c 5F5F7569 		.ascii	"__uint8_t\000"
 758      6E74385F 
 758      7400
 759              	.LASF19:
 760 0016 433A5C55 		.ascii	"C:\\Users\\hasel\\OneDrive\\Dokumente\\PSoC Creator"
 760      73657273 
 760      5C686173 
 760      656C5C4F 
 760      6E654472 
 761 0044 5C427269 		.ascii	"\\BridgeControlPanel\\BridgeControlPanel.cydsn\000"
 761      64676543 
 761      6F6E7472 
 761      6F6C5061 
 761      6E656C5C 
 762              	.LASF1:
 763 0071 756E7369 		.ascii	"unsigned char\000"
 763      676E6564 
 763      20636861 
 763      7200
 764              	.LASF17:
 765 007f 474E5520 		.ascii	"GNU C11 5.4.1 20160609 (release) [ARM/embedded-5-br"
 765      43313120 
 765      352E342E 
 765      31203230 
 765      31363036 
 766 00b2 616E6368 		.ascii	"anch revision 237715] -mcpu=cortex-m3 -mthumb -g -O"
 766      20726576 
 766      6973696F 
 766      6E203233 
 766      37373135 
 767 00e5 67202D66 		.ascii	"g -ffunction-sections -ffat-lto-objects\000"
ARM GAS  C:\Users\hasel\AppData\Local\Temp\ccHUjvMD.s 			page 15


 767      66756E63 
 767      74696F6E 
 767      2D736563 
 767      74696F6E 
 768              	.LASF5:
 769 010d 6C6F6E67 		.ascii	"long unsigned int\000"
 769      20756E73 
 769      69676E65 
 769      6420696E 
 769      7400
 770              	.LASF3:
 771 011f 73686F72 		.ascii	"short unsigned int\000"
 771      7420756E 
 771      7369676E 
 771      65642069 
 771      6E7400
 772              	.LASF13:
 773 0132 63795F6D 		.ascii	"cy_meta_custnvl\000"
 773      6574615F 
 773      63757374 
 773      6E766C00 
 774              	.LASF12:
 775 0142 63795F6D 		.ascii	"cy_meta_configecc\000"
 775      6574615F 
 775      636F6E66 
 775      69676563 
 775      6300
 776              	.LASF8:
 777 0154 756E7369 		.ascii	"unsigned int\000"
 777      676E6564 
 777      20696E74 
 777      00
 778              	.LASF7:
 779 0161 6C6F6E67 		.ascii	"long long unsigned int\000"
 779      206C6F6E 
 779      6720756E 
 779      7369676E 
 779      65642069 
 780              	.LASF10:
 781 0178 75696E74 		.ascii	"uint8_t\000"
 781      385F7400 
 782              	.LASF15:
 783 0180 63795F6D 		.ascii	"cy_meta_flashprotect\000"
 783      6574615F 
 783      666C6173 
 783      6870726F 
 783      74656374 
 784              	.LASF14:
 785 0195 63795F6D 		.ascii	"cy_meta_wonvl\000"
 785      6574615F 
 785      776F6E76 
 785      6C00
 786              	.LASF11:
 787 01a3 73697A65 		.ascii	"sizetype\000"
 787      74797065 
 787      00
 788              	.LASF6:
ARM GAS  C:\Users\hasel\AppData\Local\Temp\ccHUjvMD.s 			page 16


 789 01ac 6C6F6E67 		.ascii	"long long int\000"
 789      206C6F6E 
 789      6720696E 
 789      7400
 790              	.LASF2:
 791 01ba 73686F72 		.ascii	"short int\000"
 791      7420696E 
 791      7400
 792              	.LASF4:
 793 01c4 6C6F6E67 		.ascii	"long int\000"
 793      20696E74 
 793      00
 794              	.LASF0:
 795 01cd 7369676E 		.ascii	"signed char\000"
 795      65642063 
 795      68617200 
 796              	.LASF18:
 797 01d9 47656E65 		.ascii	"Generated_Source\\PSoC5\\cymetadata.c\000"
 797      72617465 
 797      645F536F 
 797      75726365 
 797      5C50536F 
 798              		.ident	"GCC: (GNU Tools for ARM Embedded Processors) 5.4.1 20160609 (release) [ARM/embedded-5-bran
