ARM GAS  C:\Users\hasel\AppData\Local\Temp\cckgmKZ7.s 			page 1


   1              		.syntax unified
   2              		.cpu cortex-m3
   3              		.fpu softvfp
   4              		.eabi_attribute 20, 1
   5              		.eabi_attribute 21, 1
   6              		.eabi_attribute 23, 3
   7              		.eabi_attribute 24, 1
   8              		.eabi_attribute 25, 1
   9              		.eabi_attribute 26, 1
  10              		.eabi_attribute 30, 1
  11              		.eabi_attribute 34, 1
  12              		.eabi_attribute 18, 4
  13              		.thumb
  14              		.syntax unified
  15              		.file	"main.c"
  16              		.text
  17              	.Ltext0:
  18              		.cfi_sections	.debug_frame
  19              		.section	.text.main,"ax",%progbits
  20              		.align	2
  21              		.global	main
  22              		.thumb
  23              		.thumb_func
  24              		.type	main, %function
  25              	main:
  26              	.LFB63:
  27              		.file 1 "main.c"
   1:main.c        **** 
   2:main.c        **** #include "project.h"
   3:main.c        **** 
   4:main.c        **** int main(void)
   5:main.c        **** {
  28              		.loc 1 5 0
  29              		.cfi_startproc
  30              		@ args = 0, pretend = 0, frame = 0
  31              		@ frame_needed = 0, uses_anonymous_args = 0
  32 0000 10B5     		push	{r4, lr}
  33              		.cfi_def_cfa_offset 8
  34              		.cfi_offset 4, -8
  35              		.cfi_offset 14, -4
   6:main.c        ****     CyGlobalIntEnable;
  36              		.loc 1 6 0
  37              		.syntax unified
  38              	@ 6 "main.c" 1
  39 0002 62B6     		CPSIE   i
  40              	@ 0 "" 2
   7:main.c        ****     UART_Start();
  41              		.loc 1 7 0
  42              		.thumb
  43              		.syntax unified
  44 0004 FFF7FEFF 		bl	UART_Start
  45              	.LVL0:
   8:main.c        ****     ADC_SAR_Start();
  46              		.loc 1 8 0
  47 0008 FFF7FEFF 		bl	ADC_SAR_Start
  48              	.LVL1:
   9:main.c        ****     ADC_SAR_StartConvert();
ARM GAS  C:\Users\hasel\AppData\Local\Temp\cckgmKZ7.s 			page 2


  49              		.loc 1 9 0
  50 000c FFF7FEFF 		bl	ADC_SAR_StartConvert
  51              	.LVL2:
  52              	.L2:
  10:main.c        ****     
  11:main.c        ****     for(;;)
  12:main.c        ****     {
  13:main.c        ****         if(ADC_SAR_IsEndConversion(ADC_SAR_WAIT_FOR_RESULT)!= 0) 
  53              		.loc 1 13 0
  54 0010 0020     		movs	r0, #0
  55 0012 FFF7FEFF 		bl	ADC_SAR_IsEndConversion
  56              	.LVL3:
  57 0016 0028     		cmp	r0, #0
  58 0018 FAD0     		beq	.L2
  59              	.LBB2:
  14:main.c        ****         {        
  15:main.c        ****             int16 result = ADC_SAR_GetResult16();    
  60              		.loc 1 15 0
  61 001a FFF7FEFF 		bl	ADC_SAR_GetResult16
  62              	.LVL4:
  63 001e 0446     		mov	r4, r0
  64              	.LVL5:
  16:main.c        ****             // sync byte
  17:main.c        ****             UART_PutChar('M');
  65              		.loc 1 17 0
  66 0020 4D20     		movs	r0, #77
  67 0022 FFF7FEFF 		bl	UART_PutChar
  68              	.LVL6:
  18:main.c        ****             // high byte
  19:main.c        ****             UART_PutChar(result>>8);
  69              		.loc 1 19 0
  70 0026 C4F30720 		ubfx	r0, r4, #8, #8
  71 002a FFF7FEFF 		bl	UART_PutChar
  72              	.LVL7:
  20:main.c        ****             // low byte
  21:main.c        ****             UART_PutChar(result & 0xFF);
  73              		.loc 1 21 0
  74 002e E0B2     		uxtb	r0, r4
  75 0030 FFF7FEFF 		bl	UART_PutChar
  76              	.LVL8:
  22:main.c        ****             CyDelay(250);
  77              		.loc 1 22 0
  78 0034 FA20     		movs	r0, #250
  79 0036 FFF7FEFF 		bl	CyDelay
  80              	.LVL9:
  81 003a E9E7     		b	.L2
  82              	.LBE2:
  83              		.cfi_endproc
  84              	.LFE63:
  85              		.size	main, .-main
  86              		.text
  87              	.Letext0:
  88              		.file 2 "c:\\program files (x86)\\cypress\\psoc creator\\4.4\\psoc creator\\import\\gnu\\arm\\5.4.
  89              		.file 3 "c:\\program files (x86)\\cypress\\psoc creator\\4.4\\psoc creator\\import\\gnu\\arm\\5.4.
  90              		.file 4 "Generated_Source\\PSoC5/cytypes.h"
  91              		.file 5 "Generated_Source\\PSoC5/ADC_SAR.h"
  92              		.file 6 "Generated_Source\\PSoC5/UART.h"
ARM GAS  C:\Users\hasel\AppData\Local\Temp\cckgmKZ7.s 			page 3


  93              		.file 7 "Generated_Source\\PSoC5/CyLib.h"
  94              		.file 8 "Generated_Source\\PSoC5/core_cm3.h"
  95              		.section	.debug_info,"",%progbits
  96              	.Ldebug_info0:
  97 0000 C5010000 		.4byte	0x1c5
  98 0004 0400     		.2byte	0x4
  99 0006 00000000 		.4byte	.Ldebug_abbrev0
 100 000a 04       		.byte	0x4
 101 000b 01       		.uleb128 0x1
 102 000c 80000000 		.4byte	.LASF24
 103 0010 0C       		.byte	0xc
 104 0011 E8010000 		.4byte	.LASF25
 105 0015 11000000 		.4byte	.LASF26
 106 0019 00000000 		.4byte	.Ldebug_ranges0+0
 107 001d 00000000 		.4byte	0
 108 0021 00000000 		.4byte	.Ldebug_line0
 109 0025 02       		.uleb128 0x2
 110 0026 01       		.byte	0x1
 111 0027 06       		.byte	0x6
 112 0028 13020000 		.4byte	.LASF0
 113 002c 02       		.uleb128 0x2
 114 002d 01       		.byte	0x1
 115 002e 08       		.byte	0x8
 116 002f 72000000 		.4byte	.LASF1
 117 0033 02       		.uleb128 0x2
 118 0034 02       		.byte	0x2
 119 0035 05       		.byte	0x5
 120 0036 F4010000 		.4byte	.LASF2
 121 003a 02       		.uleb128 0x2
 122 003b 02       		.byte	0x2
 123 003c 07       		.byte	0x7
 124 003d 3B010000 		.4byte	.LASF3
 125 0041 03       		.uleb128 0x3
 126 0042 07000000 		.4byte	.LASF9
 127 0046 02       		.byte	0x2
 128 0047 3F       		.byte	0x3f
 129 0048 4C000000 		.4byte	0x4c
 130 004c 02       		.uleb128 0x2
 131 004d 04       		.byte	0x4
 132 004e 05       		.byte	0x5
 133 004f FE010000 		.4byte	.LASF4
 134 0053 02       		.uleb128 0x2
 135 0054 04       		.byte	0x4
 136 0055 07       		.byte	0x7
 137 0056 14010000 		.4byte	.LASF5
 138 005a 02       		.uleb128 0x2
 139 005b 08       		.byte	0x8
 140 005c 05       		.byte	0x5
 141 005d DA010000 		.4byte	.LASF6
 142 0061 02       		.uleb128 0x2
 143 0062 08       		.byte	0x8
 144 0063 07       		.byte	0x7
 145 0064 7F010000 		.4byte	.LASF7
 146 0068 04       		.uleb128 0x4
 147 0069 04       		.byte	0x4
 148 006a 05       		.byte	0x5
 149 006b 696E7400 		.ascii	"int\000"
ARM GAS  C:\Users\hasel\AppData\Local\Temp\cckgmKZ7.s 			page 4


 150 006f 02       		.uleb128 0x2
 151 0070 04       		.byte	0x4
 152 0071 07       		.byte	0x7
 153 0072 72010000 		.4byte	.LASF8
 154 0076 03       		.uleb128 0x3
 155 0077 A4010000 		.4byte	.LASF10
 156 007b 03       		.byte	0x3
 157 007c 2C       		.byte	0x2c
 158 007d 41000000 		.4byte	0x41
 159 0081 05       		.uleb128 0x5
 160 0082 0E010000 		.4byte	.LASF11
 161 0086 04       		.byte	0x4
 162 0087 ED01     		.2byte	0x1ed
 163 0089 33000000 		.4byte	0x33
 164 008d 02       		.uleb128 0x2
 165 008e 04       		.byte	0x4
 166 008f 04       		.byte	0x4
 167 0090 6C000000 		.4byte	.LASF12
 168 0094 02       		.uleb128 0x2
 169 0095 08       		.byte	0x8
 170 0096 04       		.byte	0x4
 171 0097 66010000 		.4byte	.LASF13
 172 009b 02       		.uleb128 0x2
 173 009c 01       		.byte	0x1
 174 009d 08       		.byte	0x8
 175 009e EF010000 		.4byte	.LASF14
 176 00a2 02       		.uleb128 0x2
 177 00a3 08       		.byte	0x8
 178 00a4 04       		.byte	0x4
 179 00a5 07020000 		.4byte	.LASF15
 180 00a9 02       		.uleb128 0x2
 181 00aa 04       		.byte	0x4
 182 00ab 07       		.byte	0x7
 183 00ac D1010000 		.4byte	.LASF16
 184 00b0 06       		.uleb128 0x6
 185 00b1 6D010000 		.4byte	.LASF27
 186 00b5 01       		.byte	0x1
 187 00b6 04       		.byte	0x4
 188 00b7 68000000 		.4byte	0x68
 189 00bb 00000000 		.4byte	.LFB63
 190 00bf 3C000000 		.4byte	.LFE63-.LFB63
 191 00c3 01       		.uleb128 0x1
 192 00c4 9C       		.byte	0x9c
 193 00c5 6A010000 		.4byte	0x16a
 194 00c9 07       		.uleb128 0x7
 195 00ca 1A000000 		.4byte	.LBB2
 196 00ce 22000000 		.4byte	.LBE2-.LBB2
 197 00d2 3F010000 		.4byte	0x13f
 198 00d6 08       		.uleb128 0x8
 199 00d7 00000000 		.4byte	.LASF28
 200 00db 01       		.byte	0x1
 201 00dc 0F       		.byte	0xf
 202 00dd 81000000 		.4byte	0x81
 203 00e1 01       		.uleb128 0x1
 204 00e2 54       		.byte	0x54
 205 00e3 09       		.uleb128 0x9
 206 00e4 1E000000 		.4byte	.LVL4
ARM GAS  C:\Users\hasel\AppData\Local\Temp\cckgmKZ7.s 			page 5


 207 00e8 7B010000 		.4byte	0x17b
 208 00ec 0A       		.uleb128 0xa
 209 00ed 26000000 		.4byte	.LVL6
 210 00f1 86010000 		.4byte	0x186
 211 00f5 00010000 		.4byte	0x100
 212 00f9 0B       		.uleb128 0xb
 213 00fa 01       		.uleb128 0x1
 214 00fb 50       		.byte	0x50
 215 00fc 02       		.uleb128 0x2
 216 00fd 08       		.byte	0x8
 217 00fe 4D       		.byte	0x4d
 218 00ff 00       		.byte	0
 219 0100 0A       		.uleb128 0xa
 220 0101 2E000000 		.4byte	.LVL7
 221 0105 86010000 		.4byte	0x186
 222 0109 1A010000 		.4byte	0x11a
 223 010d 0B       		.uleb128 0xb
 224 010e 01       		.uleb128 0x1
 225 010f 50       		.byte	0x50
 226 0110 08       		.uleb128 0x8
 227 0111 74       		.byte	0x74
 228 0112 00       		.sleb128 0
 229 0113 09       		.byte	0x9
 230 0114 F4       		.byte	0xf4
 231 0115 24       		.byte	0x24
 232 0116 09       		.byte	0x9
 233 0117 FC       		.byte	0xfc
 234 0118 25       		.byte	0x25
 235 0119 00       		.byte	0
 236 011a 0A       		.uleb128 0xa
 237 011b 34000000 		.4byte	.LVL8
 238 011f 86010000 		.4byte	0x186
 239 0123 2E010000 		.4byte	0x12e
 240 0127 0B       		.uleb128 0xb
 241 0128 01       		.uleb128 0x1
 242 0129 50       		.byte	0x50
 243 012a 02       		.uleb128 0x2
 244 012b 74       		.byte	0x74
 245 012c 00       		.sleb128 0
 246 012d 00       		.byte	0
 247 012e 0C       		.uleb128 0xc
 248 012f 3A000000 		.4byte	.LVL9
 249 0133 91010000 		.4byte	0x191
 250 0137 0B       		.uleb128 0xb
 251 0138 01       		.uleb128 0x1
 252 0139 50       		.byte	0x50
 253 013a 02       		.uleb128 0x2
 254 013b 08       		.byte	0x8
 255 013c FA       		.byte	0xfa
 256 013d 00       		.byte	0
 257 013e 00       		.byte	0
 258 013f 09       		.uleb128 0x9
 259 0140 08000000 		.4byte	.LVL0
 260 0144 9C010000 		.4byte	0x19c
 261 0148 09       		.uleb128 0x9
 262 0149 0C000000 		.4byte	.LVL1
 263 014d A7010000 		.4byte	0x1a7
ARM GAS  C:\Users\hasel\AppData\Local\Temp\cckgmKZ7.s 			page 6


 264 0151 09       		.uleb128 0x9
 265 0152 10000000 		.4byte	.LVL2
 266 0156 B2010000 		.4byte	0x1b2
 267 015a 0C       		.uleb128 0xc
 268 015b 16000000 		.4byte	.LVL3
 269 015f BD010000 		.4byte	0x1bd
 270 0163 0B       		.uleb128 0xb
 271 0164 01       		.uleb128 0x1
 272 0165 50       		.byte	0x50
 273 0166 01       		.uleb128 0x1
 274 0167 30       		.byte	0x30
 275 0168 00       		.byte	0
 276 0169 00       		.byte	0
 277 016a 0D       		.uleb128 0xd
 278 016b 59010000 		.4byte	.LASF29
 279 016f 08       		.byte	0x8
 280 0170 1207     		.2byte	0x712
 281 0172 76010000 		.4byte	0x176
 282 0176 0E       		.uleb128 0xe
 283 0177 76000000 		.4byte	0x76
 284 017b 0F       		.uleb128 0xf
 285 017c 1F020000 		.4byte	.LASF17
 286 0180 1F020000 		.4byte	.LASF17
 287 0184 05       		.byte	0x5
 288 0185 3B       		.byte	0x3b
 289 0186 0F       		.uleb128 0xf
 290 0187 AC010000 		.4byte	.LASF18
 291 018b AC010000 		.4byte	.LASF18
 292 018f 06       		.byte	0x6
 293 0190 8A       		.byte	0x8a
 294 0191 0F       		.uleb128 0xf
 295 0192 33020000 		.4byte	.LASF19
 296 0196 33020000 		.4byte	.LASF19
 297 019a 07       		.byte	0x7
 298 019b 76       		.byte	0x76
 299 019c 0F       		.uleb128 0xf
 300 019d 4E010000 		.4byte	.LASF20
 301 01a1 4E010000 		.4byte	.LASF20
 302 01a5 06       		.byte	0x6
 303 01a6 54       		.byte	0x54
 304 01a7 0F       		.uleb128 0xf
 305 01a8 96010000 		.4byte	.LASF21
 306 01ac 96010000 		.4byte	.LASF21
 307 01b0 05       		.byte	0x5
 308 01b1 34       		.byte	0x34
 309 01b2 0F       		.uleb128 0xf
 310 01b3 26010000 		.4byte	.LASF22
 311 01b7 26010000 		.4byte	.LASF22
 312 01bb 05       		.byte	0x5
 313 01bc D1       		.byte	0xd1
 314 01bd 0F       		.uleb128 0xf
 315 01be B9010000 		.4byte	.LASF23
 316 01c2 B9010000 		.4byte	.LASF23
 317 01c6 05       		.byte	0x5
 318 01c7 39       		.byte	0x39
 319 01c8 00       		.byte	0
 320              		.section	.debug_abbrev,"",%progbits
ARM GAS  C:\Users\hasel\AppData\Local\Temp\cckgmKZ7.s 			page 7


 321              	.Ldebug_abbrev0:
 322 0000 01       		.uleb128 0x1
 323 0001 11       		.uleb128 0x11
 324 0002 01       		.byte	0x1
 325 0003 25       		.uleb128 0x25
 326 0004 0E       		.uleb128 0xe
 327 0005 13       		.uleb128 0x13
 328 0006 0B       		.uleb128 0xb
 329 0007 03       		.uleb128 0x3
 330 0008 0E       		.uleb128 0xe
 331 0009 1B       		.uleb128 0x1b
 332 000a 0E       		.uleb128 0xe
 333 000b 55       		.uleb128 0x55
 334 000c 17       		.uleb128 0x17
 335 000d 11       		.uleb128 0x11
 336 000e 01       		.uleb128 0x1
 337 000f 10       		.uleb128 0x10
 338 0010 17       		.uleb128 0x17
 339 0011 00       		.byte	0
 340 0012 00       		.byte	0
 341 0013 02       		.uleb128 0x2
 342 0014 24       		.uleb128 0x24
 343 0015 00       		.byte	0
 344 0016 0B       		.uleb128 0xb
 345 0017 0B       		.uleb128 0xb
 346 0018 3E       		.uleb128 0x3e
 347 0019 0B       		.uleb128 0xb
 348 001a 03       		.uleb128 0x3
 349 001b 0E       		.uleb128 0xe
 350 001c 00       		.byte	0
 351 001d 00       		.byte	0
 352 001e 03       		.uleb128 0x3
 353 001f 16       		.uleb128 0x16
 354 0020 00       		.byte	0
 355 0021 03       		.uleb128 0x3
 356 0022 0E       		.uleb128 0xe
 357 0023 3A       		.uleb128 0x3a
 358 0024 0B       		.uleb128 0xb
 359 0025 3B       		.uleb128 0x3b
 360 0026 0B       		.uleb128 0xb
 361 0027 49       		.uleb128 0x49
 362 0028 13       		.uleb128 0x13
 363 0029 00       		.byte	0
 364 002a 00       		.byte	0
 365 002b 04       		.uleb128 0x4
 366 002c 24       		.uleb128 0x24
 367 002d 00       		.byte	0
 368 002e 0B       		.uleb128 0xb
 369 002f 0B       		.uleb128 0xb
 370 0030 3E       		.uleb128 0x3e
 371 0031 0B       		.uleb128 0xb
 372 0032 03       		.uleb128 0x3
 373 0033 08       		.uleb128 0x8
 374 0034 00       		.byte	0
 375 0035 00       		.byte	0
 376 0036 05       		.uleb128 0x5
 377 0037 16       		.uleb128 0x16
ARM GAS  C:\Users\hasel\AppData\Local\Temp\cckgmKZ7.s 			page 8


 378 0038 00       		.byte	0
 379 0039 03       		.uleb128 0x3
 380 003a 0E       		.uleb128 0xe
 381 003b 3A       		.uleb128 0x3a
 382 003c 0B       		.uleb128 0xb
 383 003d 3B       		.uleb128 0x3b
 384 003e 05       		.uleb128 0x5
 385 003f 49       		.uleb128 0x49
 386 0040 13       		.uleb128 0x13
 387 0041 00       		.byte	0
 388 0042 00       		.byte	0
 389 0043 06       		.uleb128 0x6
 390 0044 2E       		.uleb128 0x2e
 391 0045 01       		.byte	0x1
 392 0046 3F       		.uleb128 0x3f
 393 0047 19       		.uleb128 0x19
 394 0048 03       		.uleb128 0x3
 395 0049 0E       		.uleb128 0xe
 396 004a 3A       		.uleb128 0x3a
 397 004b 0B       		.uleb128 0xb
 398 004c 3B       		.uleb128 0x3b
 399 004d 0B       		.uleb128 0xb
 400 004e 27       		.uleb128 0x27
 401 004f 19       		.uleb128 0x19
 402 0050 49       		.uleb128 0x49
 403 0051 13       		.uleb128 0x13
 404 0052 8701     		.uleb128 0x87
 405 0054 19       		.uleb128 0x19
 406 0055 11       		.uleb128 0x11
 407 0056 01       		.uleb128 0x1
 408 0057 12       		.uleb128 0x12
 409 0058 06       		.uleb128 0x6
 410 0059 40       		.uleb128 0x40
 411 005a 18       		.uleb128 0x18
 412 005b 9742     		.uleb128 0x2117
 413 005d 19       		.uleb128 0x19
 414 005e 01       		.uleb128 0x1
 415 005f 13       		.uleb128 0x13
 416 0060 00       		.byte	0
 417 0061 00       		.byte	0
 418 0062 07       		.uleb128 0x7
 419 0063 0B       		.uleb128 0xb
 420 0064 01       		.byte	0x1
 421 0065 11       		.uleb128 0x11
 422 0066 01       		.uleb128 0x1
 423 0067 12       		.uleb128 0x12
 424 0068 06       		.uleb128 0x6
 425 0069 01       		.uleb128 0x1
 426 006a 13       		.uleb128 0x13
 427 006b 00       		.byte	0
 428 006c 00       		.byte	0
 429 006d 08       		.uleb128 0x8
 430 006e 34       		.uleb128 0x34
 431 006f 00       		.byte	0
 432 0070 03       		.uleb128 0x3
 433 0071 0E       		.uleb128 0xe
 434 0072 3A       		.uleb128 0x3a
ARM GAS  C:\Users\hasel\AppData\Local\Temp\cckgmKZ7.s 			page 9


 435 0073 0B       		.uleb128 0xb
 436 0074 3B       		.uleb128 0x3b
 437 0075 0B       		.uleb128 0xb
 438 0076 49       		.uleb128 0x49
 439 0077 13       		.uleb128 0x13
 440 0078 02       		.uleb128 0x2
 441 0079 18       		.uleb128 0x18
 442 007a 00       		.byte	0
 443 007b 00       		.byte	0
 444 007c 09       		.uleb128 0x9
 445 007d 898201   		.uleb128 0x4109
 446 0080 00       		.byte	0
 447 0081 11       		.uleb128 0x11
 448 0082 01       		.uleb128 0x1
 449 0083 31       		.uleb128 0x31
 450 0084 13       		.uleb128 0x13
 451 0085 00       		.byte	0
 452 0086 00       		.byte	0
 453 0087 0A       		.uleb128 0xa
 454 0088 898201   		.uleb128 0x4109
 455 008b 01       		.byte	0x1
 456 008c 11       		.uleb128 0x11
 457 008d 01       		.uleb128 0x1
 458 008e 31       		.uleb128 0x31
 459 008f 13       		.uleb128 0x13
 460 0090 01       		.uleb128 0x1
 461 0091 13       		.uleb128 0x13
 462 0092 00       		.byte	0
 463 0093 00       		.byte	0
 464 0094 0B       		.uleb128 0xb
 465 0095 8A8201   		.uleb128 0x410a
 466 0098 00       		.byte	0
 467 0099 02       		.uleb128 0x2
 468 009a 18       		.uleb128 0x18
 469 009b 9142     		.uleb128 0x2111
 470 009d 18       		.uleb128 0x18
 471 009e 00       		.byte	0
 472 009f 00       		.byte	0
 473 00a0 0C       		.uleb128 0xc
 474 00a1 898201   		.uleb128 0x4109
 475 00a4 01       		.byte	0x1
 476 00a5 11       		.uleb128 0x11
 477 00a6 01       		.uleb128 0x1
 478 00a7 31       		.uleb128 0x31
 479 00a8 13       		.uleb128 0x13
 480 00a9 00       		.byte	0
 481 00aa 00       		.byte	0
 482 00ab 0D       		.uleb128 0xd
 483 00ac 34       		.uleb128 0x34
 484 00ad 00       		.byte	0
 485 00ae 03       		.uleb128 0x3
 486 00af 0E       		.uleb128 0xe
 487 00b0 3A       		.uleb128 0x3a
 488 00b1 0B       		.uleb128 0xb
 489 00b2 3B       		.uleb128 0x3b
 490 00b3 05       		.uleb128 0x5
 491 00b4 49       		.uleb128 0x49
ARM GAS  C:\Users\hasel\AppData\Local\Temp\cckgmKZ7.s 			page 10


 492 00b5 13       		.uleb128 0x13
 493 00b6 3F       		.uleb128 0x3f
 494 00b7 19       		.uleb128 0x19
 495 00b8 3C       		.uleb128 0x3c
 496 00b9 19       		.uleb128 0x19
 497 00ba 00       		.byte	0
 498 00bb 00       		.byte	0
 499 00bc 0E       		.uleb128 0xe
 500 00bd 35       		.uleb128 0x35
 501 00be 00       		.byte	0
 502 00bf 49       		.uleb128 0x49
 503 00c0 13       		.uleb128 0x13
 504 00c1 00       		.byte	0
 505 00c2 00       		.byte	0
 506 00c3 0F       		.uleb128 0xf
 507 00c4 2E       		.uleb128 0x2e
 508 00c5 00       		.byte	0
 509 00c6 3F       		.uleb128 0x3f
 510 00c7 19       		.uleb128 0x19
 511 00c8 3C       		.uleb128 0x3c
 512 00c9 19       		.uleb128 0x19
 513 00ca 6E       		.uleb128 0x6e
 514 00cb 0E       		.uleb128 0xe
 515 00cc 03       		.uleb128 0x3
 516 00cd 0E       		.uleb128 0xe
 517 00ce 3A       		.uleb128 0x3a
 518 00cf 0B       		.uleb128 0xb
 519 00d0 3B       		.uleb128 0x3b
 520 00d1 0B       		.uleb128 0xb
 521 00d2 00       		.byte	0
 522 00d3 00       		.byte	0
 523 00d4 00       		.byte	0
 524              		.section	.debug_aranges,"",%progbits
 525 0000 1C000000 		.4byte	0x1c
 526 0004 0200     		.2byte	0x2
 527 0006 00000000 		.4byte	.Ldebug_info0
 528 000a 04       		.byte	0x4
 529 000b 00       		.byte	0
 530 000c 0000     		.2byte	0
 531 000e 0000     		.2byte	0
 532 0010 00000000 		.4byte	.LFB63
 533 0014 3C000000 		.4byte	.LFE63-.LFB63
 534 0018 00000000 		.4byte	0
 535 001c 00000000 		.4byte	0
 536              		.section	.debug_ranges,"",%progbits
 537              	.Ldebug_ranges0:
 538 0000 00000000 		.4byte	.LFB63
 539 0004 3C000000 		.4byte	.LFE63
 540 0008 00000000 		.4byte	0
 541 000c 00000000 		.4byte	0
 542              		.section	.debug_line,"",%progbits
 543              	.Ldebug_line0:
 544 0000 8B010000 		.section	.debug_str,"MS",%progbits,1
 544      02006E01 
 544      00000201 
 544      FB0E0D00 
 544      01010101 
ARM GAS  C:\Users\hasel\AppData\Local\Temp\cckgmKZ7.s 			page 11


 545              	.LASF28:
 546 0000 72657375 		.ascii	"result\000"
 546      6C7400
 547              	.LASF9:
 548 0007 5F5F696E 		.ascii	"__int32_t\000"
 548      7433325F 
 548      7400
 549              	.LASF26:
 550 0011 433A5C55 		.ascii	"C:\\Users\\hasel\\OneDrive\\Dokumente\\PSoC Creator"
 550      73657273 
 550      5C686173 
 550      656C5C4F 
 550      6E654472 
 551 003f 5C427269 		.ascii	"\\BridgeControlPanel\\BridgeControlPanel.cydsn\000"
 551      64676543 
 551      6F6E7472 
 551      6F6C5061 
 551      6E656C5C 
 552              	.LASF12:
 553 006c 666C6F61 		.ascii	"float\000"
 553      7400
 554              	.LASF1:
 555 0072 756E7369 		.ascii	"unsigned char\000"
 555      676E6564 
 555      20636861 
 555      7200
 556              	.LASF24:
 557 0080 474E5520 		.ascii	"GNU C11 5.4.1 20160609 (release) [ARM/embedded-5-br"
 557      43313120 
 557      352E342E 
 557      31203230 
 557      31363036 
 558 00b3 616E6368 		.ascii	"anch revision 237715] -mcpu=cortex-m3 -mthumb -g -O"
 558      20726576 
 558      6973696F 
 558      6E203233 
 558      37373135 
 559 00e6 67202D66 		.ascii	"g -ffunction-sections -ffat-lto-objects\000"
 559      66756E63 
 559      74696F6E 
 559      2D736563 
 559      74696F6E 
 560              	.LASF11:
 561 010e 696E7431 		.ascii	"int16\000"
 561      3600
 562              	.LASF5:
 563 0114 6C6F6E67 		.ascii	"long unsigned int\000"
 563      20756E73 
 563      69676E65 
 563      6420696E 
 563      7400
 564              	.LASF22:
 565 0126 4144435F 		.ascii	"ADC_SAR_StartConvert\000"
 565      5341525F 
 565      53746172 
 565      74436F6E 
 565      76657274 
ARM GAS  C:\Users\hasel\AppData\Local\Temp\cckgmKZ7.s 			page 12


 566              	.LASF3:
 567 013b 73686F72 		.ascii	"short unsigned int\000"
 567      7420756E 
 567      7369676E 
 567      65642069 
 567      6E7400
 568              	.LASF20:
 569 014e 55415254 		.ascii	"UART_Start\000"
 569      5F537461 
 569      727400
 570              	.LASF29:
 571 0159 49544D5F 		.ascii	"ITM_RxBuffer\000"
 571      52784275 
 571      66666572 
 571      00
 572              	.LASF13:
 573 0166 646F7562 		.ascii	"double\000"
 573      6C6500
 574              	.LASF27:
 575 016d 6D61696E 		.ascii	"main\000"
 575      00
 576              	.LASF8:
 577 0172 756E7369 		.ascii	"unsigned int\000"
 577      676E6564 
 577      20696E74 
 577      00
 578              	.LASF7:
 579 017f 6C6F6E67 		.ascii	"long long unsigned int\000"
 579      206C6F6E 
 579      6720756E 
 579      7369676E 
 579      65642069 
 580              	.LASF21:
 581 0196 4144435F 		.ascii	"ADC_SAR_Start\000"
 581      5341525F 
 581      53746172 
 581      7400
 582              	.LASF10:
 583 01a4 696E7433 		.ascii	"int32_t\000"
 583      325F7400 
 584              	.LASF18:
 585 01ac 55415254 		.ascii	"UART_PutChar\000"
 585      5F507574 
 585      43686172 
 585      00
 586              	.LASF23:
 587 01b9 4144435F 		.ascii	"ADC_SAR_IsEndConversion\000"
 587      5341525F 
 587      4973456E 
 587      64436F6E 
 587      76657273 
 588              	.LASF16:
 589 01d1 73697A65 		.ascii	"sizetype\000"
 589      74797065 
 589      00
 590              	.LASF6:
 591 01da 6C6F6E67 		.ascii	"long long int\000"
ARM GAS  C:\Users\hasel\AppData\Local\Temp\cckgmKZ7.s 			page 13


 591      206C6F6E 
 591      6720696E 
 591      7400
 592              	.LASF25:
 593 01e8 6D61696E 		.ascii	"main.c\000"
 593      2E6300
 594              	.LASF14:
 595 01ef 63686172 		.ascii	"char\000"
 595      00
 596              	.LASF2:
 597 01f4 73686F72 		.ascii	"short int\000"
 597      7420696E 
 597      7400
 598              	.LASF4:
 599 01fe 6C6F6E67 		.ascii	"long int\000"
 599      20696E74 
 599      00
 600              	.LASF15:
 601 0207 6C6F6E67 		.ascii	"long double\000"
 601      20646F75 
 601      626C6500 
 602              	.LASF0:
 603 0213 7369676E 		.ascii	"signed char\000"
 603      65642063 
 603      68617200 
 604              	.LASF17:
 605 021f 4144435F 		.ascii	"ADC_SAR_GetResult16\000"
 605      5341525F 
 605      47657452 
 605      6573756C 
 605      74313600 
 606              	.LASF19:
 607 0233 43794465 		.ascii	"CyDelay\000"
 607      6C617900 
 608              		.ident	"GCC: (GNU Tools for ARM Embedded Processors) 5.4.1 20160609 (release) [ARM/embedded-5-bran
