ARM GAS  C:\Users\hasel\AppData\Local\Temp\ccYfOYb8.s 			page 1


   1              		.syntax unified
   2              		.cpu cortex-m3
   3              		.fpu softvfp
   4              		.eabi_attribute 20, 1
   5              		.eabi_attribute 21, 1
   6              		.eabi_attribute 23, 3
   7              		.eabi_attribute 24, 1
   8              		.eabi_attribute 25, 1
   9              		.eabi_attribute 26, 1
  10              		.eabi_attribute 30, 1
  11              		.eabi_attribute 34, 1
  12              		.eabi_attribute 18, 4
  13              		.thumb
  14              		.syntax unified
  15              		.file	"cymetadata.c"
  16              		.text
  17              	.Ltext0:
  18              		.cfi_sections	.debug_frame
  19              		.global	cy_metadata
  20              		.global	cy_meta_flashprotect
  21              		.global	cy_meta_wonvl
  22              		.global	cy_meta_custnvl
  23              		.global	cy_meta_configecc
  24              		.section	.cyconfigecc,"a",%progbits
  25              		.align	2
  26              		.type	cy_meta_configecc, %object
  27              		.size	cy_meta_configecc, 1100
  28              	cy_meta_configecc:
  29 0000 02       		.byte	2
  30 0001 52       		.byte	82
  31 0002 00       		.byte	0
  32 0003 40       		.byte	64
  33 0004 02       		.byte	2
  34 0005 64       		.byte	100
  35 0006 00       		.byte	0
  36 0007 40       		.byte	64
  37 0008 63       		.byte	99
  38 0009 02       		.byte	2
  39 000a 01       		.byte	1
  40 000b 40       		.byte	64
  41 000c 38       		.byte	56
  42 000d 03       		.byte	3
  43 000e 01       		.byte	1
  44 000f 40       		.byte	64
  45 0010 58       		.byte	88
  46 0011 04       		.byte	4
  47 0012 01       		.byte	1
  48 0013 40       		.byte	64
  49 0014 43       		.byte	67
  50 0015 05       		.byte	5
  51 0016 01       		.byte	1
  52 0017 40       		.byte	64
  53 0018 3A       		.byte	58
  54 0019 06       		.byte	6
  55 001a 01       		.byte	1
  56 001b 40       		.byte	64
  57 001c 3B       		.byte	59
ARM GAS  C:\Users\hasel\AppData\Local\Temp\ccYfOYb8.s 			page 2


  58 001d 07       		.byte	7
  59 001e 01       		.byte	1
  60 001f 40       		.byte	64
  61 0020 01       		.byte	1
  62 0021 09       		.byte	9
  63 0022 01       		.byte	1
  64 0023 40       		.byte	64
  65 0024 01       		.byte	1
  66 0025 0D       		.byte	13
  67 0026 01       		.byte	1
  68 0027 40       		.byte	64
  69 0028 01       		.byte	1
  70 0029 15       		.byte	21
  71 002a 01       		.byte	1
  72 002b 40       		.byte	64
  73 002c 02       		.byte	2
  74 002d 17       		.byte	23
  75 002e 01       		.byte	1
  76 002f 40       		.byte	64
  77 0030 03       		.byte	3
  78 0031 40       		.byte	64
  79 0032 01       		.byte	1
  80 0033 40       		.byte	64
  81 0034 0B       		.byte	11
  82 0035 41       		.byte	65
  83 0036 01       		.byte	1
  84 0037 40       		.byte	64
  85 0038 07       		.byte	7
  86 0039 42       		.byte	66
  87 003a 01       		.byte	1
  88 003b 40       		.byte	64
  89 003c 01       		.byte	1
  90 003d 43       		.byte	67
  91 003e 01       		.byte	1
  92 003f 40       		.byte	64
  93 0040 01       		.byte	1
  94 0041 45       		.byte	69
  95 0042 01       		.byte	1
  96 0043 40       		.byte	64
  97 0044 01       		.byte	1
  98 0045 46       		.byte	70
  99 0046 01       		.byte	1
 100 0047 40       		.byte	64
 101 0048 02       		.byte	2
 102 0049 47       		.byte	71
 103 004a 01       		.byte	1
 104 004b 40       		.byte	64
 105 004c 04       		.byte	4
 106 004d 48       		.byte	72
 107 004e 01       		.byte	1
 108 004f 40       		.byte	64
 109 0050 02       		.byte	2
 110 0051 49       		.byte	73
 111 0052 01       		.byte	1
 112 0053 40       		.byte	64
 113 0054 04       		.byte	4
 114 0055 4C       		.byte	76
ARM GAS  C:\Users\hasel\AppData\Local\Temp\ccYfOYb8.s 			page 3


 115 0056 01       		.byte	1
 116 0057 40       		.byte	64
 117 0058 03       		.byte	3
 118 0059 4D       		.byte	77
 119 005a 01       		.byte	1
 120 005b 40       		.byte	64
 121 005c 03       		.byte	3
 122 005d 50       		.byte	80
 123 005e 01       		.byte	1
 124 005f 40       		.byte	64
 125 0060 01       		.byte	1
 126 0061 51       		.byte	81
 127 0062 01       		.byte	1
 128 0063 40       		.byte	64
 129 0064 60       		.byte	96
 130 0065 80       		.byte	-128
 131 0066 61       		.byte	97
 132 0067 80       		.byte	-128
 133 0068 83       		.byte	-125
 134 0069 0F       		.byte	15
 135 006a 86       		.byte	-122
 136 006b 0F       		.byte	15
 137 006c 04       		.byte	4
 138 006d 02       		.byte	2
 139 006e 05       		.byte	5
 140 006f 1C       		.byte	28
 141 0070 07       		.byte	7
 142 0071 03       		.byte	3
 143 0072 0B       		.byte	11
 144 0073 08       		.byte	8
 145 0074 10       		.byte	16
 146 0075 03       		.byte	3
 147 0076 13       		.byte	19
 148 0077 1C       		.byte	28
 149 0078 15       		.byte	21
 150 0079 01       		.byte	1
 151 007a 17       		.byte	23
 152 007b 0E       		.byte	14
 153 007c 1A       		.byte	26
 154 007d 01       		.byte	1
 155 007e 24       		.byte	36
 156 007f 03       		.byte	3
 157 0080 27       		.byte	39
 158 0081 03       		.byte	3
 159 0082 2D       		.byte	45
 160 0083 01       		.byte	1
 161 0084 2F       		.byte	47
 162 0085 16       		.byte	22
 163 0086 32       		.byte	50
 164 0087 03       		.byte	3
 165 0088 33       		.byte	51
 166 0089 0F       		.byte	15
 167 008a 35       		.byte	53
 168 008b 1A       		.byte	26
 169 008c 38       		.byte	56
 170 008d 08       		.byte	8
 171 008e 3B       		.byte	59
ARM GAS  C:\Users\hasel\AppData\Local\Temp\ccYfOYb8.s 			page 4


 172 008f 28       		.byte	40
 173 0090 3E       		.byte	62
 174 0091 04       		.byte	4
 175 0092 40       		.byte	64
 176 0093 03       		.byte	3
 177 0094 46       		.byte	70
 178 0095 40       		.byte	64
 179 0096 49       		.byte	73
 180 0097 FF       		.byte	-1
 181 0098 4A       		.byte	74
 182 0099 07       		.byte	7
 183 009a 4B       		.byte	75
 184 009b FF       		.byte	-1
 185 009c 4C       		.byte	76
 186 009d 40       		.byte	64
 187 009e 4D       		.byte	77
 188 009f 20       		.byte	32
 189 00a0 4E       		.byte	78
 190 00a1 F0       		.byte	-16
 191 00a2 4F       		.byte	79
 192 00a3 05       		.byte	5
 193 00a4 50       		.byte	80
 194 00a5 08       		.byte	8
 195 00a6 52       		.byte	82
 196 00a7 01       		.byte	1
 197 00a8 53       		.byte	83
 198 00a9 01       		.byte	1
 199 00aa 56       		.byte	86
 200 00ab 10       		.byte	16
 201 00ac 58       		.byte	88
 202 00ad 04       		.byte	4
 203 00ae 59       		.byte	89
 204 00af 04       		.byte	4
 205 00b0 5A       		.byte	90
 206 00b1 04       		.byte	4
 207 00b2 5B       		.byte	91
 208 00b3 04       		.byte	4
 209 00b4 5C       		.byte	92
 210 00b5 10       		.byte	16
 211 00b6 5D       		.byte	93
 212 00b7 01       		.byte	1
 213 00b8 5F       		.byte	95
 214 00b9 01       		.byte	1
 215 00ba 60       		.byte	96
 216 00bb 40       		.byte	64
 217 00bc 61       		.byte	97
 218 00bd A8       		.byte	-88
 219 00be 62       		.byte	98
 220 00bf 40       		.byte	64
 221 00c0 63       		.byte	99
 222 00c1 20       		.byte	32
 223 00c2 81       		.byte	-127
 224 00c3 09       		.byte	9
 225 00c4 83       		.byte	-125
 226 00c5 10       		.byte	16
 227 00c6 84       		.byte	-124
 228 00c7 0A       		.byte	10
ARM GAS  C:\Users\hasel\AppData\Local\Temp\ccYfOYb8.s 			page 5


 229 00c8 85       		.byte	-123
 230 00c9 2C       		.byte	44
 231 00ca 86       		.byte	-122
 232 00cb 14       		.byte	20
 233 00cc 87       		.byte	-121
 234 00cd 11       		.byte	17
 235 00ce 88       		.byte	-120
 236 00cf 20       		.byte	32
 237 00d0 89       		.byte	-119
 238 00d1 14       		.byte	20
 239 00d2 8E       		.byte	-114
 240 00d3 20       		.byte	32
 241 00d4 90       		.byte	-112
 242 00d5 13       		.byte	19
 243 00d6 92       		.byte	-110
 244 00d7 0C       		.byte	12
 245 00d8 96       		.byte	-106
 246 00d9 15       		.byte	21
 247 00da 97       		.byte	-105
 248 00db 03       		.byte	3
 249 00dc 99       		.byte	-103
 250 00dd 1C       		.byte	28
 251 00de 9A       		.byte	-102
 252 00df 20       		.byte	32
 253 00e0 9B       		.byte	-101
 254 00e1 22       		.byte	34
 255 00e2 A2       		.byte	-94
 256 00e3 08       		.byte	8
 257 00e4 A4       		.byte	-92
 258 00e5 13       		.byte	19
 259 00e6 A5       		.byte	-91
 260 00e7 10       		.byte	16
 261 00e8 A6       		.byte	-90
 262 00e9 04       		.byte	4
 263 00ea A8       		.byte	-88
 264 00eb 03       		.byte	3
 265 00ec A9       		.byte	-87
 266 00ed 40       		.byte	64
 267 00ee AA       		.byte	-86
 268 00ef 14       		.byte	20
 269 00f0 AD       		.byte	-83
 270 00f1 30       		.byte	48
 271 00f2 AF       		.byte	-81
 272 00f3 0C       		.byte	12
 273 00f4 B0       		.byte	-80
 274 00f5 0F       		.byte	15
 275 00f6 B3       		.byte	-77
 276 00f7 1F       		.byte	31
 277 00f8 B4       		.byte	-76
 278 00f9 20       		.byte	32
 279 00fa B6       		.byte	-74
 280 00fb 10       		.byte	16
 281 00fc B7       		.byte	-73
 282 00fd 60       		.byte	96
 283 00fe B9       		.byte	-71
 284 00ff 80       		.byte	-128
 285 0100 BA       		.byte	-70
ARM GAS  C:\Users\hasel\AppData\Local\Temp\ccYfOYb8.s 			page 6


 286 0101 02       		.byte	2
 287 0102 BE       		.byte	-66
 288 0103 50       		.byte	80
 289 0104 C0       		.byte	-64
 290 0105 56       		.byte	86
 291 0106 C1       		.byte	-63
 292 0107 02       		.byte	2
 293 0108 C5       		.byte	-59
 294 0109 E0       		.byte	-32
 295 010a C6       		.byte	-58
 296 010b B0       		.byte	-80
 297 010c C7       		.byte	-57
 298 010d 0C       		.byte	12
 299 010e C8       		.byte	-56
 300 010f 1A       		.byte	26
 301 0110 C9       		.byte	-55
 302 0111 FF       		.byte	-1
 303 0112 CA       		.byte	-54
 304 0113 FF       		.byte	-1
 305 0114 CB       		.byte	-53
 306 0115 FF       		.byte	-1
 307 0116 CE       		.byte	-50
 308 0117 F0       		.byte	-16
 309 0118 CF       		.byte	-49
 310 0119 44       		.byte	68
 311 011a D0       		.byte	-48
 312 011b 0C       		.byte	12
 313 011c D4       		.byte	-44
 314 011d 01       		.byte	1
 315 011e D8       		.byte	-40
 316 011f 04       		.byte	4
 317 0120 D9       		.byte	-39
 318 0121 04       		.byte	4
 319 0122 DA       		.byte	-38
 320 0123 04       		.byte	4
 321 0124 DB       		.byte	-37
 322 0125 04       		.byte	4
 323 0126 DC       		.byte	-36
 324 0127 11       		.byte	17
 325 0128 DD       		.byte	-35
 326 0129 11       		.byte	17
 327 012a DF       		.byte	-33
 328 012b 01       		.byte	1
 329 012c E6       		.byte	-26
 330 012d C0       		.byte	-64
 331 012e EA       		.byte	-22
 332 012f 40       		.byte	64
 333 0130 EB       		.byte	-21
 334 0131 02       		.byte	2
 335 0132 00       		.byte	0
 336 0133 80       		.byte	-128
 337 0134 03       		.byte	3
 338 0135 18       		.byte	24
 339 0136 07       		.byte	7
 340 0137 10       		.byte	16
 341 0138 08       		.byte	8
 342 0139 20       		.byte	32
ARM GAS  C:\Users\hasel\AppData\Local\Temp\ccYfOYb8.s 			page 7


 343 013a 0A       		.byte	10
 344 013b 60       		.byte	96
 345 013c 0E       		.byte	14
 346 013d 48       		.byte	72
 347 013e 0F       		.byte	15
 348 013f 48       		.byte	72
 349 0140 10       		.byte	16
 350 0141 08       		.byte	8
 351 0142 13       		.byte	19
 352 0143 2A       		.byte	42
 353 0144 17       		.byte	23
 354 0145 08       		.byte	8
 355 0146 19       		.byte	25
 356 0147 60       		.byte	96
 357 0148 1A       		.byte	26
 358 0149 40       		.byte	64
 359 014a 1B       		.byte	27
 360 014b 10       		.byte	16
 361 014c 1D       		.byte	29
 362 014d 08       		.byte	8
 363 014e 22       		.byte	34
 364 014f 08       		.byte	8
 365 0150 23       		.byte	35
 366 0151 13       		.byte	19
 367 0152 24       		.byte	36
 368 0153 04       		.byte	4
 369 0154 25       		.byte	37
 370 0155 04       		.byte	4
 371 0156 27       		.byte	39
 372 0157 18       		.byte	24
 373 0158 28       		.byte	40
 374 0159 01       		.byte	1
 375 015a 2B       		.byte	43
 376 015b 24       		.byte	36
 377 015c 2C       		.byte	44
 378 015d 01       		.byte	1
 379 015e 2D       		.byte	45
 380 015f 08       		.byte	8
 381 0160 2E       		.byte	46
 382 0161 40       		.byte	64
 383 0162 32       		.byte	50
 384 0163 08       		.byte	8
 385 0164 33       		.byte	51
 386 0165 10       		.byte	16
 387 0166 37       		.byte	55
 388 0167 0A       		.byte	10
 389 0168 38       		.byte	56
 390 0169 24       		.byte	36
 391 016a 3B       		.byte	59
 392 016b 01       		.byte	1
 393 016c 3D       		.byte	61
 394 016d 28       		.byte	40
 395 016e 40       		.byte	64
 396 016f 04       		.byte	4
 397 0170 45       		.byte	69
 398 0171 08       		.byte	8
 399 0172 49       		.byte	73
ARM GAS  C:\Users\hasel\AppData\Local\Temp\ccYfOYb8.s 			page 8


 400 0173 02       		.byte	2
 401 0174 4A       		.byte	74
 402 0175 84       		.byte	-124
 403 0176 4B       		.byte	75
 404 0177 40       		.byte	64
 405 0178 4D       		.byte	77
 406 0179 08       		.byte	8
 407 017a 4E       		.byte	78
 408 017b 10       		.byte	16
 409 017c 4F       		.byte	79
 410 017d 08       		.byte	8
 411 017e 50       		.byte	80
 412 017f 18       		.byte	24
 413 0180 55       		.byte	85
 414 0181 10       		.byte	16
 415 0182 57       		.byte	87
 416 0183 20       		.byte	32
 417 0184 59       		.byte	89
 418 0185 42       		.byte	66
 419 0186 5A       		.byte	90
 420 0187 08       		.byte	8
 421 0188 5B       		.byte	91
 422 0189 20       		.byte	32
 423 018a 6C       		.byte	108
 424 018b 02       		.byte	2
 425 018c 80       		.byte	-128
 426 018d 20       		.byte	32
 427 018e C0       		.byte	-64
 428 018f 27       		.byte	39
 429 0190 C2       		.byte	-62
 430 0191 5E       		.byte	94
 431 0192 C4       		.byte	-60
 432 0193 2E       		.byte	46
 433 0194 CA       		.byte	-54
 434 0195 5E       		.byte	94
 435 0196 CC       		.byte	-52
 436 0197 C6       		.byte	-58
 437 0198 CE       		.byte	-50
 438 0199 67       		.byte	103
 439 019a D0       		.byte	-48
 440 019b 44       		.byte	68
 441 019c D2       		.byte	-46
 442 019d 0C       		.byte	12
 443 019e D6       		.byte	-42
 444 019f 0F       		.byte	15
 445 01a0 E6       		.byte	-26
 446 01a1 02       		.byte	2
 447 01a2 1A       		.byte	26
 448 01a3 01       		.byte	1
 449 01a4 1D       		.byte	29
 450 01a5 01       		.byte	1
 451 01a6 32       		.byte	50
 452 01a7 01       		.byte	1
 453 01a8 33       		.byte	51
 454 01a9 01       		.byte	1
 455 01aa 3F       		.byte	63
 456 01ab 04       		.byte	4
ARM GAS  C:\Users\hasel\AppData\Local\Temp\ccYfOYb8.s 			page 9


 457 01ac 40       		.byte	64
 458 01ad 32       		.byte	50
 459 01ae 41       		.byte	65
 460 01af 05       		.byte	5
 461 01b0 42       		.byte	66
 462 01b1 06       		.byte	6
 463 01b2 49       		.byte	73
 464 01b3 FF       		.byte	-1
 465 01b4 4A       		.byte	74
 466 01b5 FF       		.byte	-1
 467 01b6 4B       		.byte	75
 468 01b7 FF       		.byte	-1
 469 01b8 4F       		.byte	79
 470 01b9 01       		.byte	1
 471 01ba 50       		.byte	80
 472 01bb 18       		.byte	24
 473 01bc 58       		.byte	88
 474 01bd 04       		.byte	4
 475 01be 59       		.byte	89
 476 01bf 04       		.byte	4
 477 01c0 5A       		.byte	90
 478 01c1 04       		.byte	4
 479 01c2 5F       		.byte	95
 480 01c3 01       		.byte	1
 481 01c4 60       		.byte	96
 482 01c5 40       		.byte	64
 483 01c6 62       		.byte	98
 484 01c7 40       		.byte	64
 485 01c8 64       		.byte	100
 486 01c9 40       		.byte	64
 487 01ca 65       		.byte	101
 488 01cb 40       		.byte	64
 489 01cc 66       		.byte	102
 490 01cd 80       		.byte	-128
 491 01ce 68       		.byte	104
 492 01cf 80       		.byte	-128
 493 01d0 6A       		.byte	106
 494 01d1 80       		.byte	-128
 495 01d2 6C       		.byte	108
 496 01d3 80       		.byte	-128
 497 01d4 6E       		.byte	110
 498 01d5 80       		.byte	-128
 499 01d6 80       		.byte	-128
 500 01d7 0E       		.byte	14
 501 01d8 83       		.byte	-125
 502 01d9 18       		.byte	24
 503 01da 86       		.byte	-122
 504 01db CF       		.byte	-49
 505 01dc 87       		.byte	-121
 506 01dd 10       		.byte	16
 507 01de 88       		.byte	-120
 508 01df 30       		.byte	48
 509 01e0 8B       		.byte	-117
 510 01e1 05       		.byte	5
 511 01e2 8C       		.byte	-116
 512 01e3 04       		.byte	4
 513 01e4 8E       		.byte	-114
ARM GAS  C:\Users\hasel\AppData\Local\Temp\ccYfOYb8.s 			page 10


 514 01e5 80       		.byte	-128
 515 01e6 8F       		.byte	-113
 516 01e7 02       		.byte	2
 517 01e8 90       		.byte	-112
 518 01e9 02       		.byte	2
 519 01ea 92       		.byte	-110
 520 01eb 01       		.byte	1
 521 01ec 93       		.byte	-109
 522 01ed 1D       		.byte	29
 523 01ee 97       		.byte	-105
 524 01ef 08       		.byte	8
 525 01f0 98       		.byte	-104
 526 01f1 08       		.byte	8
 527 01f2 9A       		.byte	-102
 528 01f3 80       		.byte	-128
 529 01f4 9B       		.byte	-101
 530 01f5 05       		.byte	5
 531 01f6 9E       		.byte	-98
 532 01f7 20       		.byte	32
 533 01f8 9F       		.byte	-97
 534 01f9 01       		.byte	1
 535 01fa A2       		.byte	-94
 536 01fb 7E       		.byte	126
 537 01fc A3       		.byte	-93
 538 01fd 05       		.byte	5
 539 01fe A4       		.byte	-92
 540 01ff 7E       		.byte	126
 541 0200 A5       		.byte	-91
 542 0201 08       		.byte	8
 543 0202 A9       		.byte	-87
 544 0203 08       		.byte	8
 545 0204 AA       		.byte	-86
 546 0205 10       		.byte	16
 547 0206 AD       		.byte	-83
 548 0207 1B       		.byte	27
 549 0208 AE       		.byte	-82
 550 0209 FF       		.byte	-1
 551 020a B0       		.byte	-80
 552 020b 0E       		.byte	14
 553 020c B2       		.byte	-78
 554 020d 01       		.byte	1
 555 020e B3       		.byte	-77
 556 020f 04       		.byte	4
 557 0210 B4       		.byte	-76
 558 0211 70       		.byte	112
 559 0212 B5       		.byte	-75
 560 0213 18       		.byte	24
 561 0214 B6       		.byte	-74
 562 0215 80       		.byte	-128
 563 0216 B7       		.byte	-73
 564 0217 03       		.byte	3
 565 0218 BE       		.byte	-66
 566 0219 44       		.byte	68
 567 021a C0       		.byte	-64
 568 021b 32       		.byte	50
 569 021c C1       		.byte	-63
 570 021d 05       		.byte	5
ARM GAS  C:\Users\hasel\AppData\Local\Temp\ccYfOYb8.s 			page 11


 571 021e C2       		.byte	-62
 572 021f 06       		.byte	6
 573 0220 C5       		.byte	-59
 574 0221 EC       		.byte	-20
 575 0222 C6       		.byte	-58
 576 0223 20       		.byte	32
 577 0224 C8       		.byte	-56
 578 0225 0B       		.byte	11
 579 0226 C9       		.byte	-55
 580 0227 FF       		.byte	-1
 581 0228 CA       		.byte	-54
 582 0229 FF       		.byte	-1
 583 022a CB       		.byte	-53
 584 022b FF       		.byte	-1
 585 022c CD       		.byte	-51
 586 022d 83       		.byte	-125
 587 022e CE       		.byte	-50
 588 022f 03       		.byte	3
 589 0230 CF       		.byte	-49
 590 0231 01       		.byte	1
 591 0232 D0       		.byte	-48
 592 0233 18       		.byte	24
 593 0234 D2       		.byte	-46
 594 0235 93       		.byte	-109
 595 0236 D8       		.byte	-40
 596 0237 04       		.byte	4
 597 0238 D9       		.byte	-39
 598 0239 04       		.byte	4
 599 023a DA       		.byte	-38
 600 023b 04       		.byte	4
 601 023c DB       		.byte	-37
 602 023d 04       		.byte	4
 603 023e DF       		.byte	-33
 604 023f 01       		.byte	1
 605 0240 E0       		.byte	-32
 606 0241 40       		.byte	64
 607 0242 E2       		.byte	-30
 608 0243 40       		.byte	64
 609 0244 E4       		.byte	-28
 610 0245 40       		.byte	64
 611 0246 E5       		.byte	-27
 612 0247 40       		.byte	64
 613 0248 E6       		.byte	-26
 614 0249 80       		.byte	-128
 615 024a E8       		.byte	-24
 616 024b 80       		.byte	-128
 617 024c EA       		.byte	-22
 618 024d 80       		.byte	-128
 619 024e EC       		.byte	-20
 620 024f 80       		.byte	-128
 621 0250 EE       		.byte	-18
 622 0251 80       		.byte	-128
 623 0252 04       		.byte	4
 624 0253 05       		.byte	5
 625 0254 05       		.byte	5
 626 0255 40       		.byte	64
 627 0256 07       		.byte	7
ARM GAS  C:\Users\hasel\AppData\Local\Temp\ccYfOYb8.s 			page 12


 628 0257 08       		.byte	8
 629 0258 08       		.byte	8
 630 0259 20       		.byte	32
 631 025a 0B       		.byte	11
 632 025b C0       		.byte	-64
 633 025c 0C       		.byte	12
 634 025d 40       		.byte	64
 635 025e 0D       		.byte	13
 636 025f 21       		.byte	33
 637 0260 0E       		.byte	14
 638 0261 80       		.byte	-128
 639 0262 11       		.byte	17
 640 0263 08       		.byte	8
 641 0264 12       		.byte	18
 642 0265 20       		.byte	32
 643 0266 14       		.byte	20
 644 0267 04       		.byte	4
 645 0268 15       		.byte	21
 646 0269 08       		.byte	8
 647 026a 16       		.byte	22
 648 026b 42       		.byte	66
 649 026c 18       		.byte	24
 650 026d 20       		.byte	32
 651 026e 1B       		.byte	27
 652 026f 08       		.byte	8
 653 0270 1C       		.byte	28
 654 0271 94       		.byte	-108
 655 0272 1D       		.byte	29
 656 0273 18       		.byte	24
 657 0274 1E       		.byte	30
 658 0275 80       		.byte	-128
 659 0276 1F       		.byte	31
 660 0277 40       		.byte	64
 661 0278 22       		.byte	34
 662 0279 04       		.byte	4
 663 027a 24       		.byte	36
 664 027b 01       		.byte	1
 665 027c 25       		.byte	37
 666 027d 40       		.byte	64
 667 027e 26       		.byte	38
 668 027f 28       		.byte	40
 669 0280 2C       		.byte	44
 670 0281 06       		.byte	6
 671 0282 2E       		.byte	46
 672 0283 01       		.byte	1
 673 0284 2F       		.byte	47
 674 0285 20       		.byte	32
 675 0286 32       		.byte	50
 676 0287 80       		.byte	-128
 677 0288 35       		.byte	53
 678 0289 10       		.byte	16
 679 028a 36       		.byte	54
 680 028b 40       		.byte	64
 681 028c 37       		.byte	55
 682 028d 0A       		.byte	10
 683 028e 3C       		.byte	60
 684 028f 02       		.byte	2
ARM GAS  C:\Users\hasel\AppData\Local\Temp\ccYfOYb8.s 			page 13


 685 0290 3D       		.byte	61
 686 0291 88       		.byte	-120
 687 0292 3E       		.byte	62
 688 0293 20       		.byte	32
 689 0294 40       		.byte	64
 690 0295 10       		.byte	16
 691 0296 41       		.byte	65
 692 0297 20       		.byte	32
 693 0298 45       		.byte	69
 694 0299 28       		.byte	40
 695 029a 48       		.byte	72
 696 029b 02       		.byte	2
 697 029c 49       		.byte	73
 698 029d 20       		.byte	32
 699 029e 4C       		.byte	76
 700 029f 02       		.byte	2
 701 02a0 4F       		.byte	79
 702 02a1 25       		.byte	37
 703 02a2 55       		.byte	85
 704 02a3 20       		.byte	32
 705 02a4 56       		.byte	86
 706 02a5 20       		.byte	32
 707 02a6 6C       		.byte	108
 708 02a7 04       		.byte	4
 709 02a8 6F       		.byte	111
 710 02a9 05       		.byte	5
 711 02aa 74       		.byte	116
 712 02ab 01       		.byte	1
 713 02ac 76       		.byte	118
 714 02ad 42       		.byte	66
 715 02ae 77       		.byte	119
 716 02af 42       		.byte	66
 717 02b0 84       		.byte	-124
 718 02b1 40       		.byte	64
 719 02b2 86       		.byte	-122
 720 02b3 08       		.byte	8
 721 02b4 87       		.byte	-121
 722 02b5 20       		.byte	32
 723 02b6 93       		.byte	-109
 724 02b7 10       		.byte	16
 725 02b8 96       		.byte	-106
 726 02b9 08       		.byte	8
 727 02ba 98       		.byte	-104
 728 02bb 20       		.byte	32
 729 02bc 99       		.byte	-103
 730 02bd 20       		.byte	32
 731 02be A0       		.byte	-96
 732 02bf 02       		.byte	2
 733 02c0 A2       		.byte	-94
 734 02c1 80       		.byte	-128
 735 02c2 A3       		.byte	-93
 736 02c3 10       		.byte	16
 737 02c4 A4       		.byte	-92
 738 02c5 40       		.byte	64
 739 02c6 A7       		.byte	-89
 740 02c7 08       		.byte	8
 741 02c8 C0       		.byte	-64
ARM GAS  C:\Users\hasel\AppData\Local\Temp\ccYfOYb8.s 			page 14


 742 02c9 F0       		.byte	-16
 743 02ca C2       		.byte	-62
 744 02cb D2       		.byte	-46
 745 02cc C4       		.byte	-60
 746 02cd F0       		.byte	-16
 747 02ce CA       		.byte	-54
 748 02cf F0       		.byte	-16
 749 02d0 CC       		.byte	-52
 750 02d1 F8       		.byte	-8
 751 02d2 CE       		.byte	-50
 752 02d3 F0       		.byte	-16
 753 02d4 D0       		.byte	-48
 754 02d5 66       		.byte	102
 755 02d6 D2       		.byte	-46
 756 02d7 3C       		.byte	60
 757 02d8 02       		.byte	2
 758 02d9 01       		.byte	1
 759 02da 04       		.byte	4
 760 02db 06       		.byte	6
 761 02dc 05       		.byte	5
 762 02dd 1E       		.byte	30
 763 02de 06       		.byte	6
 764 02df 18       		.byte	24
 765 02e0 08       		.byte	8
 766 02e1 1E       		.byte	30
 767 02e2 0B       		.byte	11
 768 02e3 30       		.byte	48
 769 02e4 0C       		.byte	12
 770 02e5 0A       		.byte	10
 771 02e6 0E       		.byte	14
 772 02e7 14       		.byte	20
 773 02e8 0F       		.byte	15
 774 02e9 1E       		.byte	30
 775 02ea 10       		.byte	16
 776 02eb 1E       		.byte	30
 777 02ec 13       		.byte	19
 778 02ed 08       		.byte	8
 779 02ee 15       		.byte	21
 780 02ef 02       		.byte	2
 781 02f0 16       		.byte	22
 782 02f1 1E       		.byte	30
 783 02f2 17       		.byte	23
 784 02f3 04       		.byte	4
 785 02f4 1C       		.byte	28
 786 02f5 06       		.byte	6
 787 02f6 1D       		.byte	29
 788 02f7 04       		.byte	4
 789 02f8 1E       		.byte	30
 790 02f9 18       		.byte	24
 791 02fa 1F       		.byte	31
 792 02fb 02       		.byte	2
 793 02fc 21       		.byte	33
 794 02fd 01       		.byte	1
 795 02fe 22       		.byte	34
 796 02ff 1E       		.byte	30
 797 0300 27       		.byte	39
 798 0301 1E       		.byte	30
ARM GAS  C:\Users\hasel\AppData\Local\Temp\ccYfOYb8.s 			page 15


 799 0302 28       		.byte	40
 800 0303 0A       		.byte	10
 801 0304 29       		.byte	41
 802 0305 01       		.byte	1
 803 0306 2A       		.byte	42
 804 0307 14       		.byte	20
 805 0308 2D       		.byte	45
 806 0309 0E       		.byte	14
 807 030a 2F       		.byte	47
 808 030b 20       		.byte	32
 809 030c 32       		.byte	50
 810 030d 1E       		.byte	30
 811 030e 33       		.byte	51
 812 030f 3E       		.byte	62
 813 0310 35       		.byte	53
 814 0311 01       		.byte	1
 815 0312 36       		.byte	54
 816 0313 01       		.byte	1
 817 0314 39       		.byte	57
 818 0315 20       		.byte	32
 819 0316 3B       		.byte	59
 820 0317 08       		.byte	8
 821 0318 54       		.byte	84
 822 0319 03       		.byte	3
 823 031a 58       		.byte	88
 824 031b 04       		.byte	4
 825 031c 59       		.byte	89
 826 031d 04       		.byte	4
 827 031e 5B       		.byte	91
 828 031f 04       		.byte	4
 829 0320 5F       		.byte	95
 830 0321 05       		.byte	5
 831 0322 83       		.byte	-125
 832 0323 0F       		.byte	15
 833 0324 87       		.byte	-121
 834 0325 05       		.byte	5
 835 0326 88       		.byte	-120
 836 0327 02       		.byte	2
 837 0328 89       		.byte	-119
 838 0329 0F       		.byte	15
 839 032a 8E       		.byte	-114
 840 032b 02       		.byte	2
 841 032c 91       		.byte	-111
 842 032d 03       		.byte	3
 843 032e 93       		.byte	-109
 844 032f 10       		.byte	16
 845 0330 94       		.byte	-108
 846 0331 01       		.byte	1
 847 0332 97       		.byte	-105
 848 0333 0F       		.byte	15
 849 0334 9A       		.byte	-102
 850 0335 02       		.byte	2
 851 0336 9B       		.byte	-101
 852 0337 0B       		.byte	11
 853 0338 9F       		.byte	-97
 854 0339 1C       		.byte	28
 855 033a AD       		.byte	-83
ARM GAS  C:\Users\hasel\AppData\Local\Temp\ccYfOYb8.s 			page 16


 856 033b 06       		.byte	6
 857 033c B0       		.byte	-80
 858 033d 01       		.byte	1
 859 033e B4       		.byte	-76
 860 033f 02       		.byte	2
 861 0340 B7       		.byte	-73
 862 0341 1F       		.byte	31
 863 0342 BB       		.byte	-69
 864 0343 80       		.byte	-128
 865 0344 BE       		.byte	-66
 866 0345 01       		.byte	1
 867 0346 D8       		.byte	-40
 868 0347 04       		.byte	4
 869 0348 D9       		.byte	-39
 870 0349 04       		.byte	4
 871 034a DF       		.byte	-33
 872 034b 01       		.byte	1
 873 034c 00       		.byte	0
 874 034d 80       		.byte	-128
 875 034e 03       		.byte	3
 876 034f 08       		.byte	8
 877 0350 04       		.byte	4
 878 0351 28       		.byte	40
 879 0352 05       		.byte	5
 880 0353 80       		.byte	-128
 881 0354 06       		.byte	6
 882 0355 08       		.byte	8
 883 0356 07       		.byte	7
 884 0357 41       		.byte	65
 885 0358 08       		.byte	8
 886 0359 20       		.byte	32
 887 035a 0A       		.byte	10
 888 035b 0C       		.byte	12
 889 035c 0B       		.byte	11
 890 035d 10       		.byte	16
 891 035e 0C       		.byte	12
 892 035f 0A       		.byte	10
 893 0360 0D       		.byte	13
 894 0361 40       		.byte	64
 895 0362 15       		.byte	21
 896 0363 02       		.byte	2
 897 0364 17       		.byte	23
 898 0365 10       		.byte	16
 899 0366 18       		.byte	24
 900 0367 80       		.byte	-128
 901 0368 1B       		.byte	27
 902 0369 20       		.byte	32
 903 036a 1D       		.byte	29
 904 036b 40       		.byte	64
 905 036c 1E       		.byte	30
 906 036d 21       		.byte	33
 907 036e 21       		.byte	33
 908 036f 40       		.byte	64
 909 0370 22       		.byte	34
 910 0371 C0       		.byte	-64
 911 0372 24       		.byte	36
 912 0373 10       		.byte	16
ARM GAS  C:\Users\hasel\AppData\Local\Temp\ccYfOYb8.s 			page 17


 913 0374 27       		.byte	39
 914 0375 18       		.byte	24
 915 0376 29       		.byte	41
 916 0377 80       		.byte	-128
 917 0378 2C       		.byte	44
 918 0379 46       		.byte	70
 919 037a 2E       		.byte	46
 920 037b 24       		.byte	36
 921 037c 30       		.byte	48
 922 037d 0A       		.byte	10
 923 037e 32       		.byte	50
 924 037f 44       		.byte	68
 925 0380 33       		.byte	51
 926 0381 12       		.byte	18
 927 0382 36       		.byte	54
 928 0383 80       		.byte	-128
 929 0384 37       		.byte	55
 930 0385 05       		.byte	5
 931 0386 38       		.byte	56
 932 0387 28       		.byte	40
 933 0388 39       		.byte	57
 934 0389 02       		.byte	2
 935 038a 3C       		.byte	60
 936 038b 90       		.byte	-112
 937 038c 3E       		.byte	62
 938 038d 08       		.byte	8
 939 038e 5E       		.byte	94
 940 038f 20       		.byte	32
 941 0390 5F       		.byte	95
 942 0391 45       		.byte	69
 943 0392 7F       		.byte	127
 944 0393 02       		.byte	2
 945 0394 80       		.byte	-128
 946 0395 40       		.byte	64
 947 0396 90       		.byte	-112
 948 0397 28       		.byte	40
 949 0398 91       		.byte	-111
 950 0399 02       		.byte	2
 951 039a 93       		.byte	-109
 952 039b 55       		.byte	85
 953 039c 96       		.byte	-106
 954 039d 01       		.byte	1
 955 039e 98       		.byte	-104
 956 039f 60       		.byte	96
 957 03a0 9B       		.byte	-101
 958 03a1 45       		.byte	69
 959 03a2 9C       		.byte	-100
 960 03a3 04       		.byte	4
 961 03a4 9D       		.byte	-99
 962 03a5 40       		.byte	64
 963 03a6 9F       		.byte	-97
 964 03a7 08       		.byte	8
 965 03a8 A0       		.byte	-96
 966 03a9 42       		.byte	66
 967 03aa A3       		.byte	-93
 968 03ab 08       		.byte	8
 969 03ac AC       		.byte	-84
ARM GAS  C:\Users\hasel\AppData\Local\Temp\ccYfOYb8.s 			page 18


 970 03ad 02       		.byte	2
 971 03ae AD       		.byte	-83
 972 03af 04       		.byte	4
 973 03b0 C0       		.byte	-64
 974 03b1 F3       		.byte	-13
 975 03b2 C2       		.byte	-62
 976 03b3 B6       		.byte	-74
 977 03b4 C4       		.byte	-60
 978 03b5 50       		.byte	80
 979 03b6 CA       		.byte	-54
 980 03b7 F8       		.byte	-8
 981 03b8 CC       		.byte	-52
 982 03b9 DF       		.byte	-33
 983 03ba CE       		.byte	-50
 984 03bb 77       		.byte	119
 985 03bc D6       		.byte	-42
 986 03bd F0       		.byte	-16
 987 03be DE       		.byte	-34
 988 03bf 10       		.byte	16
 989 03c0 E0       		.byte	-32
 990 03c1 01       		.byte	1
 991 03c2 E0       		.byte	-32
 992 03c3 01       		.byte	1
 993 03c4 E6       		.byte	-26
 994 03c5 02       		.byte	2
 995 03c6 AA       		.byte	-86
 996 03c7 20       		.byte	32
 997 03c8 9E       		.byte	-98
 998 03c9 20       		.byte	32
 999 03ca AF       		.byte	-81
 1000 03cb 20       		.byte	32
 1001 03cc 30       		.byte	48
 1002 03cd 12       		.byte	18
 1003 03ce 36       		.byte	54
 1004 03cf 10       		.byte	16
 1005 03d0 CC       		.byte	-52
 1006 03d1 70       		.byte	112
 1007 03d2 01       		.byte	1
 1008 03d3 02       		.byte	2
 1009 03d4 0B       		.byte	11
 1010 03d5 08       		.byte	8
 1011 03d6 81       		.byte	-127
 1012 03d7 02       		.byte	2
 1013 03d8 84       		.byte	-124
 1014 03d9 10       		.byte	16
 1015 03da 9C       		.byte	-100
 1016 03db 10       		.byte	16
 1017 03dc A4       		.byte	-92
 1018 03dd 02       		.byte	2
 1019 03de A6       		.byte	-90
 1020 03df 10       		.byte	16
 1021 03e0 C0       		.byte	-64
 1022 03e1 10       		.byte	16
 1023 03e2 C2       		.byte	-62
 1024 03e3 40       		.byte	64
 1025 03e4 E4       		.byte	-28
 1026 03e5 20       		.byte	32
ARM GAS  C:\Users\hasel\AppData\Local\Temp\ccYfOYb8.s 			page 19


 1027 03e6 E6       		.byte	-26
 1028 03e7 40       		.byte	64
 1029 03e8 84       		.byte	-124
 1030 03e9 02       		.byte	2
 1031 03ea 87       		.byte	-121
 1032 03eb 04       		.byte	4
 1033 03ec 93       		.byte	-109
 1034 03ed 08       		.byte	8
 1035 03ee A4       		.byte	-92
 1036 03ef 02       		.byte	2
 1037 03f0 A6       		.byte	-90
 1038 03f1 10       		.byte	16
 1039 03f2 E2       		.byte	-30
 1040 03f3 10       		.byte	16
 1041 03f4 E4       		.byte	-28
 1042 03f5 10       		.byte	16
 1043 03f6 A6       		.byte	-90
 1044 03f7 10       		.byte	16
 1045 03f8 84       		.byte	-124
 1046 03f9 04       		.byte	4
 1047 03fa A4       		.byte	-92
 1048 03fb 04       		.byte	4
 1049 03fc 83       		.byte	-125
 1050 03fd 20       		.byte	32
 1051 03fe A4       		.byte	-92
 1052 03ff 04       		.byte	4
 1053 0400 00       		.byte	0
 1054 0401 04       		.byte	4
 1055 0402 AE       		.byte	-82
 1056 0403 10       		.byte	16
 1057 0404 C0       		.byte	-64
 1058 0405 10       		.byte	16
 1059 0406 EE       		.byte	-18
 1060 0407 10       		.byte	16
 1061 0408 A8       		.byte	-88
 1062 0409 04       		.byte	4
 1063 040a E8       		.byte	-24
 1064 040b 20       		.byte	32
 1065 040c 1C       		.byte	28
 1066 040d 08       		.byte	8
 1067 040e 9B       		.byte	-101
 1068 040f 20       		.byte	32
 1069 0410 A4       		.byte	-92
 1070 0411 04       		.byte	4
 1071 0412 C6       		.byte	-58
 1072 0413 01       		.byte	1
 1073 0414 77       		.byte	119
 1074 0415 20       		.byte	32
 1075 0416 9B       		.byte	-101
 1076 0417 20       		.byte	32
 1077 0418 DE       		.byte	-34
 1078 0419 04       		.byte	4
 1079 041a 00       		.byte	0
 1080 041b 03       		.byte	3
 1081 041c 08       		.byte	8
 1082 041d 03       		.byte	3
 1083 041e 0A       		.byte	10
ARM GAS  C:\Users\hasel\AppData\Local\Temp\ccYfOYb8.s 			page 20


 1084 041f 01       		.byte	1
 1085 0420 00       		.byte	0
 1086 0421 3F       		.byte	63
 1087 0422 00       		.byte	0
 1088 0423 00       		.byte	0
 1089 0424 41       		.byte	65
 1090 0425 00       		.byte	0
 1091 0426 C0       		.byte	-64
 1092 0427 00       		.byte	0
 1093 0428 00       		.byte	0
 1094 0429 00       		.byte	0
 1095 042a 06       		.byte	6
 1096 042b 00       		.byte	0
 1097 042c 80       		.byte	-128
 1098 042d 00       		.byte	0
 1099 042e 00       		.byte	0
 1100 042f 80       		.byte	-128
 1101 0430 80       		.byte	-128
 1102 0431 00       		.byte	0
 1103 0432 80       		.byte	-128
 1104 0433 00       		.byte	0
 1105 0434 00       		.byte	0
 1106 0435 00       		.byte	0
 1107 0436 00       		.byte	0
 1108 0437 00       		.byte	0
 1109 0438 01       		.byte	1
 1110 0439 00       		.byte	0
 1111 043a 01       		.byte	1
 1112 043b 00       		.byte	0
 1113 043c 00       		.byte	0
 1114 043d 00       		.byte	0
 1115 043e 00       		.byte	0
 1116 043f 00       		.byte	0
 1117 0440 00       		.byte	0
 1118 0441 0B       		.byte	11
 1119 0442 0B       		.byte	11
 1120 0443 00       		.byte	0
 1121 0444 00       		.byte	0
 1122 0445 00       		.byte	0
 1123 0446 00       		.byte	0
 1124 0447 00       		.byte	0
 1125 0448 01       		.byte	1
 1126 0449 00       		.byte	0
 1127 044a 18       		.byte	24
 1128 044b 01       		.byte	1
 1129              		.section	.cywolatch,"a",%progbits
 1130              		.align	2
 1131              		.type	cy_meta_wonvl, %object
 1132              		.size	cy_meta_wonvl, 4
 1133              	cy_meta_wonvl:
 1134 0000 BC       		.byte	-68
 1135 0001 90       		.byte	-112
 1136 0002 AC       		.byte	-84
 1137 0003 AF       		.byte	-81
 1138              		.section	.cycustnvl,"a",%progbits
 1139              		.align	2
 1140              		.type	cy_meta_custnvl, %object
ARM GAS  C:\Users\hasel\AppData\Local\Temp\ccYfOYb8.s 			page 21


 1141              		.size	cy_meta_custnvl, 4
 1142              	cy_meta_custnvl:
 1143 0000 00       		.byte	0
 1144 0001 00       		.byte	0
 1145 0002 40       		.byte	64
 1146 0003 05       		.byte	5
 1147              		.section	.cymeta,"a",%progbits
 1148              		.align	2
 1149              		.type	cy_metadata, %object
 1150              		.size	cy_metadata, 12
 1151              	cy_metadata:
 1152 0000 00       		.byte	0
 1153 0001 01       		.byte	1
 1154 0002 2E       		.byte	46
 1155 0003 16       		.byte	22
 1156 0004 10       		.byte	16
 1157 0005 69       		.byte	105
 1158 0006 00       		.byte	0
 1159 0007 01       		.byte	1
 1160 0008 00       		.byte	0
 1161 0009 00       		.byte	0
 1162 000a 00       		.byte	0
 1163 000b 00       		.byte	0
 1164              		.section	.cyflashprotect,"a",%progbits
 1165              		.align	2
 1166              		.type	cy_meta_flashprotect, %object
 1167              		.size	cy_meta_flashprotect, 256
 1168              	cy_meta_flashprotect:
 1169 0000 00000000 		.space	256
 1169      00000000 
 1169      00000000 
 1169      00000000 
 1169      00000000 
 1170              		.text
 1171              	.Letext0:
 1172              		.file 1 "c:\\program files (x86)\\cypress\\psoc creator\\4.4\\psoc creator\\import\\gnu\\arm\\5.4.
 1173              		.file 2 "c:\\program files (x86)\\cypress\\psoc creator\\4.4\\psoc creator\\import\\gnu\\arm\\5.4.
 1174              		.file 3 "Generated_Source\\PSoC5\\cymetadata.c"
 1175              		.section	.debug_info,"",%progbits
 1176              	.Ldebug_info0:
 1177 0000 31010000 		.4byte	0x131
 1178 0004 0400     		.2byte	0x4
 1179 0006 00000000 		.4byte	.Ldebug_abbrev0
 1180 000a 04       		.byte	0x4
 1181 000b 01       		.uleb128 0x1
 1182 000c 24000000 		.4byte	.LASF17
 1183 0010 0C       		.byte	0xc
 1184 0011 EA010000 		.4byte	.LASF18
 1185 0015 7E010000 		.4byte	.LASF19
 1186 0019 00000000 		.4byte	.Ldebug_line0
 1187 001d 02       		.uleb128 0x2
 1188 001e 01       		.byte	0x1
 1189 001f 06       		.byte	0x6
 1190 0020 72010000 		.4byte	.LASF0
 1191 0024 03       		.uleb128 0x3
 1192 0025 00000000 		.4byte	.LASF9
 1193 0029 01       		.byte	0x1
ARM GAS  C:\Users\hasel\AppData\Local\Temp\ccYfOYb8.s 			page 22


 1194 002a 1D       		.byte	0x1d
 1195 002b 2F000000 		.4byte	0x2f
 1196 002f 02       		.uleb128 0x2
 1197 0030 01       		.byte	0x1
 1198 0031 08       		.byte	0x8
 1199 0032 16000000 		.4byte	.LASF1
 1200 0036 02       		.uleb128 0x2
 1201 0037 02       		.byte	0x2
 1202 0038 05       		.byte	0x5
 1203 0039 5F010000 		.4byte	.LASF2
 1204 003d 02       		.uleb128 0x2
 1205 003e 02       		.byte	0x2
 1206 003f 07       		.byte	0x7
 1207 0040 C4000000 		.4byte	.LASF3
 1208 0044 02       		.uleb128 0x2
 1209 0045 04       		.byte	0x4
 1210 0046 05       		.byte	0x5
 1211 0047 69010000 		.4byte	.LASF4
 1212 004b 02       		.uleb128 0x2
 1213 004c 04       		.byte	0x4
 1214 004d 07       		.byte	0x7
 1215 004e B2000000 		.4byte	.LASF5
 1216 0052 02       		.uleb128 0x2
 1217 0053 08       		.byte	0x8
 1218 0054 05       		.byte	0x5
 1219 0055 51010000 		.4byte	.LASF6
 1220 0059 02       		.uleb128 0x2
 1221 005a 08       		.byte	0x8
 1222 005b 07       		.byte	0x7
 1223 005c 06010000 		.4byte	.LASF7
 1224 0060 04       		.uleb128 0x4
 1225 0061 04       		.byte	0x4
 1226 0062 05       		.byte	0x5
 1227 0063 696E7400 		.ascii	"int\000"
 1228 0067 02       		.uleb128 0x2
 1229 0068 04       		.byte	0x4
 1230 0069 07       		.byte	0x7
 1231 006a F9000000 		.4byte	.LASF8
 1232 006e 03       		.uleb128 0x3
 1233 006f 1D010000 		.4byte	.LASF10
 1234 0073 02       		.byte	0x2
 1235 0074 18       		.byte	0x18
 1236 0075 24000000 		.4byte	0x24
 1237 0079 05       		.uleb128 0x5
 1238 007a 91000000 		.4byte	0x91
 1239 007e 8A000000 		.4byte	0x8a
 1240 0082 06       		.uleb128 0x6
 1241 0083 8A000000 		.4byte	0x8a
 1242 0087 4B04     		.2byte	0x44b
 1243 0089 00       		.byte	0
 1244 008a 02       		.uleb128 0x2
 1245 008b 04       		.byte	0x4
 1246 008c 07       		.byte	0x7
 1247 008d 48010000 		.4byte	.LASF11
 1248 0091 07       		.uleb128 0x7
 1249 0092 6E000000 		.4byte	0x6e
 1250 0096 08       		.uleb128 0x8
ARM GAS  C:\Users\hasel\AppData\Local\Temp\ccYfOYb8.s 			page 23


 1251 0097 E7000000 		.4byte	.LASF12
 1252 009b 03       		.byte	0x3
 1253 009c 1F       		.byte	0x1f
 1254 009d A7000000 		.4byte	0xa7
 1255 00a1 05       		.uleb128 0x5
 1256 00a2 03       		.byte	0x3
 1257 00a3 00000000 		.4byte	cy_meta_configecc
 1258 00a7 07       		.uleb128 0x7
 1259 00a8 79000000 		.4byte	0x79
 1260 00ac 05       		.uleb128 0x5
 1261 00ad 91000000 		.4byte	0x91
 1262 00b1 BC000000 		.4byte	0xbc
 1263 00b5 09       		.uleb128 0x9
 1264 00b6 8A000000 		.4byte	0x8a
 1265 00ba 03       		.byte	0x3
 1266 00bb 00       		.byte	0
 1267 00bc 08       		.uleb128 0x8
 1268 00bd D7000000 		.4byte	.LASF13
 1269 00c1 03       		.byte	0x3
 1270 00c2 B6       		.byte	0xb6
 1271 00c3 CD000000 		.4byte	0xcd
 1272 00c7 05       		.uleb128 0x5
 1273 00c8 03       		.byte	0x3
 1274 00c9 00000000 		.4byte	cy_meta_custnvl
 1275 00cd 07       		.uleb128 0x7
 1276 00ce AC000000 		.4byte	0xac
 1277 00d2 08       		.uleb128 0x8
 1278 00d3 3A010000 		.4byte	.LASF14
 1279 00d7 03       		.byte	0x3
 1280 00d8 C4       		.byte	0xc4
 1281 00d9 E3000000 		.4byte	0xe3
 1282 00dd 05       		.uleb128 0x5
 1283 00de 03       		.byte	0x3
 1284 00df 00000000 		.4byte	cy_meta_wonvl
 1285 00e3 07       		.uleb128 0x7
 1286 00e4 AC000000 		.4byte	0xac
 1287 00e8 05       		.uleb128 0x5
 1288 00e9 91000000 		.4byte	0x91
 1289 00ed F8000000 		.4byte	0xf8
 1290 00f1 09       		.uleb128 0x9
 1291 00f2 8A000000 		.4byte	0x8a
 1292 00f6 FF       		.byte	0xff
 1293 00f7 00       		.byte	0
 1294 00f8 08       		.uleb128 0x8
 1295 00f9 25010000 		.4byte	.LASF15
 1296 00fd 03       		.byte	0x3
 1297 00fe D2       		.byte	0xd2
 1298 00ff 09010000 		.4byte	0x109
 1299 0103 05       		.uleb128 0x5
 1300 0104 03       		.byte	0x3
 1301 0105 00000000 		.4byte	cy_meta_flashprotect
 1302 0109 07       		.uleb128 0x7
 1303 010a E8000000 		.4byte	0xe8
 1304 010e 05       		.uleb128 0x5
 1305 010f 91000000 		.4byte	0x91
 1306 0113 1E010000 		.4byte	0x11e
 1307 0117 09       		.uleb128 0x9
ARM GAS  C:\Users\hasel\AppData\Local\Temp\ccYfOYb8.s 			page 24


 1308 0118 8A000000 		.4byte	0x8a
 1309 011c 0B       		.byte	0xb
 1310 011d 00       		.byte	0
 1311 011e 08       		.uleb128 0x8
 1312 011f 0A000000 		.4byte	.LASF16
 1313 0123 03       		.byte	0x3
 1314 0124 FF       		.byte	0xff
 1315 0125 2F010000 		.4byte	0x12f
 1316 0129 05       		.uleb128 0x5
 1317 012a 03       		.byte	0x3
 1318 012b 00000000 		.4byte	cy_metadata
 1319 012f 07       		.uleb128 0x7
 1320 0130 0E010000 		.4byte	0x10e
 1321 0134 00       		.byte	0
 1322              		.section	.debug_abbrev,"",%progbits
 1323              	.Ldebug_abbrev0:
 1324 0000 01       		.uleb128 0x1
 1325 0001 11       		.uleb128 0x11
 1326 0002 01       		.byte	0x1
 1327 0003 25       		.uleb128 0x25
 1328 0004 0E       		.uleb128 0xe
 1329 0005 13       		.uleb128 0x13
 1330 0006 0B       		.uleb128 0xb
 1331 0007 03       		.uleb128 0x3
 1332 0008 0E       		.uleb128 0xe
 1333 0009 1B       		.uleb128 0x1b
 1334 000a 0E       		.uleb128 0xe
 1335 000b 10       		.uleb128 0x10
 1336 000c 17       		.uleb128 0x17
 1337 000d 00       		.byte	0
 1338 000e 00       		.byte	0
 1339 000f 02       		.uleb128 0x2
 1340 0010 24       		.uleb128 0x24
 1341 0011 00       		.byte	0
 1342 0012 0B       		.uleb128 0xb
 1343 0013 0B       		.uleb128 0xb
 1344 0014 3E       		.uleb128 0x3e
 1345 0015 0B       		.uleb128 0xb
 1346 0016 03       		.uleb128 0x3
 1347 0017 0E       		.uleb128 0xe
 1348 0018 00       		.byte	0
 1349 0019 00       		.byte	0
 1350 001a 03       		.uleb128 0x3
 1351 001b 16       		.uleb128 0x16
 1352 001c 00       		.byte	0
 1353 001d 03       		.uleb128 0x3
 1354 001e 0E       		.uleb128 0xe
 1355 001f 3A       		.uleb128 0x3a
 1356 0020 0B       		.uleb128 0xb
 1357 0021 3B       		.uleb128 0x3b
 1358 0022 0B       		.uleb128 0xb
 1359 0023 49       		.uleb128 0x49
 1360 0024 13       		.uleb128 0x13
 1361 0025 00       		.byte	0
 1362 0026 00       		.byte	0
 1363 0027 04       		.uleb128 0x4
 1364 0028 24       		.uleb128 0x24
ARM GAS  C:\Users\hasel\AppData\Local\Temp\ccYfOYb8.s 			page 25


 1365 0029 00       		.byte	0
 1366 002a 0B       		.uleb128 0xb
 1367 002b 0B       		.uleb128 0xb
 1368 002c 3E       		.uleb128 0x3e
 1369 002d 0B       		.uleb128 0xb
 1370 002e 03       		.uleb128 0x3
 1371 002f 08       		.uleb128 0x8
 1372 0030 00       		.byte	0
 1373 0031 00       		.byte	0
 1374 0032 05       		.uleb128 0x5
 1375 0033 01       		.uleb128 0x1
 1376 0034 01       		.byte	0x1
 1377 0035 49       		.uleb128 0x49
 1378 0036 13       		.uleb128 0x13
 1379 0037 01       		.uleb128 0x1
 1380 0038 13       		.uleb128 0x13
 1381 0039 00       		.byte	0
 1382 003a 00       		.byte	0
 1383 003b 06       		.uleb128 0x6
 1384 003c 21       		.uleb128 0x21
 1385 003d 00       		.byte	0
 1386 003e 49       		.uleb128 0x49
 1387 003f 13       		.uleb128 0x13
 1388 0040 2F       		.uleb128 0x2f
 1389 0041 05       		.uleb128 0x5
 1390 0042 00       		.byte	0
 1391 0043 00       		.byte	0
 1392 0044 07       		.uleb128 0x7
 1393 0045 26       		.uleb128 0x26
 1394 0046 00       		.byte	0
 1395 0047 49       		.uleb128 0x49
 1396 0048 13       		.uleb128 0x13
 1397 0049 00       		.byte	0
 1398 004a 00       		.byte	0
 1399 004b 08       		.uleb128 0x8
 1400 004c 34       		.uleb128 0x34
 1401 004d 00       		.byte	0
 1402 004e 03       		.uleb128 0x3
 1403 004f 0E       		.uleb128 0xe
 1404 0050 3A       		.uleb128 0x3a
 1405 0051 0B       		.uleb128 0xb
 1406 0052 3B       		.uleb128 0x3b
 1407 0053 0B       		.uleb128 0xb
 1408 0054 49       		.uleb128 0x49
 1409 0055 13       		.uleb128 0x13
 1410 0056 3F       		.uleb128 0x3f
 1411 0057 19       		.uleb128 0x19
 1412 0058 02       		.uleb128 0x2
 1413 0059 18       		.uleb128 0x18
 1414 005a 00       		.byte	0
 1415 005b 00       		.byte	0
 1416 005c 09       		.uleb128 0x9
 1417 005d 21       		.uleb128 0x21
 1418 005e 00       		.byte	0
 1419 005f 49       		.uleb128 0x49
 1420 0060 13       		.uleb128 0x13
 1421 0061 2F       		.uleb128 0x2f
ARM GAS  C:\Users\hasel\AppData\Local\Temp\ccYfOYb8.s 			page 26


 1422 0062 0B       		.uleb128 0xb
 1423 0063 00       		.byte	0
 1424 0064 00       		.byte	0
 1425 0065 00       		.byte	0
 1426              		.section	.debug_aranges,"",%progbits
 1427 0000 14000000 		.4byte	0x14
 1428 0004 0200     		.2byte	0x2
 1429 0006 00000000 		.4byte	.Ldebug_info0
 1430 000a 04       		.byte	0x4
 1431 000b 00       		.byte	0
 1432 000c 0000     		.2byte	0
 1433 000e 0000     		.2byte	0
 1434 0010 00000000 		.4byte	0
 1435 0014 00000000 		.4byte	0
 1436              		.section	.debug_line,"",%progbits
 1437              	.Ldebug_line0:
 1438 0000 3D010000 		.section	.debug_str,"MS",%progbits,1
 1438      02003701 
 1438      00000201 
 1438      FB0E0D00 
 1438      01010101 
 1439              	.LASF9:
 1440 0000 5F5F7569 		.ascii	"__uint8_t\000"
 1440      6E74385F 
 1440      7400
 1441              	.LASF16:
 1442 000a 63795F6D 		.ascii	"cy_metadata\000"
 1442      65746164 
 1442      61746100 
 1443              	.LASF1:
 1444 0016 756E7369 		.ascii	"unsigned char\000"
 1444      676E6564 
 1444      20636861 
 1444      7200
 1445              	.LASF17:
 1446 0024 474E5520 		.ascii	"GNU C11 5.4.1 20160609 (release) [ARM/embedded-5-br"
 1446      43313120 
 1446      352E342E 
 1446      31203230 
 1446      31363036 
 1447 0057 616E6368 		.ascii	"anch revision 237715] -mcpu=cortex-m3 -mthumb -g -O"
 1447      20726576 
 1447      6973696F 
 1447      6E203233 
 1447      37373135 
 1448 008a 67202D66 		.ascii	"g -ffunction-sections -ffat-lto-objects\000"
 1448      66756E63 
 1448      74696F6E 
 1448      2D736563 
 1448      74696F6E 
 1449              	.LASF5:
 1450 00b2 6C6F6E67 		.ascii	"long unsigned int\000"
 1450      20756E73 
 1450      69676E65 
 1450      6420696E 
 1450      7400
 1451              	.LASF3:
ARM GAS  C:\Users\hasel\AppData\Local\Temp\ccYfOYb8.s 			page 27


 1452 00c4 73686F72 		.ascii	"short unsigned int\000"
 1452      7420756E 
 1452      7369676E 
 1452      65642069 
 1452      6E7400
 1453              	.LASF13:
 1454 00d7 63795F6D 		.ascii	"cy_meta_custnvl\000"
 1454      6574615F 
 1454      63757374 
 1454      6E766C00 
 1455              	.LASF12:
 1456 00e7 63795F6D 		.ascii	"cy_meta_configecc\000"
 1456      6574615F 
 1456      636F6E66 
 1456      69676563 
 1456      6300
 1457              	.LASF8:
 1458 00f9 756E7369 		.ascii	"unsigned int\000"
 1458      676E6564 
 1458      20696E74 
 1458      00
 1459              	.LASF7:
 1460 0106 6C6F6E67 		.ascii	"long long unsigned int\000"
 1460      206C6F6E 
 1460      6720756E 
 1460      7369676E 
 1460      65642069 
 1461              	.LASF10:
 1462 011d 75696E74 		.ascii	"uint8_t\000"
 1462      385F7400 
 1463              	.LASF15:
 1464 0125 63795F6D 		.ascii	"cy_meta_flashprotect\000"
 1464      6574615F 
 1464      666C6173 
 1464      6870726F 
 1464      74656374 
 1465              	.LASF14:
 1466 013a 63795F6D 		.ascii	"cy_meta_wonvl\000"
 1466      6574615F 
 1466      776F6E76 
 1466      6C00
 1467              	.LASF11:
 1468 0148 73697A65 		.ascii	"sizetype\000"
 1468      74797065 
 1468      00
 1469              	.LASF6:
 1470 0151 6C6F6E67 		.ascii	"long long int\000"
 1470      206C6F6E 
 1470      6720696E 
 1470      7400
 1471              	.LASF2:
 1472 015f 73686F72 		.ascii	"short int\000"
 1472      7420696E 
 1472      7400
 1473              	.LASF4:
 1474 0169 6C6F6E67 		.ascii	"long int\000"
 1474      20696E74 
ARM GAS  C:\Users\hasel\AppData\Local\Temp\ccYfOYb8.s 			page 28


 1474      00
 1475              	.LASF0:
 1476 0172 7369676E 		.ascii	"signed char\000"
 1476      65642063 
 1476      68617200 
 1477              	.LASF19:
 1478 017e 443A5C53 		.ascii	"D:\\Source\\Repos\\DIC\\Widerstandsmessung_ohne_ADC"
 1478      6F757263 
 1478      655C5265 
 1478      706F735C 
 1478      4449435C 
 1479 01ad 5C576964 		.ascii	"\\Widerstandsmessung_Digital\\Widerstandsmessung_Di"
 1479      65727374 
 1479      616E6473 
 1479      6D657373 
 1479      756E675F 
 1480 01de 67697461 		.ascii	"gital.cydsn\000"
 1480      6C2E6379 
 1480      64736E00 
 1481              	.LASF18:
 1482 01ea 47656E65 		.ascii	"Generated_Source\\PSoC5\\cymetadata.c\000"
 1482      72617465 
 1482      645F536F 
 1482      75726365 
 1482      5C50536F 
 1483              		.ident	"GCC: (GNU Tools for ARM Embedded Processors) 5.4.1 20160609 (release) [ARM/embedded-5-bran
