ARM GAS  C:\Users\hasel\AppData\Local\Temp\ccAPa8PK.s 			page 1


   1              		.syntax unified
   2              		.cpu cortex-m3
   3              		.fpu softvfp
   4              		.eabi_attribute 20, 1
   5              		.eabi_attribute 21, 1
   6              		.eabi_attribute 23, 3
   7              		.eabi_attribute 24, 1
   8              		.eabi_attribute 25, 1
   9              		.eabi_attribute 26, 1
  10              		.eabi_attribute 30, 1
  11              		.eabi_attribute 34, 1
  12              		.eabi_attribute 18, 4
  13              		.thumb
  14              		.syntax unified
  15              		.file	"main.c"
  16              		.text
  17              	.Ltext0:
  18              		.cfi_sections	.debug_frame
  19              		.section	.text.measurement_capture,"ax",%progbits
  20              		.align	2
  21              		.global	measurement_capture
  22              		.thumb
  23              		.thumb_func
  24              		.type	measurement_capture, %function
  25              	measurement_capture:
  26              	.LFB64:
  27              		.file 1 "main.c"
   1:main.c        **** #include "project.h"
   2:main.c        **** #include <stdio.h>
   3:main.c        **** 
   4:main.c        **** #define R3 10000
   5:main.c        **** 
   6:main.c        **** typedef enum phase
   7:main.c        **** {
   8:main.c        ****     REF = 0,
   9:main.c        ****     RESULT
  10:main.c        **** }phase;
  11:main.c        **** 
  12:main.c        **** volatile uint8_t trig = 0;
  13:main.c        **** CY_ISR(measurement_capture)
  14:main.c        **** {
  28              		.loc 1 14 0
  29              		.cfi_startproc
  30              		@ args = 0, pretend = 0, frame = 0
  31              		@ frame_needed = 0, uses_anonymous_args = 0
  32              		@ link register save eliminated.
  15:main.c        ****     trig = 1;
  33              		.loc 1 15 0
  34 0000 0122     		movs	r2, #1
  35 0002 014B     		ldr	r3, .L2
  36 0004 1A70     		strb	r2, [r3]
  37 0006 7047     		bx	lr
  38              	.L3:
  39              		.align	2
  40              	.L2:
  41 0008 00000000 		.word	.LANCHOR0
  42              		.cfi_endproc
ARM GAS  C:\Users\hasel\AppData\Local\Temp\ccAPa8PK.s 			page 2


  43              	.LFE64:
  44              		.size	measurement_capture, .-measurement_capture
  45              		.section	.text.measurement_timeout,"ax",%progbits
  46              		.align	2
  47              		.global	measurement_timeout
  48              		.thumb
  49              		.thumb_func
  50              		.type	measurement_timeout, %function
  51              	measurement_timeout:
  52              	.LFB65:
  16:main.c        **** }
  17:main.c        **** CY_ISR(measurement_timeout)
  18:main.c        **** {
  53              		.loc 1 18 0
  54              		.cfi_startproc
  55              		@ args = 0, pretend = 0, frame = 0
  56              		@ frame_needed = 0, uses_anonymous_args = 0
  57              		@ link register save eliminated.
  19:main.c        ****     trig = 2;
  58              		.loc 1 19 0
  59 0000 0222     		movs	r2, #2
  60 0002 014B     		ldr	r3, .L5
  61 0004 1A70     		strb	r2, [r3]
  62 0006 7047     		bx	lr
  63              	.L6:
  64              		.align	2
  65              	.L5:
  66 0008 00000000 		.word	.LANCHOR0
  67              		.cfi_endproc
  68              	.LFE65:
  69              		.size	measurement_timeout, .-measurement_timeout
  70              		.section	.text.init,"ax",%progbits
  71              		.align	2
  72              		.global	init
  73              		.thumb
  74              		.thumb_func
  75              		.type	init, %function
  76              	init:
  77              	.LFB67:
  20:main.c        **** }
  21:main.c        **** 
  22:main.c        **** void init(void);
  23:main.c        **** void discharge(void);
  24:main.c        **** void measure(enum phase p, uint32_t* dst);
  25:main.c        **** void write_adc_val(void);
  26:main.c        **** uint32_t calculate_resistance(uint32_t* vals);
  27:main.c        **** 
  28:main.c        **** int main(void)
  29:main.c        **** {
  30:main.c        ****     init();
  31:main.c        ****     char res[100];
  32:main.c        ****     
  33:main.c        ****     for(;;)
  34:main.c        ****     {      
  35:main.c        ****         static uint32_t time[2];
  36:main.c        ****         static uint8_t state = 0;
  37:main.c        ****         switch(state)
ARM GAS  C:\Users\hasel\AppData\Local\Temp\ccAPa8PK.s 			page 3


  38:main.c        ****         {
  39:main.c        ****             // discharge cap. also resets timer block
  40:main.c        ****             case 0:
  41:main.c        ****             case 2:
  42:main.c        ****                 discharge();
  43:main.c        ****                 Control_Reg_Write(0x01);
  44:main.c        ****                 ++state;
  45:main.c        ****                 break;
  46:main.c        ****             case 1:
  47:main.c        ****             case 3:
  48:main.c        ****                 // wait for trigger
  49:main.c        ****                 if (trig)
  50:main.c        ****                 {
  51:main.c        ****                     // get capture value and write to memory
  52:main.c        ****                     uint8_t i = (state == 1) ? REF : RESULT;
  53:main.c        ****                     time[i] = Timer_ReadCapture();
  54:main.c        ****                     trig = 0;
  55:main.c        ****                     ++state;
  56:main.c        ****                 }
  57:main.c        ****                 break;
  58:main.c        ****             case 4:
  59:main.c        ****                 sprintf(res, "Result: %u Ohm\n\r", calculate_resistance(time));
  60:main.c        ****                 UART_PutString(res);
  61:main.c        ****                 break;
  62:main.c        ****                 
  63:main.c        ****         }
  64:main.c        ****     }
  65:main.c        **** }
  66:main.c        **** 
  67:main.c        **** void init()
  68:main.c        **** {
  78              		.loc 1 68 0
  79              		.cfi_startproc
  80              		@ args = 0, pretend = 0, frame = 0
  81              		@ frame_needed = 0, uses_anonymous_args = 0
  82 0000 08B5     		push	{r3, lr}
  83              		.cfi_def_cfa_offset 8
  84              		.cfi_offset 3, -8
  85              		.cfi_offset 14, -4
  69:main.c        ****     isr_p_sense_StartEx(measurement_capture);
  86              		.loc 1 69 0
  87 0002 0748     		ldr	r0, .L9
  88 0004 FFF7FEFF 		bl	isr_p_sense_StartEx
  89              	.LVL0:
  70:main.c        ****     isr_timeout_StartEx(measurement_timeout);
  90              		.loc 1 70 0
  91 0008 0648     		ldr	r0, .L9+4
  92 000a FFF7FEFF 		bl	isr_timeout_StartEx
  93              	.LVL1:
  71:main.c        ****     CyGlobalIntEnable; 
  94              		.loc 1 71 0
  95              		.syntax unified
  96              	@ 71 "main.c" 1
  97 000e 62B6     		CPSIE   i
  98              	@ 0 "" 2
  72:main.c        ****     Timer_Start();
  99              		.loc 1 72 0
ARM GAS  C:\Users\hasel\AppData\Local\Temp\ccAPa8PK.s 			page 4


 100              		.thumb
 101              		.syntax unified
 102 0010 FFF7FEFF 		bl	Timer_Start
 103              	.LVL2:
  73:main.c        ****     UART_Start();
 104              		.loc 1 73 0
 105 0014 FFF7FEFF 		bl	UART_Start
 106              	.LVL3:
  74:main.c        ****     UART_PutString("Starting...");
 107              		.loc 1 74 0
 108 0018 0348     		ldr	r0, .L9+8
 109 001a FFF7FEFF 		bl	UART_PutString
 110              	.LVL4:
 111 001e 08BD     		pop	{r3, pc}
 112              	.L10:
 113              		.align	2
 114              	.L9:
 115 0020 00000000 		.word	measurement_capture
 116 0024 00000000 		.word	measurement_timeout
 117 0028 00000000 		.word	.LC0
 118              		.cfi_endproc
 119              	.LFE67:
 120              		.size	init, .-init
 121              		.section	.text.discharge,"ax",%progbits
 122              		.align	2
 123              		.global	discharge
 124              		.thumb
 125              		.thumb_func
 126              		.type	discharge, %function
 127              	discharge:
 128              	.LFB68:
  75:main.c        **** //    ADC_SAR_Start();
  76:main.c        **** //    ADC_SAR_StartConvert();
  77:main.c        **** }
  78:main.c        **** 
  79:main.c        **** void discharge()
  80:main.c        **** {
 129              		.loc 1 80 0
 130              		.cfi_startproc
 131              		@ args = 0, pretend = 0, frame = 0
 132              		@ frame_needed = 0, uses_anonymous_args = 0
 133 0000 08B5     		push	{r3, lr}
 134              		.cfi_def_cfa_offset 8
 135              		.cfi_offset 3, -8
 136              		.cfi_offset 14, -4
  81:main.c        ****     P_discharge_Write(0);
 137              		.loc 1 81 0
 138 0002 0020     		movs	r0, #0
 139 0004 FFF7FEFF 		bl	P_discharge_Write
 140              	.LVL5:
  82:main.c        ****     CyDelay(5);
 141              		.loc 1 82 0
 142 0008 0520     		movs	r0, #5
 143 000a FFF7FEFF 		bl	CyDelay
 144              	.LVL6:
  83:main.c        ****     P_discharge_Write(1);
 145              		.loc 1 83 0
ARM GAS  C:\Users\hasel\AppData\Local\Temp\ccAPa8PK.s 			page 5


 146 000e 0120     		movs	r0, #1
 147 0010 FFF7FEFF 		bl	P_discharge_Write
 148              	.LVL7:
 149 0014 08BD     		pop	{r3, pc}
 150              		.cfi_endproc
 151              	.LFE68:
 152              		.size	discharge, .-discharge
 153 0016 00BF     		.section	.text.measure,"ax",%progbits
 154              		.align	2
 155              		.global	measure
 156              		.thumb
 157              		.thumb_func
 158              		.type	measure, %function
 159              	measure:
 160              	.LFB69:
  84:main.c        **** }
  85:main.c        **** 
  86:main.c        **** void measure(enum phase p, uint32_t* out)
  87:main.c        **** {    
 161              		.loc 1 87 0
 162              		.cfi_startproc
 163              		@ args = 0, pretend = 0, frame = 8
 164              		@ frame_needed = 0, uses_anonymous_args = 0
 165              	.LVL8:
 166 0000 30B5     		push	{r4, r5, lr}
 167              		.cfi_def_cfa_offset 12
 168              		.cfi_offset 4, -12
 169              		.cfi_offset 5, -8
 170              		.cfi_offset 14, -4
 171 0002 83B0     		sub	sp, sp, #12
 172              		.cfi_def_cfa_offset 24
 173 0004 0D46     		mov	r5, r1
  88:main.c        ****     volatile uint8_t pin_state = 0;
 174              		.loc 1 88 0
 175 0006 0023     		movs	r3, #0
 176 0008 8DF80730 		strb	r3, [sp, #7]
  89:main.c        ****     uint32_t ticks;
  90:main.c        ****     switch(p)
 177              		.loc 1 90 0
 178 000c 10B1     		cbz	r0, .L15
 179 000e 0128     		cmp	r0, #1
 180 0010 1BD0     		beq	.L16
 181 0012 34E0     		b	.L13
 182              	.L15:
  91:main.c        ****     {
  92:main.c        ****         case REF:
  93:main.c        ****             P_charge_ref_Write(1);
 183              		.loc 1 93 0
 184 0014 0120     		movs	r0, #1
 185              	.LVL9:
 186 0016 FFF7FEFF 		bl	P_charge_ref_Write
 187              	.LVL10:
  94:main.c        ****             for(ticks = 0; (!pin_state && ( ticks < UINT16_MAX )); ticks++)
 188              		.loc 1 94 0
 189 001a 0024     		movs	r4, #0
 190 001c 07E0     		b	.L17
 191              	.LVL11:
ARM GAS  C:\Users\hasel\AppData\Local\Temp\ccAPa8PK.s 			page 6


 192              	.L19:
  95:main.c        ****             {        
  96:main.c        ****                 pin_state = P_sense_Read();
 193              		.loc 1 96 0 discriminator 4
 194 001e FFF7FEFF 		bl	P_sense_Read
 195              	.LVL12:
 196 0022 8DF80700 		strb	r0, [sp, #7]
  97:main.c        ****                 CyDelayUs(1);
 197              		.loc 1 97 0 discriminator 4
 198 0026 0120     		movs	r0, #1
 199 0028 FFF7FEFF 		bl	CyDelayUs
 200              	.LVL13:
  94:main.c        ****             for(ticks = 0; (!pin_state && ( ticks < UINT16_MAX )); ticks++)
 201              		.loc 1 94 0 discriminator 4
 202 002c 0134     		adds	r4, r4, #1
 203              	.LVL14:
 204              	.L17:
  94:main.c        ****             for(ticks = 0; (!pin_state && ( ticks < UINT16_MAX )); ticks++)
 205              		.loc 1 94 0 is_stmt 0 discriminator 1
 206 002e 9DF80730 		ldrb	r3, [sp, #7]	@ zero_extendqisi2
 207 0032 13F0FF0F 		tst	r3, #255
 208 0036 03D1     		bne	.L18
  94:main.c        ****             for(ticks = 0; (!pin_state && ( ticks < UINT16_MAX )); ticks++)
 209              		.loc 1 94 0 discriminator 3
 210 0038 4FF6FE73 		movw	r3, #65534
 211 003c 9C42     		cmp	r4, r3
 212 003e EED9     		bls	.L19
 213              	.L18:
  98:main.c        ****             }
  99:main.c        ****             out[REF] = ticks;
 214              		.loc 1 99 0 is_stmt 1
 215 0040 2C60     		str	r4, [r5]
 100:main.c        ****             P_charge_ref_Write(0);
 216              		.loc 1 100 0
 217 0042 0020     		movs	r0, #0
 218 0044 FFF7FEFF 		bl	P_charge_ref_Write
 219              	.LVL15:
 101:main.c        ****             break;
 220              		.loc 1 101 0
 221 0048 19E0     		b	.L13
 222              	.LVL16:
 223              	.L16:
 102:main.c        ****         case RESULT:
 103:main.c        ****             P_charge_Write(1);
 224              		.loc 1 103 0
 225 004a 0120     		movs	r0, #1
 226              	.LVL17:
 227 004c FFF7FEFF 		bl	P_charge_Write
 228              	.LVL18:
 104:main.c        ****             for(ticks = 0; (!pin_state && ( ticks < UINT16_MAX )); ticks++)
 229              		.loc 1 104 0
 230 0050 0024     		movs	r4, #0
 231 0052 07E0     		b	.L20
 232              	.LVL19:
 233              	.L22:
 105:main.c        ****             {        
 106:main.c        ****                 pin_state = P_sense_Read();
ARM GAS  C:\Users\hasel\AppData\Local\Temp\ccAPa8PK.s 			page 7


 234              		.loc 1 106 0 discriminator 4
 235 0054 FFF7FEFF 		bl	P_sense_Read
 236              	.LVL20:
 237 0058 8DF80700 		strb	r0, [sp, #7]
 107:main.c        ****                 CyDelayUs(1);
 238              		.loc 1 107 0 discriminator 4
 239 005c 0120     		movs	r0, #1
 240 005e FFF7FEFF 		bl	CyDelayUs
 241              	.LVL21:
 104:main.c        ****             for(ticks = 0; (!pin_state && ( ticks < UINT16_MAX )); ticks++)
 242              		.loc 1 104 0 discriminator 4
 243 0062 0134     		adds	r4, r4, #1
 244              	.LVL22:
 245              	.L20:
 104:main.c        ****             for(ticks = 0; (!pin_state && ( ticks < UINT16_MAX )); ticks++)
 246              		.loc 1 104 0 is_stmt 0 discriminator 1
 247 0064 9DF80730 		ldrb	r3, [sp, #7]	@ zero_extendqisi2
 248 0068 13F0FF0F 		tst	r3, #255
 249 006c 03D1     		bne	.L21
 104:main.c        ****             for(ticks = 0; (!pin_state && ( ticks < UINT16_MAX )); ticks++)
 250              		.loc 1 104 0 discriminator 3
 251 006e 4FF6FE73 		movw	r3, #65534
 252 0072 9C42     		cmp	r4, r3
 253 0074 EED9     		bls	.L22
 254              	.L21:
 108:main.c        ****             }
 109:main.c        ****             out[RESULT] = ticks;
 255              		.loc 1 109 0 is_stmt 1
 256 0076 6C60     		str	r4, [r5, #4]
 110:main.c        ****             P_charge_Write(0);
 257              		.loc 1 110 0
 258 0078 0020     		movs	r0, #0
 259 007a FFF7FEFF 		bl	P_charge_Write
 260              	.LVL23:
 261              	.L13:
 111:main.c        ****             break;
 112:main.c        ****     }
 113:main.c        **** }
 262              		.loc 1 113 0
 263 007e 03B0     		add	sp, sp, #12
 264              		.cfi_def_cfa_offset 12
 265              		@ sp needed
 266 0080 30BD     		pop	{r4, r5, pc}
 267              		.cfi_endproc
 268              	.LFE69:
 269              		.size	measure, .-measure
 270 0082 00BF     		.section	.text.calculate_resistance,"ax",%progbits
 271              		.align	2
 272              		.global	calculate_resistance
 273              		.thumb
 274              		.thumb_func
 275              		.type	calculate_resistance, %function
 276              	calculate_resistance:
 277              	.LFB70:
 114:main.c        **** 
 115:main.c        **** uint32_t calculate_resistance(uint32_t* ticks)
 116:main.c        **** {
ARM GAS  C:\Users\hasel\AppData\Local\Temp\ccAPa8PK.s 			page 8


 278              		.loc 1 116 0
 279              		.cfi_startproc
 280              		@ args = 0, pretend = 0, frame = 0
 281              		@ frame_needed = 0, uses_anonymous_args = 0
 282              		@ link register save eliminated.
 283              	.LVL24:
 117:main.c        ****     return ((ticks[REF] * R3) / ticks[RESULT]) - R3;
 284              		.loc 1 117 0
 285 0000 0268     		ldr	r2, [r0]
 286 0002 42F21073 		movw	r3, #10000
 287 0006 03FB02F3 		mul	r3, r3, r2
 288 000a 4068     		ldr	r0, [r0, #4]
 289              	.LVL25:
 290 000c B3FBF0F0 		udiv	r0, r3, r0
 118:main.c        **** }
 291              		.loc 1 118 0
 292 0010 A0F51C50 		sub	r0, r0, #9984
 293 0014 1038     		subs	r0, r0, #16
 294 0016 7047     		bx	lr
 295              		.cfi_endproc
 296              	.LFE70:
 297              		.size	calculate_resistance, .-calculate_resistance
 298              		.section	.text.main,"ax",%progbits
 299              		.align	2
 300              		.global	main
 301              		.thumb
 302              		.thumb_func
 303              		.type	main, %function
 304              	main:
 305              	.LFB66:
  29:main.c        ****     init();
 306              		.loc 1 29 0
 307              		.cfi_startproc
 308              		@ args = 0, pretend = 0, frame = 104
 309              		@ frame_needed = 0, uses_anonymous_args = 0
 310 0000 10B5     		push	{r4, lr}
 311              		.cfi_def_cfa_offset 8
 312              		.cfi_offset 4, -8
 313              		.cfi_offset 14, -4
 314 0002 9AB0     		sub	sp, sp, #104
 315              		.cfi_def_cfa_offset 112
  30:main.c        ****     char res[100];
 316              		.loc 1 30 0
 317 0004 FFF7FEFF 		bl	init
 318              	.LVL26:
 319              	.L27:
 320              	.LBB2:
  37:main.c        ****         {
 321              		.loc 1 37 0
 322 0008 194B     		ldr	r3, .L34
 323 000a 5B78     		ldrb	r3, [r3, #1]	@ zero_extendqisi2
 324 000c 042B     		cmp	r3, #4
 325 000e FBD8     		bhi	.L27
 326 0010 DFE803F0 		tbb	[pc, r3]
 327              	.L29:
 328 0014 03       		.byte	(.L28-.L29)/2
 329 0015 0D       		.byte	(.L30-.L29)/2
ARM GAS  C:\Users\hasel\AppData\Local\Temp\ccAPa8PK.s 			page 9


 330 0016 03       		.byte	(.L28-.L29)/2
 331 0017 0D       		.byte	(.L30-.L29)/2
 332 0018 22       		.byte	(.L31-.L29)/2
 333 0019 00       		.p2align 1
 334              	.L28:
  42:main.c        ****                 Control_Reg_Write(0x01);
 335              		.loc 1 42 0
 336 001a FFF7FEFF 		bl	discharge
 337              	.LVL27:
  43:main.c        ****                 ++state;
 338              		.loc 1 43 0
 339 001e 0120     		movs	r0, #1
 340 0020 FFF7FEFF 		bl	Control_Reg_Write
 341              	.LVL28:
  44:main.c        ****                 break;
 342              		.loc 1 44 0
 343 0024 124A     		ldr	r2, .L34
 344 0026 5378     		ldrb	r3, [r2, #1]	@ zero_extendqisi2
 345 0028 0133     		adds	r3, r3, #1
 346 002a 5370     		strb	r3, [r2, #1]
  45:main.c        ****             case 1:
 347              		.loc 1 45 0
 348 002c ECE7     		b	.L27
 349              	.L30:
  49:main.c        ****                 {
 350              		.loc 1 49 0
 351 002e 104A     		ldr	r2, .L34
 352 0030 1278     		ldrb	r2, [r2]	@ zero_extendqisi2
 353 0032 12F0FF0F 		tst	r2, #255
 354 0036 E7D0     		beq	.L27
 355              	.LBB3:
  52:main.c        ****                     time[i] = Timer_ReadCapture();
 356              		.loc 1 52 0
 357 0038 13F1FF34 		adds	r4, r3, #-1
 358 003c 18BF     		it	ne
 359 003e 0124     		movne	r4, #1
 360              	.LVL29:
  53:main.c        ****                     trig = 0;
 361              		.loc 1 53 0
 362 0040 FFF7FEFF 		bl	Timer_ReadCapture
 363              	.LVL30:
 364 0044 0A4A     		ldr	r2, .L34
 365 0046 02EB8403 		add	r3, r2, r4, lsl #2
 366 004a 5860     		str	r0, [r3, #4]
  54:main.c        ****                     ++state;
 367              		.loc 1 54 0
 368 004c 0023     		movs	r3, #0
 369 004e 1370     		strb	r3, [r2]
  55:main.c        ****                 }
 370              		.loc 1 55 0
 371 0050 5378     		ldrb	r3, [r2, #1]	@ zero_extendqisi2
 372 0052 0133     		adds	r3, r3, #1
 373 0054 5370     		strb	r3, [r2, #1]
 374 0056 D7E7     		b	.L27
 375              	.LVL31:
 376              	.L31:
 377              	.LBE3:
ARM GAS  C:\Users\hasel\AppData\Local\Temp\ccAPa8PK.s 			page 10


  59:main.c        ****                 UART_PutString(res);
 378              		.loc 1 59 0
 379 0058 0648     		ldr	r0, .L34+4
 380 005a FFF7FEFF 		bl	calculate_resistance
 381              	.LVL32:
 382 005e 0246     		mov	r2, r0
 383 0060 0549     		ldr	r1, .L34+8
 384 0062 01A8     		add	r0, sp, #4
 385 0064 FFF7FEFF 		bl	sprintf
 386              	.LVL33:
  60:main.c        ****                 break;
 387              		.loc 1 60 0
 388 0068 01A8     		add	r0, sp, #4
 389 006a FFF7FEFF 		bl	UART_PutString
 390              	.LVL34:
  61:main.c        ****                 
 391              		.loc 1 61 0
 392 006e CBE7     		b	.L27
 393              	.L35:
 394              		.align	2
 395              	.L34:
 396 0070 00000000 		.word	.LANCHOR0
 397 0074 04000000 		.word	.LANCHOR0+4
 398 0078 0C000000 		.word	.LC1
 399              	.LBE2:
 400              		.cfi_endproc
 401              	.LFE66:
 402              		.size	main, .-main
 403              		.section	.text.write_adc_val,"ax",%progbits
 404              		.align	2
 405              		.global	write_adc_val
 406              		.thumb
 407              		.thumb_func
 408              		.type	write_adc_val, %function
 409              	write_adc_val:
 410              	.LFB71:
 119:main.c        **** 
 120:main.c        **** // used to verify charge/discharge logic. obsolete.
 121:main.c        **** void write_adc_val()
 122:main.c        **** {
 411              		.loc 1 122 0
 412              		.cfi_startproc
 413              		@ args = 0, pretend = 0, frame = 0
 414              		@ frame_needed = 0, uses_anonymous_args = 0
 415 0000 10B5     		push	{r4, lr}
 416              		.cfi_def_cfa_offset 8
 417              		.cfi_offset 4, -8
 418              		.cfi_offset 14, -4
 123:main.c        ****     static char adc_res[100];
 124:main.c        ****     if(ADC_SAR_IsEndConversion(ADC_SAR_WAIT_FOR_RESULT)!= 0) 
 419              		.loc 1 124 0
 420 0002 0020     		movs	r0, #0
 421 0004 FFF7FEFF 		bl	ADC_SAR_IsEndConversion
 422              	.LVL35:
 423 0008 50B1     		cbz	r0, .L36
 424              	.LBB4:
 125:main.c        ****     {        
ARM GAS  C:\Users\hasel\AppData\Local\Temp\ccAPa8PK.s 			page 11


 126:main.c        ****         int16 result = ADC_SAR_GetResult16();    
 425              		.loc 1 126 0
 426 000a FFF7FEFF 		bl	ADC_SAR_GetResult16
 427              	.LVL36:
 127:main.c        ****         sprintf(adc_res, "ADC reading: %d\n\r", result);
 428              		.loc 1 127 0
 429 000e 054C     		ldr	r4, .L39
 430 0010 0246     		mov	r2, r0
 431 0012 0549     		ldr	r1, .L39+4
 432 0014 2046     		mov	r0, r4
 433              	.LVL37:
 434 0016 FFF7FEFF 		bl	sprintf
 435              	.LVL38:
 128:main.c        ****         UART_PutString(adc_res);
 436              		.loc 1 128 0
 437 001a 2046     		mov	r0, r4
 438 001c FFF7FEFF 		bl	UART_PutString
 439              	.LVL39:
 440              	.L36:
 441 0020 10BD     		pop	{r4, pc}
 442              	.L40:
 443 0022 00BF     		.align	2
 444              	.L39:
 445 0024 0C000000 		.word	.LANCHOR0+12
 446 0028 20000000 		.word	.LC2
 447              	.LBE4:
 448              		.cfi_endproc
 449              	.LFE71:
 450              		.size	write_adc_val, .-write_adc_val
 451              		.global	trig
 452              		.section	.rodata.str1.4,"aMS",%progbits,1
 453              		.align	2
 454              	.LC0:
 455 0000 53746172 		.ascii	"Starting...\000"
 455      74696E67 
 455      2E2E2E00 
 456              	.LC1:
 457 000c 52657375 		.ascii	"Result: %u Ohm\012\015\000"
 457      6C743A20 
 457      2575204F 
 457      686D0A0D 
 457      00
 458 001d 000000   		.space	3
 459              	.LC2:
 460 0020 41444320 		.ascii	"ADC reading: %d\012\015\000"
 460      72656164 
 460      696E673A 
 460      2025640A 
 460      0D00
 461              		.bss
 462              		.align	2
 463              		.set	.LANCHOR0,. + 0
 464              		.type	trig, %object
 465              		.size	trig, 1
 466              	trig:
 467 0000 00       		.space	1
 468              		.type	state.6706, %object
ARM GAS  C:\Users\hasel\AppData\Local\Temp\ccAPa8PK.s 			page 12


 469              		.size	state.6706, 1
 470              	state.6706:
 471 0001 00       		.space	1
 472 0002 0000     		.space	2
 473              		.type	time.6705, %object
 474              		.size	time.6705, 8
 475              	time.6705:
 476 0004 00000000 		.space	8
 476      00000000 
 477              		.type	adc_res.6739, %object
 478              		.size	adc_res.6739, 100
 479              	adc_res.6739:
 480 000c 00000000 		.space	100
 480      00000000 
 480      00000000 
 480      00000000 
 480      00000000 
 481              		.text
 482              	.Letext0:
 483              		.file 2 "c:\\program files (x86)\\cypress\\psoc creator\\4.4\\psoc creator\\import\\gnu\\arm\\5.4.
 484              		.file 3 "c:\\program files (x86)\\cypress\\psoc creator\\4.4\\psoc creator\\import\\gnu\\arm\\5.4.
 485              		.file 4 "Generated_Source\\PSoC5/cytypes.h"
 486              		.file 5 "Generated_Source\\PSoC5/core_cm3.h"
 487              		.file 6 "Generated_Source\\PSoC5/isr_p_sense.h"
 488              		.file 7 "Generated_Source\\PSoC5/isr_timeout.h"
 489              		.file 8 "Generated_Source\\PSoC5/Timer.h"
 490              		.file 9 "Generated_Source\\PSoC5/UART.h"
 491              		.file 10 "Generated_Source\\PSoC5/P_discharge.h"
 492              		.file 11 "Generated_Source\\PSoC5/CyLib.h"
 493              		.file 12 "Generated_Source\\PSoC5/P_charge_ref.h"
 494              		.file 13 "Generated_Source\\PSoC5/P_sense.h"
 495              		.file 14 "Generated_Source\\PSoC5/P_charge.h"
 496              		.file 15 "Generated_Source\\PSoC5/Control_Reg.h"
 497              		.file 16 "c:\\program files (x86)\\cypress\\psoc creator\\4.4\\psoc creator\\import\\gnu\\arm\\5.4
 498              		.file 17 "Generated_Source\\PSoC5/ADC_SAR.h"
 499              		.section	.debug_info,"",%progbits
 500              	.Ldebug_info0:
 501 0000 32050000 		.4byte	0x532
 502 0004 0400     		.2byte	0x4
 503 0006 00000000 		.4byte	.Ldebug_abbrev0
 504 000a 04       		.byte	0x4
 505 000b 01       		.uleb128 0x1
 506 000c EA020000 		.4byte	.LASF52
 507 0010 0C       		.byte	0xc
 508 0011 2A020000 		.4byte	.LASF53
 509 0015 70010000 		.4byte	.LASF54
 510 0019 00000000 		.4byte	.Ldebug_ranges0+0
 511 001d 00000000 		.4byte	0
 512 0021 00000000 		.4byte	.Ldebug_line0
 513 0025 02       		.uleb128 0x2
 514 0026 01       		.byte	0x1
 515 0027 06       		.byte	0x6
 516 0028 31010000 		.4byte	.LASF0
 517 002c 03       		.uleb128 0x3
 518 002d FB000000 		.4byte	.LASF4
 519 0031 02       		.byte	0x2
 520 0032 1D       		.byte	0x1d
ARM GAS  C:\Users\hasel\AppData\Local\Temp\ccAPa8PK.s 			page 13


 521 0033 37000000 		.4byte	0x37
 522 0037 02       		.uleb128 0x2
 523 0038 01       		.byte	0x1
 524 0039 08       		.byte	0x8
 525 003a 05010000 		.4byte	.LASF1
 526 003e 02       		.uleb128 0x2
 527 003f 02       		.byte	0x2
 528 0040 05       		.byte	0x5
 529 0041 40000000 		.4byte	.LASF2
 530 0045 02       		.uleb128 0x2
 531 0046 02       		.byte	0x2
 532 0047 07       		.byte	0x7
 533 0048 E1010000 		.4byte	.LASF3
 534 004c 03       		.uleb128 0x3
 535 004d 82020000 		.4byte	.LASF5
 536 0051 02       		.byte	0x2
 537 0052 3F       		.byte	0x3f
 538 0053 57000000 		.4byte	0x57
 539 0057 02       		.uleb128 0x2
 540 0058 04       		.byte	0x4
 541 0059 05       		.byte	0x5
 542 005a D4000000 		.4byte	.LASF6
 543 005e 03       		.uleb128 0x3
 544 005f 59000000 		.4byte	.LASF7
 545 0063 02       		.byte	0x2
 546 0064 41       		.byte	0x41
 547 0065 69000000 		.4byte	0x69
 548 0069 02       		.uleb128 0x2
 549 006a 04       		.byte	0x4
 550 006b 07       		.byte	0x7
 551 006c 31020000 		.4byte	.LASF8
 552 0070 02       		.uleb128 0x2
 553 0071 08       		.byte	0x8
 554 0072 05       		.byte	0x5
 555 0073 BA000000 		.4byte	.LASF9
 556 0077 02       		.uleb128 0x2
 557 0078 08       		.byte	0x8
 558 0079 07       		.byte	0x7
 559 007a 43010000 		.4byte	.LASF10
 560 007e 04       		.uleb128 0x4
 561 007f 04       		.byte	0x4
 562 0080 05       		.byte	0x5
 563 0081 696E7400 		.ascii	"int\000"
 564 0085 02       		.uleb128 0x2
 565 0086 04       		.byte	0x4
 566 0087 07       		.byte	0x7
 567 0088 63010000 		.4byte	.LASF11
 568 008c 03       		.uleb128 0x3
 569 008d 88000000 		.4byte	.LASF12
 570 0091 03       		.byte	0x3
 571 0092 18       		.byte	0x18
 572 0093 2C000000 		.4byte	0x2c
 573 0097 03       		.uleb128 0x3
 574 0098 0E020000 		.4byte	.LASF13
 575 009c 03       		.byte	0x3
 576 009d 2C       		.byte	0x2c
 577 009e 4C000000 		.4byte	0x4c
ARM GAS  C:\Users\hasel\AppData\Local\Temp\ccAPa8PK.s 			page 14


 578 00a2 03       		.uleb128 0x3
 579 00a3 5A010000 		.4byte	.LASF14
 580 00a7 03       		.byte	0x3
 581 00a8 30       		.byte	0x30
 582 00a9 5E000000 		.4byte	0x5e
 583 00ad 05       		.uleb128 0x5
 584 00ae 90000000 		.4byte	.LASF15
 585 00b2 04       		.byte	0x4
 586 00b3 ED01     		.2byte	0x1ed
 587 00b5 3E000000 		.4byte	0x3e
 588 00b9 02       		.uleb128 0x2
 589 00ba 04       		.byte	0x4
 590 00bb 04       		.byte	0x4
 591 00bc B4000000 		.4byte	.LASF16
 592 00c0 02       		.uleb128 0x2
 593 00c1 08       		.byte	0x8
 594 00c2 04       		.byte	0x4
 595 00c3 4A020000 		.4byte	.LASF17
 596 00c7 02       		.uleb128 0x2
 597 00c8 01       		.byte	0x1
 598 00c9 08       		.byte	0x8
 599 00ca F4010000 		.4byte	.LASF18
 600 00ce 02       		.uleb128 0x2
 601 00cf 08       		.byte	0x8
 602 00d0 04       		.byte	0x4
 603 00d1 13010000 		.4byte	.LASF19
 604 00d5 02       		.uleb128 0x2
 605 00d6 04       		.byte	0x4
 606 00d7 07       		.byte	0x7
 607 00d8 4A000000 		.4byte	.LASF20
 608 00dc 06       		.uleb128 0x6
 609 00dd 8C000000 		.4byte	0x8c
 610 00e1 07       		.uleb128 0x7
 611 00e2 A2000000 		.4byte	0xa2
 612 00e6 F1000000 		.4byte	0xf1
 613 00ea 08       		.uleb128 0x8
 614 00eb D5000000 		.4byte	0xd5
 615 00ef 01       		.byte	0x1
 616 00f0 00       		.byte	0
 617 00f1 09       		.uleb128 0x9
 618 00f2 53000000 		.4byte	.LASF55
 619 00f6 01       		.byte	0x1
 620 00f7 37000000 		.4byte	0x37
 621 00fb 01       		.byte	0x1
 622 00fc 06       		.byte	0x6
 623 00fd 0E010000 		.4byte	0x10e
 624 0101 0A       		.uleb128 0xa
 625 0102 52454600 		.ascii	"REF\000"
 626 0106 00       		.byte	0
 627 0107 0B       		.uleb128 0xb
 628 0108 43020000 		.4byte	.LASF21
 629 010c 01       		.byte	0x1
 630 010d 00       		.byte	0
 631 010e 0C       		.uleb128 0xc
 632 010f 96000000 		.4byte	.LASF22
 633 0113 01       		.byte	0x1
 634 0114 0D       		.byte	0xd
ARM GAS  C:\Users\hasel\AppData\Local\Temp\ccAPa8PK.s 			page 15


 635 0115 00000000 		.4byte	.LFB64
 636 0119 0C000000 		.4byte	.LFE64-.LFB64
 637 011d 01       		.uleb128 0x1
 638 011e 9C       		.byte	0x9c
 639 011f 0C       		.uleb128 0xc
 640 0120 1E000000 		.4byte	.LASF23
 641 0124 01       		.byte	0x1
 642 0125 11       		.byte	0x11
 643 0126 00000000 		.4byte	.LFB65
 644 012a 0C000000 		.4byte	.LFE65-.LFB65
 645 012e 01       		.uleb128 0x1
 646 012f 9C       		.byte	0x9c
 647 0130 0D       		.uleb128 0xd
 648 0131 F9010000 		.4byte	.LASF24
 649 0135 01       		.byte	0x1
 650 0136 43       		.byte	0x43
 651 0137 00000000 		.4byte	.LFB67
 652 013b 2C000000 		.4byte	.LFE67-.LFB67
 653 013f 01       		.uleb128 0x1
 654 0140 9C       		.byte	0x9c
 655 0141 99010000 		.4byte	0x199
 656 0145 0E       		.uleb128 0xe
 657 0146 08000000 		.4byte	.LVL0
 658 014a 85040000 		.4byte	0x485
 659 014e 5C010000 		.4byte	0x15c
 660 0152 0F       		.uleb128 0xf
 661 0153 01       		.uleb128 0x1
 662 0154 50       		.byte	0x50
 663 0155 05       		.uleb128 0x5
 664 0156 03       		.byte	0x3
 665 0157 00000000 		.4byte	measurement_capture
 666 015b 00       		.byte	0
 667 015c 0E       		.uleb128 0xe
 668 015d 0E000000 		.4byte	.LVL1
 669 0161 90040000 		.4byte	0x490
 670 0165 73010000 		.4byte	0x173
 671 0169 0F       		.uleb128 0xf
 672 016a 01       		.uleb128 0x1
 673 016b 50       		.byte	0x50
 674 016c 05       		.uleb128 0x5
 675 016d 03       		.byte	0x3
 676 016e 00000000 		.4byte	measurement_timeout
 677 0172 00       		.byte	0
 678 0173 10       		.uleb128 0x10
 679 0174 14000000 		.4byte	.LVL2
 680 0178 9B040000 		.4byte	0x49b
 681 017c 10       		.uleb128 0x10
 682 017d 18000000 		.4byte	.LVL3
 683 0181 A6040000 		.4byte	0x4a6
 684 0185 11       		.uleb128 0x11
 685 0186 1E000000 		.4byte	.LVL4
 686 018a B1040000 		.4byte	0x4b1
 687 018e 0F       		.uleb128 0xf
 688 018f 01       		.uleb128 0x1
 689 0190 50       		.byte	0x50
 690 0191 05       		.uleb128 0x5
 691 0192 03       		.byte	0x3
ARM GAS  C:\Users\hasel\AppData\Local\Temp\ccAPa8PK.s 			page 16


 692 0193 00000000 		.4byte	.LC0
 693 0197 00       		.byte	0
 694 0198 00       		.byte	0
 695 0199 0D       		.uleb128 0xd
 696 019a DD000000 		.4byte	.LASF25
 697 019e 01       		.byte	0x1
 698 019f 4F       		.byte	0x4f
 699 01a0 00000000 		.4byte	.LFB68
 700 01a4 16000000 		.4byte	.LFE68-.LFB68
 701 01a8 01       		.uleb128 0x1
 702 01a9 9C       		.byte	0x9c
 703 01aa E4010000 		.4byte	0x1e4
 704 01ae 0E       		.uleb128 0xe
 705 01af 08000000 		.4byte	.LVL5
 706 01b3 BC040000 		.4byte	0x4bc
 707 01b7 C1010000 		.4byte	0x1c1
 708 01bb 0F       		.uleb128 0xf
 709 01bc 01       		.uleb128 0x1
 710 01bd 50       		.byte	0x50
 711 01be 01       		.uleb128 0x1
 712 01bf 30       		.byte	0x30
 713 01c0 00       		.byte	0
 714 01c1 0E       		.uleb128 0xe
 715 01c2 0E000000 		.4byte	.LVL6
 716 01c6 C7040000 		.4byte	0x4c7
 717 01ca D4010000 		.4byte	0x1d4
 718 01ce 0F       		.uleb128 0xf
 719 01cf 01       		.uleb128 0x1
 720 01d0 50       		.byte	0x50
 721 01d1 01       		.uleb128 0x1
 722 01d2 35       		.byte	0x35
 723 01d3 00       		.byte	0
 724 01d4 11       		.uleb128 0x11
 725 01d5 14000000 		.4byte	.LVL7
 726 01d9 BC040000 		.4byte	0x4bc
 727 01dd 0F       		.uleb128 0xf
 728 01de 01       		.uleb128 0x1
 729 01df 50       		.byte	0x50
 730 01e0 01       		.uleb128 0x1
 731 01e1 31       		.byte	0x31
 732 01e2 00       		.byte	0
 733 01e3 00       		.byte	0
 734 01e4 0D       		.uleb128 0xd
 735 01e5 32000000 		.4byte	.LASF26
 736 01e9 01       		.byte	0x1
 737 01ea 56       		.byte	0x56
 738 01eb 00000000 		.4byte	.LFB69
 739 01ef 82000000 		.4byte	.LFE69-.LFB69
 740 01f3 01       		.uleb128 0x1
 741 01f4 9C       		.byte	0x9c
 742 01f5 B3020000 		.4byte	0x2b3
 743 01f9 12       		.uleb128 0x12
 744 01fa 7000     		.ascii	"p\000"
 745 01fc 01       		.byte	0x1
 746 01fd 56       		.byte	0x56
 747 01fe F1000000 		.4byte	0xf1
 748 0202 00000000 		.4byte	.LLST0
ARM GAS  C:\Users\hasel\AppData\Local\Temp\ccAPa8PK.s 			page 17


 749 0206 12       		.uleb128 0x12
 750 0207 6F757400 		.ascii	"out\000"
 751 020b 01       		.byte	0x1
 752 020c 56       		.byte	0x56
 753 020d B3020000 		.4byte	0x2b3
 754 0211 3A000000 		.4byte	.LLST1
 755 0215 13       		.uleb128 0x13
 756 0216 AA000000 		.4byte	.LASF27
 757 021a 01       		.byte	0x1
 758 021b 58       		.byte	0x58
 759 021c DC000000 		.4byte	0xdc
 760 0220 02       		.uleb128 0x2
 761 0221 91       		.byte	0x91
 762 0222 6F       		.sleb128 -17
 763 0223 14       		.uleb128 0x14
 764 0224 3D010000 		.4byte	.LASF28
 765 0228 01       		.byte	0x1
 766 0229 59       		.byte	0x59
 767 022a A2000000 		.4byte	0xa2
 768 022e 6E000000 		.4byte	.LLST2
 769 0232 0E       		.uleb128 0xe
 770 0233 1A000000 		.4byte	.LVL10
 771 0237 D2040000 		.4byte	0x4d2
 772 023b 45020000 		.4byte	0x245
 773 023f 0F       		.uleb128 0xf
 774 0240 01       		.uleb128 0x1
 775 0241 50       		.byte	0x50
 776 0242 01       		.uleb128 0x1
 777 0243 31       		.byte	0x31
 778 0244 00       		.byte	0
 779 0245 10       		.uleb128 0x10
 780 0246 22000000 		.4byte	.LVL12
 781 024a DD040000 		.4byte	0x4dd
 782 024e 0E       		.uleb128 0xe
 783 024f 2C000000 		.4byte	.LVL13
 784 0253 E8040000 		.4byte	0x4e8
 785 0257 61020000 		.4byte	0x261
 786 025b 0F       		.uleb128 0xf
 787 025c 01       		.uleb128 0x1
 788 025d 50       		.byte	0x50
 789 025e 01       		.uleb128 0x1
 790 025f 31       		.byte	0x31
 791 0260 00       		.byte	0
 792 0261 0E       		.uleb128 0xe
 793 0262 48000000 		.4byte	.LVL15
 794 0266 D2040000 		.4byte	0x4d2
 795 026a 74020000 		.4byte	0x274
 796 026e 0F       		.uleb128 0xf
 797 026f 01       		.uleb128 0x1
 798 0270 50       		.byte	0x50
 799 0271 01       		.uleb128 0x1
 800 0272 30       		.byte	0x30
 801 0273 00       		.byte	0
 802 0274 0E       		.uleb128 0xe
 803 0275 50000000 		.4byte	.LVL18
 804 0279 F3040000 		.4byte	0x4f3
 805 027d 87020000 		.4byte	0x287
ARM GAS  C:\Users\hasel\AppData\Local\Temp\ccAPa8PK.s 			page 18


 806 0281 0F       		.uleb128 0xf
 807 0282 01       		.uleb128 0x1
 808 0283 50       		.byte	0x50
 809 0284 01       		.uleb128 0x1
 810 0285 31       		.byte	0x31
 811 0286 00       		.byte	0
 812 0287 10       		.uleb128 0x10
 813 0288 58000000 		.4byte	.LVL20
 814 028c DD040000 		.4byte	0x4dd
 815 0290 0E       		.uleb128 0xe
 816 0291 62000000 		.4byte	.LVL21
 817 0295 E8040000 		.4byte	0x4e8
 818 0299 A3020000 		.4byte	0x2a3
 819 029d 0F       		.uleb128 0xf
 820 029e 01       		.uleb128 0x1
 821 029f 50       		.byte	0x50
 822 02a0 01       		.uleb128 0x1
 823 02a1 31       		.byte	0x31
 824 02a2 00       		.byte	0
 825 02a3 11       		.uleb128 0x11
 826 02a4 7E000000 		.4byte	.LVL23
 827 02a8 F3040000 		.4byte	0x4f3
 828 02ac 0F       		.uleb128 0xf
 829 02ad 01       		.uleb128 0x1
 830 02ae 50       		.byte	0x50
 831 02af 01       		.uleb128 0x1
 832 02b0 30       		.byte	0x30
 833 02b1 00       		.byte	0
 834 02b2 00       		.byte	0
 835 02b3 15       		.uleb128 0x15
 836 02b4 04       		.byte	0x4
 837 02b5 A2000000 		.4byte	0xa2
 838 02b9 16       		.uleb128 0x16
 839 02ba 73000000 		.4byte	.LASF56
 840 02be 01       		.byte	0x1
 841 02bf 73       		.byte	0x73
 842 02c0 A2000000 		.4byte	0xa2
 843 02c4 00000000 		.4byte	.LFB70
 844 02c8 18000000 		.4byte	.LFE70-.LFB70
 845 02cc 01       		.uleb128 0x1
 846 02cd 9C       		.byte	0x9c
 847 02ce E2020000 		.4byte	0x2e2
 848 02d2 17       		.uleb128 0x17
 849 02d3 3D010000 		.4byte	.LASF28
 850 02d7 01       		.byte	0x1
 851 02d8 73       		.byte	0x73
 852 02d9 B3020000 		.4byte	0x2b3
 853 02dd A4000000 		.4byte	.LLST3
 854 02e1 00       		.byte	0
 855 02e2 18       		.uleb128 0x18
 856 02e3 FE010000 		.4byte	.LASF57
 857 02e7 01       		.byte	0x1
 858 02e8 1C       		.byte	0x1c
 859 02e9 7E000000 		.4byte	0x7e
 860 02ed 00000000 		.4byte	.LFB66
 861 02f1 7C000000 		.4byte	.LFE66-.LFB66
 862 02f5 01       		.uleb128 0x1
ARM GAS  C:\Users\hasel\AppData\Local\Temp\ccAPa8PK.s 			page 19


 863 02f6 9C       		.byte	0x9c
 864 02f7 CA030000 		.4byte	0x3ca
 865 02fb 19       		.uleb128 0x19
 866 02fc 72657300 		.ascii	"res\000"
 867 0300 01       		.byte	0x1
 868 0301 1F       		.byte	0x1f
 869 0302 CA030000 		.4byte	0x3ca
 870 0306 03       		.uleb128 0x3
 871 0307 91       		.byte	0x91
 872 0308 947F     		.sleb128 -108
 873 030a 1A       		.uleb128 0x1a
 874 030b 08000000 		.4byte	.LBB2
 875 030f 74000000 		.4byte	.LBE2-.LBB2
 876 0313 C0030000 		.4byte	0x3c0
 877 0317 13       		.uleb128 0x13
 878 0318 DC010000 		.4byte	.LASF29
 879 031c 01       		.byte	0x1
 880 031d 23       		.byte	0x23
 881 031e E1000000 		.4byte	0xe1
 882 0322 05       		.uleb128 0x5
 883 0323 03       		.byte	0x3
 884 0324 04000000 		.4byte	time.6705
 885 0328 13       		.uleb128 0x13
 886 0329 3A000000 		.4byte	.LASF30
 887 032d 01       		.byte	0x1
 888 032e 24       		.byte	0x24
 889 032f 8C000000 		.4byte	0x8c
 890 0333 05       		.uleb128 0x5
 891 0334 03       		.byte	0x3
 892 0335 01000000 		.4byte	state.6706
 893 0339 1A       		.uleb128 0x1a
 894 033a 38000000 		.4byte	.LBB3
 895 033e 20000000 		.4byte	.LBE3-.LBB3
 896 0342 5D030000 		.4byte	0x35d
 897 0346 1B       		.uleb128 0x1b
 898 0347 6900     		.ascii	"i\000"
 899 0349 01       		.byte	0x1
 900 034a 34       		.byte	0x34
 901 034b 8C000000 		.4byte	0x8c
 902 034f C5000000 		.4byte	.LLST4
 903 0353 10       		.uleb128 0x10
 904 0354 44000000 		.4byte	.LVL30
 905 0358 FE040000 		.4byte	0x4fe
 906 035c 00       		.byte	0
 907 035d 10       		.uleb128 0x10
 908 035e 1E000000 		.4byte	.LVL27
 909 0362 99010000 		.4byte	0x199
 910 0366 0E       		.uleb128 0xe
 911 0367 24000000 		.4byte	.LVL28
 912 036b 09050000 		.4byte	0x509
 913 036f 79030000 		.4byte	0x379
 914 0373 0F       		.uleb128 0xf
 915 0374 01       		.uleb128 0x1
 916 0375 50       		.byte	0x50
 917 0376 01       		.uleb128 0x1
 918 0377 31       		.byte	0x31
 919 0378 00       		.byte	0
ARM GAS  C:\Users\hasel\AppData\Local\Temp\ccAPa8PK.s 			page 20


 920 0379 0E       		.uleb128 0xe
 921 037a 5E000000 		.4byte	.LVL32
 922 037e B9020000 		.4byte	0x2b9
 923 0382 90030000 		.4byte	0x390
 924 0386 0F       		.uleb128 0xf
 925 0387 01       		.uleb128 0x1
 926 0388 50       		.byte	0x50
 927 0389 05       		.uleb128 0x5
 928 038a 03       		.byte	0x3
 929 038b 04000000 		.4byte	.LANCHOR0+4
 930 038f 00       		.byte	0
 931 0390 0E       		.uleb128 0xe
 932 0391 68000000 		.4byte	.LVL33
 933 0395 14050000 		.4byte	0x514
 934 0399 AE030000 		.4byte	0x3ae
 935 039d 0F       		.uleb128 0xf
 936 039e 01       		.uleb128 0x1
 937 039f 50       		.byte	0x50
 938 03a0 03       		.uleb128 0x3
 939 03a1 91       		.byte	0x91
 940 03a2 947F     		.sleb128 -108
 941 03a4 0F       		.uleb128 0xf
 942 03a5 01       		.uleb128 0x1
 943 03a6 51       		.byte	0x51
 944 03a7 05       		.uleb128 0x5
 945 03a8 03       		.byte	0x3
 946 03a9 0C000000 		.4byte	.LC1
 947 03ad 00       		.byte	0
 948 03ae 11       		.uleb128 0x11
 949 03af 6E000000 		.4byte	.LVL34
 950 03b3 B1040000 		.4byte	0x4b1
 951 03b7 0F       		.uleb128 0xf
 952 03b8 01       		.uleb128 0x1
 953 03b9 50       		.byte	0x50
 954 03ba 03       		.uleb128 0x3
 955 03bb 91       		.byte	0x91
 956 03bc 947F     		.sleb128 -108
 957 03be 00       		.byte	0
 958 03bf 00       		.byte	0
 959 03c0 10       		.uleb128 0x10
 960 03c1 08000000 		.4byte	.LVL26
 961 03c5 30010000 		.4byte	0x130
 962 03c9 00       		.byte	0
 963 03ca 07       		.uleb128 0x7
 964 03cb C7000000 		.4byte	0xc7
 965 03cf DA030000 		.4byte	0x3da
 966 03d3 08       		.uleb128 0x8
 967 03d4 D5000000 		.4byte	0xd5
 968 03d8 63       		.byte	0x63
 969 03d9 00       		.byte	0
 970 03da 0D       		.uleb128 0xd
 971 03db 80030000 		.4byte	.LASF31
 972 03df 01       		.byte	0x1
 973 03e0 79       		.byte	0x79
 974 03e1 00000000 		.4byte	.LFB71
 975 03e5 2C000000 		.4byte	.LFE71-.LFB71
 976 03e9 01       		.uleb128 0x1
ARM GAS  C:\Users\hasel\AppData\Local\Temp\ccAPa8PK.s 			page 21


 977 03ea 9C       		.byte	0x9c
 978 03eb 63040000 		.4byte	0x463
 979 03ef 13       		.uleb128 0x13
 980 03f0 16000000 		.4byte	.LASF32
 981 03f4 01       		.byte	0x1
 982 03f5 7B       		.byte	0x7b
 983 03f6 CA030000 		.4byte	0x3ca
 984 03fa 05       		.uleb128 0x5
 985 03fb 03       		.byte	0x3
 986 03fc 0C000000 		.4byte	adc_res.6739
 987 0400 1A       		.uleb128 0x1a
 988 0401 0A000000 		.4byte	.LBB4
 989 0405 22000000 		.4byte	.LBE4-.LBB4
 990 0409 53040000 		.4byte	0x453
 991 040d 14       		.uleb128 0x14
 992 040e 0F000000 		.4byte	.LASF33
 993 0412 01       		.byte	0x1
 994 0413 7E       		.byte	0x7e
 995 0414 AD000000 		.4byte	0xad
 996 0418 D8000000 		.4byte	.LLST5
 997 041c 10       		.uleb128 0x10
 998 041d 0E000000 		.4byte	.LVL36
 999 0421 1F050000 		.4byte	0x51f
 1000 0425 0E       		.uleb128 0xe
 1001 0426 1A000000 		.4byte	.LVL38
 1002 042a 14050000 		.4byte	0x514
 1003 042e 42040000 		.4byte	0x442
 1004 0432 0F       		.uleb128 0xf
 1005 0433 01       		.uleb128 0x1
 1006 0434 50       		.byte	0x50
 1007 0435 02       		.uleb128 0x2
 1008 0436 74       		.byte	0x74
 1009 0437 00       		.sleb128 0
 1010 0438 0F       		.uleb128 0xf
 1011 0439 01       		.uleb128 0x1
 1012 043a 51       		.byte	0x51
 1013 043b 05       		.uleb128 0x5
 1014 043c 03       		.byte	0x3
 1015 043d 20000000 		.4byte	.LC2
 1016 0441 00       		.byte	0
 1017 0442 11       		.uleb128 0x11
 1018 0443 20000000 		.4byte	.LVL39
 1019 0447 B1040000 		.4byte	0x4b1
 1020 044b 0F       		.uleb128 0xf
 1021 044c 01       		.uleb128 0x1
 1022 044d 50       		.byte	0x50
 1023 044e 02       		.uleb128 0x2
 1024 044f 74       		.byte	0x74
 1025 0450 00       		.sleb128 0
 1026 0451 00       		.byte	0
 1027 0452 00       		.byte	0
 1028 0453 11       		.uleb128 0x11
 1029 0454 08000000 		.4byte	.LVL35
 1030 0458 2A050000 		.4byte	0x52a
 1031 045c 0F       		.uleb128 0xf
 1032 045d 01       		.uleb128 0x1
 1033 045e 50       		.byte	0x50
ARM GAS  C:\Users\hasel\AppData\Local\Temp\ccAPa8PK.s 			page 22


 1034 045f 01       		.uleb128 0x1
 1035 0460 30       		.byte	0x30
 1036 0461 00       		.byte	0
 1037 0462 00       		.byte	0
 1038 0463 1C       		.uleb128 0x1c
 1039 0464 51020000 		.4byte	.LASF34
 1040 0468 05       		.byte	0x5
 1041 0469 1207     		.2byte	0x712
 1042 046b 6F040000 		.4byte	0x46f
 1043 046f 06       		.uleb128 0x6
 1044 0470 97000000 		.4byte	0x97
 1045 0474 1D       		.uleb128 0x1d
 1046 0475 8E030000 		.4byte	.LASF35
 1047 0479 01       		.byte	0x1
 1048 047a 0C       		.byte	0xc
 1049 047b DC000000 		.4byte	0xdc
 1050 047f 05       		.uleb128 0x5
 1051 0480 03       		.byte	0x3
 1052 0481 00000000 		.4byte	trig
 1053 0485 1E       		.uleb128 0x1e
 1054 0486 16020000 		.4byte	.LASF36
 1055 048a 16020000 		.4byte	.LASF36
 1056 048e 06       		.byte	0x6
 1057 048f 18       		.byte	0x18
 1058 0490 1E       		.uleb128 0x1e
 1059 0491 E7000000 		.4byte	.LASF37
 1060 0495 E7000000 		.4byte	.LASF37
 1061 0499 07       		.byte	0x7
 1062 049a 18       		.byte	0x18
 1063 049b 1E       		.uleb128 0x1e
 1064 049c C8000000 		.4byte	.LASF38
 1065 04a0 C8000000 		.4byte	.LASF38
 1066 04a4 08       		.byte	0x8
 1067 04a5 5A       		.byte	0x5a
 1068 04a6 1E       		.uleb128 0x1e
 1069 04a7 03020000 		.4byte	.LASF39
 1070 04ab 03020000 		.4byte	.LASF39
 1071 04af 09       		.byte	0x9
 1072 04b0 54       		.byte	0x54
 1073 04b1 1E       		.uleb128 0x1e
 1074 04b2 64000000 		.4byte	.LASF40
 1075 04b6 64000000 		.4byte	.LASF40
 1076 04ba 09       		.byte	0x9
 1077 04bb 8B       		.byte	0x8b
 1078 04bc 1E       		.uleb128 0x1e
 1079 04bd 5E020000 		.4byte	.LASF41
 1080 04c1 5E020000 		.4byte	.LASF41
 1081 04c5 0A       		.byte	0xa
 1082 04c6 26       		.byte	0x26
 1083 04c7 1E       		.uleb128 0x1e
 1084 04c8 78030000 		.4byte	.LASF42
 1085 04cc 78030000 		.4byte	.LASF42
 1086 04d0 0B       		.byte	0xb
 1087 04d1 76       		.byte	0x76
 1088 04d2 1E       		.uleb128 0x1e
 1089 04d3 BF020000 		.4byte	.LASF43
 1090 04d7 BF020000 		.4byte	.LASF43
ARM GAS  C:\Users\hasel\AppData\Local\Temp\ccAPa8PK.s 			page 23


 1091 04db 0C       		.byte	0xc
 1092 04dc 26       		.byte	0x26
 1093 04dd 1E       		.uleb128 0x1e
 1094 04de 8C020000 		.4byte	.LASF44
 1095 04e2 8C020000 		.4byte	.LASF44
 1096 04e6 0D       		.byte	0xd
 1097 04e7 29       		.byte	0x29
 1098 04e8 1E       		.uleb128 0x1e
 1099 04e9 1F010000 		.4byte	.LASF45
 1100 04ed 1F010000 		.4byte	.LASF45
 1101 04f1 0B       		.byte	0xb
 1102 04f2 77       		.byte	0x77
 1103 04f3 1E       		.uleb128 0x1e
 1104 04f4 00000000 		.4byte	.LASF46
 1105 04f8 00000000 		.4byte	.LASF46
 1106 04fc 0E       		.byte	0xe
 1107 04fd 26       		.byte	0x26
 1108 04fe 1E       		.uleb128 0x1e
 1109 04ff 99020000 		.4byte	.LASF47
 1110 0503 99020000 		.4byte	.LASF47
 1111 0507 08       		.byte	0x8
 1112 0508 6B       		.byte	0x6b
 1113 0509 1E       		.uleb128 0x1e
 1114 050a 70020000 		.4byte	.LASF48
 1115 050e 70020000 		.4byte	.LASF48
 1116 0512 0F       		.byte	0xf
 1117 0513 2F       		.byte	0x2f
 1118 0514 1E       		.uleb128 0x1e
 1119 0515 29010000 		.4byte	.LASF49
 1120 0519 29010000 		.4byte	.LASF49
 1121 051d 10       		.byte	0x10
 1122 051e E7       		.byte	0xe7
 1123 051f 1E       		.uleb128 0x1e
 1124 0520 AB020000 		.4byte	.LASF50
 1125 0524 AB020000 		.4byte	.LASF50
 1126 0528 11       		.byte	0x11
 1127 0529 3B       		.byte	0x3b
 1128 052a 1E       		.uleb128 0x1e
 1129 052b D2020000 		.4byte	.LASF51
 1130 052f D2020000 		.4byte	.LASF51
 1131 0533 11       		.byte	0x11
 1132 0534 39       		.byte	0x39
 1133 0535 00       		.byte	0
 1134              		.section	.debug_abbrev,"",%progbits
 1135              	.Ldebug_abbrev0:
 1136 0000 01       		.uleb128 0x1
 1137 0001 11       		.uleb128 0x11
 1138 0002 01       		.byte	0x1
 1139 0003 25       		.uleb128 0x25
 1140 0004 0E       		.uleb128 0xe
 1141 0005 13       		.uleb128 0x13
 1142 0006 0B       		.uleb128 0xb
 1143 0007 03       		.uleb128 0x3
 1144 0008 0E       		.uleb128 0xe
 1145 0009 1B       		.uleb128 0x1b
 1146 000a 0E       		.uleb128 0xe
 1147 000b 55       		.uleb128 0x55
ARM GAS  C:\Users\hasel\AppData\Local\Temp\ccAPa8PK.s 			page 24


 1148 000c 17       		.uleb128 0x17
 1149 000d 11       		.uleb128 0x11
 1150 000e 01       		.uleb128 0x1
 1151 000f 10       		.uleb128 0x10
 1152 0010 17       		.uleb128 0x17
 1153 0011 00       		.byte	0
 1154 0012 00       		.byte	0
 1155 0013 02       		.uleb128 0x2
 1156 0014 24       		.uleb128 0x24
 1157 0015 00       		.byte	0
 1158 0016 0B       		.uleb128 0xb
 1159 0017 0B       		.uleb128 0xb
 1160 0018 3E       		.uleb128 0x3e
 1161 0019 0B       		.uleb128 0xb
 1162 001a 03       		.uleb128 0x3
 1163 001b 0E       		.uleb128 0xe
 1164 001c 00       		.byte	0
 1165 001d 00       		.byte	0
 1166 001e 03       		.uleb128 0x3
 1167 001f 16       		.uleb128 0x16
 1168 0020 00       		.byte	0
 1169 0021 03       		.uleb128 0x3
 1170 0022 0E       		.uleb128 0xe
 1171 0023 3A       		.uleb128 0x3a
 1172 0024 0B       		.uleb128 0xb
 1173 0025 3B       		.uleb128 0x3b
 1174 0026 0B       		.uleb128 0xb
 1175 0027 49       		.uleb128 0x49
 1176 0028 13       		.uleb128 0x13
 1177 0029 00       		.byte	0
 1178 002a 00       		.byte	0
 1179 002b 04       		.uleb128 0x4
 1180 002c 24       		.uleb128 0x24
 1181 002d 00       		.byte	0
 1182 002e 0B       		.uleb128 0xb
 1183 002f 0B       		.uleb128 0xb
 1184 0030 3E       		.uleb128 0x3e
 1185 0031 0B       		.uleb128 0xb
 1186 0032 03       		.uleb128 0x3
 1187 0033 08       		.uleb128 0x8
 1188 0034 00       		.byte	0
 1189 0035 00       		.byte	0
 1190 0036 05       		.uleb128 0x5
 1191 0037 16       		.uleb128 0x16
 1192 0038 00       		.byte	0
 1193 0039 03       		.uleb128 0x3
 1194 003a 0E       		.uleb128 0xe
 1195 003b 3A       		.uleb128 0x3a
 1196 003c 0B       		.uleb128 0xb
 1197 003d 3B       		.uleb128 0x3b
 1198 003e 05       		.uleb128 0x5
 1199 003f 49       		.uleb128 0x49
 1200 0040 13       		.uleb128 0x13
 1201 0041 00       		.byte	0
 1202 0042 00       		.byte	0
 1203 0043 06       		.uleb128 0x6
 1204 0044 35       		.uleb128 0x35
ARM GAS  C:\Users\hasel\AppData\Local\Temp\ccAPa8PK.s 			page 25


 1205 0045 00       		.byte	0
 1206 0046 49       		.uleb128 0x49
 1207 0047 13       		.uleb128 0x13
 1208 0048 00       		.byte	0
 1209 0049 00       		.byte	0
 1210 004a 07       		.uleb128 0x7
 1211 004b 01       		.uleb128 0x1
 1212 004c 01       		.byte	0x1
 1213 004d 49       		.uleb128 0x49
 1214 004e 13       		.uleb128 0x13
 1215 004f 01       		.uleb128 0x1
 1216 0050 13       		.uleb128 0x13
 1217 0051 00       		.byte	0
 1218 0052 00       		.byte	0
 1219 0053 08       		.uleb128 0x8
 1220 0054 21       		.uleb128 0x21
 1221 0055 00       		.byte	0
 1222 0056 49       		.uleb128 0x49
 1223 0057 13       		.uleb128 0x13
 1224 0058 2F       		.uleb128 0x2f
 1225 0059 0B       		.uleb128 0xb
 1226 005a 00       		.byte	0
 1227 005b 00       		.byte	0
 1228 005c 09       		.uleb128 0x9
 1229 005d 04       		.uleb128 0x4
 1230 005e 01       		.byte	0x1
 1231 005f 03       		.uleb128 0x3
 1232 0060 0E       		.uleb128 0xe
 1233 0061 0B       		.uleb128 0xb
 1234 0062 0B       		.uleb128 0xb
 1235 0063 49       		.uleb128 0x49
 1236 0064 13       		.uleb128 0x13
 1237 0065 3A       		.uleb128 0x3a
 1238 0066 0B       		.uleb128 0xb
 1239 0067 3B       		.uleb128 0x3b
 1240 0068 0B       		.uleb128 0xb
 1241 0069 01       		.uleb128 0x1
 1242 006a 13       		.uleb128 0x13
 1243 006b 00       		.byte	0
 1244 006c 00       		.byte	0
 1245 006d 0A       		.uleb128 0xa
 1246 006e 28       		.uleb128 0x28
 1247 006f 00       		.byte	0
 1248 0070 03       		.uleb128 0x3
 1249 0071 08       		.uleb128 0x8
 1250 0072 1C       		.uleb128 0x1c
 1251 0073 0B       		.uleb128 0xb
 1252 0074 00       		.byte	0
 1253 0075 00       		.byte	0
 1254 0076 0B       		.uleb128 0xb
 1255 0077 28       		.uleb128 0x28
 1256 0078 00       		.byte	0
 1257 0079 03       		.uleb128 0x3
 1258 007a 0E       		.uleb128 0xe
 1259 007b 1C       		.uleb128 0x1c
 1260 007c 0B       		.uleb128 0xb
 1261 007d 00       		.byte	0
ARM GAS  C:\Users\hasel\AppData\Local\Temp\ccAPa8PK.s 			page 26


 1262 007e 00       		.byte	0
 1263 007f 0C       		.uleb128 0xc
 1264 0080 2E       		.uleb128 0x2e
 1265 0081 00       		.byte	0
 1266 0082 3F       		.uleb128 0x3f
 1267 0083 19       		.uleb128 0x19
 1268 0084 03       		.uleb128 0x3
 1269 0085 0E       		.uleb128 0xe
 1270 0086 3A       		.uleb128 0x3a
 1271 0087 0B       		.uleb128 0xb
 1272 0088 3B       		.uleb128 0x3b
 1273 0089 0B       		.uleb128 0xb
 1274 008a 27       		.uleb128 0x27
 1275 008b 19       		.uleb128 0x19
 1276 008c 11       		.uleb128 0x11
 1277 008d 01       		.uleb128 0x1
 1278 008e 12       		.uleb128 0x12
 1279 008f 06       		.uleb128 0x6
 1280 0090 40       		.uleb128 0x40
 1281 0091 18       		.uleb128 0x18
 1282 0092 9742     		.uleb128 0x2117
 1283 0094 19       		.uleb128 0x19
 1284 0095 00       		.byte	0
 1285 0096 00       		.byte	0
 1286 0097 0D       		.uleb128 0xd
 1287 0098 2E       		.uleb128 0x2e
 1288 0099 01       		.byte	0x1
 1289 009a 3F       		.uleb128 0x3f
 1290 009b 19       		.uleb128 0x19
 1291 009c 03       		.uleb128 0x3
 1292 009d 0E       		.uleb128 0xe
 1293 009e 3A       		.uleb128 0x3a
 1294 009f 0B       		.uleb128 0xb
 1295 00a0 3B       		.uleb128 0x3b
 1296 00a1 0B       		.uleb128 0xb
 1297 00a2 27       		.uleb128 0x27
 1298 00a3 19       		.uleb128 0x19
 1299 00a4 11       		.uleb128 0x11
 1300 00a5 01       		.uleb128 0x1
 1301 00a6 12       		.uleb128 0x12
 1302 00a7 06       		.uleb128 0x6
 1303 00a8 40       		.uleb128 0x40
 1304 00a9 18       		.uleb128 0x18
 1305 00aa 9742     		.uleb128 0x2117
 1306 00ac 19       		.uleb128 0x19
 1307 00ad 01       		.uleb128 0x1
 1308 00ae 13       		.uleb128 0x13
 1309 00af 00       		.byte	0
 1310 00b0 00       		.byte	0
 1311 00b1 0E       		.uleb128 0xe
 1312 00b2 898201   		.uleb128 0x4109
 1313 00b5 01       		.byte	0x1
 1314 00b6 11       		.uleb128 0x11
 1315 00b7 01       		.uleb128 0x1
 1316 00b8 31       		.uleb128 0x31
 1317 00b9 13       		.uleb128 0x13
 1318 00ba 01       		.uleb128 0x1
ARM GAS  C:\Users\hasel\AppData\Local\Temp\ccAPa8PK.s 			page 27


 1319 00bb 13       		.uleb128 0x13
 1320 00bc 00       		.byte	0
 1321 00bd 00       		.byte	0
 1322 00be 0F       		.uleb128 0xf
 1323 00bf 8A8201   		.uleb128 0x410a
 1324 00c2 00       		.byte	0
 1325 00c3 02       		.uleb128 0x2
 1326 00c4 18       		.uleb128 0x18
 1327 00c5 9142     		.uleb128 0x2111
 1328 00c7 18       		.uleb128 0x18
 1329 00c8 00       		.byte	0
 1330 00c9 00       		.byte	0
 1331 00ca 10       		.uleb128 0x10
 1332 00cb 898201   		.uleb128 0x4109
 1333 00ce 00       		.byte	0
 1334 00cf 11       		.uleb128 0x11
 1335 00d0 01       		.uleb128 0x1
 1336 00d1 31       		.uleb128 0x31
 1337 00d2 13       		.uleb128 0x13
 1338 00d3 00       		.byte	0
 1339 00d4 00       		.byte	0
 1340 00d5 11       		.uleb128 0x11
 1341 00d6 898201   		.uleb128 0x4109
 1342 00d9 01       		.byte	0x1
 1343 00da 11       		.uleb128 0x11
 1344 00db 01       		.uleb128 0x1
 1345 00dc 31       		.uleb128 0x31
 1346 00dd 13       		.uleb128 0x13
 1347 00de 00       		.byte	0
 1348 00df 00       		.byte	0
 1349 00e0 12       		.uleb128 0x12
 1350 00e1 05       		.uleb128 0x5
 1351 00e2 00       		.byte	0
 1352 00e3 03       		.uleb128 0x3
 1353 00e4 08       		.uleb128 0x8
 1354 00e5 3A       		.uleb128 0x3a
 1355 00e6 0B       		.uleb128 0xb
 1356 00e7 3B       		.uleb128 0x3b
 1357 00e8 0B       		.uleb128 0xb
 1358 00e9 49       		.uleb128 0x49
 1359 00ea 13       		.uleb128 0x13
 1360 00eb 02       		.uleb128 0x2
 1361 00ec 17       		.uleb128 0x17
 1362 00ed 00       		.byte	0
 1363 00ee 00       		.byte	0
 1364 00ef 13       		.uleb128 0x13
 1365 00f0 34       		.uleb128 0x34
 1366 00f1 00       		.byte	0
 1367 00f2 03       		.uleb128 0x3
 1368 00f3 0E       		.uleb128 0xe
 1369 00f4 3A       		.uleb128 0x3a
 1370 00f5 0B       		.uleb128 0xb
 1371 00f6 3B       		.uleb128 0x3b
 1372 00f7 0B       		.uleb128 0xb
 1373 00f8 49       		.uleb128 0x49
 1374 00f9 13       		.uleb128 0x13
 1375 00fa 02       		.uleb128 0x2
ARM GAS  C:\Users\hasel\AppData\Local\Temp\ccAPa8PK.s 			page 28


 1376 00fb 18       		.uleb128 0x18
 1377 00fc 00       		.byte	0
 1378 00fd 00       		.byte	0
 1379 00fe 14       		.uleb128 0x14
 1380 00ff 34       		.uleb128 0x34
 1381 0100 00       		.byte	0
 1382 0101 03       		.uleb128 0x3
 1383 0102 0E       		.uleb128 0xe
 1384 0103 3A       		.uleb128 0x3a
 1385 0104 0B       		.uleb128 0xb
 1386 0105 3B       		.uleb128 0x3b
 1387 0106 0B       		.uleb128 0xb
 1388 0107 49       		.uleb128 0x49
 1389 0108 13       		.uleb128 0x13
 1390 0109 02       		.uleb128 0x2
 1391 010a 17       		.uleb128 0x17
 1392 010b 00       		.byte	0
 1393 010c 00       		.byte	0
 1394 010d 15       		.uleb128 0x15
 1395 010e 0F       		.uleb128 0xf
 1396 010f 00       		.byte	0
 1397 0110 0B       		.uleb128 0xb
 1398 0111 0B       		.uleb128 0xb
 1399 0112 49       		.uleb128 0x49
 1400 0113 13       		.uleb128 0x13
 1401 0114 00       		.byte	0
 1402 0115 00       		.byte	0
 1403 0116 16       		.uleb128 0x16
 1404 0117 2E       		.uleb128 0x2e
 1405 0118 01       		.byte	0x1
 1406 0119 3F       		.uleb128 0x3f
 1407 011a 19       		.uleb128 0x19
 1408 011b 03       		.uleb128 0x3
 1409 011c 0E       		.uleb128 0xe
 1410 011d 3A       		.uleb128 0x3a
 1411 011e 0B       		.uleb128 0xb
 1412 011f 3B       		.uleb128 0x3b
 1413 0120 0B       		.uleb128 0xb
 1414 0121 27       		.uleb128 0x27
 1415 0122 19       		.uleb128 0x19
 1416 0123 49       		.uleb128 0x49
 1417 0124 13       		.uleb128 0x13
 1418 0125 11       		.uleb128 0x11
 1419 0126 01       		.uleb128 0x1
 1420 0127 12       		.uleb128 0x12
 1421 0128 06       		.uleb128 0x6
 1422 0129 40       		.uleb128 0x40
 1423 012a 18       		.uleb128 0x18
 1424 012b 9742     		.uleb128 0x2117
 1425 012d 19       		.uleb128 0x19
 1426 012e 01       		.uleb128 0x1
 1427 012f 13       		.uleb128 0x13
 1428 0130 00       		.byte	0
 1429 0131 00       		.byte	0
 1430 0132 17       		.uleb128 0x17
 1431 0133 05       		.uleb128 0x5
 1432 0134 00       		.byte	0
ARM GAS  C:\Users\hasel\AppData\Local\Temp\ccAPa8PK.s 			page 29


 1433 0135 03       		.uleb128 0x3
 1434 0136 0E       		.uleb128 0xe
 1435 0137 3A       		.uleb128 0x3a
 1436 0138 0B       		.uleb128 0xb
 1437 0139 3B       		.uleb128 0x3b
 1438 013a 0B       		.uleb128 0xb
 1439 013b 49       		.uleb128 0x49
 1440 013c 13       		.uleb128 0x13
 1441 013d 02       		.uleb128 0x2
 1442 013e 17       		.uleb128 0x17
 1443 013f 00       		.byte	0
 1444 0140 00       		.byte	0
 1445 0141 18       		.uleb128 0x18
 1446 0142 2E       		.uleb128 0x2e
 1447 0143 01       		.byte	0x1
 1448 0144 3F       		.uleb128 0x3f
 1449 0145 19       		.uleb128 0x19
 1450 0146 03       		.uleb128 0x3
 1451 0147 0E       		.uleb128 0xe
 1452 0148 3A       		.uleb128 0x3a
 1453 0149 0B       		.uleb128 0xb
 1454 014a 3B       		.uleb128 0x3b
 1455 014b 0B       		.uleb128 0xb
 1456 014c 27       		.uleb128 0x27
 1457 014d 19       		.uleb128 0x19
 1458 014e 49       		.uleb128 0x49
 1459 014f 13       		.uleb128 0x13
 1460 0150 8701     		.uleb128 0x87
 1461 0152 19       		.uleb128 0x19
 1462 0153 11       		.uleb128 0x11
 1463 0154 01       		.uleb128 0x1
 1464 0155 12       		.uleb128 0x12
 1465 0156 06       		.uleb128 0x6
 1466 0157 40       		.uleb128 0x40
 1467 0158 18       		.uleb128 0x18
 1468 0159 9742     		.uleb128 0x2117
 1469 015b 19       		.uleb128 0x19
 1470 015c 01       		.uleb128 0x1
 1471 015d 13       		.uleb128 0x13
 1472 015e 00       		.byte	0
 1473 015f 00       		.byte	0
 1474 0160 19       		.uleb128 0x19
 1475 0161 34       		.uleb128 0x34
 1476 0162 00       		.byte	0
 1477 0163 03       		.uleb128 0x3
 1478 0164 08       		.uleb128 0x8
 1479 0165 3A       		.uleb128 0x3a
 1480 0166 0B       		.uleb128 0xb
 1481 0167 3B       		.uleb128 0x3b
 1482 0168 0B       		.uleb128 0xb
 1483 0169 49       		.uleb128 0x49
 1484 016a 13       		.uleb128 0x13
 1485 016b 02       		.uleb128 0x2
 1486 016c 18       		.uleb128 0x18
 1487 016d 00       		.byte	0
 1488 016e 00       		.byte	0
 1489 016f 1A       		.uleb128 0x1a
ARM GAS  C:\Users\hasel\AppData\Local\Temp\ccAPa8PK.s 			page 30


 1490 0170 0B       		.uleb128 0xb
 1491 0171 01       		.byte	0x1
 1492 0172 11       		.uleb128 0x11
 1493 0173 01       		.uleb128 0x1
 1494 0174 12       		.uleb128 0x12
 1495 0175 06       		.uleb128 0x6
 1496 0176 01       		.uleb128 0x1
 1497 0177 13       		.uleb128 0x13
 1498 0178 00       		.byte	0
 1499 0179 00       		.byte	0
 1500 017a 1B       		.uleb128 0x1b
 1501 017b 34       		.uleb128 0x34
 1502 017c 00       		.byte	0
 1503 017d 03       		.uleb128 0x3
 1504 017e 08       		.uleb128 0x8
 1505 017f 3A       		.uleb128 0x3a
 1506 0180 0B       		.uleb128 0xb
 1507 0181 3B       		.uleb128 0x3b
 1508 0182 0B       		.uleb128 0xb
 1509 0183 49       		.uleb128 0x49
 1510 0184 13       		.uleb128 0x13
 1511 0185 02       		.uleb128 0x2
 1512 0186 17       		.uleb128 0x17
 1513 0187 00       		.byte	0
 1514 0188 00       		.byte	0
 1515 0189 1C       		.uleb128 0x1c
 1516 018a 34       		.uleb128 0x34
 1517 018b 00       		.byte	0
 1518 018c 03       		.uleb128 0x3
 1519 018d 0E       		.uleb128 0xe
 1520 018e 3A       		.uleb128 0x3a
 1521 018f 0B       		.uleb128 0xb
 1522 0190 3B       		.uleb128 0x3b
 1523 0191 05       		.uleb128 0x5
 1524 0192 49       		.uleb128 0x49
 1525 0193 13       		.uleb128 0x13
 1526 0194 3F       		.uleb128 0x3f
 1527 0195 19       		.uleb128 0x19
 1528 0196 3C       		.uleb128 0x3c
 1529 0197 19       		.uleb128 0x19
 1530 0198 00       		.byte	0
 1531 0199 00       		.byte	0
 1532 019a 1D       		.uleb128 0x1d
 1533 019b 34       		.uleb128 0x34
 1534 019c 00       		.byte	0
 1535 019d 03       		.uleb128 0x3
 1536 019e 0E       		.uleb128 0xe
 1537 019f 3A       		.uleb128 0x3a
 1538 01a0 0B       		.uleb128 0xb
 1539 01a1 3B       		.uleb128 0x3b
 1540 01a2 0B       		.uleb128 0xb
 1541 01a3 49       		.uleb128 0x49
 1542 01a4 13       		.uleb128 0x13
 1543 01a5 3F       		.uleb128 0x3f
 1544 01a6 19       		.uleb128 0x19
 1545 01a7 02       		.uleb128 0x2
 1546 01a8 18       		.uleb128 0x18
ARM GAS  C:\Users\hasel\AppData\Local\Temp\ccAPa8PK.s 			page 31


 1547 01a9 00       		.byte	0
 1548 01aa 00       		.byte	0
 1549 01ab 1E       		.uleb128 0x1e
 1550 01ac 2E       		.uleb128 0x2e
 1551 01ad 00       		.byte	0
 1552 01ae 3F       		.uleb128 0x3f
 1553 01af 19       		.uleb128 0x19
 1554 01b0 3C       		.uleb128 0x3c
 1555 01b1 19       		.uleb128 0x19
 1556 01b2 6E       		.uleb128 0x6e
 1557 01b3 0E       		.uleb128 0xe
 1558 01b4 03       		.uleb128 0x3
 1559 01b5 0E       		.uleb128 0xe
 1560 01b6 3A       		.uleb128 0x3a
 1561 01b7 0B       		.uleb128 0xb
 1562 01b8 3B       		.uleb128 0x3b
 1563 01b9 0B       		.uleb128 0xb
 1564 01ba 00       		.byte	0
 1565 01bb 00       		.byte	0
 1566 01bc 00       		.byte	0
 1567              		.section	.debug_loc,"",%progbits
 1568              	.Ldebug_loc0:
 1569              	.LLST0:
 1570 0000 00000000 		.4byte	.LVL8
 1571 0004 16000000 		.4byte	.LVL9
 1572 0008 0100     		.2byte	0x1
 1573 000a 50       		.byte	0x50
 1574 000b 16000000 		.4byte	.LVL9
 1575 000f 4A000000 		.4byte	.LVL16
 1576 0013 0400     		.2byte	0x4
 1577 0015 F3       		.byte	0xf3
 1578 0016 01       		.uleb128 0x1
 1579 0017 50       		.byte	0x50
 1580 0018 9F       		.byte	0x9f
 1581 0019 4A000000 		.4byte	.LVL16
 1582 001d 4C000000 		.4byte	.LVL17
 1583 0021 0100     		.2byte	0x1
 1584 0023 50       		.byte	0x50
 1585 0024 4C000000 		.4byte	.LVL17
 1586 0028 82000000 		.4byte	.LFE69
 1587 002c 0400     		.2byte	0x4
 1588 002e F3       		.byte	0xf3
 1589 002f 01       		.uleb128 0x1
 1590 0030 50       		.byte	0x50
 1591 0031 9F       		.byte	0x9f
 1592 0032 00000000 		.4byte	0
 1593 0036 00000000 		.4byte	0
 1594              	.LLST1:
 1595 003a 00000000 		.4byte	.LVL8
 1596 003e 19000000 		.4byte	.LVL10-1
 1597 0042 0100     		.2byte	0x1
 1598 0044 51       		.byte	0x51
 1599 0045 19000000 		.4byte	.LVL10-1
 1600 0049 4A000000 		.4byte	.LVL16
 1601 004d 0100     		.2byte	0x1
 1602 004f 55       		.byte	0x55
 1603 0050 4A000000 		.4byte	.LVL16
ARM GAS  C:\Users\hasel\AppData\Local\Temp\ccAPa8PK.s 			page 32


 1604 0054 4F000000 		.4byte	.LVL18-1
 1605 0058 0100     		.2byte	0x1
 1606 005a 51       		.byte	0x51
 1607 005b 4F000000 		.4byte	.LVL18-1
 1608 005f 82000000 		.4byte	.LFE69
 1609 0063 0100     		.2byte	0x1
 1610 0065 55       		.byte	0x55
 1611 0066 00000000 		.4byte	0
 1612 006a 00000000 		.4byte	0
 1613              	.LLST2:
 1614 006e 1A000000 		.4byte	.LVL10
 1615 0072 1E000000 		.4byte	.LVL11
 1616 0076 0200     		.2byte	0x2
 1617 0078 30       		.byte	0x30
 1618 0079 9F       		.byte	0x9f
 1619 007a 1E000000 		.4byte	.LVL11
 1620 007e 4A000000 		.4byte	.LVL16
 1621 0082 0100     		.2byte	0x1
 1622 0084 54       		.byte	0x54
 1623 0085 50000000 		.4byte	.LVL18
 1624 0089 54000000 		.4byte	.LVL19
 1625 008d 0200     		.2byte	0x2
 1626 008f 30       		.byte	0x30
 1627 0090 9F       		.byte	0x9f
 1628 0091 54000000 		.4byte	.LVL19
 1629 0095 7E000000 		.4byte	.LVL23
 1630 0099 0100     		.2byte	0x1
 1631 009b 54       		.byte	0x54
 1632 009c 00000000 		.4byte	0
 1633 00a0 00000000 		.4byte	0
 1634              	.LLST3:
 1635 00a4 00000000 		.4byte	.LVL24
 1636 00a8 0C000000 		.4byte	.LVL25
 1637 00ac 0100     		.2byte	0x1
 1638 00ae 50       		.byte	0x50
 1639 00af 0C000000 		.4byte	.LVL25
 1640 00b3 18000000 		.4byte	.LFE70
 1641 00b7 0400     		.2byte	0x4
 1642 00b9 F3       		.byte	0xf3
 1643 00ba 01       		.uleb128 0x1
 1644 00bb 50       		.byte	0x50
 1645 00bc 9F       		.byte	0x9f
 1646 00bd 00000000 		.4byte	0
 1647 00c1 00000000 		.4byte	0
 1648              	.LLST4:
 1649 00c5 40000000 		.4byte	.LVL29
 1650 00c9 58000000 		.4byte	.LVL31
 1651 00cd 0100     		.2byte	0x1
 1652 00cf 54       		.byte	0x54
 1653 00d0 00000000 		.4byte	0
 1654 00d4 00000000 		.4byte	0
 1655              	.LLST5:
 1656 00d8 0E000000 		.4byte	.LVL36
 1657 00dc 16000000 		.4byte	.LVL37
 1658 00e0 0100     		.2byte	0x1
 1659 00e2 50       		.byte	0x50
 1660 00e3 00000000 		.4byte	0
ARM GAS  C:\Users\hasel\AppData\Local\Temp\ccAPa8PK.s 			page 33


 1661 00e7 00000000 		.4byte	0
 1662              		.section	.debug_aranges,"",%progbits
 1663 0000 54000000 		.4byte	0x54
 1664 0004 0200     		.2byte	0x2
 1665 0006 00000000 		.4byte	.Ldebug_info0
 1666 000a 04       		.byte	0x4
 1667 000b 00       		.byte	0
 1668 000c 0000     		.2byte	0
 1669 000e 0000     		.2byte	0
 1670 0010 00000000 		.4byte	.LFB64
 1671 0014 0C000000 		.4byte	.LFE64-.LFB64
 1672 0018 00000000 		.4byte	.LFB65
 1673 001c 0C000000 		.4byte	.LFE65-.LFB65
 1674 0020 00000000 		.4byte	.LFB67
 1675 0024 2C000000 		.4byte	.LFE67-.LFB67
 1676 0028 00000000 		.4byte	.LFB68
 1677 002c 16000000 		.4byte	.LFE68-.LFB68
 1678 0030 00000000 		.4byte	.LFB69
 1679 0034 82000000 		.4byte	.LFE69-.LFB69
 1680 0038 00000000 		.4byte	.LFB70
 1681 003c 18000000 		.4byte	.LFE70-.LFB70
 1682 0040 00000000 		.4byte	.LFB66
 1683 0044 7C000000 		.4byte	.LFE66-.LFB66
 1684 0048 00000000 		.4byte	.LFB71
 1685 004c 2C000000 		.4byte	.LFE71-.LFB71
 1686 0050 00000000 		.4byte	0
 1687 0054 00000000 		.4byte	0
 1688              		.section	.debug_ranges,"",%progbits
 1689              	.Ldebug_ranges0:
 1690 0000 00000000 		.4byte	.LFB64
 1691 0004 0C000000 		.4byte	.LFE64
 1692 0008 00000000 		.4byte	.LFB65
 1693 000c 0C000000 		.4byte	.LFE65
 1694 0010 00000000 		.4byte	.LFB67
 1695 0014 2C000000 		.4byte	.LFE67
 1696 0018 00000000 		.4byte	.LFB68
 1697 001c 16000000 		.4byte	.LFE68
 1698 0020 00000000 		.4byte	.LFB69
 1699 0024 82000000 		.4byte	.LFE69
 1700 0028 00000000 		.4byte	.LFB70
 1701 002c 18000000 		.4byte	.LFE70
 1702 0030 00000000 		.4byte	.LFB66
 1703 0034 7C000000 		.4byte	.LFE66
 1704 0038 00000000 		.4byte	.LFB71
 1705 003c 2C000000 		.4byte	.LFE71
 1706 0040 00000000 		.4byte	0
 1707 0044 00000000 		.4byte	0
 1708              		.section	.debug_line,"",%progbits
 1709              	.Ldebug_line0:
 1710 0000 41030000 		.section	.debug_str,"MS",%progbits,1
 1710      02005D02 
 1710      00000201 
 1710      FB0E0D00 
 1710      01010101 
 1711              	.LASF46:
 1712 0000 505F6368 		.ascii	"P_charge_Write\000"
 1712      61726765 
ARM GAS  C:\Users\hasel\AppData\Local\Temp\ccAPa8PK.s 			page 34


 1712      5F577269 
 1712      746500
 1713              	.LASF33:
 1714 000f 72657375 		.ascii	"result\000"
 1714      6C7400
 1715              	.LASF32:
 1716 0016 6164635F 		.ascii	"adc_res\000"
 1716      72657300 
 1717              	.LASF23:
 1718 001e 6D656173 		.ascii	"measurement_timeout\000"
 1718      7572656D 
 1718      656E745F 
 1718      74696D65 
 1718      6F757400 
 1719              	.LASF26:
 1720 0032 6D656173 		.ascii	"measure\000"
 1720      75726500 
 1721              	.LASF30:
 1722 003a 73746174 		.ascii	"state\000"
 1722      6500
 1723              	.LASF2:
 1724 0040 73686F72 		.ascii	"short int\000"
 1724      7420696E 
 1724      7400
 1725              	.LASF20:
 1726 004a 73697A65 		.ascii	"sizetype\000"
 1726      74797065 
 1726      00
 1727              	.LASF55:
 1728 0053 70686173 		.ascii	"phase\000"
 1728      6500
 1729              	.LASF7:
 1730 0059 5F5F7569 		.ascii	"__uint32_t\000"
 1730      6E743332 
 1730      5F7400
 1731              	.LASF40:
 1732 0064 55415254 		.ascii	"UART_PutString\000"
 1732      5F507574 
 1732      53747269 
 1732      6E6700
 1733              	.LASF56:
 1734 0073 63616C63 		.ascii	"calculate_resistance\000"
 1734      756C6174 
 1734      655F7265 
 1734      73697374 
 1734      616E6365 
 1735              	.LASF12:
 1736 0088 75696E74 		.ascii	"uint8_t\000"
 1736      385F7400 
 1737              	.LASF15:
 1738 0090 696E7431 		.ascii	"int16\000"
 1738      3600
 1739              	.LASF22:
 1740 0096 6D656173 		.ascii	"measurement_capture\000"
 1740      7572656D 
 1740      656E745F 
 1740      63617074 
ARM GAS  C:\Users\hasel\AppData\Local\Temp\ccAPa8PK.s 			page 35


 1740      75726500 
 1741              	.LASF27:
 1742 00aa 70696E5F 		.ascii	"pin_state\000"
 1742      73746174 
 1742      6500
 1743              	.LASF16:
 1744 00b4 666C6F61 		.ascii	"float\000"
 1744      7400
 1745              	.LASF9:
 1746 00ba 6C6F6E67 		.ascii	"long long int\000"
 1746      206C6F6E 
 1746      6720696E 
 1746      7400
 1747              	.LASF38:
 1748 00c8 54696D65 		.ascii	"Timer_Start\000"
 1748      725F5374 
 1748      61727400 
 1749              	.LASF6:
 1750 00d4 6C6F6E67 		.ascii	"long int\000"
 1750      20696E74 
 1750      00
 1751              	.LASF25:
 1752 00dd 64697363 		.ascii	"discharge\000"
 1752      68617267 
 1752      6500
 1753              	.LASF37:
 1754 00e7 6973725F 		.ascii	"isr_timeout_StartEx\000"
 1754      74696D65 
 1754      6F75745F 
 1754      53746172 
 1754      74457800 
 1755              	.LASF4:
 1756 00fb 5F5F7569 		.ascii	"__uint8_t\000"
 1756      6E74385F 
 1756      7400
 1757              	.LASF1:
 1758 0105 756E7369 		.ascii	"unsigned char\000"
 1758      676E6564 
 1758      20636861 
 1758      7200
 1759              	.LASF19:
 1760 0113 6C6F6E67 		.ascii	"long double\000"
 1760      20646F75 
 1760      626C6500 
 1761              	.LASF45:
 1762 011f 43794465 		.ascii	"CyDelayUs\000"
 1762      6C617955 
 1762      7300
 1763              	.LASF49:
 1764 0129 73707269 		.ascii	"sprintf\000"
 1764      6E746600 
 1765              	.LASF0:
 1766 0131 7369676E 		.ascii	"signed char\000"
 1766      65642063 
 1766      68617200 
 1767              	.LASF28:
 1768 013d 7469636B 		.ascii	"ticks\000"
ARM GAS  C:\Users\hasel\AppData\Local\Temp\ccAPa8PK.s 			page 36


 1768      7300
 1769              	.LASF10:
 1770 0143 6C6F6E67 		.ascii	"long long unsigned int\000"
 1770      206C6F6E 
 1770      6720756E 
 1770      7369676E 
 1770      65642069 
 1771              	.LASF14:
 1772 015a 75696E74 		.ascii	"uint32_t\000"
 1772      33325F74 
 1772      00
 1773              	.LASF11:
 1774 0163 756E7369 		.ascii	"unsigned int\000"
 1774      676E6564 
 1774      20696E74 
 1774      00
 1775              	.LASF54:
 1776 0170 443A5C53 		.ascii	"D:\\Source\\Repos\\DIC\\Widerstandsmessung_ohne_ADC"
 1776      6F757263 
 1776      655C5265 
 1776      706F735C 
 1776      4449435C 
 1777 019f 5C576964 		.ascii	"\\Widerstandsmessung_Digital\\Widerstandsmessung_Di"
 1777      65727374 
 1777      616E6473 
 1777      6D657373 
 1777      756E675F 
 1778 01d0 67697461 		.ascii	"gital.cydsn\000"
 1778      6C2E6379 
 1778      64736E00 
 1779              	.LASF29:
 1780 01dc 74696D65 		.ascii	"time\000"
 1780      00
 1781              	.LASF3:
 1782 01e1 73686F72 		.ascii	"short unsigned int\000"
 1782      7420756E 
 1782      7369676E 
 1782      65642069 
 1782      6E7400
 1783              	.LASF18:
 1784 01f4 63686172 		.ascii	"char\000"
 1784      00
 1785              	.LASF24:
 1786 01f9 696E6974 		.ascii	"init\000"
 1786      00
 1787              	.LASF57:
 1788 01fe 6D61696E 		.ascii	"main\000"
 1788      00
 1789              	.LASF39:
 1790 0203 55415254 		.ascii	"UART_Start\000"
 1790      5F537461 
 1790      727400
 1791              	.LASF13:
 1792 020e 696E7433 		.ascii	"int32_t\000"
 1792      325F7400 
 1793              	.LASF36:
 1794 0216 6973725F 		.ascii	"isr_p_sense_StartEx\000"
ARM GAS  C:\Users\hasel\AppData\Local\Temp\ccAPa8PK.s 			page 37


 1794      705F7365 
 1794      6E73655F 
 1794      53746172 
 1794      74457800 
 1795              	.LASF53:
 1796 022a 6D61696E 		.ascii	"main.c\000"
 1796      2E6300
 1797              	.LASF8:
 1798 0231 6C6F6E67 		.ascii	"long unsigned int\000"
 1798      20756E73 
 1798      69676E65 
 1798      6420696E 
 1798      7400
 1799              	.LASF21:
 1800 0243 52455355 		.ascii	"RESULT\000"
 1800      4C5400
 1801              	.LASF17:
 1802 024a 646F7562 		.ascii	"double\000"
 1802      6C6500
 1803              	.LASF34:
 1804 0251 49544D5F 		.ascii	"ITM_RxBuffer\000"
 1804      52784275 
 1804      66666572 
 1804      00
 1805              	.LASF41:
 1806 025e 505F6469 		.ascii	"P_discharge_Write\000"
 1806      73636861 
 1806      7267655F 
 1806      57726974 
 1806      6500
 1807              	.LASF48:
 1808 0270 436F6E74 		.ascii	"Control_Reg_Write\000"
 1808      726F6C5F 
 1808      5265675F 
 1808      57726974 
 1808      6500
 1809              	.LASF5:
 1810 0282 5F5F696E 		.ascii	"__int32_t\000"
 1810      7433325F 
 1810      7400
 1811              	.LASF44:
 1812 028c 505F7365 		.ascii	"P_sense_Read\000"
 1812      6E73655F 
 1812      52656164 
 1812      00
 1813              	.LASF47:
 1814 0299 54696D65 		.ascii	"Timer_ReadCapture\000"
 1814      725F5265 
 1814      61644361 
 1814      70747572 
 1814      6500
 1815              	.LASF50:
 1816 02ab 4144435F 		.ascii	"ADC_SAR_GetResult16\000"
 1816      5341525F 
 1816      47657452 
 1816      6573756C 
 1816      74313600 
ARM GAS  C:\Users\hasel\AppData\Local\Temp\ccAPa8PK.s 			page 38


 1817              	.LASF43:
 1818 02bf 505F6368 		.ascii	"P_charge_ref_Write\000"
 1818      61726765 
 1818      5F726566 
 1818      5F577269 
 1818      746500
 1819              	.LASF51:
 1820 02d2 4144435F 		.ascii	"ADC_SAR_IsEndConversion\000"
 1820      5341525F 
 1820      4973456E 
 1820      64436F6E 
 1820      76657273 
 1821              	.LASF52:
 1822 02ea 474E5520 		.ascii	"GNU C11 5.4.1 20160609 (release) [ARM/embedded-5-br"
 1822      43313120 
 1822      352E342E 
 1822      31203230 
 1822      31363036 
 1823 031d 616E6368 		.ascii	"anch revision 237715] -mcpu=cortex-m3 -mthumb -g -O"
 1823      20726576 
 1823      6973696F 
 1823      6E203233 
 1823      37373135 
 1824 0350 67202D66 		.ascii	"g -ffunction-sections -ffat-lto-objects\000"
 1824      66756E63 
 1824      74696F6E 
 1824      2D736563 
 1824      74696F6E 
 1825              	.LASF42:
 1826 0378 43794465 		.ascii	"CyDelay\000"
 1826      6C617900 
 1827              	.LASF31:
 1828 0380 77726974 		.ascii	"write_adc_val\000"
 1828      655F6164 
 1828      635F7661 
 1828      6C00
 1829              	.LASF35:
 1830 038e 74726967 		.ascii	"trig\000"
 1830      00
 1831              		.ident	"GCC: (GNU Tools for ARM Embedded Processors) 5.4.1 20160609 (release) [ARM/embedded-5-bran
